/mnt/home/dzorine/software/homog/homog/homog.py:98: SyntaxWarning: "is" with a literal. Did you mean "=="?
  if degrees is 'auto': degrees = guess_is_degrees(angle)
[20:52:20] /opt/dgl/src/runtime/tensordispatch.cc:43: TensorDispatcher: dlopen failed: libtorch_cuda_cpp.so: cannot open shared object file: No such file or directory
Using backend: pytorch
--steps was given. Ignoring --grad_steps, --mcmc_steps.

Run settings:
{'network_name': 'rf_Nov05_2021', 'use_template': None, 'num': 2, 'start_num': 42, 'msa_num': 1, 'out': '/mnt/home/jue/halluc/linear_motifs/output/20220103_sh3_r1/sh3_r1', 'cautious': 1, 'save_pdb': 1, 'save_batch_fas': False, 'track_step': 10, 'track_logits': False, 'out_step': None, 'seed_rng': False, 'steps': 'g600', 'grad_steps': 400, 'mcmc_steps': 0, 'optimizer': 'nsgd', 'drop': 0.2, 'init_sd': 1e-06, 'learning_rate': 0.05, 'grad_check': True, 'logit_scale': 1, 'seq_prob_type': 'hard', 'seq_sample': False, 'calc_bkg': True, 'cce_sd': None, 'hal_sd': None, 'corrupt_sequence': None, 'corrupt_fraction': None, 'pdb': '/mnt/home/jue/halluc/linear_motifs/input/SH3_2w0z.pdb', 'mask': None, 'contigs': 'B7-14', 'con_set_id': None, 'len': '55-100', 'keep_order': False, 'contig_min_gap': 5, 'spike': None, 'spike_fas': None, 'force_aa': 'B7-14', 'exclude_aa': 'C', 'force_aa_hal': None, 'template_pdbs': None, 'no_bkg_mask': False, 'num_repeats': 0, 'init_seq': None, 'masks_bkg': None, 'masks_pass': None, 'force_logits': None, 'receptor': None, 'rec_placement': 'second', 'gap': 200, 'w_cce': 1, 'w_crmsd': -1, 'w_entropy': 1, 'w_kl': -1, 'n_bkg': 100, 'w_rep': 2.0, 'w_set_rep': -1, 'w_atr': -1, 'w_set_atr': -1, 'w_rog': 1.0, 'w_aspect_ratio': -1, 'w_cyc_sym': -1, 'w_surfnp': -1, 'w_nc': -1, 'w_cce_bg': -1, 'w_sym': -1, 'cce_cutoff': 19.9, 'rep_pdb': 'input/SH3_2w0z_rec.pdb', 'rep_sigma': 3.5, 'atr_pdb': None, 'atr_sigma': 5, 'entropy_beta': 10, 'rog_thresh': 16.0, 'surfnp_nbr_thresh': 2.5, 'nc_target': -7, 'entropy_dist_bins': 16, 'mcmc_halflife': 500.0, 'T_acc_0': 0.002, 'mcmc_batch': 1, 'anneal_t1d': False, 'erode_template': False, 'num_masked_tokens': 1, 'weights_dir': '/projects/ml/trDesign', 'nthreads': 4, 'cce_cutstep': None, 'cce_thresh': 2.2, 'batch': 64, 'lr': 0.2, 'nsteps': 100, 'commit': 'c344913efafbbfe8f452574b0c86c348792a5045'}

Loading structure prediction model onto device cuda:0...
#   trunk_msa_v00     [ens=1]   AF2-inspired 12-block 2-track trunk
#   trunk_tbm_v00     [ens=1]   AF2-inspired 3-track trunk
#   rf_v00            [ens=1]   RoseTTAFold 3-track trunk + refiner (formerly trunk_e2e_v00)
# * rf_Nov05_2021     [ens=1]   RoseTTAFold 3-track, no perceiver, Nov. 5 2021
#   rf_perceiver_v00  [ens=1]   RoseTTAFold w/ Perceiver & FAPE loss (msa_full=zeros)
#   rf_perceiver_v01  [ens=1]   RoseTTAFold w/ Perceiver & FAPE loss (msa_full=msa_latent)
#   af2_v00           [ens=0]   AlphaFold2 (only works with rescue.py)
Loaded sequence-to-structure model rf_Nov05_2021 with 66037142 parameters

Model hyperparameters:
{'SE3_param': {'div': 4, 'l0_in_features': 32, 'l0_out_features': 32, 'l1_in_features': 3, 'l1_out_features': 2, 'n_heads': 4, 'num_channels': 32, 'num_degrees': 2, 'num_edge_features': 32, 'num_layers': 3}, 'd_hidden': 32, 'd_hidden_templ': 64, 'd_msa': 256, 'd_msa_full': 64, 'd_pair': 128, 'd_templ': 64, 'n_head_msa': 8, 'n_head_pair': 4, 'n_head_templ': 4, 'n_module_2track': 24, 'n_module_3track': 8, 'p_drop': 0.0}

Using CUDA device(s):  cuda:0: (GeForce RTX 2080); 

Parsing input pdb...

Generating sh3_r1_42, length 61...
Forcing amino acids:  B7P,B8P,B9P,B10R,B11P,B12P,B13K,B14P
Loss term           | Weight      
cce                   1.00
entropy               1.00
rep                   2.00
rog                   1.00

Stage 0
Starting gradient descent...
        step    avg loss         cce     entropy         rep         rog
           0      1.7583      1.7891      2.7333      0.0001      4.2690
          10      0.8201      1.5857      2.5032      0.0000      0.0119
          20      0.7545      1.5573      2.1980      0.0000      0.0170
          30      0.7202      1.4276      2.1550      0.0005      0.0174
          40      0.7758      1.5471      2.1774      0.0686      0.0173
          50      0.7416      1.5733      2.0999      0.0078      0.0191
          60      0.7287      1.5203      2.1029      0.0001      0.0200
          70      0.7340      1.5450      2.1087      0.0000      0.0164
          80      0.7369      1.4625      2.2050      0.0000      0.0167
          90      0.6817      1.3869      1.9473      0.0283      0.0178
         100      0.6945      1.4138      2.0405      0.0001      0.0179
         110      0.7185      1.4379      2.1276      0.0013      0.0242
         120      0.7585      1.4851      2.1834      0.0526      0.0187
         130      0.6880      1.5028      1.9191      0.0001      0.0178
         140      0.6690      1.4204      1.9031      0.0025      0.0165
         150      0.7443      1.4810      2.2075      0.0070      0.0187
         160      0.7035      1.4499      2.0501      0.0001      0.0170
         170      0.7149      1.4821      2.0705      0.0032      0.0155
         180      0.6915      1.4277      1.9930      0.0098      0.0172
         190      0.7204      1.4458      2.1396      0.0001      0.0166
         200      0.7104      1.4252      2.1087      0.0000      0.0182
         210      0.8860      1.4048      2.2915      0.3546      0.0245
         220      0.7080      1.4401      2.0206      0.0306      0.0184
         230      0.7173      1.5173      2.0189      0.0158      0.0187
         240      0.7424      1.5574      2.1383      0.0001      0.0162
         250      0.7297      1.4565      2.1620      0.0069      0.0164
         260      0.7525      1.4782      2.2590      0.0017      0.0219
         270      0.6949      1.4311      2.0085      0.0092      0.0165
         280      0.6968      1.3855      2.0819      0.0000      0.0165
         290      0.7085      1.4895      2.0349      0.0004      0.0173
         300      0.7109      1.4098      2.1237      0.0008      0.0192
         310      0.8005      1.3949      2.3665      0.0000      0.2409
         320      1.7846      1.4280      2.3965      0.0000      5.0984
         330      0.7446      1.4761      2.2324      0.0000      0.0145
         340      0.7213      1.4748      2.1139      0.0000      0.0176
         350      0.6720      1.4792      1.8640      0.0002      0.0165
         360      0.6679      1.4150      1.9086      0.0000      0.0161
         370      0.6900      1.3717      2.0143      0.0231      0.0179
         380      0.7297      1.5645      2.0692      0.0000      0.0148
         390      0.7082      1.5244      1.9991      0.0000      0.0173
         400      0.6801      1.4250      1.9573      0.0017      0.0145
         410      0.6814      1.4287      1.9538      0.0039      0.0166
         420      0.6963      1.4317      2.0331      0.0001      0.0164
         430      0.6862      1.4088      2.0060      0.0012      0.0139
         440      0.6601      1.4098      1.8753      0.0000      0.0152
         450      0.6921      1.4498      1.9946      0.0000      0.0162
         460      0.6961      1.4764      1.9879      0.0000      0.0163
         470      0.6920      1.4640      1.9785      0.0001      0.0171
         480      0.6895      1.4086      2.0239      0.0001      0.0151
         490      0.6617      1.3791      1.9107      0.0004      0.0178
         500      1.2412      1.4432      2.3623      0.0000      2.4003
         510      0.6651      1.4234      1.8722      0.0078      0.0145
         520      0.6754      1.3745      1.9798      0.0026      0.0176
         530      0.6742      1.3891      1.8860      0.0394      0.0168
         540      0.7210      1.4554      2.1338      0.0000      0.0160
         550      0.6707      1.3885      1.8847      0.0322      0.0157
         560      0.7291      1.4299      2.2008      0.0001      0.0147
         570      0.7361      1.4501      2.0404      0.0866      0.0168
         580      0.7010      1.4807      2.0083      0.0001      0.0157
         590      0.6949      1.4234      2.0111      0.0118      0.0164
         600      0.7124      1.4483      2.0438      0.0261      0.0179
       final      0.6457      1.3869      1.8124      0.0064      0.0162
best loss step: 504
Max CUDA memory: 0.7923G
Saving /mnt/home/jue/halluc/linear_motifs/output/20220103_sh3_r1/sh3_r1_42: npz, fas, trb, trk, trfold pdb
Finished design /mnt/home/jue/halluc/linear_motifs/output/20220103_sh3_r1/sh3_r1_42 in 13.80 minutes.

Generating sh3_r1_43, length 66...
Forcing amino acids:  B7P,B8P,B9P,B10R,B11P,B12P,B13K,B14P
Loss term           | Weight      
cce                   1.00
entropy               1.00
rep                   2.00
rog                   1.00

Stage 0
Starting gradient descent...
        step    avg loss         cce     entropy         rep         rog
           0      2.4167      1.7724      2.8967      0.0299      7.3549
          10      1.7520      1.6770      2.8046      0.0000      4.2784
          20      1.0055      1.6848      2.9033      0.0010      0.4376
          30      1.3807      1.7657      2.9355      1.0755      0.0513
          40      0.9521      1.8263      2.9202      0.0012      0.0114
          50      0.9369      1.7234      2.9540      0.0000      0.0071
          60      1.9174      1.6705      2.8850      2.5065      0.0182
          70      1.9233      1.6282      2.8946      2.4973      0.0992
          80      0.9707      1.6328      2.9464      0.1332      0.0081
          90      0.9141      1.6416      2.9131      0.0000      0.0160
         100      0.8973      1.6245      2.8319      0.0000      0.0299
         110      0.8666      1.6159      2.7070      0.0000      0.0099
         120      0.9314      1.5719      2.6559      0.0000      0.4292
         130      0.9042      1.6468      2.6949      0.0000      0.1793
         140      0.7828      1.5234      2.3758      0.0000      0.0145
         150      0.7550      1.5471      2.2132      0.0000      0.0149
         160      0.7919      1.5367      2.4177      0.0000      0.0050
         170      0.7454      1.5108      2.2105      0.0000      0.0059
         180      0.8001      1.6911      2.2939      0.0053      0.0052
         190      0.7940      1.5501      2.4081      0.0000      0.0117
         200      0.7625      1.6033      2.2043      0.0000      0.0052
         210      0.8191      1.5585      2.5236      0.0000      0.0133
         220      0.8151      1.5654      2.4453      0.0000      0.0650
         230      0.7782      1.5533      2.3314      0.0000      0.0064
         240      0.8342      1.6639      2.4888      0.0000      0.0184
         250      0.7415      1.6158      2.0827      0.0000      0.0092
         260      0.7710      1.5796      2.2638      0.0000      0.0113
         270      0.7961      1.6497      2.3235      0.0004      0.0065
         280      0.8446      1.6408      2.5649      0.0000      0.0171
         290      0.7202      1.5318      2.0609      0.0000      0.0083
         300      0.8158      1.6290      2.4373      0.0000      0.0126
         310      0.7776      1.6656      2.2161      0.0001      0.0060
         320      0.8436      1.4705      2.3356      0.0000      0.4118
         330      0.7779      1.5210      2.3214      0.0185      0.0099
         340      0.8305      1.6612      2.4404      0.0000      0.0508
         350      0.8508      1.5968      2.6317      0.0000      0.0257
         360      0.8434      1.6381      2.5660      0.0000      0.0131
         370      0.7691      1.5774      2.2598      0.0000      0.0083
         380      0.7667      1.7171      2.1108      0.0001      0.0053
         390      0.7307      1.5327      2.1130      0.0000      0.0078
         400      0.8770      1.6636      2.3332      0.0000      0.3883
         410      0.8515      1.6491      2.4293      0.0000      0.1790
         420      0.8194      1.5598      2.5316      0.0001      0.0053
         430      0.9022      1.5367      2.4386      0.0000      0.5359
         440      0.8834      1.6844      2.4487      0.0001      0.2838
         450      0.8038      1.6124      2.3036      0.0000      0.1030
         460      0.8089      1.5770      2.2807      0.0206      0.1455
         470      0.8431      1.6596      2.3517      0.0408      0.1225
         480      0.8305      1.6479      2.3661      0.0000      0.1384
         490      0.9086      1.7976      2.4185      0.0670      0.1931
         500      0.8821      1.5593      2.5874      0.0000      0.2636
         510      0.8273      1.6245      2.3763      0.0001      0.1357
         520      0.7883      1.5645      2.3694      0.0000      0.0076
         530      0.8300      1.7785      2.3158      0.0256      0.0044
         540      0.7419      1.4822      2.2206      0.0000      0.0068
         550      0.7533      1.6024      2.1576      0.0000      0.0065
         560      0.7539      1.6392      2.1229      0.0001      0.0072
         570      0.7543      1.5919      2.1733      0.0002      0.0063
         580      0.7526      1.5867      2.1705      0.0000      0.0057
         590      0.7897      1.5757      2.3637      0.0014      0.0063
         600      0.7569      1.5862      2.1904      0.0000      0.0078
       final      0.6936      1.4766      1.9842      0.0000      0.0074
best loss step: 558
Max CUDA memory: 0.8931G
Saving /mnt/home/jue/halluc/linear_motifs/output/20220103_sh3_r1/sh3_r1_43: npz, fas, trb, trk, trfold pdb
Finished design /mnt/home/jue/halluc/linear_motifs/output/20220103_sh3_r1/sh3_r1_43 in 13.93 minutes.
