/mnt/home/dzorine/software/homog/homog/homog.py:98: SyntaxWarning: "is" with a literal. Did you mean "=="?
  if degrees is 'auto': degrees = guess_is_degrees(angle)
[00:43:28] /opt/dgl/src/runtime/tensordispatch.cc:43: TensorDispatcher: dlopen failed: libtorch_cuda_cpp.so: cannot open shared object file: No such file or directory
Using backend: pytorch
--steps was given. Ignoring --grad_steps, --mcmc_steps.

Run settings:
{'network_name': 'rf_Nov05_2021', 'use_template': None, 'num': 2, 'start_num': 198, 'msa_num': 1, 'out': '/mnt/home/jue/halluc/linear_motifs/output/20220103_sh3_r1/sh3_r1', 'cautious': 1, 'save_pdb': 1, 'save_batch_fas': False, 'track_step': 10, 'track_logits': False, 'out_step': None, 'seed_rng': False, 'steps': 'g600', 'grad_steps': 400, 'mcmc_steps': 0, 'optimizer': 'nsgd', 'drop': 0.2, 'init_sd': 1e-06, 'learning_rate': 0.05, 'grad_check': True, 'logit_scale': 1, 'seq_prob_type': 'hard', 'seq_sample': False, 'calc_bkg': True, 'cce_sd': None, 'hal_sd': None, 'corrupt_sequence': None, 'corrupt_fraction': None, 'pdb': '/mnt/home/jue/halluc/linear_motifs/input/SH3_2w0z.pdb', 'mask': None, 'contigs': 'B7-14', 'con_set_id': None, 'len': '55-100', 'keep_order': False, 'contig_min_gap': 5, 'spike': None, 'spike_fas': None, 'force_aa': 'B7-14', 'exclude_aa': 'C', 'force_aa_hal': None, 'template_pdbs': None, 'no_bkg_mask': False, 'num_repeats': 0, 'init_seq': None, 'masks_bkg': None, 'masks_pass': None, 'force_logits': None, 'receptor': None, 'rec_placement': 'second', 'gap': 200, 'w_cce': 1, 'w_crmsd': -1, 'w_entropy': 1, 'w_kl': -1, 'n_bkg': 100, 'w_rep': 2.0, 'w_set_rep': -1, 'w_atr': -1, 'w_set_atr': -1, 'w_rog': 1.0, 'w_aspect_ratio': -1, 'w_cyc_sym': -1, 'w_surfnp': -1, 'w_nc': -1, 'w_cce_bg': -1, 'w_sym': -1, 'cce_cutoff': 19.9, 'rep_pdb': 'input/SH3_2w0z_rec.pdb', 'rep_sigma': 3.5, 'atr_pdb': None, 'atr_sigma': 5, 'entropy_beta': 10, 'rog_thresh': 16.0, 'surfnp_nbr_thresh': 2.5, 'nc_target': -7, 'entropy_dist_bins': 16, 'mcmc_halflife': 500.0, 'T_acc_0': 0.002, 'mcmc_batch': 1, 'anneal_t1d': False, 'erode_template': False, 'num_masked_tokens': 1, 'weights_dir': '/projects/ml/trDesign', 'nthreads': 4, 'cce_cutstep': None, 'cce_thresh': 2.2, 'batch': 64, 'lr': 0.2, 'nsteps': 100, 'commit': 'c344913efafbbfe8f452574b0c86c348792a5045'}

Loading structure prediction model onto device cuda:0...
#   trunk_msa_v00     [ens=1]   AF2-inspired 12-block 2-track trunk
#   trunk_tbm_v00     [ens=1]   AF2-inspired 3-track trunk
#   rf_v00            [ens=1]   RoseTTAFold 3-track trunk + refiner (formerly trunk_e2e_v00)
# * rf_Nov05_2021     [ens=1]   RoseTTAFold 3-track, no perceiver, Nov. 5 2021
#   rf_perceiver_v00  [ens=1]   RoseTTAFold w/ Perceiver & FAPE loss (msa_full=zeros)
#   rf_perceiver_v01  [ens=1]   RoseTTAFold w/ Perceiver & FAPE loss (msa_full=msa_latent)
#   af2_v00           [ens=0]   AlphaFold2 (only works with rescue.py)
Loaded sequence-to-structure model rf_Nov05_2021 with 66037142 parameters

Model hyperparameters:
{'SE3_param': {'div': 4, 'l0_in_features': 32, 'l0_out_features': 32, 'l1_in_features': 3, 'l1_out_features': 2, 'n_heads': 4, 'num_channels': 32, 'num_degrees': 2, 'num_edge_features': 32, 'num_layers': 3}, 'd_hidden': 32, 'd_hidden_templ': 64, 'd_msa': 256, 'd_msa_full': 64, 'd_pair': 128, 'd_templ': 64, 'n_head_msa': 8, 'n_head_pair': 4, 'n_head_templ': 4, 'n_module_2track': 24, 'n_module_3track': 8, 'p_drop': 0.0}

Using CUDA device(s):  cuda:0: (GeForce RTX 2080); 

Parsing input pdb...

Generating sh3_r1_198, length 55...
Forcing amino acids:  B7P,B8P,B9P,B10R,B11P,B12P,B13K,B14P
Loss term           | Weight      
cce                   1.00
entropy               1.00
rep                   2.00
rog                   1.00

Stage 0
Starting gradient descent...
        step    avg loss         cce     entropy         rep         rog
           0      1.0887      1.6652      2.8974      0.0670      0.7471
          10      0.9401      1.6973      2.9229      0.0360      0.0083
          20      1.4786      1.5378      2.8257      1.5019      0.0255
          30      0.8825      1.6188      2.7779      0.0000      0.0159
          40      0.8645      1.5959      2.7150      0.0000      0.0117
          50      0.8386      1.6163      2.5684      0.0000      0.0084
          60      0.8223      1.5190      2.4986      0.0301      0.0334
          70      0.8369      1.5519      2.5931      0.0000      0.0397
          80      1.1737      1.5167      2.4450      0.8525      0.2020
          90      1.1441      1.5517      2.4924      0.6784      0.3194
         100      1.2035      1.5666      2.5762      0.8775      0.1198
         110      1.0632      1.6021      2.5235      0.0628      1.0650
         120      0.8875      1.6177      2.4754      0.0000      0.3443
         130      0.9293      1.6219      2.5419      0.1725      0.1377
         140      0.9064      1.6458      2.6678      0.0003      0.2175
         150      0.9638      1.7222      2.6127      0.2359      0.0124
         160      0.8617      1.7166      2.5790      0.0000      0.0130
         170      0.8712      1.6831      2.6554      0.0000      0.0176
         180      0.9332      1.6302      2.3970      0.1815      0.2758
         190      0.8850      1.6836      2.6260      0.0000      0.1152
         200      1.1948      1.6725      2.6337      0.8254      0.0173
         210      0.8343      1.7226      2.4418      0.0001      0.0069
         220      0.8538      1.7513      2.5065      0.0001      0.0110
         230      0.8376      1.7116      2.4662      0.0000      0.0101
         240      0.8134      1.6816      2.3070      0.0000      0.0787
         250      0.8130      1.7368      2.3186      0.0002      0.0093
         260      0.7977      1.6924      2.2888      0.0002      0.0070
         270      0.8420      1.6440      2.4977      0.0000      0.0683
         280      0.8272      1.6881      2.4359      0.0010      0.0102
         290      0.8163      1.6854      2.3875      0.0002      0.0082
         300      0.8394      1.7521      2.4345      0.0000      0.0104
         310      0.8347      1.7136      2.4495      0.0000      0.0106
         320      0.8127      1.7347      2.3205      0.0002      0.0082
         330      0.8217      1.6376      2.4631      0.0001      0.0078
         340      0.8143      1.7322      2.3304      0.0000      0.0086
         350      0.8364      1.7297      2.4459      0.0000      0.0063
         360      0.7746      1.7156      2.1501      0.0000      0.0074
         370      0.8022      1.7086      2.2906      0.0001      0.0117
         380      0.8230      1.7249      2.3809      0.0001      0.0092
         390      0.8112      1.7290      2.3193      0.0002      0.0071
         400      0.8450      1.6545      2.5412      0.0000      0.0292
         410      0.8120      1.7162      2.3361      0.0002      0.0072
         420      0.8297      1.6729      2.4660      0.0000      0.0096
         430      0.8415      1.7707      2.4286      0.0000      0.0084
         440      0.8325      1.7061      2.4244      0.0000      0.0320
         450      0.8389      1.6828      2.5037      0.0002      0.0077
         460      0.8263      1.7037      2.4137      0.0000      0.0140
         470      1.4972      1.6778      2.5155      0.0000      3.2927
         480      0.8357      1.7031      2.4588      0.0035      0.0094
         490      0.9471      1.7344      2.6207      0.0000      0.3802
         500      0.9996      1.7109      2.4488      0.4147      0.0089
         510      1.0556      1.7273      2.3256      0.6088      0.0074
         520      0.8391      1.6699      2.4692      0.0000      0.0562
         530      0.7984      1.7036      2.2782      0.0002      0.0098
         540      0.8964      1.7601      2.4232      0.1454      0.0076
         550      0.8385      1.7517      2.4253      0.0001      0.0155
         560      0.8076      1.7713      2.2582      0.0002      0.0083
         570      0.8412      1.7398      2.4583      0.0001      0.0077
         580      0.8057      1.6790      2.3412      0.0001      0.0083
         590      0.8949      1.6475      2.3799      0.0063      0.4347
         600      1.3452      1.7027      2.6742      0.0000      2.3493
       final      0.7670      1.6952      2.1316      0.0001      0.0080
best loss step: 396
Max CUDA memory: 0.7028G
Saving /mnt/home/jue/halluc/linear_motifs/output/20220103_sh3_r1/sh3_r1_198: npz, fas, trb, trk, trfold pdb
Finished design /mnt/home/jue/halluc/linear_motifs/output/20220103_sh3_r1/sh3_r1_198 in 13.72 minutes.

Generating sh3_r1_199, length 90...
Forcing amino acids:  B7P,B8P,B9P,B10R,B11P,B12P,B13K,B14P
Loss term           | Weight      
cce                   1.00
entropy               1.00
rep                   2.00
rog                   1.00

Stage 0
Starting gradient descent...
        step    avg loss         cce     entropy         rep         rog
           0      1.6637      1.7141      2.9768      1.8061      0.0153
          10      0.8654      1.6189      2.6541      0.0000      0.0538
          20      0.8651      1.5994      2.6813      0.0000      0.0448
          30      0.8326      1.5298      2.2697      0.0000      0.3633
          40      0.8037      1.5097      2.2666      0.0000      0.2422
          50      0.7316      1.4177      2.1149      0.0001      0.1251
          60      0.7680      1.4826      2.1922      0.0208      0.1235
          70      0.7206      1.4004      2.0864      0.0000      0.1161
          80      0.7330      1.4102      2.1694      0.0033      0.0787
          90      0.7129      1.3316      2.1504      0.0002      0.0820
         100      0.6780      1.3641      1.9160      0.0159      0.0782
         110      0.6609      1.3535      1.8874      0.0004      0.0628
         120      0.7076      1.3259      2.1307      0.0001      0.0810
         130      0.6922      1.3952      1.9850      0.0045      0.0718
         140      0.6648      1.3131      1.9390      0.0000      0.0717
         150      0.6622      1.3440      1.8932      0.0004      0.0730
         160      0.6691      1.3135      1.9581      0.0000      0.0738
         170      0.6744      1.3448      1.9539      0.0000      0.0731
         180      0.6703      1.3385      1.9457      0.0000      0.0671
         190      0.6481      1.3282      1.8485      0.0001      0.0635
         200      0.6842      1.3647      1.9727      0.0000      0.0835
         210      0.6829      1.3391      1.9933      0.0000      0.0819
         220      0.6873      1.4381      1.9248      0.0000      0.0737
         230      0.6648      1.3203      1.9286      0.0000      0.0752
         240      0.6652      1.3222      1.9319      0.0000      0.0717
         250      0.6615      1.3047      1.9316      0.0000      0.0712
         260      0.6606      1.3235      1.9012      0.0001      0.0778
         270      0.6687      1.3341      1.9358      0.0000      0.0738
         280      0.6739      1.3525      1.9448      0.0000      0.0720
         290      0.6634      1.3093      1.9299      0.0000      0.0776
         300      0.6497      1.3124      1.8638      0.0000      0.0724
         310      0.6873      1.3502      2.0120      0.0000      0.0742
         320      0.6625      1.2968      1.9404      0.0000      0.0753
         330      0.6405      1.2640      1.8701      0.0000      0.0683
         340      0.6326      1.2797      1.8111      0.0000      0.0720
         350      0.6643      1.3400      1.9098      0.0000      0.0717
         360      0.6763      1.3106      1.9967      0.0000      0.0741
         370      0.6533      1.3065      1.8903      0.0001      0.0697
         380      0.6704      1.3397      1.9376      0.0000      0.0748
         390      0.6792      1.3440      1.9794      0.0001      0.0721
         400      0.6878      1.3310      2.0304      0.0000      0.0774
         410      0.6648      1.3532      1.9049      0.0000      0.0660
         420      0.6827      1.3491      1.9900      0.0023      0.0700
         430      0.6724      1.3921      1.9004      0.0000      0.0694
         440      0.6562      1.3150      1.8879      0.0000      0.0778
         450      0.6679      1.3605      1.9027      0.0000      0.0764
         460      0.6457      1.3146      1.8440      0.0000      0.0702
         470      0.6738      1.3015      1.9991      0.0001      0.0681
         480      0.6851      1.3418      2.0101      0.0000      0.0736
         490      0.6627      1.3190      1.9215      0.0000      0.0731
         500      0.6674      1.3703      1.8948      0.0000      0.0721
         510      0.6672      1.3683      1.9038      0.0000      0.0641
         520      0.6520      1.3365      1.8540      0.0000      0.0696
         530      0.6546      1.3041      1.9062      0.0000      0.0630
         540      0.6476      1.2775      1.8891      0.0000      0.0712
         550      0.6718      1.3341      1.9511      0.0000      0.0736
         560      0.6508      1.2861      1.8989      0.0000      0.0687
         570      0.6962      1.4304      1.9843      0.0006      0.0652
         580      0.6819      1.2939      2.0332      0.0001      0.0823
         590      0.6725      1.2909      1.9993      0.0000      0.0723
         600      0.6633      1.2793      1.9718      0.0000      0.0657
       final      0.6326      1.2797      1.8111      0.0000      0.0720
best loss step: 340
Max CUDA memory: 1.4344G
Saving /mnt/home/jue/halluc/linear_motifs/output/20220103_sh3_r1/sh3_r1_199: npz, fas, trb, trk, trfold pdb
Finished design /mnt/home/jue/halluc/linear_motifs/output/20220103_sh3_r1/sh3_r1_199 in 15.69 minutes.
