/mnt/home/dzorine/software/homog/homog/homog.py:98: SyntaxWarning: "is" with a literal. Did you mean "=="?
  if degrees is 'auto': degrees = guess_is_degrees(angle)
[19:55:09] /opt/dgl/src/runtime/tensordispatch.cc:43: TensorDispatcher: dlopen failed: libtorch_cuda_cpp.so: cannot open shared object file: No such file or directory
Using backend: pytorch
--steps was given. Ignoring --grad_steps, --mcmc_steps.

Run settings:
{'network_name': 'rf_Nov05_2021', 'use_template': None, 'num': 2, 'start_num': 2, 'msa_num': 1, 'out': '/mnt/home/jue/halluc/linear_motifs/output/20220103_sh3_r1/sh3_r1', 'cautious': 1, 'save_pdb': 1, 'save_batch_fas': False, 'track_step': 10, 'track_logits': False, 'out_step': None, 'seed_rng': False, 'steps': 'g600', 'grad_steps': 400, 'mcmc_steps': 0, 'optimizer': 'nsgd', 'drop': 0.2, 'init_sd': 1e-06, 'learning_rate': 0.05, 'grad_check': True, 'logit_scale': 1, 'seq_prob_type': 'hard', 'seq_sample': False, 'calc_bkg': True, 'cce_sd': None, 'hal_sd': None, 'corrupt_sequence': None, 'corrupt_fraction': None, 'pdb': '/mnt/home/jue/halluc/linear_motifs/input/SH3_2w0z.pdb', 'mask': None, 'contigs': 'B7-14', 'con_set_id': None, 'len': '55-100', 'keep_order': False, 'contig_min_gap': 5, 'spike': None, 'spike_fas': None, 'force_aa': 'B7-14', 'exclude_aa': 'C', 'force_aa_hal': None, 'template_pdbs': None, 'no_bkg_mask': False, 'num_repeats': 0, 'init_seq': None, 'masks_bkg': None, 'masks_pass': None, 'force_logits': None, 'receptor': None, 'rec_placement': 'second', 'gap': 200, 'w_cce': 1, 'w_crmsd': -1, 'w_entropy': 1, 'w_kl': -1, 'n_bkg': 100, 'w_rep': 2.0, 'w_set_rep': -1, 'w_atr': -1, 'w_set_atr': -1, 'w_rog': 1.0, 'w_aspect_ratio': -1, 'w_cyc_sym': -1, 'w_surfnp': -1, 'w_nc': -1, 'w_cce_bg': -1, 'w_sym': -1, 'cce_cutoff': 19.9, 'rep_pdb': 'input/SH3_2w0z_rec.pdb', 'rep_sigma': 3.5, 'atr_pdb': None, 'atr_sigma': 5, 'entropy_beta': 10, 'rog_thresh': 16.0, 'surfnp_nbr_thresh': 2.5, 'nc_target': -7, 'entropy_dist_bins': 16, 'mcmc_halflife': 500.0, 'T_acc_0': 0.002, 'mcmc_batch': 1, 'anneal_t1d': False, 'erode_template': False, 'num_masked_tokens': 1, 'weights_dir': '/projects/ml/trDesign', 'nthreads': 4, 'cce_cutstep': None, 'cce_thresh': 2.2, 'batch': 64, 'lr': 0.2, 'nsteps': 100, 'commit': 'c344913efafbbfe8f452574b0c86c348792a5045'}

Loading structure prediction model onto device cuda:0...
#   trunk_msa_v00     [ens=1]   AF2-inspired 12-block 2-track trunk
#   trunk_tbm_v00     [ens=1]   AF2-inspired 3-track trunk
#   rf_v00            [ens=1]   RoseTTAFold 3-track trunk + refiner (formerly trunk_e2e_v00)
# * rf_Nov05_2021     [ens=1]   RoseTTAFold 3-track, no perceiver, Nov. 5 2021
#   rf_perceiver_v00  [ens=1]   RoseTTAFold w/ Perceiver & FAPE loss (msa_full=zeros)
#   rf_perceiver_v01  [ens=1]   RoseTTAFold w/ Perceiver & FAPE loss (msa_full=msa_latent)
#   af2_v00           [ens=0]   AlphaFold2 (only works with rescue.py)
Loaded sequence-to-structure model rf_Nov05_2021 with 66037142 parameters

Model hyperparameters:
{'SE3_param': {'div': 4, 'l0_in_features': 32, 'l0_out_features': 32, 'l1_in_features': 3, 'l1_out_features': 2, 'n_heads': 4, 'num_channels': 32, 'num_degrees': 2, 'num_edge_features': 32, 'num_layers': 3}, 'd_hidden': 32, 'd_hidden_templ': 64, 'd_msa': 256, 'd_msa_full': 64, 'd_pair': 128, 'd_templ': 64, 'n_head_msa': 8, 'n_head_pair': 4, 'n_head_templ': 4, 'n_module_2track': 24, 'n_module_3track': 8, 'p_drop': 0.0}

Using CUDA device(s):  cuda:0: (GeForce RTX 2080); 

Parsing input pdb...

Generating sh3_r1_2, length 70...
Forcing amino acids:  B7P,B8P,B9P,B10R,B11P,B12P,B13K,B14P
Loss term           | Weight      
cce                   1.00
entropy               1.00
rep                   2.00
rog                   1.00

Stage 0
Starting gradient descent...
        step    avg loss         cce     entropy         rep         rog
           0      2.0135      1.6835      2.8605      0.0577      5.4082
          10      0.8512      1.5769      2.5602      0.0423      0.0344
          20      0.8300      1.5079      2.5371      0.0162      0.0726
          30      0.7800      1.4559      2.3568      0.0000      0.0871
          40      0.7708      1.5737      2.2383      0.0000      0.0420
          50      1.2450      1.4492      2.3988      1.1824      0.0121
          60      1.8413      1.4715      2.5315      0.0000      5.2036
          70      2.0000      1.6381      2.5316      0.6379      4.5548
          80      1.5842      1.6552      2.6435      1.6917      0.2389
          90      0.8535      1.6232      2.4693      0.0687      0.0376
         100      0.7908      1.5311      2.3876      0.0000      0.0352
         110      0.8097      1.6265      2.3972      0.0000      0.0250
         120      1.6366      1.6050      2.5895      0.0006      3.9871
         130      0.7442      1.5452      2.1391      0.0000      0.0369
         140      1.8308      1.5142      2.3237      0.0000      5.3158
         150      0.7060      1.4761      2.0122      0.0000      0.0417
         160      0.7291      1.5228      2.1006      0.0000      0.0221
         170      0.7466      1.5346      2.1566      0.0013      0.0392
         180      0.7986      1.4999      2.4469      0.0001      0.0458
         190      0.7097      1.5028      2.0140      0.0003      0.0313
         200      0.7107      1.4496      2.0681      0.0000      0.0355
         210      0.7546      1.4867      2.0496      0.0971      0.0426
         220      1.6182      1.5535      2.4304      0.0291      4.0491
         230      1.5769      1.5616      2.4858      0.0002      3.8368
         240      0.6724      1.3802      1.9453      0.0004      0.0359
         250      0.6907      1.4584      1.9654      0.0007      0.0282
         260      0.8198      1.6012      2.2827      0.0911      0.0329
         270      0.6865      1.3832      2.0031      0.0001      0.0462
         280      1.5127      1.5356      2.4189      0.0030      3.6031
         290      1.4481      1.5736      2.4775      0.0001      3.1892
         300      1.4957      1.6207      2.5526      0.6456      2.0139
         310      2.0118      1.5748      2.5877      1.7866      2.3232
         320      1.2655      1.5570      2.6168      0.0001      2.1534
         330      1.2565      1.5215      2.5756      0.0000      2.1854
         340      1.3212      1.5535      2.6057      0.3762      1.6944
         350      1.2226      1.6047      2.6236      0.0001      1.8843
         360      1.1689      1.6027      2.5389      0.0000      1.7029
         370      1.1546      1.6300      2.5934      0.2374      1.0747
         380      1.1510      1.6151      2.5346      0.0000      1.6052
         390      1.0895      1.6245      2.6199      0.0378      1.1278
         400      1.2063      1.6836      2.6881      0.0522      1.5553
         410      1.3168      1.5626      2.6256      0.8914      0.6127
         420      0.8822      1.6571      2.6063      0.0000      0.1476
         430      0.8851      1.5708      2.6146      0.0000      0.2401
         440      0.8627      1.6075      2.6009      0.0000      0.1050
         450      1.6880      1.5630      2.5852      0.0000      4.2916
         460      0.9233      1.6003      2.6826      0.0000      0.3334
         470      0.8683      1.6105      2.5870      0.0000      0.1440
         480      0.8553      1.6447      2.5522      0.0000      0.0793
         490      0.8564      1.6662      2.5357      0.0000      0.0799
         500      0.8154      1.7000      2.3486      0.0000      0.0285
         510      0.8192      1.6755      2.3801      0.0000      0.0403
         520      0.8128      1.6600      2.3602      0.0000      0.0437
         530      0.8206      1.6749      2.4010      0.0002      0.0268
         540      0.8126      1.5413      2.4652      0.0000      0.0566
         550      0.8862      1.6519      2.3412      0.0316      0.3747
         560      0.8011      1.6454      2.3227      0.0001      0.0370
         570      0.7970      1.6873      2.2495      0.0000      0.0484
         580      0.7979      1.6579      2.2734      0.0001      0.0578
         590      0.8156      1.5542      2.3441      0.0000      0.1795
         600      0.8310      1.6420      2.4656      0.0001      0.0470
       final      0.6724      1.3802      1.9453      0.0004      0.0359
best loss step: 240
Max CUDA memory: 0.9662G
Saving /mnt/home/jue/halluc/linear_motifs/output/20220103_sh3_r1/sh3_r1_2: npz, fas, trb, trk, trfold pdb
Finished design /mnt/home/jue/halluc/linear_motifs/output/20220103_sh3_r1/sh3_r1_2 in 13.81 minutes.

Generating sh3_r1_3, length 64...
Forcing amino acids:  B7P,B8P,B9P,B10R,B11P,B12P,B13K,B14P
Loss term           | Weight      
cce                   1.00
entropy               1.00
rep                   2.00
rog                   1.00

Stage 0
Starting gradient descent...
        step    avg loss         cce     entropy         rep         rog
           0      2.5002      1.6466      2.7655      0.3017      7.4854
          10      0.9203      1.8184      2.7462      0.0019      0.0330
          20      1.5531      1.9233      2.7635      1.5275      0.0236
          30      2.2083      1.8730      2.7743      1.9916      2.4109
          40      1.5663      1.7126      2.7884      1.6343      0.0620
          50      1.1437      1.7542      2.8671      0.5314      0.0343
          60      0.9098      1.7478      2.7771      0.0000      0.0241
          70      0.9194      1.7232      2.7577      0.0552      0.0056
          80      0.9224      1.6891      2.6124      0.1523      0.0060
          90      0.8529      1.7454      2.5132      0.0000      0.0060
         100      0.8066      1.5980      2.4215      0.0000      0.0135
         110      0.8773      1.7677      2.6079      0.0001      0.0107
         120      0.9044      1.6233      2.5787      0.0000      0.3198
         130      0.8470      1.7555      2.4617      0.0058      0.0060
         140      0.8360      1.6660      2.5046      0.0001      0.0095
         150      0.8223      1.7243      2.3783      0.0000      0.0087
         160      0.8943      1.6069      2.4435      0.0011      0.4187
         170      0.7622      1.6463      2.1498      0.0000      0.0150
         180      0.7704      1.6061      2.2310      0.0000      0.0150
         190      1.4940      1.5771      2.4516      0.0005      3.4405
         200      0.7485      1.5570      2.0976      0.0376      0.0128
         210      0.8837      1.5425      2.2717      0.2972      0.0098
         220      0.7876      1.6055      2.3173      0.0000      0.0150
         230      0.7536      1.6106      2.1465      0.0000      0.0111
         240      0.8185      1.5858      2.4913      0.0000      0.0152
         250      0.8346      1.5448      2.4951      0.0597      0.0135
         260      1.0732      1.6678      2.5183      0.5869      0.0062
         270      0.8482      1.5849      2.6216      0.0002      0.0343
         280      0.8161      1.5830      2.4728      0.0000      0.0248
         290      0.7576      1.5390      2.2341      0.0000      0.0146
         300      0.7973      1.6671      2.3017      0.0013      0.0153
         310      0.7310      1.5540      2.0861      0.0000      0.0146
         320      0.7593      1.5917      2.1890      0.0000      0.0159
         330      0.8763      1.5914      2.0386      0.3699      0.0117
         340      0.7904      1.5916      2.3490      0.0000      0.0117
         350      0.8716      1.5602      2.4101      0.0000      0.3875
         360      0.8108      1.5869      2.1686      0.1444      0.0096
         370      0.7505      1.5647      2.1508      0.0131      0.0109
         380      0.8534      1.5619      2.0613      0.3143      0.0153
         390      0.6975      1.4771      1.9957      0.0000      0.0144
         400      0.7598      1.5884      2.0098      0.0948      0.0114
         410      0.7778      1.4907      2.3687      0.0063      0.0168
         420      0.7097      1.6387      1.8946      0.0012      0.0128
         430      0.7828      1.6198      1.9698      0.1570      0.0102
         440      0.7824      1.5792      2.3218      0.0003      0.0106
         450      0.7477      1.5562      2.1687      0.0000      0.0134
         460      0.7867      1.5678      2.3503      0.0000      0.0155
         470      0.7399      1.6116      2.0705      0.0000      0.0174
         480      0.7653      1.6910      2.0556      0.0349      0.0099
         490      0.8262      1.6027      2.5089      0.0002      0.0192
         500      0.7384      1.5308      2.1442      0.0000      0.0168
         510      0.8226      1.5751      2.3247      0.1021      0.0092
         520      0.6997      1.5061      1.9807      0.0000      0.0116
         530      0.7090      1.5769      1.9573      0.0002      0.0102
         540      0.7629      1.5767      2.2271      0.0004      0.0100
         550      0.7212      1.5239      1.9996      0.0327      0.0173
         560      0.7127      1.4968      2.0474      0.0003      0.0188
         570      0.7340      1.5063      2.1465      0.0000      0.0170
         580      0.8932      1.5868      2.0792      0.3969      0.0060
         590      0.7544      1.5032      2.2538      0.0001      0.0150
         600      0.7289      1.5748      2.0522      0.0029      0.0115
       final      0.6775      1.4794      1.8972      0.0001      0.0105
best loss step: 584
Max CUDA memory: 0.8523G
Saving /mnt/home/jue/halluc/linear_motifs/output/20220103_sh3_r1/sh3_r1_3: npz, fas, trb, trk, trfold pdb
Finished design /mnt/home/jue/halluc/linear_motifs/output/20220103_sh3_r1/sh3_r1_3 in 13.54 minutes.
