/mnt/home/dzorine/software/homog/homog/homog.py:98: SyntaxWarning: "is" with a literal. Did you mean "=="?
  if degrees is 'auto': degrees = guess_is_degrees(angle)
[21:59:59] /opt/dgl/src/runtime/tensordispatch.cc:43: TensorDispatcher: dlopen failed: libtorch_cuda_cpp.so: cannot open shared object file: No such file or directory
Using backend: pytorch
--steps was given. Ignoring --grad_steps, --mcmc_steps.

Run settings:
{'network_name': 'rf_Nov05_2021', 'use_template': None, 'num': 2, 'start_num': 90, 'msa_num': 1, 'out': '/mnt/home/jue/halluc/linear_motifs/output/20220103_sh3_r1/sh3_r1', 'cautious': 1, 'save_pdb': 1, 'save_batch_fas': False, 'track_step': 10, 'track_logits': False, 'out_step': None, 'seed_rng': False, 'steps': 'g600', 'grad_steps': 400, 'mcmc_steps': 0, 'optimizer': 'nsgd', 'drop': 0.2, 'init_sd': 1e-06, 'learning_rate': 0.05, 'grad_check': True, 'logit_scale': 1, 'seq_prob_type': 'hard', 'seq_sample': False, 'calc_bkg': True, 'cce_sd': None, 'hal_sd': None, 'corrupt_sequence': None, 'corrupt_fraction': None, 'pdb': '/mnt/home/jue/halluc/linear_motifs/input/SH3_2w0z.pdb', 'mask': None, 'contigs': 'B7-14', 'con_set_id': None, 'len': '55-100', 'keep_order': False, 'contig_min_gap': 5, 'spike': None, 'spike_fas': None, 'force_aa': 'B7-14', 'exclude_aa': 'C', 'force_aa_hal': None, 'template_pdbs': None, 'no_bkg_mask': False, 'num_repeats': 0, 'init_seq': None, 'masks_bkg': None, 'masks_pass': None, 'force_logits': None, 'receptor': None, 'rec_placement': 'second', 'gap': 200, 'w_cce': 1, 'w_crmsd': -1, 'w_entropy': 1, 'w_kl': -1, 'n_bkg': 100, 'w_rep': 2.0, 'w_set_rep': -1, 'w_atr': -1, 'w_set_atr': -1, 'w_rog': 1.0, 'w_aspect_ratio': -1, 'w_cyc_sym': -1, 'w_surfnp': -1, 'w_nc': -1, 'w_cce_bg': -1, 'w_sym': -1, 'cce_cutoff': 19.9, 'rep_pdb': 'input/SH3_2w0z_rec.pdb', 'rep_sigma': 3.5, 'atr_pdb': None, 'atr_sigma': 5, 'entropy_beta': 10, 'rog_thresh': 16.0, 'surfnp_nbr_thresh': 2.5, 'nc_target': -7, 'entropy_dist_bins': 16, 'mcmc_halflife': 500.0, 'T_acc_0': 0.002, 'mcmc_batch': 1, 'anneal_t1d': False, 'erode_template': False, 'num_masked_tokens': 1, 'weights_dir': '/projects/ml/trDesign', 'nthreads': 4, 'cce_cutstep': None, 'cce_thresh': 2.2, 'batch': 64, 'lr': 0.2, 'nsteps': 100, 'commit': 'c344913efafbbfe8f452574b0c86c348792a5045'}

Loading structure prediction model onto device cuda:0...
#   trunk_msa_v00     [ens=1]   AF2-inspired 12-block 2-track trunk
#   trunk_tbm_v00     [ens=1]   AF2-inspired 3-track trunk
#   rf_v00            [ens=1]   RoseTTAFold 3-track trunk + refiner (formerly trunk_e2e_v00)
# * rf_Nov05_2021     [ens=1]   RoseTTAFold 3-track, no perceiver, Nov. 5 2021
#   rf_perceiver_v00  [ens=1]   RoseTTAFold w/ Perceiver & FAPE loss (msa_full=zeros)
#   rf_perceiver_v01  [ens=1]   RoseTTAFold w/ Perceiver & FAPE loss (msa_full=msa_latent)
#   af2_v00           [ens=0]   AlphaFold2 (only works with rescue.py)
Loaded sequence-to-structure model rf_Nov05_2021 with 66037142 parameters

Model hyperparameters:
{'SE3_param': {'div': 4, 'l0_in_features': 32, 'l0_out_features': 32, 'l1_in_features': 3, 'l1_out_features': 2, 'n_heads': 4, 'num_channels': 32, 'num_degrees': 2, 'num_edge_features': 32, 'num_layers': 3}, 'd_hidden': 32, 'd_hidden_templ': 64, 'd_msa': 256, 'd_msa_full': 64, 'd_pair': 128, 'd_templ': 64, 'n_head_msa': 8, 'n_head_pair': 4, 'n_head_templ': 4, 'n_module_2track': 24, 'n_module_3track': 8, 'p_drop': 0.0}

Using CUDA device(s):  cuda:0: (GeForce RTX 2080); 

Parsing input pdb...

Generating sh3_r1_90, length 65...
Forcing amino acids:  B7P,B8P,B9P,B10R,B11P,B12P,B13K,B14P
Loss term           | Weight      
cce                   1.00
entropy               1.00
rep                   2.00
rog                   1.00

Stage 0
Starting gradient descent...
        step    avg loss         cce     entropy         rep         rog
           0      2.9969      1.6155      2.9497      0.0000     10.4196
          10      1.2093      1.6001      2.9245      0.0000      1.5217
          20      1.1459      1.5991      2.8931      0.6142      0.0091
          30      0.9702      1.6243      2.8999      0.1603      0.0062
          40      0.9389      1.6991      2.8627      0.0330      0.0670
          50      2.2235      1.6582      2.8987      3.2714      0.0177
          60      0.9267      1.7162      2.8958      0.0000      0.0216
          70      0.9111      1.6485      2.8981      0.0000      0.0087
          80      0.9016      1.5028      2.7192      0.1035      0.0788
          90      0.8918      1.5918      2.7844      0.0000      0.0828
         100      0.9404      1.6477      2.7880      0.1201      0.0264
         110      0.8792      1.6289      2.7484      0.0001      0.0186
         120      1.0870      1.5720      2.7600      0.5069      0.0893
         130      0.8927      1.4989      2.7570      0.0297      0.1481
         140      1.5611      1.5812      2.6822      0.0000      3.5423
         150      1.2254      1.5328      2.6184      0.0105      1.9548
         160      0.8753      1.5442      2.6825      0.0513      0.0470
         170      0.9251      1.6198      2.6882      0.1545      0.0086
         180      0.8413      1.5392      2.6557      0.0002      0.0111
         190      0.8562      1.6026      2.6717      0.0008      0.0052
         200      1.0929      1.5547      2.6478      0.6262      0.0094
         210      0.8541      1.6111      2.6380      0.0000      0.0212
         220      0.8228      1.5660      2.4067      0.0018      0.1375
         230      0.8238      1.5473      2.5645      0.0001      0.0068
         240      0.7726      1.6555      2.1990      0.0000      0.0085
         250      0.7882      1.6446      2.2674      0.0117      0.0058
         260      0.7463      1.5304      2.1940      0.0000      0.0070
         270      0.7958      1.6316      2.3423      0.0000      0.0051
         280      0.7746      1.6215      2.2451      0.0000      0.0066
         290      0.7679      1.5566      2.2760      0.0000      0.0070
         300      0.7213      1.5218      2.0728      0.0000      0.0120
         310      0.7940      1.5347      2.4286      0.0000      0.0067
         320      0.7615      1.5915      2.2057      0.0000      0.0104
         330      0.8405      1.6486      2.4345      0.0568      0.0058
         340      0.7397      1.5215      2.1695      0.0000      0.0073
         350      0.7548      1.6145      2.1542      0.0000      0.0056
         360      0.7495      1.5720      2.1702      0.0000      0.0054
         370      0.8338      1.7957      2.2031      0.0827      0.0050
         380      0.7438      1.6969      2.0148      0.0005      0.0064
         390      1.2437      1.5847      2.4529      1.0864      0.0082
         400      0.7751      1.6038      2.1223      0.0705      0.0081
         410      0.7438      1.5712      2.1345      0.0000      0.0131
         420      0.7296      1.4733      2.1669      0.0000      0.0078
         430      0.7219      1.5249      2.0791      0.0000      0.0057
         440      0.7771      1.5838      2.2403      0.0271      0.0069
         450      0.7376      1.5408      2.1415      0.0001      0.0056
         460      0.7299      1.6122      2.0311      0.0003      0.0057
         470      0.7691      1.6598      2.1813      0.0000      0.0044
         480      0.7797      1.5893      2.2970      0.0000      0.0124
         490      0.7598      1.7017      2.0932      0.0000      0.0042
         500      0.7055      1.4982      2.0237      0.0000      0.0058
         510      0.7498      1.6328      2.1107      0.0002      0.0052
         520      0.6840      1.4852      1.9292      0.0000      0.0058
         530      0.7190      1.7091      1.8811      0.0000      0.0050
         540      0.7421      1.6681      2.0377      0.0000      0.0045
         550      1.0987      1.5863      2.4174      0.7434      0.0032
         560      0.7547      1.5229      2.2441      0.0000      0.0063
         570      0.7116      1.5781      1.9752      0.0000      0.0048
         580      1.0240      1.5204      2.4307      0.0000      1.1687
         590      0.7295      1.6404      2.0014      0.0000      0.0056
         600      0.7205      1.5733      2.0228      0.0000      0.0062
       final      0.6829      1.4701      1.9392      0.0000      0.0052
best loss step: 508
Max CUDA memory: 0.8725G
Saving /mnt/home/jue/halluc/linear_motifs/output/20220103_sh3_r1/sh3_r1_90: npz, fas, trb, trk, trfold pdb
Finished design /mnt/home/jue/halluc/linear_motifs/output/20220103_sh3_r1/sh3_r1_90 in 14.62 minutes.

Generating sh3_r1_91, length 59...
Forcing amino acids:  B7P,B8P,B9P,B10R,B11P,B12P,B13K,B14P
Loss term           | Weight      
cce                   1.00
entropy               1.00
rep                   2.00
rog                   1.00

Stage 0
Starting gradient descent...
        step    avg loss         cce     entropy         rep         rog
           0      1.2692      1.6168      2.9080      0.0000      1.8211
          10      0.8823      1.7172      2.6734      0.0001      0.0209
          20      0.8181      1.6911      2.3848      0.0003      0.0143
          30      0.8324      1.5892      2.5573      0.0000      0.0155
          40      0.8184      1.6231      2.4523      0.0000      0.0165
          50      0.7689      1.6011      2.2261      0.0000      0.0172
          60      0.7847      1.5090      2.4005      0.0000      0.0142
          70      0.8270      1.5382      2.5360      0.0237      0.0134
          80      0.7910      1.5686      2.3754      0.0000      0.0109
          90      0.7339      1.4509      2.2025      0.0011      0.0142
         100      0.7382      1.5057      2.1699      0.0000      0.0154
         110      0.7830      1.6163      2.2871      0.0000      0.0118
         120      0.7491      1.5339      2.1965      0.0000      0.0149
         130      1.1112      1.5072      2.5098      0.0000      1.5388
         140      0.7687      1.6023      2.2273      0.0000      0.0138
         150      0.7445      1.5090      2.1961      0.0000      0.0172
         160      0.7217      1.4847      2.1082      0.0000      0.0158
         170      0.7482      1.5630      2.1644      0.0000      0.0135
         180      0.7232      1.4744      2.1272      0.0000      0.0146
         190      0.8135      1.5627      2.2864      0.1012      0.0158
         200      0.7581      1.5621      2.2118      0.0000      0.0164
         210      0.7924      1.5502      2.3999      0.0000      0.0118
         220      0.7711      1.5702      2.2726      0.0000      0.0126
         230      0.7997      1.5464      2.4403      0.0000      0.0117
         240      0.7298      1.4913      2.1430      0.0000      0.0148
         250      0.7254      1.5447      2.0681      0.0000      0.0143
         260      0.7895      1.5056      2.4245      0.0000      0.0172
         270      0.7213      1.4642      2.1261      0.0000      0.0164
         280      0.7299      1.4747      2.1613      0.0000      0.0136
         290      0.7375      1.5209      2.1514      0.0000      0.0152
         300      1.1774      1.5424      2.4491      0.0000      1.8955
         310      0.7610      1.5642      2.2286      0.0000      0.0124
         320      0.7662      1.5717      2.2453      0.0000      0.0142
         330      0.7512      1.5258      2.2165      0.0000      0.0135
         340      0.7274      1.4937      2.1261      0.0000      0.0171
         350      0.7264      1.4666      2.1512      0.0000      0.0140
         360      0.7285      1.5053      2.1226      0.0000      0.0144
         370      0.7495      1.4715      2.2570      0.0000      0.0190
         380      0.7384      1.4778      2.1971      0.0000      0.0171
         390      0.7469      1.5654      2.1535      0.0000      0.0156
         400      0.7342      1.5220      2.1336      0.0000      0.0153
         410      0.7504      1.5541      2.1806      0.0000      0.0171
         420      1.0489      1.5109      2.4479      0.0000      1.2859
         430      0.7182      1.5060      2.0698      0.0000      0.0151
         440      0.7368      1.5125      2.1581      0.0000      0.0135
         450      0.7325      1.5385      2.1099      0.0000      0.0139
         460      0.7607      1.5234      2.2676      0.0000      0.0126
         470      0.7641      1.5197      2.2835      0.0000      0.0173
         480      0.7386      1.4750      2.1990      0.0000      0.0190
         490      0.7489      1.5498      2.1811      0.0000      0.0137
         500      0.7895      1.6016      2.3335      0.0000      0.0122
         510      0.9330      1.5909      2.3874      0.3361      0.0147
         520      0.7542      1.5285      2.2296      0.0002      0.0123
         530      0.7597      1.4958      2.2865      0.0000      0.0161
         540      0.7556      1.5367      2.2261      0.0000      0.0153
         550      0.7756      1.5397      2.3258      0.0000      0.0125
         560      0.7360      1.5807      2.0862      0.0000      0.0130
         570      0.7360      1.5086      2.1565      0.0000      0.0147
         580      0.7881      1.6492      2.2138      0.0315      0.0146
         590      0.7633      1.6115      2.1937      0.0000      0.0115
         600      0.8029      1.5933      2.4041      0.0000      0.0171
       final      0.6934      1.4018      2.0480      0.0000      0.0172
best loss step: 583
Max CUDA memory: 0.7629G
Saving /mnt/home/jue/halluc/linear_motifs/output/20220103_sh3_r1/sh3_r1_91: npz, fas, trb, trk, trfold pdb
Finished design /mnt/home/jue/halluc/linear_motifs/output/20220103_sh3_r1/sh3_r1_91 in 14.37 minutes.
