/mnt/home/dzorine/software/homog/homog/homog.py:98: SyntaxWarning: "is" with a literal. Did you mean "=="?
  if degrees is 'auto': degrees = guess_is_degrees(angle)
[00:35:00] /opt/dgl/src/runtime/tensordispatch.cc:43: TensorDispatcher: dlopen failed: libtorch_cuda_cpp.so: cannot open shared object file: No such file or directory
Using backend: pytorch
--steps was given. Ignoring --grad_steps, --mcmc_steps.

Run settings:
{'network_name': 'rf_Nov05_2021', 'use_template': None, 'num': 2, 'start_num': 192, 'msa_num': 1, 'out': '/mnt/home/jue/halluc/linear_motifs/output/20220103_sh3_r1/sh3_r1', 'cautious': 1, 'save_pdb': 1, 'save_batch_fas': False, 'track_step': 10, 'track_logits': False, 'out_step': None, 'seed_rng': False, 'steps': 'g600', 'grad_steps': 400, 'mcmc_steps': 0, 'optimizer': 'nsgd', 'drop': 0.2, 'init_sd': 1e-06, 'learning_rate': 0.05, 'grad_check': True, 'logit_scale': 1, 'seq_prob_type': 'hard', 'seq_sample': False, 'calc_bkg': True, 'cce_sd': None, 'hal_sd': None, 'corrupt_sequence': None, 'corrupt_fraction': None, 'pdb': '/mnt/home/jue/halluc/linear_motifs/input/SH3_2w0z.pdb', 'mask': None, 'contigs': 'B7-14', 'con_set_id': None, 'len': '55-100', 'keep_order': False, 'contig_min_gap': 5, 'spike': None, 'spike_fas': None, 'force_aa': 'B7-14', 'exclude_aa': 'C', 'force_aa_hal': None, 'template_pdbs': None, 'no_bkg_mask': False, 'num_repeats': 0, 'init_seq': None, 'masks_bkg': None, 'masks_pass': None, 'force_logits': None, 'receptor': None, 'rec_placement': 'second', 'gap': 200, 'w_cce': 1, 'w_crmsd': -1, 'w_entropy': 1, 'w_kl': -1, 'n_bkg': 100, 'w_rep': 2.0, 'w_set_rep': -1, 'w_atr': -1, 'w_set_atr': -1, 'w_rog': 1.0, 'w_aspect_ratio': -1, 'w_cyc_sym': -1, 'w_surfnp': -1, 'w_nc': -1, 'w_cce_bg': -1, 'w_sym': -1, 'cce_cutoff': 19.9, 'rep_pdb': 'input/SH3_2w0z_rec.pdb', 'rep_sigma': 3.5, 'atr_pdb': None, 'atr_sigma': 5, 'entropy_beta': 10, 'rog_thresh': 16.0, 'surfnp_nbr_thresh': 2.5, 'nc_target': -7, 'entropy_dist_bins': 16, 'mcmc_halflife': 500.0, 'T_acc_0': 0.002, 'mcmc_batch': 1, 'anneal_t1d': False, 'erode_template': False, 'num_masked_tokens': 1, 'weights_dir': '/projects/ml/trDesign', 'nthreads': 4, 'cce_cutstep': None, 'cce_thresh': 2.2, 'batch': 64, 'lr': 0.2, 'nsteps': 100, 'commit': 'c344913efafbbfe8f452574b0c86c348792a5045'}

Loading structure prediction model onto device cuda:0...
#   trunk_msa_v00     [ens=1]   AF2-inspired 12-block 2-track trunk
#   trunk_tbm_v00     [ens=1]   AF2-inspired 3-track trunk
#   rf_v00            [ens=1]   RoseTTAFold 3-track trunk + refiner (formerly trunk_e2e_v00)
# * rf_Nov05_2021     [ens=1]   RoseTTAFold 3-track, no perceiver, Nov. 5 2021
#   rf_perceiver_v00  [ens=1]   RoseTTAFold w/ Perceiver & FAPE loss (msa_full=zeros)
#   rf_perceiver_v01  [ens=1]   RoseTTAFold w/ Perceiver & FAPE loss (msa_full=msa_latent)
#   af2_v00           [ens=0]   AlphaFold2 (only works with rescue.py)
Loaded sequence-to-structure model rf_Nov05_2021 with 66037142 parameters

Model hyperparameters:
{'SE3_param': {'div': 4, 'l0_in_features': 32, 'l0_out_features': 32, 'l1_in_features': 3, 'l1_out_features': 2, 'n_heads': 4, 'num_channels': 32, 'num_degrees': 2, 'num_edge_features': 32, 'num_layers': 3}, 'd_hidden': 32, 'd_hidden_templ': 64, 'd_msa': 256, 'd_msa_full': 64, 'd_pair': 128, 'd_templ': 64, 'n_head_msa': 8, 'n_head_pair': 4, 'n_head_templ': 4, 'n_module_2track': 24, 'n_module_3track': 8, 'p_drop': 0.0}

Using CUDA device(s):  cuda:0: (GeForce RTX 2080); 

Parsing input pdb...

Generating sh3_r1_192, length 64...
Forcing amino acids:  B7P,B8P,B9P,B10R,B11P,B12P,B13K,B14P
Loss term           | Weight      
cce                   1.00
entropy               1.00
rep                   2.00
rog                   1.00

Stage 0
Starting gradient descent...
        step    avg loss         cce     entropy         rep         rog
           0      0.9443      1.6603      2.9336      0.0000      0.1277
          10      1.2907      1.7463      2.9459      0.5673      0.6267
          20      1.5090      1.5172      2.8495      1.1406      0.8970
          30      1.6405      1.6177      2.7518      1.7219      0.3894
          40      1.1166      1.7409      2.7741      0.5106      0.0468
          50      1.9630      1.8603      2.7522      2.5996      0.0036
          60      0.9274      1.6154      2.7310      0.0000      0.2906
          70      0.9405      1.6274      2.7121      0.0000      0.3632
          80      0.8386      1.5638      2.6184      0.0015      0.0079
          90      0.8707      1.6112      2.7322      0.0000      0.0104
         100      0.8885      1.6829      2.7305      0.0047      0.0196
         110      0.8537      1.6254      2.6304      0.0000      0.0128
         120      0.7163      1.5683      2.0051      0.0000      0.0080
         130      0.8697      1.7262      2.6035      0.0001      0.0185
         140      0.8050      1.5902      2.4245      0.0000      0.0105
         150      0.8392      1.7101      2.4713      0.0000      0.0146
         160      0.7670      1.6316      2.1925      0.0000      0.0108
         170      0.8807      1.7323      2.6679      0.0000      0.0034
         180      0.7948      1.6876      2.2791      0.0000      0.0071
         190      0.8102      1.6066      2.4389      0.0000      0.0056
         200      0.7996      1.6147      2.3754      0.0000      0.0077
         210      0.8045      1.5690      2.4397      0.0000      0.0135
         220      0.7304      1.5310      2.1117      0.0000      0.0093
         230      0.7206      1.5766      2.0209      0.0000      0.0057
         240      0.7357      1.5047      2.1676      0.0000      0.0063
         250      0.7895      1.6322      2.3089      0.0000      0.0062
         260      0.7344      1.5952      2.0698      0.0000      0.0068
         270      0.7562      1.4781      2.2914      0.0000      0.0117
         280      0.7635      1.5847      2.2264      0.0000      0.0065
         290      0.7701      1.6081      2.2371      0.0000      0.0054
         300      0.7693      1.6423      2.1968      0.0000      0.0074
         310      0.7146      1.5372      2.0291      0.0000      0.0070
         320      0.7657      1.6311      2.1908      0.0000      0.0069
         330      0.8319      1.7250      2.4292      0.0000      0.0053
         340      0.8175      1.7235      2.3564      0.0000      0.0075
         350      0.7536      1.5256      2.2256      0.0000      0.0167
         360      0.7898      1.6606      2.2824      0.0000      0.0061
         370      0.7409      1.6721      2.0250      0.0000      0.0075
         380      0.7342      1.5691      2.0938      0.0000      0.0083
         390      0.8372      1.6154      2.5399      0.0000      0.0305
         400      0.7296      1.5015      2.1387      0.0000      0.0077
         410      0.7923      1.7069      2.2488      0.0000      0.0060
         420      0.8498      1.6518      2.5845      0.0000      0.0126
         430      0.7180      1.6328      1.9485      0.0000      0.0085
         440      0.7253      1.5818      2.0340      0.0000      0.0107
         450      1.6264      1.6303      2.6523      0.0063      3.8367
         460      0.7378      1.5969      2.0836      0.0000      0.0084
         470      0.7802      1.6200      2.2678      0.0000      0.0134
         480      0.6933      1.5325      1.9266      0.0000      0.0075
         490      0.8125      1.6197      2.4355      0.0000      0.0072
         500      0.7469      1.6165      2.1084      0.0000      0.0093
         510      0.8107      1.6389      2.4097      0.0000      0.0048
         520      0.8706      1.7709      2.5777      0.0000      0.0045
         530      0.7680      1.6128      2.2198      0.0000      0.0072
         540      0.7982      1.6696      2.3151      0.0000      0.0063
         550      0.7655      1.6708      2.1462      0.0000      0.0107
         560      0.7656      1.5732      2.2432      0.0000      0.0115
         570      0.7685      1.6452      2.1917      0.0000      0.0055
         580      0.7706      1.5670      2.2758      0.0000      0.0104
         590      0.9998      1.6477      2.3461      0.0000      1.0054
         600      1.0570      1.6360      2.7038      0.0000      0.9454
       final      0.6933      1.5325      1.9266      0.0000      0.0075
best loss step: 480
Max CUDA memory: 0.8499G
Saving /mnt/home/jue/halluc/linear_motifs/output/20220103_sh3_r1/sh3_r1_192: npz, fas, trb, trk, trfold pdb
Finished design /mnt/home/jue/halluc/linear_motifs/output/20220103_sh3_r1/sh3_r1_192 in 12.95 minutes.

Generating sh3_r1_193, length 74...
Forcing amino acids:  B7P,B8P,B9P,B10R,B11P,B12P,B13K,B14P
Loss term           | Weight      
cce                   1.00
entropy               1.00
rep                   2.00
rog                   1.00

Stage 0
Starting gradient descent...
        step    avg loss         cce     entropy         rep         rog
           0      1.3965      1.7582      2.9893      1.0724      0.0899
          10      1.1632      1.6341      2.8604      0.0000      1.3218
          20      1.1794      1.6104      2.8711      0.6278      0.1601
          30      0.9161      1.6399      2.8421      0.0011      0.0963
          40      0.8796      1.6328      2.7372      0.0000      0.0282
          50      0.8776      1.6526      2.7231      0.0001      0.0121
          60      0.8482      1.6218      2.5981      0.0000      0.0212
          70      0.8416      1.7431      2.4513      0.0001      0.0136
          80      0.7761      1.4920      2.3680      0.0000      0.0205
          90      0.7743      1.5042      2.3463      0.0000      0.0210
         100      0.8052      1.5106      2.3299      0.0804      0.0246
         110      0.7509      1.4582      2.2738      0.0000      0.0225
         120      0.7748      1.5624      2.2872      0.0000      0.0244
         130      0.7272      1.4900      2.1160      0.0000      0.0300
         140      0.7567      1.4394      2.3095      0.0000      0.0348
         150      0.7506      1.5895      2.1185      0.0142      0.0167
         160      0.7800      1.4833      2.3820      0.0000      0.0349
         170      0.7177      1.5154      2.0451      0.0000      0.0281
         180      0.7721      1.5221      2.3183      0.0000      0.0200
         190      0.7219      1.4350      2.1075      0.0218      0.0232
         200      0.6857      1.4591      1.9429      0.0000      0.0265
         210      0.7157      1.4926      2.0602      0.0000      0.0258
         220      0.7102      1.4850      2.0431      0.0000      0.0231
         230      0.6882      1.4690      1.9438      0.0012      0.0261
         240      0.7002      1.4729      1.9977      0.0030      0.0245
         250      0.6803      1.4121      1.9659      0.0000      0.0236
         260      0.7158      1.4482      2.0822      0.0113      0.0258
         270      0.7615      1.5006      2.2851      0.0000      0.0219
         280      0.7103      1.3925      2.1346      0.0004      0.0235
         290      0.6830      1.3694      2.0151      0.0004      0.0298
         300      0.6759      1.3911      1.9576      0.0000      0.0309
         310      0.7481      1.5415      2.1711      0.0000      0.0280
         320      0.6953      1.3947      2.0639      0.0001      0.0175
         330      0.6813      1.3703      2.0086      0.0000      0.0276
         340      0.7788      1.4569      2.1784      0.1163      0.0259
         350      0.7117      1.4615      2.0732      0.0000      0.0237
         360      0.6863      1.4586      1.9484      0.0000      0.0247
         370      0.7105      1.4832      2.0459      0.0000      0.0232
         380      0.7291      1.5009      2.1173      0.0000      0.0275
         390      0.7225      1.4154      2.0342      0.0687      0.0254
         400      0.7458      1.6169      2.0913      0.0001      0.0208
         410      0.7564      1.5076      2.1331      0.0558      0.0300
         420      2.0662      1.4382      2.2724      0.0000      6.6203
         430      0.7238      1.4807      2.1144      0.0000      0.0240
         440      0.7502      1.5208      2.2067      0.0000      0.0237
         450      0.7289      1.4861      2.1233      0.0007      0.0335
         460      0.7014      1.4716      2.0105      0.0000      0.0247
         470      0.7071      1.5418      1.9653      0.0000      0.0283
         480      0.6836      1.4438      1.9463      0.0000      0.0280
         490      0.6788      1.3899      1.9783      0.0000      0.0257
         500      0.7266      1.4552      2.1534      0.0000      0.0242
         510      0.7214      1.4583      2.1164      0.0000      0.0322
         520      0.7003      1.4308      2.0431      0.0000      0.0278
         530      0.6977      1.4459      2.0190      0.0005      0.0226
         540      0.7718      1.5588      2.2627      0.0000      0.0375
         550      0.6902      1.4543      1.9705      0.0001      0.0261
         560      0.6856      1.5086      1.8931      0.0000      0.0262
         570      0.7776      1.6000      2.2642      0.0002      0.0232
         580      0.6963      1.4703      1.9850      0.0000      0.0262
         590      0.7075      1.4686      2.0396      0.0000      0.0293
         600      0.6928      1.4283      2.0136      0.0001      0.0217
       final      0.6673      1.4679      1.8466      0.0000      0.0222
best loss step: 202
Max CUDA memory: 1.0472G
Saving /mnt/home/jue/halluc/linear_motifs/output/20220103_sh3_r1/sh3_r1_193: npz, fas, trb, trk, trfold pdb
Finished design /mnt/home/jue/halluc/linear_motifs/output/20220103_sh3_r1/sh3_r1_193 in 13.30 minutes.
