/mnt/home/dzorine/software/homog/homog/homog.py:98: SyntaxWarning: "is" with a literal. Did you mean "=="?
  if degrees is 'auto': degrees = guess_is_degrees(angle)
[00:24:32] /opt/dgl/src/runtime/tensordispatch.cc:43: TensorDispatcher: dlopen failed: libtorch_cuda_cpp.so: cannot open shared object file: No such file or directory
Using backend: pytorch
--steps was given. Ignoring --grad_steps, --mcmc_steps.

Run settings:
{'network_name': 'rf_Nov05_2021', 'use_template': None, 'num': 2, 'start_num': 190, 'msa_num': 1, 'out': '/mnt/home/jue/halluc/linear_motifs/output/20220103_sh3_r1/sh3_r1', 'cautious': 1, 'save_pdb': 1, 'save_batch_fas': False, 'track_step': 10, 'track_logits': False, 'out_step': None, 'seed_rng': False, 'steps': 'g600', 'grad_steps': 400, 'mcmc_steps': 0, 'optimizer': 'nsgd', 'drop': 0.2, 'init_sd': 1e-06, 'learning_rate': 0.05, 'grad_check': True, 'logit_scale': 1, 'seq_prob_type': 'hard', 'seq_sample': False, 'calc_bkg': True, 'cce_sd': None, 'hal_sd': None, 'corrupt_sequence': None, 'corrupt_fraction': None, 'pdb': '/mnt/home/jue/halluc/linear_motifs/input/SH3_2w0z.pdb', 'mask': None, 'contigs': 'B7-14', 'con_set_id': None, 'len': '55-100', 'keep_order': False, 'contig_min_gap': 5, 'spike': None, 'spike_fas': None, 'force_aa': 'B7-14', 'exclude_aa': 'C', 'force_aa_hal': None, 'template_pdbs': None, 'no_bkg_mask': False, 'num_repeats': 0, 'init_seq': None, 'masks_bkg': None, 'masks_pass': None, 'force_logits': None, 'receptor': None, 'rec_placement': 'second', 'gap': 200, 'w_cce': 1, 'w_crmsd': -1, 'w_entropy': 1, 'w_kl': -1, 'n_bkg': 100, 'w_rep': 2.0, 'w_set_rep': -1, 'w_atr': -1, 'w_set_atr': -1, 'w_rog': 1.0, 'w_aspect_ratio': -1, 'w_cyc_sym': -1, 'w_surfnp': -1, 'w_nc': -1, 'w_cce_bg': -1, 'w_sym': -1, 'cce_cutoff': 19.9, 'rep_pdb': 'input/SH3_2w0z_rec.pdb', 'rep_sigma': 3.5, 'atr_pdb': None, 'atr_sigma': 5, 'entropy_beta': 10, 'rog_thresh': 16.0, 'surfnp_nbr_thresh': 2.5, 'nc_target': -7, 'entropy_dist_bins': 16, 'mcmc_halflife': 500.0, 'T_acc_0': 0.002, 'mcmc_batch': 1, 'anneal_t1d': False, 'erode_template': False, 'num_masked_tokens': 1, 'weights_dir': '/projects/ml/trDesign', 'nthreads': 4, 'cce_cutstep': None, 'cce_thresh': 2.2, 'batch': 64, 'lr': 0.2, 'nsteps': 100, 'commit': 'c344913efafbbfe8f452574b0c86c348792a5045'}

Loading structure prediction model onto device cuda:0...
#   trunk_msa_v00     [ens=1]   AF2-inspired 12-block 2-track trunk
#   trunk_tbm_v00     [ens=1]   AF2-inspired 3-track trunk
#   rf_v00            [ens=1]   RoseTTAFold 3-track trunk + refiner (formerly trunk_e2e_v00)
# * rf_Nov05_2021     [ens=1]   RoseTTAFold 3-track, no perceiver, Nov. 5 2021
#   rf_perceiver_v00  [ens=1]   RoseTTAFold w/ Perceiver & FAPE loss (msa_full=zeros)
#   rf_perceiver_v01  [ens=1]   RoseTTAFold w/ Perceiver & FAPE loss (msa_full=msa_latent)
#   af2_v00           [ens=0]   AlphaFold2 (only works with rescue.py)
Loaded sequence-to-structure model rf_Nov05_2021 with 66037142 parameters

Model hyperparameters:
{'SE3_param': {'div': 4, 'l0_in_features': 32, 'l0_out_features': 32, 'l1_in_features': 3, 'l1_out_features': 2, 'n_heads': 4, 'num_channels': 32, 'num_degrees': 2, 'num_edge_features': 32, 'num_layers': 3}, 'd_hidden': 32, 'd_hidden_templ': 64, 'd_msa': 256, 'd_msa_full': 64, 'd_pair': 128, 'd_templ': 64, 'n_head_msa': 8, 'n_head_pair': 4, 'n_head_templ': 4, 'n_module_2track': 24, 'n_module_3track': 8, 'p_drop': 0.0}

Using CUDA device(s):  cuda:0: (GeForce RTX 2080); 

Parsing input pdb...

Generating sh3_r1_190, length 81...
Forcing amino acids:  B7P,B8P,B9P,B10R,B11P,B12P,B13K,B14P
Loss term           | Weight      
cce                   1.00
entropy               1.00
rep                   2.00
rog                   1.00

Stage 0
Starting gradient descent...
        step    avg loss         cce     entropy         rep         rog
           0      3.3745      1.8053      2.9506      6.0553      0.0062
          10      1.0019      1.6186      2.9277      0.0000      0.4634
          20      1.5441      1.5685      2.8800      1.6067      0.0588
          30      0.9624      1.5751      2.7988      0.2078      0.0225
          40      0.8369      1.5606      2.5958      0.0000      0.0281
          50      0.8581      1.5773      2.7039      0.0009      0.0074
          60      1.0224      1.5906      2.8027      0.0001      0.7183
          70      0.8503      1.5863      2.6524      0.0000      0.0127
          80      0.8144      1.5640      2.4891      0.0000      0.0188
          90      0.8077      1.5952      2.4313      0.0000      0.0123
         100      0.9091      1.5134      2.4068      0.0000      0.6255
         110      0.8003      1.5693      2.3782      0.0000      0.0541
         120      0.7597      1.4749      2.2644      0.0000      0.0594
         130      0.7629      1.5571      2.1836      0.0000      0.0738
         140      0.7301      1.4570      2.1241      0.0000      0.0695
         150      0.7361      1.4799      2.1234      0.0000      0.0770
         160      0.7955      1.5438      2.3437      0.0000      0.0899
         170      0.7781      1.5259      2.2830      0.0000      0.0818
         180      0.7862      1.5406      2.3146      0.0000      0.0759
         190      0.7574      1.5053      2.2367      0.0000      0.0449
         200      0.7814      1.5628      2.2841      0.0000      0.0602
         210      0.7718      1.4756      2.3149      0.0000      0.0685
         220      0.7505      1.4878      2.1964      0.0000      0.0682
         230      0.8277      1.5434      2.5280      0.0000      0.0672
         240      0.7731      1.5610      2.2600      0.0000      0.0443
         250      0.6988      1.3974      2.0415      0.0000      0.0552
         260      0.7723      1.5558      2.2442      0.0000      0.0612
         270      0.7540      1.5660      2.1612      0.0000      0.0430
         280      0.7853      1.5640      2.3007      0.0000      0.0618
         290      0.7604      1.4827      2.2619      0.0000      0.0575
         300      0.7367      1.4617      2.1743      0.0000      0.0476
         310      0.7365      1.4385      2.1805      0.0000      0.0634
         320      0.7335      1.4494      2.1725      0.0000      0.0453
         330      0.7506      1.4356      2.2677      0.0000      0.0497
         340      0.7353      1.4020      2.2170      0.0000      0.0572
         350      0.7647      1.4978      2.2730      0.0000      0.0525
         360      0.7225      1.4373      2.1064      0.0000      0.0686
         370      0.7651      1.5346      2.2239      0.0000      0.0670
         380      0.7340      1.4802      2.1370      0.0000      0.0526
         390      0.7727      1.5268      2.2662      0.0000      0.0707
         400      0.7987      1.5398      2.3917      0.0000      0.0619
         410      0.7118      1.3956      2.1289      0.0000      0.0344
         420      0.7671      1.4870      2.3029      0.0000      0.0455
         430      0.7561      1.5192      2.2205      0.0000      0.0410
         440      0.7523      1.4819      2.2347      0.0000      0.0447
         450      0.7188      1.4120      2.1472      0.0000      0.0350
         460      0.7476      1.4872      2.2200      0.0000      0.0310
         470      0.7622      1.4766      2.3083      0.0000      0.0261
         480      1.3605      1.4595      2.3644      0.0000      2.9784
         490      0.7346      1.5017      2.1358      0.0000      0.0357
         500      0.7455      1.4804      2.2157      0.0000      0.0315
         510      0.7870      1.5807      2.3260      0.0000      0.0281
         520      0.7928      1.5659      2.3705      0.0000      0.0277
         530      0.7177      1.4311      2.1360      0.0000      0.0215
         540      0.7754      1.5198      2.3297      0.0000      0.0275
         550      0.7177      1.4691      2.0902      0.0000      0.0292
         560      0.7420      1.5177      2.1700      0.0001      0.0221
         570      0.7095      1.4397      2.0799      0.0000      0.0279
         580      0.7458      1.4445      2.2381      0.0000      0.0465
         590      1.2402      1.6010      2.4416      1.0468      0.0650
         600      1.7481      1.5707      2.5629      0.6815      3.2440
       final      0.6904      1.3857      2.0404      0.0000      0.0261
best loss step: 589
Max CUDA memory: 1.2105G
Saving /mnt/home/jue/halluc/linear_motifs/output/20220103_sh3_r1/sh3_r1_190: npz, fas, trb, trk, trfold pdb
Finished design /mnt/home/jue/halluc/linear_motifs/output/20220103_sh3_r1/sh3_r1_190 in 14.70 minutes.

Generating sh3_r1_191, length 69...
Forcing amino acids:  B7P,B8P,B9P,B10R,B11P,B12P,B13K,B14P
Loss term           | Weight      
cce                   1.00
entropy               1.00
rep                   2.00
rog                   1.00

Stage 0
Starting gradient descent...
        step    avg loss         cce     entropy         rep         rog
           0      1.7585      1.6157      2.7283      2.1940      0.0607
          10      0.9466      1.5857      2.8677      0.0000      0.2794
          20      0.9063      1.6760      2.8475      0.0000      0.0080
          30      0.8825      1.6211      2.7298      0.0017      0.0580
          40      1.1064      1.7391      2.7130      0.5336      0.0126
          50      0.8489      1.6325      2.6003      0.0000      0.0114
          60      0.8825      1.6244      2.6380      0.0000      0.1499
          70      0.8512      1.5862      2.5173      0.0000      0.1526
          80      0.8310      1.5056      2.5821      0.0000      0.0671
          90      0.8205      1.4660      2.5371      0.0000      0.0994
         100      0.8739      1.5287      2.3669      0.2052      0.0634
         110      0.7670      1.4902      2.2860      0.0000      0.0586
         120      0.9774      1.4707      2.5302      0.0599      0.7661
         130      0.8176      1.5267      2.3362      0.0804      0.0642
         140      0.7564      1.4701      2.2446      0.0000      0.0674
         150      0.7686      1.5658      2.1646      0.0000      0.1124
         160      0.7547      1.4665      2.2498      0.0000      0.0572
         170      0.7916      1.4363      2.3316      0.0000      0.1902
         180      0.7267      1.4374      2.1129      0.0000      0.0834
         190      0.7414      1.3684      2.2236      0.0142      0.0867
         200      0.7522      1.5031      2.1721      0.0000      0.0856
         210      0.7631      1.4629      2.2890      0.0000      0.0635
         220      0.7212      1.4686      2.0714      0.0000      0.0659
         230      0.7196      1.4180      2.1070      0.0002      0.0729
         240      0.7195      1.4460      2.0800      0.0000      0.0718
         250      1.1571      1.4678      2.2704      0.9911      0.0653
         260      0.8759      1.4495      2.0853      0.3875      0.0695
         270      0.7115      1.3894      2.1095      0.0000      0.0585
         280      0.7504      1.4655      2.2157      0.0000      0.0707
         290      0.7526      1.5056      2.1854      0.0000      0.0720
         300      0.7283      1.3588      2.2154      0.0008      0.0659
         310      0.7329      1.3889      2.2041      0.0000      0.0716
         320      0.8002      1.4310      2.3128      0.1019      0.0531
         330      0.7613      1.3901      2.2486      0.0481      0.0717
         340      0.9535      1.5036      2.0818      0.5602      0.0616
         350      0.7460      1.4574      2.1838      0.0000      0.0887
         360      0.7301      1.4364      2.1473      0.0000      0.0666
         370      0.7642      1.5047      2.2518      0.0000      0.0644
         380      0.7194      1.3517      2.1744      0.0000      0.0710
         390      0.6855      1.3894      1.9751      0.0000      0.0629
         400      0.7284      1.5018      2.0747      0.0000      0.0655
         410      0.7280      1.4377      2.1407      0.0000      0.0615
         420      0.6894      1.3837      2.0019      0.0000      0.0612
         430      0.7086      1.3892      2.0804      0.0000      0.0736
         440      0.6871      1.3724      1.9929      0.0001      0.0703
         450      0.7949      1.5082      2.3695      0.0000      0.0970
         460      0.7242      1.4364      2.1114      0.0032      0.0667
         470      0.6891      1.3502      2.0218      0.0001      0.0733
         480      0.7256      1.5085      2.0529      0.0000      0.0666
         490      0.7759      1.4577      2.3382      0.0000      0.0835
         500      0.7918      1.4816      2.0349      0.1907      0.0610
         510      0.7498      1.4566      2.2247      0.0000      0.0677
         520      0.8560      1.4211      2.2476      0.2725      0.0665
         530      0.7645      1.5353      2.2132      0.0000      0.0740
         540      0.7149      1.4313      2.0799      0.0000      0.0633
         550      0.7014      1.4213      2.0199      0.0000      0.0657
         560      0.7584      1.4317      2.2799      0.0000      0.0802
         570      0.7503      1.4020      2.2844      0.0000      0.0650
         580      0.7509      1.4791      2.2033      0.0000      0.0719
         590      0.7058      1.4100      2.0492      0.0000      0.0698
         600      0.7363      1.4449      2.1779      0.0000      0.0589
       final      0.6692      1.3328      1.9473      0.0000      0.0659
best loss step: 554
Max CUDA memory: 0.9507G
Saving /mnt/home/jue/halluc/linear_motifs/output/20220103_sh3_r1/sh3_r1_191: npz, fas, trb, trk, trfold pdb
Finished design /mnt/home/jue/halluc/linear_motifs/output/20220103_sh3_r1/sh3_r1_191 in 14.06 minutes.
