/mnt/home/dzorine/software/homog/homog/homog.py:98: SyntaxWarning: "is" with a literal. Did you mean "=="?
  if degrees is 'auto': degrees = guess_is_degrees(angle)
[20:59:08] /opt/dgl/src/runtime/tensordispatch.cc:43: TensorDispatcher: dlopen failed: libtorch_cuda_cpp.so: cannot open shared object file: No such file or directory
Using backend: pytorch
--steps was given. Ignoring --grad_steps, --mcmc_steps.

Run settings:
{'network_name': 'rf_Nov05_2021', 'use_template': None, 'num': 2, 'start_num': 52, 'msa_num': 1, 'out': '/mnt/home/jue/halluc/linear_motifs/output/20220103_sh3_r1/sh3_r1', 'cautious': 1, 'save_pdb': 1, 'save_batch_fas': False, 'track_step': 10, 'track_logits': False, 'out_step': None, 'seed_rng': False, 'steps': 'g600', 'grad_steps': 400, 'mcmc_steps': 0, 'optimizer': 'nsgd', 'drop': 0.2, 'init_sd': 1e-06, 'learning_rate': 0.05, 'grad_check': True, 'logit_scale': 1, 'seq_prob_type': 'hard', 'seq_sample': False, 'calc_bkg': True, 'cce_sd': None, 'hal_sd': None, 'corrupt_sequence': None, 'corrupt_fraction': None, 'pdb': '/mnt/home/jue/halluc/linear_motifs/input/SH3_2w0z.pdb', 'mask': None, 'contigs': 'B7-14', 'con_set_id': None, 'len': '55-100', 'keep_order': False, 'contig_min_gap': 5, 'spike': None, 'spike_fas': None, 'force_aa': 'B7-14', 'exclude_aa': 'C', 'force_aa_hal': None, 'template_pdbs': None, 'no_bkg_mask': False, 'num_repeats': 0, 'init_seq': None, 'masks_bkg': None, 'masks_pass': None, 'force_logits': None, 'receptor': None, 'rec_placement': 'second', 'gap': 200, 'w_cce': 1, 'w_crmsd': -1, 'w_entropy': 1, 'w_kl': -1, 'n_bkg': 100, 'w_rep': 2.0, 'w_set_rep': -1, 'w_atr': -1, 'w_set_atr': -1, 'w_rog': 1.0, 'w_aspect_ratio': -1, 'w_cyc_sym': -1, 'w_surfnp': -1, 'w_nc': -1, 'w_cce_bg': -1, 'w_sym': -1, 'cce_cutoff': 19.9, 'rep_pdb': 'input/SH3_2w0z_rec.pdb', 'rep_sigma': 3.5, 'atr_pdb': None, 'atr_sigma': 5, 'entropy_beta': 10, 'rog_thresh': 16.0, 'surfnp_nbr_thresh': 2.5, 'nc_target': -7, 'entropy_dist_bins': 16, 'mcmc_halflife': 500.0, 'T_acc_0': 0.002, 'mcmc_batch': 1, 'anneal_t1d': False, 'erode_template': False, 'num_masked_tokens': 1, 'weights_dir': '/projects/ml/trDesign', 'nthreads': 4, 'cce_cutstep': None, 'cce_thresh': 2.2, 'batch': 64, 'lr': 0.2, 'nsteps': 100, 'commit': 'c344913efafbbfe8f452574b0c86c348792a5045'}

Loading structure prediction model onto device cuda:0...
#   trunk_msa_v00     [ens=1]   AF2-inspired 12-block 2-track trunk
#   trunk_tbm_v00     [ens=1]   AF2-inspired 3-track trunk
#   rf_v00            [ens=1]   RoseTTAFold 3-track trunk + refiner (formerly trunk_e2e_v00)
# * rf_Nov05_2021     [ens=1]   RoseTTAFold 3-track, no perceiver, Nov. 5 2021
#   rf_perceiver_v00  [ens=1]   RoseTTAFold w/ Perceiver & FAPE loss (msa_full=zeros)
#   rf_perceiver_v01  [ens=1]   RoseTTAFold w/ Perceiver & FAPE loss (msa_full=msa_latent)
#   af2_v00           [ens=0]   AlphaFold2 (only works with rescue.py)
Loaded sequence-to-structure model rf_Nov05_2021 with 66037142 parameters

Model hyperparameters:
{'SE3_param': {'div': 4, 'l0_in_features': 32, 'l0_out_features': 32, 'l1_in_features': 3, 'l1_out_features': 2, 'n_heads': 4, 'num_channels': 32, 'num_degrees': 2, 'num_edge_features': 32, 'num_layers': 3}, 'd_hidden': 32, 'd_hidden_templ': 64, 'd_msa': 256, 'd_msa_full': 64, 'd_pair': 128, 'd_templ': 64, 'n_head_msa': 8, 'n_head_pair': 4, 'n_head_templ': 4, 'n_module_2track': 24, 'n_module_3track': 8, 'p_drop': 0.0}

Using CUDA device(s):  cuda:0: (GeForce RTX 2080); 

Parsing input pdb...

Generating sh3_r1_52, length 63...
Forcing amino acids:  B7P,B8P,B9P,B10R,B11P,B12P,B13K,B14P
Loss term           | Weight      
cce                   1.00
entropy               1.00
rep                   2.00
rog                   1.00

Stage 0
Starting gradient descent...
        step    avg loss         cce     entropy         rep         rog
           0      0.9172      1.6615      2.9189      0.0005      0.0048
          10      1.3125      1.7111      2.6258      1.1007      0.0241
          20      1.1010      1.6200      2.4139      0.0000      1.4712
          30      0.8865      1.6071      2.5478      0.0000      0.2773
          40      0.8173      1.6050      2.4702      0.0000      0.0115
          50      1.1451      1.5139      2.5735      0.0000      1.6381
          60      0.8751      1.6116      2.7514      0.0001      0.0123
          70      0.9261      1.6400      2.6633      0.0056      0.3162
          80      0.8503      1.5414      2.6135      0.0000      0.0968
          90      0.7846      1.5979      2.2640      0.0000      0.0612
         100      0.7771      1.5705      2.2590      0.0010      0.0541
         110      0.7678      1.6022      2.2138      0.0003      0.0227
         120      0.8517      1.6414      2.3543      0.0000      0.2630
         130      0.7663      1.6194      2.1845      0.0000      0.0277
         140      0.7393      1.5937      2.0746      0.0000      0.0281
         150      3.4312      1.6041      2.5224      0.0000     13.0294
         160      0.7171      1.5911      1.9631      0.0000      0.0313
         170      1.1868      1.6056      2.2801      0.0000      2.0482
         180      0.7381      1.5523      2.1034      0.0000      0.0350
         190      0.7281      1.5837      2.0213      0.0001      0.0355
         200      1.3248      1.4944      2.4557      0.0000      2.6737
         210      0.7615      1.5498      2.2377      0.0000      0.0202
         220      0.7227      1.5504      2.0418      0.0000      0.0212
         230      1.4432      1.5056      2.5031      1.0800      1.0474
         240      0.7441      1.5125      2.1897      0.0000      0.0180
         250      0.7267      1.5524      2.0474      0.0000      0.0337
         260      0.7200      1.5804      1.9957      0.0000      0.0237
         270      0.7449      1.6568      2.0414      0.0001      0.0263
         280      0.7690      1.5558      2.2691      0.0000      0.0203
         290      0.7478      1.4842      2.2085      0.0000      0.0465
         300      0.7328      1.5739      2.0733      0.0000      0.0169
         310      1.4388      1.5314      2.2488      0.0000      3.4138
         320      0.7227      1.5413      2.0389      0.0000      0.0334
         330      0.7035      1.5179      1.9658      0.0000      0.0336
         340      0.7567      1.5534      2.2040      0.0000      0.0260
         350      1.2439      1.5672      2.0313      0.0002      2.6208
         360      1.2764      1.4802      2.0896      0.0000      2.8123
         370      0.7225      1.5403      1.9963      0.0000      0.0759
         380      0.7369      1.5671      2.1101      0.0000      0.0073
         390      0.6982      1.5473      1.9356      0.0000      0.0082
         400      0.6926      1.5413      1.9139      0.0000      0.0078
         410      0.6773      1.5419      1.8382      0.0000      0.0061
         420      0.7709      1.5668      2.2669      0.0000      0.0207
         430      0.7060      1.5712      1.9512      0.0000      0.0075
         440      0.7287      1.5518      2.0827      0.0000      0.0091
         450      0.6977      1.5129      1.9699      0.0000      0.0059
         460      1.3006      1.6213      2.2813      0.0788      2.4430
         470      0.7224      1.5897      2.0155      0.0000      0.0067
         480      0.7020      1.5816      1.9218      0.0000      0.0068
         490      0.6990      1.6062      1.8826      0.0000      0.0062
         500      0.7494      1.5752      2.1473      0.0000      0.0243
         510      0.7129      1.5347      2.0253      0.0000      0.0046
         520      0.6644      1.4969      1.8190      0.0000      0.0060
         530      0.6867      1.5415      1.8863      0.0000      0.0055
         540      0.6957      1.5442      1.9294      0.0000      0.0049
         550      0.6967      1.4918      1.9870      0.0000      0.0048
         560      0.6589      1.5224      1.7673      0.0000      0.0049
         570      1.3396      1.5544      2.2731      0.0000      2.8703
         580      0.6738      1.4818      1.8810      0.0000      0.0061
         590      0.7131      1.5588      2.0008      0.0000      0.0061
         600      0.6659      1.4975      1.8256      0.0000      0.0063
       final      0.6435      1.4457      1.7664      0.0000      0.0051
best loss step: 545
Max CUDA memory: 0.8328G
Saving /mnt/home/jue/halluc/linear_motifs/output/20220103_sh3_r1/sh3_r1_52: npz, fas, trb, trk, trfold pdb
Finished design /mnt/home/jue/halluc/linear_motifs/output/20220103_sh3_r1/sh3_r1_52 in 14.15 minutes.

Generating sh3_r1_53, length 98...
Forcing amino acids:  B7P,B8P,B9P,B10R,B11P,B12P,B13K,B14P
Loss term           | Weight      
cce                   1.00
entropy               1.00
rep                   2.00
rog                   1.00

Stage 0
Starting gradient descent...
        step    avg loss         cce     entropy         rep         rog
           0      0.9785      1.8785      2.9881      0.0015      0.0231
          10      0.9587      1.8061      2.9392      0.0002      0.0478
          20      1.0645      1.7291      2.9155      0.3300      0.0181
          30      0.9109      1.6339      2.8876      0.0002      0.0328
          40      0.9084      1.6198      2.8970      0.0000      0.0252
          50      0.8935      1.5893      2.8396      0.0000      0.0387
          60      0.9116      1.6407      2.8716      0.0000      0.0458
          70      0.8750      1.5593      2.7817      0.0000      0.0341
          80      0.8742      1.5471      2.7867      0.0033      0.0305
          90      0.8970      1.5831      2.8655      0.0000      0.0366
         100      0.8990      1.6314      2.7281      0.0448      0.0461
         110      1.0513      1.6486      2.8664      0.3630      0.0155
         120      1.1219      1.6251      2.7859      0.5903      0.0180
         130      0.8922      1.5748      2.8706      0.0000      0.0155
         140      0.8313      1.5115      2.5569      0.0175      0.0530
         150      0.8608      1.5054      2.6206      0.0590      0.0602
         160      0.8905      1.5318      2.5822      0.1401      0.0584
         170      0.9896      1.5971      2.5611      0.3660      0.0577
         180      0.8289      1.5324      2.5264      0.0000      0.0856
         190      0.8491      1.5525      2.6359      0.0000      0.0569
         200      0.8197      1.5627      2.3802      0.0437      0.0679
         210      0.8109      1.5229      2.4204      0.0125      0.0864
         220      0.7904      1.4972      2.3850      0.0007      0.0683
         230      0.8026      1.4958      2.3975      0.0266      0.0664
         240      0.8061      1.4799      2.4878      0.0001      0.0626
         250      0.7865      1.4488      2.3529      0.0347      0.0614
         260      0.7858      1.4831      2.3759      0.0007      0.0688
         270      0.8284      1.6264      2.4654      0.0013      0.0475
         280      0.8635      1.4955      2.3227      0.2136      0.0722
         290      0.7668      1.4597      2.2908      0.0000      0.0833
         300      0.7865      1.5498      2.3115      0.0000      0.0713
         310      0.7784      1.4892      2.3068      0.0091      0.0775
         320      0.7623      1.4722      2.2441      0.0000      0.0949
         330      0.7922      1.4192      2.2683      0.0740      0.1257
         340      0.7627      1.4615      2.2526      0.0105      0.0786
         350      0.7776      1.5071      2.3175      0.0000      0.0632
         360      0.8829      1.6638      2.6658      0.0243      0.0363
         370      0.7611      1.4837      2.2564      0.0011      0.0633
         380      0.7815      1.5252      2.3046      0.0000      0.0777
         390      0.7601      1.4622      2.2669      0.0001      0.0712
         400      0.8005      1.5824      2.3564      0.0000      0.0637
         410      1.9043      1.6121      2.6571      2.5943      0.0638
         420      0.7689      1.4692      2.2920      0.0039      0.0755
         430      0.7581      1.4905      2.2079      0.0089      0.0741
         440      0.7801      1.5326      2.3075      0.0002      0.0601
         450      0.7819      1.4659      2.3760      0.0000      0.0678
         460      0.7833      1.5390      2.2953      0.0112      0.0598
         470      0.7674      1.5274      2.2426      0.0000      0.0672
         480      0.7835      1.5412      2.3246      0.0002      0.0512
         490      0.7820      1.4663      2.3837      0.0008      0.0585
         500      0.7767      1.4989      2.2822      0.0155      0.0716
         510      0.7774      1.4793      2.3298      0.0000      0.0780
         520      0.7581      1.4178      2.3137      0.0001      0.0591
         530      0.7991      1.5625      2.3732      0.0001      0.0595
         540      0.9330      1.4375      2.5621      0.3073      0.0506
         550      0.7494      1.4076      2.2694      0.0001      0.0697
         560      0.7565      1.4212      2.2856      0.0036      0.0682
         570      0.7594      1.4497      2.2915      0.0001      0.0558
         580      0.7766      1.4797      2.3322      0.0000      0.0711
         590      0.7554      1.4620      2.2552      0.0000      0.0596
         600      0.7538      1.4512      2.2521      0.0013      0.0629
       final      0.7305      1.4307      2.1480      0.0000      0.0738
best loss step: 545
Max CUDA memory: 1.6510G
Saving /mnt/home/jue/halluc/linear_motifs/output/20220103_sh3_r1/sh3_r1_53: npz, fas, trb, trk, trfold pdb
Finished design /mnt/home/jue/halluc/linear_motifs/output/20220103_sh3_r1/sh3_r1_53 in 16.96 minutes.
