/mnt/home/dzorine/software/homog/homog/homog.py:98: SyntaxWarning: "is" with a literal. Did you mean "=="?
  if degrees is 'auto': degrees = guess_is_degrees(angle)
[23:06:41] /opt/dgl/src/runtime/tensordispatch.cc:43: TensorDispatcher: dlopen failed: libtorch_cuda_cpp.so: cannot open shared object file: No such file or directory
Using backend: pytorch
--steps was given. Ignoring --grad_steps, --mcmc_steps.

Run settings:
{'network_name': 'rf_Nov05_2021', 'use_template': None, 'num': 2, 'start_num': 138, 'msa_num': 1, 'out': '/mnt/home/jue/halluc/linear_motifs/output/20220103_sh3_r1/sh3_r1', 'cautious': 1, 'save_pdb': 1, 'save_batch_fas': False, 'track_step': 10, 'track_logits': False, 'out_step': None, 'seed_rng': False, 'steps': 'g600', 'grad_steps': 400, 'mcmc_steps': 0, 'optimizer': 'nsgd', 'drop': 0.2, 'init_sd': 1e-06, 'learning_rate': 0.05, 'grad_check': True, 'logit_scale': 1, 'seq_prob_type': 'hard', 'seq_sample': False, 'calc_bkg': True, 'cce_sd': None, 'hal_sd': None, 'corrupt_sequence': None, 'corrupt_fraction': None, 'pdb': '/mnt/home/jue/halluc/linear_motifs/input/SH3_2w0z.pdb', 'mask': None, 'contigs': 'B7-14', 'con_set_id': None, 'len': '55-100', 'keep_order': False, 'contig_min_gap': 5, 'spike': None, 'spike_fas': None, 'force_aa': 'B7-14', 'exclude_aa': 'C', 'force_aa_hal': None, 'template_pdbs': None, 'no_bkg_mask': False, 'num_repeats': 0, 'init_seq': None, 'masks_bkg': None, 'masks_pass': None, 'force_logits': None, 'receptor': None, 'rec_placement': 'second', 'gap': 200, 'w_cce': 1, 'w_crmsd': -1, 'w_entropy': 1, 'w_kl': -1, 'n_bkg': 100, 'w_rep': 2.0, 'w_set_rep': -1, 'w_atr': -1, 'w_set_atr': -1, 'w_rog': 1.0, 'w_aspect_ratio': -1, 'w_cyc_sym': -1, 'w_surfnp': -1, 'w_nc': -1, 'w_cce_bg': -1, 'w_sym': -1, 'cce_cutoff': 19.9, 'rep_pdb': 'input/SH3_2w0z_rec.pdb', 'rep_sigma': 3.5, 'atr_pdb': None, 'atr_sigma': 5, 'entropy_beta': 10, 'rog_thresh': 16.0, 'surfnp_nbr_thresh': 2.5, 'nc_target': -7, 'entropy_dist_bins': 16, 'mcmc_halflife': 500.0, 'T_acc_0': 0.002, 'mcmc_batch': 1, 'anneal_t1d': False, 'erode_template': False, 'num_masked_tokens': 1, 'weights_dir': '/projects/ml/trDesign', 'nthreads': 4, 'cce_cutstep': None, 'cce_thresh': 2.2, 'batch': 64, 'lr': 0.2, 'nsteps': 100, 'commit': 'c344913efafbbfe8f452574b0c86c348792a5045'}

Loading structure prediction model onto device cuda:0...
#   trunk_msa_v00     [ens=1]   AF2-inspired 12-block 2-track trunk
#   trunk_tbm_v00     [ens=1]   AF2-inspired 3-track trunk
#   rf_v00            [ens=1]   RoseTTAFold 3-track trunk + refiner (formerly trunk_e2e_v00)
# * rf_Nov05_2021     [ens=1]   RoseTTAFold 3-track, no perceiver, Nov. 5 2021
#   rf_perceiver_v00  [ens=1]   RoseTTAFold w/ Perceiver & FAPE loss (msa_full=zeros)
#   rf_perceiver_v01  [ens=1]   RoseTTAFold w/ Perceiver & FAPE loss (msa_full=msa_latent)
#   af2_v00           [ens=0]   AlphaFold2 (only works with rescue.py)
Loaded sequence-to-structure model rf_Nov05_2021 with 66037142 parameters

Model hyperparameters:
{'SE3_param': {'div': 4, 'l0_in_features': 32, 'l0_out_features': 32, 'l1_in_features': 3, 'l1_out_features': 2, 'n_heads': 4, 'num_channels': 32, 'num_degrees': 2, 'num_edge_features': 32, 'num_layers': 3}, 'd_hidden': 32, 'd_hidden_templ': 64, 'd_msa': 256, 'd_msa_full': 64, 'd_pair': 128, 'd_templ': 64, 'n_head_msa': 8, 'n_head_pair': 4, 'n_head_templ': 4, 'n_module_2track': 24, 'n_module_3track': 8, 'p_drop': 0.0}

Using CUDA device(s):  cuda:0: (GeForce RTX 2080); 

Parsing input pdb...

Generating sh3_r1_138, length 91...
Forcing amino acids:  B7P,B8P,B9P,B10R,B11P,B12P,B13K,B14P
Loss term           | Weight      
cce                   1.00
entropy               1.00
rep                   2.00
rog                   1.00

Stage 0
Starting gradient descent...
        step    avg loss         cce     entropy         rep         rog
           0      2.1284      1.7755      2.9852      2.8999      0.0818
          10      0.8493      1.6333      2.5516      0.0001      0.0615
          20      0.8061      1.5267      2.4358      0.0018      0.0645
          30      0.7874      1.5871      2.3024      0.0000      0.0473
          40      0.8129      1.8132      2.1783      0.0000      0.0732
          50      0.7390      1.5138      2.1230      0.0000      0.0581
          60      0.6872      1.4678      1.9220      0.0000      0.0463
          70      0.7016      1.4403      2.0236      0.0000      0.0439
          80      0.7208      1.4252      2.1333      0.0000      0.0456
          90      0.6657      1.3447      1.9316      0.0000      0.0522
         100      1.2634      1.4691      2.2854      0.0000      2.5624
         110      0.6910      1.3807      2.0176      0.0000      0.0569
         120      0.6903      1.3757      2.0290      0.0000      0.0468
         130      0.6786      1.3670      1.9795      0.0000      0.0464
         140      0.6880      1.4223      1.9725      0.0000      0.0454
         150      0.7025      1.4251      2.0335      0.0000      0.0537
         160      0.6910      1.4360      1.9729      0.0000      0.0459
         170      0.7006      1.4324      2.0294      0.0000      0.0412
         180      0.6859      1.4323      1.9565      0.0000      0.0407
         190      0.6954      1.3772      2.0440      0.0000      0.0558
         200      0.7507      1.3872      2.3347      0.0000      0.0317
         210      0.6979      1.4175      2.0339      0.0000      0.0384
         220      0.6748      1.3853      1.9235      0.0000      0.0653
         230      0.6607      1.3282      1.9303      0.0000      0.0452
         240      0.7077      1.4697      2.0212      0.0000      0.0474
         250      0.6675      1.3693      1.9213      0.0000      0.0466
         260      0.7527      1.5728      2.1164      0.0000      0.0742
         270      0.6614      1.3379      1.9213      0.0000      0.0479
         280      0.6515      1.2931      1.9164      0.0000      0.0482
         290      0.6675      1.3665      1.9257      0.0000      0.0454
         300      0.7036      1.3840      2.0852      0.0000      0.0488
         310      0.6972      1.4257      2.0132      0.0000      0.0468
         320      0.7059      1.4560      2.0345      0.0000      0.0387
         330      1.4425      1.4744      2.3471      0.0000      3.3907
         340      0.6854      1.3429      2.0410      0.0000      0.0430
         350      0.6596      1.3178      1.9314      0.0000      0.0486
         360      0.7020      1.3953      2.0685      0.0000      0.0460
         370      0.6998      1.4766      1.9755      0.0000      0.0467
         380      0.6597      1.3716      1.8788      0.0000      0.0481
         390      0.6847      1.3929      1.9856      0.0000      0.0449
         400      0.7316      1.4544      2.1669      0.0000      0.0368
         410      0.6615      1.3358      1.9234      0.0000      0.0485
         420      0.6763      1.3834      1.9524      0.0000      0.0458
         430      0.6609      1.3811      1.8781      0.0000      0.0455
         440      0.7101      1.4425      2.0605      0.0000      0.0473
         450      0.6659      1.3845      1.9001      0.0000      0.0449
         460      0.6725      1.3416      1.9759      0.0000      0.0449
         470      0.6427      1.3160      1.8558      0.0000      0.0414
         480      0.6593      1.3246      1.9266      0.0000      0.0455
         490      1.4291      1.3350      2.2696      0.0000      3.5411
         500      1.3244      1.4009      2.2113      0.0000      3.0099
         510      1.2553      1.5485      2.2163      0.0000      2.5115
         520      1.2718      1.4436      2.3684      0.0000      2.5472
         530      1.0383      1.4882      2.5968      0.0000      1.1066
         540      0.9528      1.5023      2.5701      0.0000      0.6914
         550      1.0412      1.6312      2.6367      0.0001      0.9376
         560      0.8987      1.5465      2.5726      0.0000      0.3742
         570      0.8877      1.5438      2.5325      0.0502      0.2617
         580      0.8593      1.5106      2.5107      0.0000      0.2750
         590      0.8138      1.4589      2.5450      0.0000      0.0650
         600      0.8156      1.4336      2.5910      0.0000      0.0531
       final      0.6381      1.3055      1.8394      0.0000      0.0456
best loss step: 425
Max CUDA memory: 1.4532G
Saving /mnt/home/jue/halluc/linear_motifs/output/20220103_sh3_r1/sh3_r1_138: npz, fas, trb, trk, trfold pdb
Finished design /mnt/home/jue/halluc/linear_motifs/output/20220103_sh3_r1/sh3_r1_138 in 16.48 minutes.

Generating sh3_r1_139, length 60...
Forcing amino acids:  B7P,B8P,B9P,B10R,B11P,B12P,B13K,B14P
Loss term           | Weight      
cce                   1.00
entropy               1.00
rep                   2.00
rog                   1.00

Stage 0
Starting gradient descent...
        step    avg loss         cce     entropy         rep         rog
           0      1.6610      1.8035      2.9703      0.8462      1.8386
          10      0.9337      1.7652      2.6436      0.0067      0.2461
          20      0.9451      1.7069      2.6876      0.0005      0.3300
          30      0.8535      1.6146      2.5567      0.0388      0.0187
          40      0.8423      1.5740      2.5916      0.0000      0.0460
          50      0.7420      1.4312      2.2574      0.0003      0.0209
          60      0.7729      1.4306      2.3884      0.0112      0.0231
          70      1.1123      1.5930      2.6017      0.0000      1.3666
          80      1.0521      1.5895      2.5433      0.0000      1.1278
          90      0.7648      1.4322      2.3745      0.0007      0.0160
         100      0.7551      1.3957      2.1808      0.0908      0.0176
         110      0.6712      1.3121      2.0252      0.0008      0.0173
         120      0.8121      1.4810      2.4521      0.0541      0.0191
         130      0.6638      1.3329      1.9590      0.0042      0.0187
         140      0.7767      1.5646      2.2865      0.0001      0.0325
         150      0.6465      1.2956      1.9160      0.0003      0.0199
         160      0.6941      1.3911      2.0590      0.0006      0.0192
         170      0.7515      1.5030      2.2333      0.0000      0.0214
         180      0.7379      1.4286      2.2354      0.0000      0.0254
         190      0.6823      1.3513      2.0366      0.0022      0.0191
         200      0.6862      1.3539      2.0497      0.0055      0.0164
         210      0.6675      1.3072      2.0021      0.0037      0.0206
         220      0.6999      1.3857      2.0969      0.0003      0.0163
         230      0.7514      1.4097      2.3309      0.0000      0.0165
         240      0.7028      1.3674      2.1279      0.0001      0.0184
         250      0.7173      1.4387      2.1295      0.0004      0.0176
         260      0.7985      1.4896      2.4816      0.0000      0.0211
         270      0.7529      1.4632      2.2778      0.0000      0.0234
         280      0.6997      1.3606      2.1208      0.0003      0.0166
         290      0.9095      1.5446      2.5063      0.0000      0.4966
         300      0.7614      1.4801      2.2944      0.0000      0.0324
         310      0.7777      1.5176      2.3497      0.0000      0.0213
         320      0.7170      1.4262      2.1357      0.0027      0.0177
         330      0.7698      1.4421      2.3853      0.0025      0.0165
         340      0.7442      1.5330      2.1718      0.0000      0.0161
         350      0.7548      1.4358      2.2326      0.0441      0.0174
         360      0.7515      1.3909      2.1224      0.1112      0.0219
         370      1.4537      1.4441      2.4482      0.0220      3.3322
         380      0.8128      1.4618      2.4588      0.0000      0.1434
         390      0.7690      1.5246      2.2993      0.0000      0.0213
         400      0.7676      1.4459      2.3677      0.0013      0.0215
         410      0.7500      1.3793      2.2749      0.0354      0.0248
         420      0.6781      1.3433      2.0297      0.0002      0.0170
         430      0.8489      1.4933      2.5153      0.0000      0.2360
         440      0.7768      1.5105      2.3522      0.0006      0.0202
         450      0.8008      1.5265      2.4246      0.0000      0.0531
         460      0.6945      1.4007      2.0539      0.0002      0.0175
         470      0.6747      1.3890      1.9629      0.0021      0.0175
         480      0.6829      1.3302      2.0661      0.0003      0.0175
         490      0.7254      1.4658      2.1395      0.0015      0.0187
         500      0.6714      1.3367      1.9679      0.0171      0.0181
         510      0.6938      1.3980      2.0508      0.0004      0.0195
         520      0.7535      1.4687      2.2787      0.0016      0.0170
         530      0.7443      1.4596      2.2396      0.0014      0.0193
         540      0.7269      1.4281      2.1729      0.0087      0.0159
         550      0.8417      1.5700      2.5104      0.0445      0.0392
         560      0.6864      1.4013      2.0112      0.0000      0.0193
         570      0.7857      1.5329      2.3720      0.0001      0.0233
         580      0.7315      1.3883      2.2472      0.0006      0.0209
         590      0.7234      1.4228      2.1721      0.0018      0.0187
         600      0.6661      1.3121      1.9495      0.0248      0.0194
       final      0.6465      1.2956      1.9160      0.0003      0.0199
best loss step: 150
Max CUDA memory: 0.7897G
Saving /mnt/home/jue/halluc/linear_motifs/output/20220103_sh3_r1/sh3_r1_139: npz, fas, trb, trk, trfold pdb
Finished design /mnt/home/jue/halluc/linear_motifs/output/20220103_sh3_r1/sh3_r1_139 in 15.12 minutes.
