/mnt/home/dzorine/software/homog/homog/homog.py:98: SyntaxWarning: "is" with a literal. Did you mean "=="?
  if degrees is 'auto': degrees = guess_is_degrees(angle)
[20:29:33] /opt/dgl/src/runtime/tensordispatch.cc:43: TensorDispatcher: dlopen failed: libtorch_cuda_cpp.so: cannot open shared object file: No such file or directory
Using backend: pytorch
--steps was given. Ignoring --grad_steps, --mcmc_steps.

Run settings:
{'network_name': 'rf_Nov05_2021', 'use_template': None, 'num': 2, 'start_num': 38, 'msa_num': 1, 'out': '/mnt/home/jue/halluc/linear_motifs/output/20220103_sh3_r1/sh3_r1', 'cautious': 1, 'save_pdb': 1, 'save_batch_fas': False, 'track_step': 10, 'track_logits': False, 'out_step': None, 'seed_rng': False, 'steps': 'g600', 'grad_steps': 400, 'mcmc_steps': 0, 'optimizer': 'nsgd', 'drop': 0.2, 'init_sd': 1e-06, 'learning_rate': 0.05, 'grad_check': True, 'logit_scale': 1, 'seq_prob_type': 'hard', 'seq_sample': False, 'calc_bkg': True, 'cce_sd': None, 'hal_sd': None, 'corrupt_sequence': None, 'corrupt_fraction': None, 'pdb': '/mnt/home/jue/halluc/linear_motifs/input/SH3_2w0z.pdb', 'mask': None, 'contigs': 'B7-14', 'con_set_id': None, 'len': '55-100', 'keep_order': False, 'contig_min_gap': 5, 'spike': None, 'spike_fas': None, 'force_aa': 'B7-14', 'exclude_aa': 'C', 'force_aa_hal': None, 'template_pdbs': None, 'no_bkg_mask': False, 'num_repeats': 0, 'init_seq': None, 'masks_bkg': None, 'masks_pass': None, 'force_logits': None, 'receptor': None, 'rec_placement': 'second', 'gap': 200, 'w_cce': 1, 'w_crmsd': -1, 'w_entropy': 1, 'w_kl': -1, 'n_bkg': 100, 'w_rep': 2.0, 'w_set_rep': -1, 'w_atr': -1, 'w_set_atr': -1, 'w_rog': 1.0, 'w_aspect_ratio': -1, 'w_cyc_sym': -1, 'w_surfnp': -1, 'w_nc': -1, 'w_cce_bg': -1, 'w_sym': -1, 'cce_cutoff': 19.9, 'rep_pdb': 'input/SH3_2w0z_rec.pdb', 'rep_sigma': 3.5, 'atr_pdb': None, 'atr_sigma': 5, 'entropy_beta': 10, 'rog_thresh': 16.0, 'surfnp_nbr_thresh': 2.5, 'nc_target': -7, 'entropy_dist_bins': 16, 'mcmc_halflife': 500.0, 'T_acc_0': 0.002, 'mcmc_batch': 1, 'anneal_t1d': False, 'erode_template': False, 'num_masked_tokens': 1, 'weights_dir': '/projects/ml/trDesign', 'nthreads': 4, 'cce_cutstep': None, 'cce_thresh': 2.2, 'batch': 64, 'lr': 0.2, 'nsteps': 100, 'commit': 'c344913efafbbfe8f452574b0c86c348792a5045'}

Loading structure prediction model onto device cuda:0...
#   trunk_msa_v00     [ens=1]   AF2-inspired 12-block 2-track trunk
#   trunk_tbm_v00     [ens=1]   AF2-inspired 3-track trunk
#   rf_v00            [ens=1]   RoseTTAFold 3-track trunk + refiner (formerly trunk_e2e_v00)
# * rf_Nov05_2021     [ens=1]   RoseTTAFold 3-track, no perceiver, Nov. 5 2021
#   rf_perceiver_v00  [ens=1]   RoseTTAFold w/ Perceiver & FAPE loss (msa_full=zeros)
#   rf_perceiver_v01  [ens=1]   RoseTTAFold w/ Perceiver & FAPE loss (msa_full=msa_latent)
#   af2_v00           [ens=0]   AlphaFold2 (only works with rescue.py)
Loaded sequence-to-structure model rf_Nov05_2021 with 66037142 parameters

Model hyperparameters:
{'SE3_param': {'div': 4, 'l0_in_features': 32, 'l0_out_features': 32, 'l1_in_features': 3, 'l1_out_features': 2, 'n_heads': 4, 'num_channels': 32, 'num_degrees': 2, 'num_edge_features': 32, 'num_layers': 3}, 'd_hidden': 32, 'd_hidden_templ': 64, 'd_msa': 256, 'd_msa_full': 64, 'd_pair': 128, 'd_templ': 64, 'n_head_msa': 8, 'n_head_pair': 4, 'n_head_templ': 4, 'n_module_2track': 24, 'n_module_3track': 8, 'p_drop': 0.0}

Using CUDA device(s):  cuda:0: (GeForce RTX 2080); 

Parsing input pdb...

Generating sh3_r1_38, length 61...
Forcing amino acids:  B7P,B8P,B9P,B10R,B11P,B12P,B13K,B14P
Loss term           | Weight      
cce                   1.00
entropy               1.00
rep                   2.00
rog                   1.00

Stage 0
Starting gradient descent...
        step    avg loss         cce     entropy         rep         rog
           0      1.3046      1.7077      2.8054      0.0802      1.8494
          10      1.2306      1.6354      2.7785      0.0274      1.6840
          20      1.0425      1.5763      2.7977      0.0000      0.8385
          30      0.8997      1.6214      2.8234      0.0000      0.0536
          40      0.8939      1.6490      2.7491      0.0001      0.0714
          50      0.8632      1.6126      2.6918      0.0000      0.0117
          60      1.5831      1.5926      2.6236      0.0032      3.6928
          70      0.8273      1.7873      2.3409      0.0000      0.0082
          80      0.8298      1.6724      2.4713      0.0000      0.0054
          90      0.8486      1.6584      2.4987      0.0369      0.0120
         100      0.8170      1.7074      2.3661      0.0000      0.0114
         110      0.8480      1.6762      2.5486      0.0001      0.0151
         120      1.5325      1.6848      2.4832      0.0000      3.4947
         130      0.8411      1.6193      2.5387      0.0000      0.0474
         140      0.8190      1.6742      2.4087      0.0015      0.0093
         150      0.7678      1.6440      2.1874      0.0019      0.0038
         160      0.8093      1.6670      2.3622      0.0000      0.0170
         170      0.8446      1.6952      2.4644      0.0000      0.0634
         180      0.8015      1.5271      2.4603      0.0000      0.0199
         190      0.7271      1.5305      2.0983      0.0000      0.0067
         200      1.0352      1.6042      2.4784      0.5410      0.0117
         210      0.8238      1.5506      2.5578      0.0000      0.0107
         220      0.7436      1.5475      2.1638      0.0000      0.0068
         230      0.7956      1.6040      2.3617      0.0022      0.0079
         240      0.7843      1.5029      2.3891      0.0000      0.0294
         250      0.8106      1.5675      2.4797      0.0000      0.0056
         260      0.8096      1.6107      2.3969      0.0152      0.0100
         270      0.7342      1.5898      2.0764      0.0000      0.0048
         280      0.7663      1.5734      2.2495      0.0000      0.0086
         290      0.7184      1.5432      2.0405      0.0004      0.0072
         300      0.7476      1.5617      2.1727      0.0000      0.0038
         310      0.6907      1.5151      1.9338      0.0000      0.0045
         320      0.7246      1.6159      2.0004      0.0003      0.0060
         330      0.8407      1.6129      2.2194      0.0000      0.3713
         340      0.7144      1.4715      2.0773      0.0000      0.0231
         350      0.7414      1.5180      2.1691      0.0000      0.0201
         360      0.7206      1.5009      2.0954      0.0000      0.0065
         370      0.7170      1.5123      2.0660      0.0000      0.0065
         380      0.6843      1.5262      1.8881      0.0001      0.0069
         390      0.7176      1.6363      1.9470      0.0000      0.0048
         400      0.7857      1.5623      2.3367      0.0000      0.0293
         410      0.8614      1.5578      2.5743      0.0000      0.1746
         420      0.7925      1.5905      2.3593      0.0000      0.0129
         430      0.7582      1.6190      2.1559      0.0000      0.0161
         440      0.7319      1.4743      2.1499      0.0145      0.0064
         450      0.6842      1.4578      1.9514      0.0000      0.0118
         460      0.7084      1.5355      2.0024      0.0000      0.0042
         470      0.7386      1.4860      2.2025      0.0000      0.0047
         480      0.7143      1.5007      2.0658      0.0000      0.0051
         490      0.7766      1.4595      2.4193      0.0000      0.0043
         500      0.6832      1.4297      1.9824      0.0000      0.0040
         510      0.7404      1.5140      2.1844      0.0000      0.0038
         520      0.7284      1.5875      2.0479      0.0000      0.0064
         530      0.7439      1.5614      2.1536      0.0000      0.0045
         540      0.7773      1.5707      2.3091      0.0000      0.0068
         550      0.7932      1.5323      2.3222      0.0512      0.0092
         560      0.7673      1.5702      2.2618      0.0000      0.0046
         570      0.6894      1.4887      1.9505      0.0000      0.0077
         580      0.6913      1.5847      1.8616      0.0017      0.0068
         590      0.7480      1.5286      2.2060      0.0000      0.0055
         600      0.9696      1.4801      2.3668      0.0000      1.0013
       final      0.6559      1.4665      1.8081      0.0002      0.0046
best loss step: 531
Max CUDA memory: 0.7923G
Saving /mnt/home/jue/halluc/linear_motifs/output/20220103_sh3_r1/sh3_r1_38: npz, fas, trb, trk, trfold pdb
Finished design /mnt/home/jue/halluc/linear_motifs/output/20220103_sh3_r1/sh3_r1_38 in 14.99 minutes.

Generating sh3_r1_39, length 80...
Forcing amino acids:  B7P,B8P,B9P,B10R,B11P,B12P,B13K,B14P
Loss term           | Weight      
cce                   1.00
entropy               1.00
rep                   2.00
rog                   1.00

Stage 0
Starting gradient descent...
        step    avg loss         cce     entropy         rep         rog
           0      0.9955      1.7762      2.9176      0.0645      0.1549
          10      0.9560      1.7277      2.8444      0.0000      0.2079
          20      1.0392      1.6307      2.8582      0.3441      0.0190
          30      1.0343      1.6168      2.8307      0.2352      0.2537
          40      0.9126      1.6478      2.8885      0.0000      0.0265
          50      0.8983      1.6654      2.8012      0.0001      0.0247
          60      0.9049      1.6722      2.8106      0.0000      0.0416
          70      0.8983      1.6783      2.7657      0.0033      0.0407
          80      0.9119      1.6464      2.8012      0.0472      0.0175
          90      1.0431      1.5664      2.8600      0.3582      0.0726
         100      1.1091      1.6112      2.8261      0.5425      0.0234
         110      1.1503      1.6282      2.8097      0.6329      0.0477
         120      0.8913      1.6850      2.6954      0.0004      0.0752
         130      0.8767      1.5999      2.7363      0.0000      0.0472
         140      0.8992      1.5562      2.7033      0.0000      0.2366
         150      0.8634      1.6434      2.6246      0.0000      0.0488
         160      0.8807      1.6300      2.6851      0.0000      0.0886
         170      0.8739      1.5920      2.7417      0.0000      0.0356
         180      0.8845      1.5711      2.7951      0.0000      0.0562
         190      0.8583      1.5980      2.6350      0.0000      0.0586
         200      0.8874      1.6397      2.5924      0.0001      0.2047
         210      0.8351      1.6817      2.4135      0.0183      0.0437
         220      0.8623      1.7083      2.5735      0.0001      0.0294
         230      0.8849      1.7049      2.6863      0.0004      0.0323
         240      1.6634      1.6545      2.6011      0.0000      4.0612
         250      1.6671      1.5705      2.5518      0.0000      4.2131
         260      1.1477      1.6731      2.6886      0.6785      0.0199
         270      1.1530      1.6445      2.5992      0.0000      1.5213
         280      0.8580      1.6827      2.5507      0.0000      0.0564
         290      0.8278      1.6508      2.4693      0.0000      0.0191
         300      0.9484      1.6554      2.5892      0.0000      0.4977
         310      0.8461      1.6686      2.5382      0.0003      0.0230
         320      1.4234      1.6979      2.5564      1.3764      0.1100
         330      0.8704      1.7834      2.5444      0.0001      0.0237
         340      0.9141      1.6567      2.7022      0.0004      0.2108
         350      1.0411      1.6647      2.5101      0.4559      0.1192
         360      1.0472      1.7023      2.7226      0.3806      0.0501
         370      0.8441      1.6197      2.5798      0.0000      0.0212
         380      0.8693      1.7267      2.6015      0.0000      0.0185
         390      0.8426      1.6777      2.4747      0.0001      0.0604
         400      0.8580      1.6857      2.5802      0.0001      0.0239
         410      0.8778      1.6624      2.7092      0.0000      0.0172
         420      0.8575      1.6222      2.6009      0.0000      0.0646
         430      0.8611      1.6799      2.5583      0.0000      0.0673
         440      0.8080      1.7464      2.2654      0.0001      0.0280
         450      0.8304      1.6802      2.3822      0.0330      0.0237
         460      0.7822      1.6328      2.2524      0.0001      0.0258
         470      0.7869      1.6116      2.2992      0.0002      0.0231
         480      0.8132      1.7471      2.2960      0.0010      0.0211
         490      0.8112      1.5731      2.4496      0.0000      0.0333
         500      0.7958      1.6587      2.2914      0.0000      0.0289
         510      0.8149      1.6814      2.3580      0.0000      0.0352
         520      0.8263      1.7040      2.3114      0.0352      0.0458
         530      0.8328      1.6800      2.2569      0.0999      0.0275
         540      0.8236      1.6921      2.3873      0.0003      0.0377
         550      0.7881      1.7150      2.1998      0.0001      0.0256
         560      0.8123      1.6244      2.4085      0.0002      0.0282
         570      1.0579      1.8057      2.3286      0.5649      0.0251
         580      0.7797      1.6938      2.1755      0.0000      0.0292
         590      0.7881      1.6263      2.2819      0.0002      0.0319
         600      1.0028      1.7627      2.4719      0.3704      0.0385
       final      0.7637      1.6189      2.1700      0.0009      0.0279
best loss step: 541
Max CUDA memory: 1.1845G
Saving /mnt/home/jue/halluc/linear_motifs/output/20220103_sh3_r1/sh3_r1_39: npz, fas, trb, trk, trfold pdb
Finished design /mnt/home/jue/halluc/linear_motifs/output/20220103_sh3_r1/sh3_r1_39 in 15.30 minutes.
