/mnt/home/dzorine/software/homog/homog/homog.py:98: SyntaxWarning: "is" with a literal. Did you mean "=="?
  if degrees is 'auto': degrees = guess_is_degrees(angle)
[21:54:10] /opt/dgl/src/runtime/tensordispatch.cc:43: TensorDispatcher: dlopen failed: libtorch_cuda_cpp.so: cannot open shared object file: No such file or directory
Using backend: pytorch
--steps was given. Ignoring --grad_steps, --mcmc_steps.

Run settings:
{'network_name': 'rf_Nov05_2021', 'use_template': None, 'num': 2, 'start_num': 84, 'msa_num': 1, 'out': '/mnt/home/jue/halluc/linear_motifs/output/20220103_sh3_r1/sh3_r1', 'cautious': 1, 'save_pdb': 1, 'save_batch_fas': False, 'track_step': 10, 'track_logits': False, 'out_step': None, 'seed_rng': False, 'steps': 'g600', 'grad_steps': 400, 'mcmc_steps': 0, 'optimizer': 'nsgd', 'drop': 0.2, 'init_sd': 1e-06, 'learning_rate': 0.05, 'grad_check': True, 'logit_scale': 1, 'seq_prob_type': 'hard', 'seq_sample': False, 'calc_bkg': True, 'cce_sd': None, 'hal_sd': None, 'corrupt_sequence': None, 'corrupt_fraction': None, 'pdb': '/mnt/home/jue/halluc/linear_motifs/input/SH3_2w0z.pdb', 'mask': None, 'contigs': 'B7-14', 'con_set_id': None, 'len': '55-100', 'keep_order': False, 'contig_min_gap': 5, 'spike': None, 'spike_fas': None, 'force_aa': 'B7-14', 'exclude_aa': 'C', 'force_aa_hal': None, 'template_pdbs': None, 'no_bkg_mask': False, 'num_repeats': 0, 'init_seq': None, 'masks_bkg': None, 'masks_pass': None, 'force_logits': None, 'receptor': None, 'rec_placement': 'second', 'gap': 200, 'w_cce': 1, 'w_crmsd': -1, 'w_entropy': 1, 'w_kl': -1, 'n_bkg': 100, 'w_rep': 2.0, 'w_set_rep': -1, 'w_atr': -1, 'w_set_atr': -1, 'w_rog': 1.0, 'w_aspect_ratio': -1, 'w_cyc_sym': -1, 'w_surfnp': -1, 'w_nc': -1, 'w_cce_bg': -1, 'w_sym': -1, 'cce_cutoff': 19.9, 'rep_pdb': 'input/SH3_2w0z_rec.pdb', 'rep_sigma': 3.5, 'atr_pdb': None, 'atr_sigma': 5, 'entropy_beta': 10, 'rog_thresh': 16.0, 'surfnp_nbr_thresh': 2.5, 'nc_target': -7, 'entropy_dist_bins': 16, 'mcmc_halflife': 500.0, 'T_acc_0': 0.002, 'mcmc_batch': 1, 'anneal_t1d': False, 'erode_template': False, 'num_masked_tokens': 1, 'weights_dir': '/projects/ml/trDesign', 'nthreads': 4, 'cce_cutstep': None, 'cce_thresh': 2.2, 'batch': 64, 'lr': 0.2, 'nsteps': 100, 'commit': 'c344913efafbbfe8f452574b0c86c348792a5045'}

Loading structure prediction model onto device cuda:0...
#   trunk_msa_v00     [ens=1]   AF2-inspired 12-block 2-track trunk
#   trunk_tbm_v00     [ens=1]   AF2-inspired 3-track trunk
#   rf_v00            [ens=1]   RoseTTAFold 3-track trunk + refiner (formerly trunk_e2e_v00)
# * rf_Nov05_2021     [ens=1]   RoseTTAFold 3-track, no perceiver, Nov. 5 2021
#   rf_perceiver_v00  [ens=1]   RoseTTAFold w/ Perceiver & FAPE loss (msa_full=zeros)
#   rf_perceiver_v01  [ens=1]   RoseTTAFold w/ Perceiver & FAPE loss (msa_full=msa_latent)
#   af2_v00           [ens=0]   AlphaFold2 (only works with rescue.py)
Loaded sequence-to-structure model rf_Nov05_2021 with 66037142 parameters

Model hyperparameters:
{'SE3_param': {'div': 4, 'l0_in_features': 32, 'l0_out_features': 32, 'l1_in_features': 3, 'l1_out_features': 2, 'n_heads': 4, 'num_channels': 32, 'num_degrees': 2, 'num_edge_features': 32, 'num_layers': 3}, 'd_hidden': 32, 'd_hidden_templ': 64, 'd_msa': 256, 'd_msa_full': 64, 'd_pair': 128, 'd_templ': 64, 'n_head_msa': 8, 'n_head_pair': 4, 'n_head_templ': 4, 'n_module_2track': 24, 'n_module_3track': 8, 'p_drop': 0.0}

Using CUDA device(s):  cuda:0: (GeForce RTX 2080); 

Parsing input pdb...

Generating sh3_r1_84, length 55...
Forcing amino acids:  B7P,B8P,B9P,B10R,B11P,B12P,B13K,B14P
Loss term           | Weight      
cce                   1.00
entropy               1.00
rep                   2.00
rog                   1.00

Stage 0
Starting gradient descent...
        step    avg loss         cce     entropy         rep         rog
           0      2.9173      1.6903      2.8095      0.0000     10.0865
          10      0.9418      1.6223      2.9118      0.0848      0.0054
          20      1.5096      1.5372      2.8887      1.5540      0.0143
          30      0.8672      1.4758      2.7575      0.0000      0.1027
          40      1.1222      1.4794      2.7023      0.6738      0.0819
          50      1.3386      1.4698      2.5665      0.0000      2.6564
          60      0.8523      1.5461      2.4337      0.0000      0.2816
          70      1.0877      1.4998      2.3986      0.5707      0.3985
          80      0.8240      1.4964      2.3894      0.0000      0.2341
          90      1.6929      1.5142      2.5044      2.0254      0.3951
         100      1.6499      1.4636      2.4578      1.9467      0.4348
         110      1.9751      1.4963      2.4436      2.8847      0.1664
         120      0.8095      1.5484      2.2975      0.0014      0.1985
         130      0.7897      1.5425      2.2047      0.0000      0.2012
         140      0.7901      1.5374      2.3222      0.0000      0.0908
         150      0.7806      1.5116      2.3041      0.0000      0.0872
         160      0.7761      1.5337      2.2477      0.0000      0.0990
         170      0.7882      1.4491      2.2818      0.0000      0.2100
         180      0.8001      1.5630      2.2132      0.0000      0.2243
         190      0.7845      1.5686      2.1931      0.0000      0.1607
         200      0.8208      1.4965      2.3534      0.0000      0.2543
         210      0.7976      1.5213      2.2696      0.0000      0.1972
         220      0.7884      1.4719      2.1957      0.0000      0.2745
         230      0.7529      1.4235      2.1282      0.0018      0.2092
         240      0.7675      1.5077      2.1471      0.0000      0.1828
         250      0.7833      1.4900      2.2218      0.0000      0.2048
         260      0.7982      1.5243      2.2471      0.0000      0.2196
         270      0.7892      1.4199      2.3047      0.0178      0.1858
         280      0.7873      1.5026      2.2704      0.0000      0.1636
         290      0.7692      1.5546      2.1160      0.0000      0.1756
         300      0.8146      1.5509      2.2958      0.0000      0.2264
         310      0.8203      1.4312      2.4358      0.0000      0.2343
         320      0.7629      1.4614      2.1849      0.0000      0.1683
         330      0.9114      1.4805      2.3364      0.2600      0.2200
         340      0.7427      1.4437      2.0714      0.0000      0.1984
         350      0.7922      1.5082      2.2477      0.0000      0.2053
         360      0.8237      1.4267      2.2726      0.0826      0.2537
         370      0.7914      1.5516      2.2356      0.0000      0.1701
         380      0.7479      1.4647      2.1006      0.0000      0.1741
         390      0.7729      1.4268      2.2352      0.0000      0.2024
         400      0.7963      1.5139      2.2888      0.0000      0.1787
         410      0.7670      1.4589      2.1638      0.0000      0.2124
         420      0.7725      1.4805      2.2079      0.0000      0.1739
         430      0.7464      1.4322      2.1015      0.0000      0.1983
         440      0.8043      1.5028      2.3239      0.0000      0.1947
         450      0.8006      1.5074      2.2892      0.0000      0.2066
         460      0.7838      1.5057      2.2502      0.0000      0.1629
         470      0.7489      1.4244      2.1290      0.0000      0.1910
         480      0.7687      1.4156      2.1680      0.0006      0.2588
         490      0.7551      1.4418      2.1510      0.0000      0.1827
         500      0.7779      1.4508      2.1834      0.0000      0.2554
         510      0.7581      1.4420      2.1541      0.0000      0.1943
         520      0.7897      1.5483      2.2246      0.0000      0.1756
         530      0.7751      1.4774      2.2110      0.0000      0.1873
         540      0.7832      1.5758      2.1693      0.0000      0.1707
         550      0.7932      1.5919      2.2110      0.0000      0.1634
         560      0.8033      1.5279      2.3221      0.0000      0.1663
         570      0.7747      1.4260      2.2060      0.0000      0.2417
         580      0.7561      1.4296      2.1819      0.0000      0.1688
         590      0.7922      1.4803      2.2660      0.0000      0.2145
         600      0.7885      1.4546      2.2979      0.0000      0.1899
       final      0.7264      1.3857      2.0687      0.0000      0.1774
best loss step: 257
Max CUDA memory: 0.7028G
Saving /mnt/home/jue/halluc/linear_motifs/output/20220103_sh3_r1/sh3_r1_84: npz, fas, trb, trk, trfold pdb
Finished design /mnt/home/jue/halluc/linear_motifs/output/20220103_sh3_r1/sh3_r1_84 in 13.88 minutes.

Generating sh3_r1_85, length 75...
Forcing amino acids:  B7P,B8P,B9P,B10R,B11P,B12P,B13K,B14P
Loss term           | Weight      
cce                   1.00
entropy               1.00
rep                   2.00
rog                   1.00

Stage 0
Starting gradient descent...
        step    avg loss         cce     entropy         rep         rog
           0      1.8779      1.5865      2.7268      1.8068      1.4627
          10      1.7375      1.9003      2.7571      1.9072      0.2156
          20      1.0659      1.7013      2.7653      0.4230      0.0170
          30      0.8275      1.5035      2.6241      0.0000      0.0099
          40      0.8430      1.6104      2.5944      0.0000      0.0100
          50      0.7424      1.5319      2.1651      0.0000      0.0148
          60      0.7039      1.4752      2.0294      0.0000      0.0150
          70      0.6932      1.5180      1.9371      0.0000      0.0109
          80      0.6986      1.5645      1.9181      0.0000      0.0102
          90      0.6685      1.4304      1.8999      0.0000      0.0122
         100      0.6834      1.4298      1.9755      0.0000      0.0115
         110      0.7677      1.5439      1.9438      0.1697      0.0112
         120      0.6618      1.4649      1.8303      0.0000      0.0139
         130      0.6885      1.4533      1.9747      0.0000      0.0145
         140      0.6763      1.4698      1.8992      0.0000      0.0128
         150      0.6437      1.4021      1.8018      0.0000      0.0147
         160      0.6524      1.3859      1.8632      0.0000      0.0131
         170      0.6858      1.4528      1.9626      0.0000      0.0136
         180      0.7791      1.7596      1.8561      0.1331      0.0140
         190      0.6621      1.4998      1.7983      0.0000      0.0126
         200      0.6694      1.4464      1.8876      0.0000      0.0130
         210      0.6567      1.4270      1.8434      0.0000      0.0132
         220      0.6429      1.3671      1.8342      0.0000      0.0134
         230      0.7115      1.4405      2.1038      0.0000      0.0131
         240      0.6649      1.3764      1.9347      0.0000      0.0133
         250      0.6578      1.3992      1.8756      0.0000      0.0140
         260      0.6649      1.3691      1.9430      0.0000      0.0122
         270      0.6392      1.3340      1.8498      0.0000      0.0121
         280      0.6811      1.4106      1.9836      0.0000      0.0112
         290      0.6368      1.3558      1.8154      0.0000      0.0127
         300      0.6495      1.3543      1.8821      0.0000      0.0109
         310      0.6567      1.4110      1.8618      0.0000      0.0105
         320      0.6539      1.3857      1.8698      0.0000      0.0139
         330      0.6609      1.4371      1.8521      0.0000      0.0152
         340      0.6605      1.3999      1.8912      0.0000      0.0114
         350      0.6771      1.5092      1.8651      0.0000      0.0111
         360      0.6720      1.3627      1.9826      0.0000      0.0145
         370      0.6537      1.3306      1.9255      0.0000      0.0125
         380      0.7040      1.4850      2.0243      0.0000      0.0107
         390      0.6519      1.4226      1.8223      0.0000      0.0146
         400      0.6505      1.3694      1.8693      0.0000      0.0136
         410      0.6356      1.3754      1.7894      0.0000      0.0130
         420      0.6161      1.3069      1.7621      0.0000      0.0117
         430      0.6513      1.4038      1.8393      0.0000      0.0134
         440      0.6944      1.4071      2.0474      0.0000      0.0177
         450      0.6647      1.4225      1.8875      0.0000      0.0133
         460      0.6528      1.4215      1.8325      0.0000      0.0100
         470      0.6531      1.3947      1.8567      0.0000      0.0140
         480      0.6408      1.3814      1.8107      0.0000      0.0118
         490      0.6374      1.3673      1.8062      0.0000      0.0136
         500      0.6565      1.3789      1.8896      0.0000      0.0138
         510      0.6520      1.3454      1.9011      0.0000      0.0134
         520      0.6482      1.3660      1.8610      0.0000      0.0137
         530      0.6504      1.3998      1.8388      0.0000      0.0135
         540      0.6612      1.4029      1.8890      0.0000      0.0143
         550      0.6631      1.4128      1.8886      0.0000      0.0143
         560      0.6710      1.4266      1.9147      0.0000      0.0135
         570      0.7087      1.4015      2.1299      0.0000      0.0123
         580      0.6584      1.3954      1.8831      0.0000      0.0134
         590      0.6474      1.4107      1.8120      0.0000      0.0143
         600      0.6468      1.3434      1.8773      0.0000      0.0134
       final      0.6154      1.3361      1.7281      0.0000      0.0126
best loss step: 473
Max CUDA memory: 1.0800G
Saving /mnt/home/jue/halluc/linear_motifs/output/20220103_sh3_r1/sh3_r1_85: npz, fas, trb, trk, trfold pdb
Finished design /mnt/home/jue/halluc/linear_motifs/output/20220103_sh3_r1/sh3_r1_85 in 14.20 minutes.
