/mnt/home/dzorine/software/homog/homog/homog.py:98: SyntaxWarning: "is" with a literal. Did you mean "=="?
  if degrees is 'auto': degrees = guess_is_degrees(angle)
[23:26:18] /opt/dgl/src/runtime/tensordispatch.cc:43: TensorDispatcher: dlopen failed: libtorch_cuda_cpp.so: cannot open shared object file: No such file or directory
Using backend: pytorch
--steps was given. Ignoring --grad_steps, --mcmc_steps.

Run settings:
{'network_name': 'rf_Nov05_2021', 'use_template': None, 'num': 2, 'start_num': 150, 'msa_num': 1, 'out': '/mnt/home/jue/halluc/linear_motifs/output/20220103_sh3_r1/sh3_r1', 'cautious': 1, 'save_pdb': 1, 'save_batch_fas': False, 'track_step': 10, 'track_logits': False, 'out_step': None, 'seed_rng': False, 'steps': 'g600', 'grad_steps': 400, 'mcmc_steps': 0, 'optimizer': 'nsgd', 'drop': 0.2, 'init_sd': 1e-06, 'learning_rate': 0.05, 'grad_check': True, 'logit_scale': 1, 'seq_prob_type': 'hard', 'seq_sample': False, 'calc_bkg': True, 'cce_sd': None, 'hal_sd': None, 'corrupt_sequence': None, 'corrupt_fraction': None, 'pdb': '/mnt/home/jue/halluc/linear_motifs/input/SH3_2w0z.pdb', 'mask': None, 'contigs': 'B7-14', 'con_set_id': None, 'len': '55-100', 'keep_order': False, 'contig_min_gap': 5, 'spike': None, 'spike_fas': None, 'force_aa': 'B7-14', 'exclude_aa': 'C', 'force_aa_hal': None, 'template_pdbs': None, 'no_bkg_mask': False, 'num_repeats': 0, 'init_seq': None, 'masks_bkg': None, 'masks_pass': None, 'force_logits': None, 'receptor': None, 'rec_placement': 'second', 'gap': 200, 'w_cce': 1, 'w_crmsd': -1, 'w_entropy': 1, 'w_kl': -1, 'n_bkg': 100, 'w_rep': 2.0, 'w_set_rep': -1, 'w_atr': -1, 'w_set_atr': -1, 'w_rog': 1.0, 'w_aspect_ratio': -1, 'w_cyc_sym': -1, 'w_surfnp': -1, 'w_nc': -1, 'w_cce_bg': -1, 'w_sym': -1, 'cce_cutoff': 19.9, 'rep_pdb': 'input/SH3_2w0z_rec.pdb', 'rep_sigma': 3.5, 'atr_pdb': None, 'atr_sigma': 5, 'entropy_beta': 10, 'rog_thresh': 16.0, 'surfnp_nbr_thresh': 2.5, 'nc_target': -7, 'entropy_dist_bins': 16, 'mcmc_halflife': 500.0, 'T_acc_0': 0.002, 'mcmc_batch': 1, 'anneal_t1d': False, 'erode_template': False, 'num_masked_tokens': 1, 'weights_dir': '/projects/ml/trDesign', 'nthreads': 4, 'cce_cutstep': None, 'cce_thresh': 2.2, 'batch': 64, 'lr': 0.2, 'nsteps': 100, 'commit': 'c344913efafbbfe8f452574b0c86c348792a5045'}

Loading structure prediction model onto device cuda:0...
#   trunk_msa_v00     [ens=1]   AF2-inspired 12-block 2-track trunk
#   trunk_tbm_v00     [ens=1]   AF2-inspired 3-track trunk
#   rf_v00            [ens=1]   RoseTTAFold 3-track trunk + refiner (formerly trunk_e2e_v00)
# * rf_Nov05_2021     [ens=1]   RoseTTAFold 3-track, no perceiver, Nov. 5 2021
#   rf_perceiver_v00  [ens=1]   RoseTTAFold w/ Perceiver & FAPE loss (msa_full=zeros)
#   rf_perceiver_v01  [ens=1]   RoseTTAFold w/ Perceiver & FAPE loss (msa_full=msa_latent)
#   af2_v00           [ens=0]   AlphaFold2 (only works with rescue.py)
Loaded sequence-to-structure model rf_Nov05_2021 with 66037142 parameters

Model hyperparameters:
{'SE3_param': {'div': 4, 'l0_in_features': 32, 'l0_out_features': 32, 'l1_in_features': 3, 'l1_out_features': 2, 'n_heads': 4, 'num_channels': 32, 'num_degrees': 2, 'num_edge_features': 32, 'num_layers': 3}, 'd_hidden': 32, 'd_hidden_templ': 64, 'd_msa': 256, 'd_msa_full': 64, 'd_pair': 128, 'd_templ': 64, 'n_head_msa': 8, 'n_head_pair': 4, 'n_head_templ': 4, 'n_module_2track': 24, 'n_module_3track': 8, 'p_drop': 0.0}

Using CUDA device(s):  cuda:0: (GeForce RTX 2080); 

Parsing input pdb...

Generating sh3_r1_150, length 68...
Forcing amino acids:  B7P,B8P,B9P,B10R,B11P,B12P,B13K,B14P
Loss term           | Weight      
cce                   1.00
entropy               1.00
rep                   2.00
rog                   1.00

Stage 0
Starting gradient descent...
        step    avg loss         cce     entropy         rep         rog
           0      1.7405      1.6243      2.8918      1.4641      1.2581
          10      0.9408      1.6804      2.9485      0.0001      0.0750
          20      0.9434      1.5983      2.9755      0.0000      0.1433
          30      1.0215      1.6871      2.9957      0.0002      0.4242
          40      1.3977      1.6764      2.9893      1.1430      0.0368
          50      1.3212      1.6441      2.9772      0.9867      0.0112
          60      0.9473      1.6624      2.9868      0.0359      0.0155
          70      1.6626      1.6872      2.9681      1.8232      0.0112
          80      1.3065      1.6442      2.9534      0.9528      0.0296
          90      0.9112      1.6082      2.9189      0.0000      0.0287
         100      0.9438      1.5932      2.8780      0.0898      0.0681
         110      0.9790      1.6105      2.8514      0.1876      0.0578
         120      0.8858      1.5617      2.8346      0.0002      0.0323
         130      1.6259      1.6318      2.8334      1.8263      0.0118
         140      0.8741      1.5715      2.7649      0.0000      0.0342
         150      0.8715      1.6321      2.6985      0.0000      0.0266
         160      0.8480      1.5601      2.6452      0.0000      0.0346
         170      0.8231      1.5030      2.5530      0.0000      0.0596
         180      0.8185      1.5470      2.5055      0.0000      0.0398
         190      0.8140      1.5261      2.4743      0.0046      0.0602
         200      1.8333      1.5290      2.6021      0.0000      5.0356
         210      0.7926      1.5052      2.4150      0.0000      0.0430
         220      0.8097      1.5694      2.4344      0.0000      0.0449
         230      0.8112      1.5403      2.4701      0.0000      0.0458
         240      0.7955      1.5643      2.3572      0.0000      0.0560
         250      0.7647      1.4921      2.2717      0.0000      0.0598
         260      0.7793      1.6057      2.2434      0.0014      0.0449
         270      0.7823      1.5177      2.3360      0.0000      0.0575
         280      1.0166      1.5266      2.2600      0.6144      0.0676
         290      0.7355      1.4354      2.1951      0.0016      0.0440
         300      1.0739      1.5035      2.1566      0.8273      0.0548
         310      0.7528      1.4577      2.2395      0.0000      0.0671
         320      0.8675      1.5218      2.2612      0.2505      0.0536
         330      0.7496      1.4268      2.2607      0.0006      0.0593
         340      0.7302      1.4540      2.1549      0.0000      0.0421
         350      0.7517      1.4951      2.2202      0.0000      0.0432
         360      0.7993      1.4773      2.4820      0.0000      0.0370
         370      1.8115      1.4998      2.4564      0.0000      5.1013
         380      1.6073      1.5869      2.4050      0.0000      4.0448
         390      0.7529      1.5256      2.1968      0.0000      0.0419
         400      0.7924      1.5456      2.3566      0.0002      0.0593
         410      0.7372      1.4441      2.1931      0.0000      0.0486
         420      0.7296      1.4110      2.1860      0.0001      0.0508
         430      0.7504      1.4619      2.2309      0.0001      0.0593
         440      0.7405      1.4127      2.2233      0.0002      0.0661
         450      0.7266      1.3658      2.2103      0.0000      0.0571
         460      1.8065      1.4500      2.4750      0.0000      5.1074
         470      1.7448      1.5943      2.4904      0.0001      4.6392
         480      0.7449      1.4770      2.2030      0.0000      0.0444
         490      0.7233      1.4377      2.1362      0.0021      0.0383
         500      0.7335      1.4064      2.1269      0.0460      0.0421
         510      0.7330      1.4288      2.1950      0.0000      0.0410
         520      0.7389      1.5013      2.1466      0.0000      0.0465
         530      0.7442      1.3919      2.2597      0.0000      0.0694
         540      0.7543      1.6372      2.0873      0.0000      0.0472
         550      0.7323      1.4605      2.1402      0.0000      0.0608
         560      0.7574      1.5164      2.2215      0.0000      0.0492
         570      0.6969      1.3592      2.0750      0.0000      0.0504
         580      0.7270      1.4412      2.1489      0.0000      0.0449
         590      1.7360      1.5491      2.3776      0.0000      4.7531
         600      1.6984      1.5838      2.4544      0.0000      4.4535
       final      0.6969      1.3592      2.0750      0.0000      0.0504
best loss step: 570
Max CUDA memory: 0.9298G
Saving /mnt/home/jue/halluc/linear_motifs/output/20220103_sh3_r1/sh3_r1_150: npz, fas, trb, trk, trfold pdb
Finished design /mnt/home/jue/halluc/linear_motifs/output/20220103_sh3_r1/sh3_r1_150 in 13.55 minutes.

Generating sh3_r1_151, length 84...
Forcing amino acids:  B7P,B8P,B9P,B10R,B11P,B12P,B13K,B14P
Loss term           | Weight      
cce                   1.00
entropy               1.00
rep                   2.00
rog                   1.00

Stage 0
Starting gradient descent...
        step    avg loss         cce     entropy         rep         rog
           0      2.5863      1.6792      2.8780      0.0000      8.3742
          10      0.9495      1.7924      2.9127      0.0000      0.0424
          20      1.2876      1.6694      2.9134      0.9244      0.0066
          30      1.3566      1.5702      2.8570      0.0000      2.3557
          40      0.9149      1.6823      2.8751      0.0000      0.0172
          50      1.5437      1.5592      2.8415      1.6536      0.0105
          60      0.8942      1.6559      2.8032      0.0005      0.0106
          70      0.8623      1.6005      2.6949      0.0008      0.0146
          80      0.8163      1.5615      2.5014      0.0000      0.0189
          90      0.8160      1.5335      2.5288      0.0000      0.0178
         100      0.8240      1.5462      2.5533      0.0000      0.0205
         110      0.7831      1.4373      2.4624      0.0000      0.0159
         120      0.7778      1.4253      2.4440      0.0000      0.0196
         130      0.7898      1.4756      2.4549      0.0000      0.0183
         140      0.8376      1.5230      2.6509      0.0000      0.0142
         150      0.8130      1.4409      2.6085      0.0000      0.0157
         160      0.8017      1.4725      2.4635      0.0000      0.0727
         170      0.7926      1.4727      2.4687      0.0000      0.0218
         180      0.8237      1.5407      2.5593      0.0000      0.0183
         190      0.7961      1.4598      2.5029      0.0000      0.0180
         200      0.8267      1.4932      2.6296      0.0000      0.0107
         210      0.7704      1.4211      2.4170      0.0000      0.0140
         220      0.8745      1.5774      2.7764      0.0000      0.0187
         230      0.8151      1.5330      2.5337      0.0000      0.0090
         240      0.7718      1.3923      2.4498      0.0000      0.0171
         250      0.8162      1.5563      2.5097      0.0000      0.0150
         260      0.8209      1.4566      2.6363      0.0000      0.0116
         270      0.8118      1.4951      2.5496      0.0000      0.0144
         280      0.7646      1.4598      2.3464      0.0000      0.0166
         290      0.7931      1.4329      2.5182      0.0000      0.0143
         300      0.8270      1.5190      2.6058      0.0000      0.0103
         310      0.7811      1.4665      2.4254      0.0000      0.0134
         320      0.7782      1.3884      2.4887      0.0000      0.0140
         330      1.2263      1.5790      2.5073      1.0172      0.0109
         340      0.8429      1.5024      2.7034      0.0000      0.0089
         350      0.7855      1.4373      2.4791      0.0000      0.0112
         360      0.8775      1.6015      2.7217      0.0000      0.0642
         370      0.7659      1.4559      2.3569      0.0000      0.0167
         380      0.9316      1.5049      2.7107      0.2148      0.0129
         390      0.8529      1.5100      2.7371      0.0000      0.0174
         400      0.7918      1.4341      2.4360      0.0345      0.0199
         410      0.7628      1.4317      2.3632      0.0000      0.0191
         420      0.7789      1.4542      2.4249      0.0000      0.0154
         430      0.7709      1.3992      2.4369      0.0005      0.0173
         440      0.7885      1.4874      2.4218      0.0000      0.0331
         450      0.7637      1.3867      2.4133      0.0003      0.0179
         460      0.8048      1.4309      2.5798      0.0000      0.0132
         470      0.9856      1.5352      2.5914      0.3913      0.0190
         480      1.5895      1.5602      2.8148      0.0000      3.5725
         490      0.7888      1.5163      2.4104      0.0003      0.0170
         500      0.8414      1.5355      2.6615      0.0000      0.0103
         510      1.2942      1.6063      2.8180      1.0209      0.0049
         520      0.9546      1.5322      2.6653      0.2818      0.0120
         530      0.8076      1.5129      2.5052      0.0001      0.0197
         540      0.8244      1.5068      2.5991      0.0000      0.0159
         550      0.7711      1.3727      2.4568      0.0000      0.0262
         560      0.7612      1.4827      2.3056      0.0000      0.0178
         570      1.0123      1.5898      2.5374      0.4603      0.0140
         580      0.8032      1.4808      2.5123      0.0000      0.0227
         590      0.8206      1.5218      2.5684      0.0000      0.0127
         600      0.7473      1.4442      2.2710      0.0000      0.0213
       final      0.7273      1.3504      2.2603      0.0000      0.0258
best loss step: 404
Max CUDA memory: 1.2776G
Saving /mnt/home/jue/halluc/linear_motifs/output/20220103_sh3_r1/sh3_r1_151: npz, fas, trb, trk, trfold pdb
Finished design /mnt/home/jue/halluc/linear_motifs/output/20220103_sh3_r1/sh3_r1_151 in 14.28 minutes.
