/mnt/home/dzorine/software/homog/homog/homog.py:98: SyntaxWarning: "is" with a literal. Did you mean "=="?
  if degrees is 'auto': degrees = guess_is_degrees(angle)
[22:55:27] /opt/dgl/src/runtime/tensordispatch.cc:43: TensorDispatcher: dlopen failed: libtorch_cuda_cpp.so: cannot open shared object file: No such file or directory
Using backend: pytorch
--steps was given. Ignoring --grad_steps, --mcmc_steps.

Run settings:
{'network_name': 'rf_Nov05_2021', 'use_template': None, 'num': 2, 'start_num': 126, 'msa_num': 1, 'out': '/mnt/home/jue/halluc/linear_motifs/output/20220103_sh3_r1/sh3_r1', 'cautious': 1, 'save_pdb': 1, 'save_batch_fas': False, 'track_step': 10, 'track_logits': False, 'out_step': None, 'seed_rng': False, 'steps': 'g600', 'grad_steps': 400, 'mcmc_steps': 0, 'optimizer': 'nsgd', 'drop': 0.2, 'init_sd': 1e-06, 'learning_rate': 0.05, 'grad_check': True, 'logit_scale': 1, 'seq_prob_type': 'hard', 'seq_sample': False, 'calc_bkg': True, 'cce_sd': None, 'hal_sd': None, 'corrupt_sequence': None, 'corrupt_fraction': None, 'pdb': '/mnt/home/jue/halluc/linear_motifs/input/SH3_2w0z.pdb', 'mask': None, 'contigs': 'B7-14', 'con_set_id': None, 'len': '55-100', 'keep_order': False, 'contig_min_gap': 5, 'spike': None, 'spike_fas': None, 'force_aa': 'B7-14', 'exclude_aa': 'C', 'force_aa_hal': None, 'template_pdbs': None, 'no_bkg_mask': False, 'num_repeats': 0, 'init_seq': None, 'masks_bkg': None, 'masks_pass': None, 'force_logits': None, 'receptor': None, 'rec_placement': 'second', 'gap': 200, 'w_cce': 1, 'w_crmsd': -1, 'w_entropy': 1, 'w_kl': -1, 'n_bkg': 100, 'w_rep': 2.0, 'w_set_rep': -1, 'w_atr': -1, 'w_set_atr': -1, 'w_rog': 1.0, 'w_aspect_ratio': -1, 'w_cyc_sym': -1, 'w_surfnp': -1, 'w_nc': -1, 'w_cce_bg': -1, 'w_sym': -1, 'cce_cutoff': 19.9, 'rep_pdb': 'input/SH3_2w0z_rec.pdb', 'rep_sigma': 3.5, 'atr_pdb': None, 'atr_sigma': 5, 'entropy_beta': 10, 'rog_thresh': 16.0, 'surfnp_nbr_thresh': 2.5, 'nc_target': -7, 'entropy_dist_bins': 16, 'mcmc_halflife': 500.0, 'T_acc_0': 0.002, 'mcmc_batch': 1, 'anneal_t1d': False, 'erode_template': False, 'num_masked_tokens': 1, 'weights_dir': '/projects/ml/trDesign', 'nthreads': 4, 'cce_cutstep': None, 'cce_thresh': 2.2, 'batch': 64, 'lr': 0.2, 'nsteps': 100, 'commit': 'c344913efafbbfe8f452574b0c86c348792a5045'}

Loading structure prediction model onto device cuda:0...
#   trunk_msa_v00     [ens=1]   AF2-inspired 12-block 2-track trunk
#   trunk_tbm_v00     [ens=1]   AF2-inspired 3-track trunk
#   rf_v00            [ens=1]   RoseTTAFold 3-track trunk + refiner (formerly trunk_e2e_v00)
# * rf_Nov05_2021     [ens=1]   RoseTTAFold 3-track, no perceiver, Nov. 5 2021
#   rf_perceiver_v00  [ens=1]   RoseTTAFold w/ Perceiver & FAPE loss (msa_full=zeros)
#   rf_perceiver_v01  [ens=1]   RoseTTAFold w/ Perceiver & FAPE loss (msa_full=msa_latent)
#   af2_v00           [ens=0]   AlphaFold2 (only works with rescue.py)
Loaded sequence-to-structure model rf_Nov05_2021 with 66037142 parameters

Model hyperparameters:
{'SE3_param': {'div': 4, 'l0_in_features': 32, 'l0_out_features': 32, 'l1_in_features': 3, 'l1_out_features': 2, 'n_heads': 4, 'num_channels': 32, 'num_degrees': 2, 'num_edge_features': 32, 'num_layers': 3}, 'd_hidden': 32, 'd_hidden_templ': 64, 'd_msa': 256, 'd_msa_full': 64, 'd_pair': 128, 'd_templ': 64, 'n_head_msa': 8, 'n_head_pair': 4, 'n_head_templ': 4, 'n_module_2track': 24, 'n_module_3track': 8, 'p_drop': 0.0}

Using CUDA device(s):  cuda:0: (GeForce RTX 2080); 

Parsing input pdb...

Generating sh3_r1_126, length 60...
Forcing amino acids:  B7P,B8P,B9P,B10R,B11P,B12P,B13K,B14P
Loss term           | Weight      
cce                   1.00
entropy               1.00
rep                   2.00
rog                   1.00

Stage 0
Starting gradient descent...
        step    avg loss         cce     entropy         rep         rog
           0      2.0512      1.6655      2.9330      0.0000      5.6575
          10      0.8946      1.7664      2.3427      0.0115      0.3409
          20      0.8618      1.6544      2.5760      0.0000      0.0786
          30      0.7683      1.3784      2.3345      0.0000      0.1286
          40      0.7613      1.3827      2.2895      0.0000      0.1342
          50      0.7509      1.3822      2.2798      0.0001      0.0922
          60      0.7739      1.3905      2.3564      0.0001      0.1225
          70      0.8414      1.3470      2.2139      0.2825      0.0809
          80      0.7392      1.3944      2.2049      0.0000      0.0965
          90      0.7616      1.4298      2.3003      0.0000      0.0777
         100      0.7310      1.2977      2.1662      0.0474      0.0963
         110      0.7322      1.3269      2.1805      0.0000      0.1534
         120      0.7900      1.3863      2.3837      0.0000      0.1801
         130      0.7591      1.4294      2.2434      0.0003      0.1223
         140      0.7705      1.4350      2.2747      0.0000      0.1428
         150      0.7098      1.2897      2.0879      0.0150      0.1415
         160      0.7491      1.3132      2.2705      0.0000      0.1619
         170      0.7969      1.4558      2.3276      0.0000      0.2009
         180      0.8696      1.4369      2.2119      0.2937      0.1117
         190      0.7100      1.3160      2.1000      0.0002      0.1335
         200      0.7789      1.3737      2.2640      0.0000      0.2567
         210      0.7366      1.4335      2.1144      0.0000      0.1350
         220      0.7405      1.3092      2.2400      0.0002      0.1529
         230      0.7102      1.3513      2.0604      0.0019      0.1355
         240      0.7552      1.3818      2.2824      0.0017      0.1085
         250      0.7726      1.4764      2.2210      0.0000      0.1654
         260      0.7313      1.3876      2.1364      0.0000      0.1323
         270      0.7548      1.3378      2.3087      0.0031      0.1212
         280      0.7159      1.3630      2.0842      0.0000      0.1323
         290      0.7662      1.4194      2.2757      0.0000      0.1361
         300      0.7484      1.3833      2.2245      0.0000      0.1342
         310      0.7746      1.4203      2.3028      0.0000      0.1501
         320      0.7444      1.4243      2.1799      0.0000      0.1179
         330      0.7850      1.4631      2.3604      0.0015      0.0985
         340      0.8189      1.4989      2.3923      0.0000      0.2033
         350      0.7969      1.5635      2.2492      0.0000      0.1717
         360      0.7199      1.3617      2.1053      0.0000      0.1324
         370      0.8104      1.4484      2.3089      0.1015      0.0917
         380      0.8129      1.5753      2.2525      0.0134      0.2096
         390      0.8652      1.4593      2.2288      0.2402      0.1575
         400      0.7423      1.3920      2.1592      0.0000      0.1602
         410      0.7674      1.3996      2.2683      0.0000      0.1693
         420      0.8136      1.4781      2.4911      0.0002      0.0982
         430      0.7291      1.3511      2.1156      0.0000      0.1790
         440      0.7699      1.3406      2.3252      0.0000      0.1838
         450      0.7814      1.4150      2.3336      0.0000      0.1584
         460      0.8263      1.4649      2.3790      0.0815      0.1245
         470      0.7580      1.4190      2.2398      0.0000      0.1311
         480      1.0483      1.3655      2.2776      0.7433      0.1120
         490      0.7548      1.3322      2.2284      0.0000      0.2135
         500      0.7522      1.3811      2.2034      0.0000      0.1767
         510      0.7500      1.4439      2.1567      0.0000      0.1493
         520      0.7924      1.4849      2.2881      0.0000      0.1890
         530      0.7532      1.3754      2.2536      0.0000      0.1369
         540      0.7429      1.3481      2.2137      0.0001      0.1525
         550      0.7608      1.4326      2.2330      0.0192      0.0999
         560      0.7726      1.4335      2.2872      0.0000      0.1423
         570      0.7631      1.3703      2.2937      0.0095      0.1324
         580      0.7534      1.3490      2.2361      0.0000      0.1819
         590      0.7327      1.3935      2.1432      0.0000      0.1269
         600      0.7258      1.3355      2.1639      0.0000      0.1295
       final      0.6958      1.3317      2.0130      0.0003      0.1339
best loss step: 505
Max CUDA memory: 0.7826G
Saving /mnt/home/jue/halluc/linear_motifs/output/20220103_sh3_r1/sh3_r1_126: npz, fas, trb, trk, trfold pdb
Finished design /mnt/home/jue/halluc/linear_motifs/output/20220103_sh3_r1/sh3_r1_126 in 13.96 minutes.

Generating sh3_r1_127, length 67...
Forcing amino acids:  B7P,B8P,B9P,B10R,B11P,B12P,B13K,B14P
Loss term           | Weight      
cce                   1.00
entropy               1.00
rep                   2.00
rog                   1.00

Stage 0
Starting gradient descent...
        step    avg loss         cce     entropy         rep         rog
           0      1.7621      1.8148      2.8814      0.1787      3.7567
          10      0.9505      1.6255      2.8404      0.1418      0.0030
          20      1.1620      1.5483      2.6941      0.7409      0.0856
          30      0.8386      1.5263      2.5996      0.0000      0.0672
          40      0.7812      1.4722      2.3709      0.0043      0.0540
          50      0.8400      1.4921      2.4885      0.0830      0.0533
          60      0.8643      1.5311      2.5888      0.0702      0.0612
          70      0.7619      1.4101      2.3496      0.0000      0.0497
          80      0.7675      1.6119      2.1903      0.0000      0.0351
          90      1.1411      1.5330      2.3412      0.8980      0.0355
         100      0.8483      1.5337      2.3939      0.1368      0.0405
         110      0.9194      1.5766      2.5444      0.0000      0.4759
         120      0.7823      1.4668      2.2397      0.0855      0.0339
         130      0.7465      1.5156      2.1800      0.0004      0.0359
         140      0.7608      1.5052      2.2454      0.0047      0.0441
         150      0.8271      1.6001      2.4856      0.0001      0.0497
         160      0.7508      1.5413      2.1751      0.0000      0.0375
         170      0.8588      1.6220      2.5760      0.0000      0.0958
         180      0.8394      1.5062      2.2210      0.2096      0.0504
         190      0.8055      1.4863      2.4939      0.0000      0.0472
         200      1.0090      1.5449      2.2896      0.5820      0.0462
         210      0.7726      1.5065      2.2979      0.0121      0.0345
         220      0.8776      1.5830      2.3032      0.2328      0.0361
         230      0.7733      1.5526      2.2710      0.0000      0.0429
         240      0.7550      1.5103      2.2291      0.0000      0.0355
         250      0.8638      1.5015      2.5603      0.0001      0.2571
         260      0.8372      1.4853      2.5160      0.0586      0.0675
         270      0.7308      1.4830      2.1350      0.0000      0.0362
         280      0.7756      1.5019      2.3297      0.0000      0.0466
         290      0.7379      1.4913      2.1442      0.0000      0.0541
         300      0.7760      1.5250      2.3066      0.0000      0.0483
         310      0.7859      1.4895      2.3950      0.0000      0.0448
         320      0.7224      1.4710      2.1011      0.0000      0.0400
         330      1.4770      1.4686      2.4805      0.0000      3.4360
         340      0.7386      1.4673      2.1883      0.0000      0.0374
         350      0.7715      1.5416      2.2767      0.0000      0.0391
         360      0.7130      1.4609      2.0662      0.0000      0.0380
         370      0.7179      1.4692      2.0826      0.0000      0.0377
         380      0.7866      1.5643      2.3268      0.0000      0.0418
         390      1.0256      1.6183      2.5161      0.4546      0.0845
         400      0.7416      1.5506      2.1148      0.0000      0.0424
         410      0.7729      1.5706      2.2541      0.0000      0.0399
         420      0.7351      1.4903      2.1440      0.0001      0.0412
         430      0.7433      1.4360      2.2181      0.0000      0.0625
         440      0.7738      1.5537      2.2755      0.0000      0.0399
         450      0.7794      1.6294      2.2194      0.0002      0.0479
         460      0.7548      1.4557      2.2785      0.0000      0.0397
         470      0.7620      1.5113      2.2582      0.0001      0.0402
         480      0.7113      1.3961      2.1199      0.0003      0.0398
         490      0.7699      1.5826      2.2250      0.0000      0.0417
         500      0.8394      1.4368      2.1723      0.2741      0.0396
         510      0.9207      1.3057      2.0757      0.5921      0.0379
         520      0.7649      1.5386      2.2466      0.0000      0.0394
         530      0.7586      1.4240      2.3105      0.0000      0.0583
         540      0.7246      1.4797      2.0974      0.0000      0.0460
         550      0.7747      1.4377      2.3914      0.0000      0.0443
         560      0.7655      1.5052      2.2706      0.0000      0.0515
         570      0.7401      1.4774      2.1862      0.0000      0.0371
         580      0.7615      1.4804      2.2813      0.0007      0.0444
         590      0.7827      1.4137      2.2339      0.1139      0.0382
         600      0.7385      1.3827      2.2205      0.0245      0.0405
       final      0.6760      1.3589      1.9822      0.0000      0.0387
best loss step: 584
Max CUDA memory: 0.9105G
Saving /mnt/home/jue/halluc/linear_motifs/output/20220103_sh3_r1/sh3_r1_127: npz, fas, trb, trk, trfold pdb
Finished design /mnt/home/jue/halluc/linear_motifs/output/20220103_sh3_r1/sh3_r1_127 in 14.06 minutes.
