/mnt/home/dzorine/software/homog/homog/homog.py:98: SyntaxWarning: "is" with a literal. Did you mean "=="?
  if degrees is 'auto': degrees = guess_is_degrees(angle)
[23:15:29] /opt/dgl/src/runtime/tensordispatch.cc:43: TensorDispatcher: dlopen failed: libtorch_cuda_cpp.so: cannot open shared object file: No such file or directory
Using backend: pytorch
--steps was given. Ignoring --grad_steps, --mcmc_steps.

Run settings:
{'network_name': 'rf_Nov05_2021', 'use_template': None, 'num': 2, 'start_num': 142, 'msa_num': 1, 'out': '/mnt/home/jue/halluc/linear_motifs/output/20220103_sh3_r1/sh3_r1', 'cautious': 1, 'save_pdb': 1, 'save_batch_fas': False, 'track_step': 10, 'track_logits': False, 'out_step': None, 'seed_rng': False, 'steps': 'g600', 'grad_steps': 400, 'mcmc_steps': 0, 'optimizer': 'nsgd', 'drop': 0.2, 'init_sd': 1e-06, 'learning_rate': 0.05, 'grad_check': True, 'logit_scale': 1, 'seq_prob_type': 'hard', 'seq_sample': False, 'calc_bkg': True, 'cce_sd': None, 'hal_sd': None, 'corrupt_sequence': None, 'corrupt_fraction': None, 'pdb': '/mnt/home/jue/halluc/linear_motifs/input/SH3_2w0z.pdb', 'mask': None, 'contigs': 'B7-14', 'con_set_id': None, 'len': '55-100', 'keep_order': False, 'contig_min_gap': 5, 'spike': None, 'spike_fas': None, 'force_aa': 'B7-14', 'exclude_aa': 'C', 'force_aa_hal': None, 'template_pdbs': None, 'no_bkg_mask': False, 'num_repeats': 0, 'init_seq': None, 'masks_bkg': None, 'masks_pass': None, 'force_logits': None, 'receptor': None, 'rec_placement': 'second', 'gap': 200, 'w_cce': 1, 'w_crmsd': -1, 'w_entropy': 1, 'w_kl': -1, 'n_bkg': 100, 'w_rep': 2.0, 'w_set_rep': -1, 'w_atr': -1, 'w_set_atr': -1, 'w_rog': 1.0, 'w_aspect_ratio': -1, 'w_cyc_sym': -1, 'w_surfnp': -1, 'w_nc': -1, 'w_cce_bg': -1, 'w_sym': -1, 'cce_cutoff': 19.9, 'rep_pdb': 'input/SH3_2w0z_rec.pdb', 'rep_sigma': 3.5, 'atr_pdb': None, 'atr_sigma': 5, 'entropy_beta': 10, 'rog_thresh': 16.0, 'surfnp_nbr_thresh': 2.5, 'nc_target': -7, 'entropy_dist_bins': 16, 'mcmc_halflife': 500.0, 'T_acc_0': 0.002, 'mcmc_batch': 1, 'anneal_t1d': False, 'erode_template': False, 'num_masked_tokens': 1, 'weights_dir': '/projects/ml/trDesign', 'nthreads': 4, 'cce_cutstep': None, 'cce_thresh': 2.2, 'batch': 64, 'lr': 0.2, 'nsteps': 100, 'commit': 'c344913efafbbfe8f452574b0c86c348792a5045'}

Loading structure prediction model onto device cuda:0...
#   trunk_msa_v00     [ens=1]   AF2-inspired 12-block 2-track trunk
#   trunk_tbm_v00     [ens=1]   AF2-inspired 3-track trunk
#   rf_v00            [ens=1]   RoseTTAFold 3-track trunk + refiner (formerly trunk_e2e_v00)
# * rf_Nov05_2021     [ens=1]   RoseTTAFold 3-track, no perceiver, Nov. 5 2021
#   rf_perceiver_v00  [ens=1]   RoseTTAFold w/ Perceiver & FAPE loss (msa_full=zeros)
#   rf_perceiver_v01  [ens=1]   RoseTTAFold w/ Perceiver & FAPE loss (msa_full=msa_latent)
#   af2_v00           [ens=0]   AlphaFold2 (only works with rescue.py)
Loaded sequence-to-structure model rf_Nov05_2021 with 66037142 parameters

Model hyperparameters:
{'SE3_param': {'div': 4, 'l0_in_features': 32, 'l0_out_features': 32, 'l1_in_features': 3, 'l1_out_features': 2, 'n_heads': 4, 'num_channels': 32, 'num_degrees': 2, 'num_edge_features': 32, 'num_layers': 3}, 'd_hidden': 32, 'd_hidden_templ': 64, 'd_msa': 256, 'd_msa_full': 64, 'd_pair': 128, 'd_templ': 64, 'n_head_msa': 8, 'n_head_pair': 4, 'n_head_templ': 4, 'n_module_2track': 24, 'n_module_3track': 8, 'p_drop': 0.0}

Using CUDA device(s):  cuda:0: (GeForce RTX 2080); 

Parsing input pdb...

Generating sh3_r1_142, length 87...
Forcing amino acids:  B7P,B8P,B9P,B10R,B11P,B12P,B13K,B14P
Loss term           | Weight      
cce                   1.00
entropy               1.00
rep                   2.00
rog                   1.00

Stage 0
Starting gradient descent...
        step    avg loss         cce     entropy         rep         rog
           0      1.3220      1.7913      2.9789      0.8478      0.1444
          10      1.2274      1.5914      2.9482      0.4760      0.6452
          20      0.9930      1.7912      2.9507      0.0997      0.0239
          30      1.4830      1.6628      2.9274      0.0000      2.8247
          40      0.9173      1.6677      2.9097      0.0000      0.0091
          50      0.9165      1.6451      2.9309      0.0000      0.0065
          60      0.9014      1.6527      2.8430      0.0000      0.0110
          70      0.8635      1.5276      2.7805      0.0000      0.0091
          80      1.2258      1.6026      2.8222      0.0000      1.7041
          90      0.8801      1.5563      2.8385      0.0000      0.0056
         100      0.8737      1.6350      2.7200      0.0001      0.0132
         110      0.9877      1.5816      2.8208      0.0000      0.5359
         120      1.3985      1.5551      2.7278      0.0370      2.6354
         130      0.8180      1.5428      2.5322      0.0000      0.0149
         140      0.8094      1.4129      2.5481      0.0000      0.0860
         150      0.7558      1.4910      2.2625      0.0014      0.0228
         160      0.7180      1.4425      2.1330      0.0000      0.0144
         170      0.8256      1.6285      2.3974      0.0380      0.0262
         180      0.7098      1.4342      2.0993      0.0002      0.0149
         190      0.6824      1.4519      1.9453      0.0003      0.0140
         200      0.7090      1.4151      2.1144      0.0001      0.0152
         210      0.7189      1.4738      2.0942      0.0058      0.0151
         220      0.7022      1.4697      2.0270      0.0000      0.0141
         230      0.8160      1.5333      2.3184      0.1061      0.0160
         240      0.7346      1.4627      2.1975      0.0000      0.0127
         250      0.7196      1.4191      2.1620      0.0013      0.0146
         260      0.7070      1.5123      2.0069      0.0000      0.0157
         270      0.7082      1.4738      2.0529      0.0002      0.0140
         280      0.7058      1.4906      2.0226      0.0001      0.0159
         290      0.7168      1.4884      2.0787      0.0000      0.0170
         300      0.6939      1.4171      2.0373      0.0000      0.0150
         310      0.6995      1.4750      2.0049      0.0000      0.0177
         320      0.7065      1.4648      2.0510      0.0000      0.0168
         330      0.7273      1.5189      2.1012      0.0000      0.0165
         340      0.7409      1.4457      2.2452      0.0000      0.0136
         350      0.6839      1.4619      1.9468      0.0000      0.0110
         360      0.6974      1.4674      1.9842      0.0113      0.0128
         370      0.8641      1.5629      2.5064      0.0000      0.2511
         380      0.7331      1.5724      2.0751      0.0001      0.0178
         390      0.7044      1.4667      2.0382      0.0000      0.0173
         400      1.1784      1.5235      2.0757      1.1389      0.0149
         410      0.7192      1.4451      2.1403      0.0000      0.0104
         420      0.7121      1.3880      2.1549      0.0000      0.0176
         430      0.7178      1.4558      2.1200      0.0005      0.0121
         440      0.7702      1.5324      2.2877      0.0000      0.0309
         450      0.7523      1.4432      2.2100      0.0411      0.0263
         460      0.6949      1.4423      2.0159      0.0001      0.0161
         470      0.7885      1.5476      2.3717      0.0000      0.0231
         480      0.7374      1.4484      2.2224      0.0030      0.0104
         490      0.7375      1.5268      2.1466      0.0000      0.0139
         500      0.7674      1.4613      2.3365      0.0000      0.0391
         510      0.6614      1.3845      1.9080      0.0001      0.0142
         520      0.7189      1.3944      2.1857      0.0000      0.0142
         530      0.6993      1.4779      2.0051      0.0000      0.0133
         540      0.7372      1.5811      2.0906      0.0000      0.0145
         550      0.7100      1.5893      1.9464      0.0000      0.0145
         560      0.6926      1.4342      2.0111      0.0000      0.0178
         570      0.7542      1.4869      2.2650      0.0000      0.0191
         580      0.6978      1.4426      2.0286      0.0000      0.0174
         590      0.7945      1.5569      2.3939      0.0000      0.0217
         600      0.7565      1.5811      2.1840      0.0012      0.0150
       final      0.6614      1.3845      1.9080      0.0001      0.0142
best loss step: 510
Max CUDA memory: 1.3663G
Saving /mnt/home/jue/halluc/linear_motifs/output/20220103_sh3_r1/sh3_r1_142: npz, fas, trb, trk, trfold pdb
Finished design /mnt/home/jue/halluc/linear_motifs/output/20220103_sh3_r1/sh3_r1_142 in 14.60 minutes.

Generating sh3_r1_143, length 100...
Forcing amino acids:  B7P,B8P,B9P,B10R,B11P,B12P,B13K,B14P
Loss term           | Weight      
cce                   1.00
entropy               1.00
rep                   2.00
rog                   1.00

Stage 0
Starting gradient descent...
        step    avg loss         cce     entropy         rep         rog
           0      0.9349      1.6741      2.9930      0.0005      0.0065
          10      1.9268      1.6588      2.5145      2.6954      0.0696
          20      1.4492      1.5570      2.6070      1.5106      0.0607
          30      1.1705      1.6318      2.5133      0.8323      0.0427
          40      1.5324      1.6519      2.6556      1.6562      0.0419
          50      0.8143      1.6124      2.3256      0.0244      0.0847
          60      0.7891      1.5931      2.3007      0.0000      0.0518
          70      0.8343      1.6297      2.2456      0.1175      0.0614
          80      0.7573      1.5564      2.1954      0.0000      0.0347
          90      0.7231      1.4951      2.0844      0.0000      0.0358
         100      0.7088      1.5110      1.9904      0.0000      0.0428
         110      0.7912      1.5942      2.3067      0.0000      0.0552
         120      0.7378      1.5321      2.1007      0.0000      0.0562
         130      0.7534      1.4976      2.1843      0.0117      0.0617
         140      0.7576      1.5642      2.1385      0.0188      0.0480
         150      0.7613      1.5158      2.0917      0.0647      0.0693
         160      0.7429      1.5008      2.1495      0.0000      0.0640
         170      0.7381      1.5115      2.1274      0.0000      0.0517
         180      0.7310      1.4897      2.1005      0.0000      0.0649
         190      0.7338      1.5335      2.0779      0.0000      0.0575
         200      0.7318      1.5369      2.0701      0.0000      0.0520
         210      0.7431      1.4855      2.1870      0.0002      0.0429
         220      0.7460      1.5067      2.0865      0.0422      0.0527
         230      0.7331      1.5367      2.0860      0.0000      0.0428
         240      0.7261      1.4729      2.1107      0.0000      0.0469
         250      0.8961      1.5137      2.1274      0.3823      0.0749
         260      0.7138      1.5318      1.9958      0.0000      0.0415
         270      0.7303      1.5394      2.0680      0.0000      0.0442
         280      0.7083      1.4868      2.0017      0.0001      0.0530
         290      0.7125      1.4823      2.0463      0.0000      0.0340
         300      0.7208      1.4968      2.0736      0.0000      0.0335
         310      0.7057      1.4441      2.0404      0.0000      0.0441
         320      0.7448      1.4894      2.1963      0.0000      0.0382
         330      0.7344      1.4762      2.1379      0.0000      0.0581
         340      0.7434      1.5260      2.1385      0.0000      0.0525
         350      0.7349      1.5643      2.0765      0.0000      0.0334
         360      0.7433      1.5681      2.0870      0.0000      0.0612
         370      0.7218      1.4534      2.1097      0.0000      0.0458
         380      0.7213      1.5363      2.0164      0.0000      0.0538
         390      0.7383      1.4790      2.1582      0.0000      0.0544
         400      0.7276      1.5612      2.0136      0.0000      0.0634
         410      0.7341      1.5436      2.0747      0.0000      0.0520
         420      0.7067      1.4455      2.0540      0.0000      0.0339
         430      0.7765      1.5738      2.2428      0.0207      0.0242
         440      0.7679      1.5046      2.2886      0.0000      0.0461
         450      0.7933      1.5214      2.3974      0.0000      0.0475
         460      0.7776      1.5592      2.0847      0.1001      0.0440
         470      0.8010      1.4800      2.1750      0.1427      0.0647
         480      0.7234      1.4898      2.0727      0.0000      0.0545
         490      0.7258      1.5142      2.0566      0.0002      0.0580
         500      0.7653      1.5403      2.1827      0.0282      0.0470
         510      0.7384      1.5481      2.0764      0.0130      0.0416
         520      0.7318      1.5112      2.1055      0.0000      0.0422
         530      0.7256      1.4913      2.0827      0.0000      0.0541
         540      0.7408      1.5250      2.1356      0.0000      0.0436
         550      0.7683      1.4986      2.3063      0.0000      0.0366
         560      0.7296      1.4867      2.1244      0.0000      0.0366
         570      0.7860      1.5041      2.1422      0.0001      0.2835
         580      0.7967      1.5388      2.2071      0.0000      0.2375
         590      0.7147      1.4668      2.0543      0.0026      0.0470
         600      0.7481      1.5431      2.1556      0.0001      0.0415
       final      0.7055      1.4783      2.0035      0.0000      0.0457
best loss step: 236
Max CUDA memory: 1.7129G
Saving /mnt/home/jue/halluc/linear_motifs/output/20220103_sh3_r1/sh3_r1_143: npz, fas, trb, trk, trfold pdb
Finished design /mnt/home/jue/halluc/linear_motifs/output/20220103_sh3_r1/sh3_r1_143 in 16.75 minutes.
