/mnt/home/dzorine/software/homog/homog/homog.py:98: SyntaxWarning: "is" with a literal. Did you mean "=="?
  if degrees is 'auto': degrees = guess_is_degrees(angle)
[21:27:23] /opt/dgl/src/runtime/tensordispatch.cc:43: TensorDispatcher: dlopen failed: libtorch_cuda_cpp.so: cannot open shared object file: No such file or directory
Using backend: pytorch
--steps was given. Ignoring --grad_steps, --mcmc_steps.

Run settings:
{'network_name': 'rf_Nov05_2021', 'use_template': None, 'num': 2, 'start_num': 68, 'msa_num': 1, 'out': '/mnt/home/jue/halluc/linear_motifs/output/20220103_sh3_r1/sh3_r1', 'cautious': 1, 'save_pdb': 1, 'save_batch_fas': False, 'track_step': 10, 'track_logits': False, 'out_step': None, 'seed_rng': False, 'steps': 'g600', 'grad_steps': 400, 'mcmc_steps': 0, 'optimizer': 'nsgd', 'drop': 0.2, 'init_sd': 1e-06, 'learning_rate': 0.05, 'grad_check': True, 'logit_scale': 1, 'seq_prob_type': 'hard', 'seq_sample': False, 'calc_bkg': True, 'cce_sd': None, 'hal_sd': None, 'corrupt_sequence': None, 'corrupt_fraction': None, 'pdb': '/mnt/home/jue/halluc/linear_motifs/input/SH3_2w0z.pdb', 'mask': None, 'contigs': 'B7-14', 'con_set_id': None, 'len': '55-100', 'keep_order': False, 'contig_min_gap': 5, 'spike': None, 'spike_fas': None, 'force_aa': 'B7-14', 'exclude_aa': 'C', 'force_aa_hal': None, 'template_pdbs': None, 'no_bkg_mask': False, 'num_repeats': 0, 'init_seq': None, 'masks_bkg': None, 'masks_pass': None, 'force_logits': None, 'receptor': None, 'rec_placement': 'second', 'gap': 200, 'w_cce': 1, 'w_crmsd': -1, 'w_entropy': 1, 'w_kl': -1, 'n_bkg': 100, 'w_rep': 2.0, 'w_set_rep': -1, 'w_atr': -1, 'w_set_atr': -1, 'w_rog': 1.0, 'w_aspect_ratio': -1, 'w_cyc_sym': -1, 'w_surfnp': -1, 'w_nc': -1, 'w_cce_bg': -1, 'w_sym': -1, 'cce_cutoff': 19.9, 'rep_pdb': 'input/SH3_2w0z_rec.pdb', 'rep_sigma': 3.5, 'atr_pdb': None, 'atr_sigma': 5, 'entropy_beta': 10, 'rog_thresh': 16.0, 'surfnp_nbr_thresh': 2.5, 'nc_target': -7, 'entropy_dist_bins': 16, 'mcmc_halflife': 500.0, 'T_acc_0': 0.002, 'mcmc_batch': 1, 'anneal_t1d': False, 'erode_template': False, 'num_masked_tokens': 1, 'weights_dir': '/projects/ml/trDesign', 'nthreads': 4, 'cce_cutstep': None, 'cce_thresh': 2.2, 'batch': 64, 'lr': 0.2, 'nsteps': 100, 'commit': 'c344913efafbbfe8f452574b0c86c348792a5045'}

Loading structure prediction model onto device cuda:0...
#   trunk_msa_v00     [ens=1]   AF2-inspired 12-block 2-track trunk
#   trunk_tbm_v00     [ens=1]   AF2-inspired 3-track trunk
#   rf_v00            [ens=1]   RoseTTAFold 3-track trunk + refiner (formerly trunk_e2e_v00)
# * rf_Nov05_2021     [ens=1]   RoseTTAFold 3-track, no perceiver, Nov. 5 2021
#   rf_perceiver_v00  [ens=1]   RoseTTAFold w/ Perceiver & FAPE loss (msa_full=zeros)
#   rf_perceiver_v01  [ens=1]   RoseTTAFold w/ Perceiver & FAPE loss (msa_full=msa_latent)
#   af2_v00           [ens=0]   AlphaFold2 (only works with rescue.py)
Loaded sequence-to-structure model rf_Nov05_2021 with 66037142 parameters

Model hyperparameters:
{'SE3_param': {'div': 4, 'l0_in_features': 32, 'l0_out_features': 32, 'l1_in_features': 3, 'l1_out_features': 2, 'n_heads': 4, 'num_channels': 32, 'num_degrees': 2, 'num_edge_features': 32, 'num_layers': 3}, 'd_hidden': 32, 'd_hidden_templ': 64, 'd_msa': 256, 'd_msa_full': 64, 'd_pair': 128, 'd_templ': 64, 'n_head_msa': 8, 'n_head_pair': 4, 'n_head_templ': 4, 'n_module_2track': 24, 'n_module_3track': 8, 'p_drop': 0.0}

Using CUDA device(s):  cuda:0: (GeForce RTX 2080); 

Parsing input pdb...

Generating sh3_r1_68, length 78...
Forcing amino acids:  B7P,B8P,B9P,B10R,B11P,B12P,B13K,B14P
Loss term           | Weight      
cce                   1.00
entropy               1.00
rep                   2.00
rog                   1.00

Stage 0
Starting gradient descent...
        step    avg loss         cce     entropy         rep         rog
           0      1.0086      1.6662      2.9208      0.0000      0.4561
          10      1.6402      1.7611      2.9326      1.7343      0.0386
          20      0.9355      1.7170      2.9292      0.0000      0.0312
          30      0.9573      1.7161      2.8381      0.0636      0.1053
          40      0.9788      1.6433      2.8075      0.0000      0.4433
          50      0.8707      1.5524      2.6457      0.0383      0.0788
          60      0.8527      1.5663      2.6740      0.0005      0.0225
          70      0.8367      1.4904      2.6464      0.0000      0.0467
          80      0.8236      1.6128      2.4745      0.0000      0.0308
          90      0.7819      1.4657      2.3575      0.0278      0.0308
         100      0.8125      1.5507      2.4644      0.0117      0.0239
         110      0.7825      1.5446      2.3436      0.0002      0.0237
         120      0.8087      1.5198      2.4862      0.0000      0.0374
         130      0.8379      1.5714      2.5180      0.0000      0.0999
         140      0.7604      1.4253      2.3229      0.0000      0.0539
         150      0.7071      1.4542      2.0425      0.0000      0.0389
         160      0.7430      1.4291      2.2200      0.0150      0.0356
         170      0.7043      1.4112      2.0575      0.0084      0.0359
         180      0.7464      1.4281      2.2653      0.0000      0.0387
         190      0.7206      1.4319      2.0694      0.0000      0.1018
         200      0.7221      1.4297      2.1411      0.0000      0.0400
         210      0.7105      1.3886      2.1234      0.0000      0.0406
         220      0.7009      1.4220      2.0512      0.0000      0.0311
         230      0.7142      1.3992      2.1337      0.0000      0.0381
         240      0.7479      1.3736      2.3257      0.0000      0.0404
         250      0.7873      1.4311      2.3488      0.0000      0.1568
         260      0.7895      1.4755      2.3643      0.0000      0.1075
         270      0.7366      1.3956      2.1706      0.0000      0.1167
         280      0.7426      1.3892      2.2229      0.0000      0.1008
         290      0.7567      1.4178      2.2419      0.0000      0.1237
         300      0.7807      1.3886      2.3340      0.0137      0.1533
         310      0.7635      1.4042      2.2924      0.0000      0.1210
         320      0.7085      1.3755      2.0317      0.0004      0.1343
         330      0.7476      1.3896      2.2423      0.0003      0.1056
         340      1.7143      1.5524      2.5238      0.0000      4.4952
         350      0.8192      1.4006      2.1785      0.1974      0.1224
         360      0.8160      1.5101      2.4400      0.0000      0.1298
         370      0.7328      1.4784      2.1119      0.0000      0.0738
         380      0.7060      1.3408      2.0875      0.0000      0.1016
         390      0.7548      1.4425      2.2473      0.0000      0.0841
         400      0.7633      1.4005      2.3215      0.0000      0.0943
         410      0.7906      1.5049      2.3289      0.0000      0.1192
         420      0.7806      1.4583      2.3380      0.0000      0.1067
         430      0.7775      1.5047      2.2831      0.0000      0.0998
         440      0.7808      1.4866      2.3287      0.0000      0.0885
         450      0.7491      1.4214      2.1986      0.0000      0.1254
         460      0.7792      1.4445      2.3422      0.0001      0.1091
         470      1.0679      1.4529      2.5555      0.6260      0.0792
         480      0.7638      1.3460      2.2151      0.0678      0.1221
         490      0.7479      1.4110      2.2231      0.0004      0.1049
         500      0.7981      1.4968      2.3057      0.0380      0.1120
         510      0.8113      1.4682      2.4019      0.0501      0.0861
         520      0.7567      1.5098      2.1095      0.0229      0.1183
         530      0.7176      1.3748      2.0871      0.0000      0.1264
         540      0.7720      1.4708      2.2864      0.0002      0.1024
         550      0.7397      1.4014      2.2030      0.0000      0.0940
         560      0.7646      1.3977      2.2852      0.0000      0.1402
         570      0.7598      1.4244      2.2436      0.0000      0.1309
         580      0.7618      1.4368      2.2278      0.0059      0.1325
         590      0.7359      1.3408      2.0507      0.0866      0.1150
         600      0.7774      1.4051      2.2590      0.0397      0.1438
       final      0.6911      1.3467      2.0427      0.0181      0.0298
best loss step: 215
Max CUDA memory: 1.1405G
Saving /mnt/home/jue/halluc/linear_motifs/output/20220103_sh3_r1/sh3_r1_68: npz, fas, trb, trk, trfold pdb
Finished design /mnt/home/jue/halluc/linear_motifs/output/20220103_sh3_r1/sh3_r1_68 in 14.48 minutes.

Generating sh3_r1_69, length 70...
Forcing amino acids:  B7P,B8P,B9P,B10R,B11P,B12P,B13K,B14P
Loss term           | Weight      
cce                   1.00
entropy               1.00
rep                   2.00
rog                   1.00

Stage 0
Starting gradient descent...
        step    avg loss         cce     entropy         rep         rog
           0      1.6724      1.8020      2.9675      0.0001      3.5926
          10      0.9407      1.8224      2.7952      0.0409      0.0042
          20      0.8642      1.6480      2.6613      0.0001      0.0117
          30      0.8730      1.6962      2.4587      0.1001      0.0099
          40      0.7917      1.5965      2.3539      0.0000      0.0080
          50      0.8420      1.6484      2.5537      0.0000      0.0077
          60      0.7196      1.4619      2.1274      0.0000      0.0086
          70      0.6782      1.4691      1.9119      0.0000      0.0102
          80      0.6724      1.5095      1.8421      0.0000      0.0102
          90      0.6746      1.4718      1.8925      0.0000      0.0089
         100      0.6511      1.4170      1.8289      0.0000      0.0097
         110      0.6425      1.3650      1.8383      0.0000      0.0090
         120      0.6666      1.4059      1.9177      0.0000      0.0095
         130      0.6456      1.4276      1.7906      0.0000      0.0096
         140      0.6435      1.3930      1.8147      0.0000      0.0098
         150      0.6223      1.3746      1.7269      0.0000      0.0102
         160      0.6422      1.3832      1.8166      0.0000      0.0112
         170      0.6157      1.3251      1.7436      0.0000      0.0098
         180      0.6938      1.4689      1.9905      0.0000      0.0094
         190      0.6424      1.4139      1.7888      0.0000      0.0093
         200      0.6336      1.3340      1.8245      0.0000      0.0096
         210      0.6391      1.3820      1.8040      0.0000      0.0096
         220      0.6499      1.3530      1.8876      0.0000      0.0091
         230      0.6399      1.3922      1.7974      0.0000      0.0096
         240      0.6465      1.4010      1.8216      0.0000      0.0101
         250      0.6674      1.3054      2.0222      0.0000      0.0096
         260      0.6458      1.3658      1.8535      0.0000      0.0099
         270      0.6230      1.3721      1.7338      0.0000      0.0089
         280      0.6499      1.5153      1.7250      0.0000      0.0091
         290      0.6804      1.4646      1.9280      0.0000      0.0094
         300      0.6323      1.3641      1.7874      0.0000      0.0101
         310      0.6125      1.3322      1.7211      0.0000      0.0093
         320      0.6455      1.3730      1.8442      0.0000      0.0102
         330      0.6170      1.3398      1.7351      0.0000      0.0100
         340      0.6250      1.3517      1.7629      0.0000      0.0102
         350      0.6449      1.3577      1.8566      0.0000      0.0100
         360      0.6048      1.3070      1.7072      0.0000      0.0100
         370      0.6268      1.3163      1.8076      0.0000      0.0100
         380      0.6473      1.3438      1.8824      0.0000      0.0105
         390      0.6357      1.3701      1.7997      0.0000      0.0087
         400      0.7132      1.5919      1.9436      0.0107      0.0088
         410      0.6650      1.4983      1.8168      0.0000      0.0097
         420      0.6380      1.3724      1.8080      0.0000      0.0095
         430      0.6616      1.3686      1.9289      0.0000      0.0105
         440      0.6932      1.4787      1.9788      0.0000      0.0084
         450      0.7348      1.6672      1.9968      0.0008      0.0086
         460      0.6899      1.4004      2.0411      0.0000      0.0080
         470      0.6897      1.5235      1.9151      0.0000      0.0099
         480      0.7293      1.6841      1.9109      0.0215      0.0084
         490      0.7117      1.4452      2.1034      0.0000      0.0100
         500      0.7047      1.5429      1.9707      0.0000      0.0102
         510      0.7213      1.5571      2.0387      0.0001      0.0106
         520      0.6568      1.4009      1.8731      0.0000      0.0100
         530      1.2326      1.3439      2.1842      0.0000      2.6348
         540      0.6285      1.3271      1.8051      0.0000      0.0103
         550      0.7172      1.5350      2.0418      0.0000      0.0094
         560      0.6315      1.3271      1.8203      0.0000      0.0100
         570      0.6823      1.4302      1.9711      0.0000      0.0101
         580      0.6511      1.3846      1.8610      0.0000      0.0097
         590      0.6341      1.3534      1.8075      0.0000      0.0097
         600      0.6639      1.3840      1.9248      0.0000      0.0109
       final      0.6048      1.3070      1.7072      0.0000      0.0100
best loss step: 360
Max CUDA memory: 0.9728G
Saving /mnt/home/jue/halluc/linear_motifs/output/20220103_sh3_r1/sh3_r1_69: npz, fas, trb, trk, trfold pdb
Finished design /mnt/home/jue/halluc/linear_motifs/output/20220103_sh3_r1/sh3_r1_69 in 14.25 minutes.
