/mnt/home/dzorine/software/homog/homog/homog.py:98: SyntaxWarning: "is" with a literal. Did you mean "=="?
  if degrees is 'auto': degrees = guess_is_degrees(angle)
[19:56:47] /opt/dgl/src/runtime/tensordispatch.cc:43: TensorDispatcher: dlopen failed: libtorch_cuda_cpp.so: cannot open shared object file: No such file or directory
Using backend: pytorch
--steps was given. Ignoring --grad_steps, --mcmc_steps.

Run settings:
{'network_name': 'rf_Nov05_2021', 'use_template': None, 'num': 2, 'start_num': 18, 'msa_num': 1, 'out': '/mnt/home/jue/halluc/linear_motifs/output/20220103_sh3_r1/sh3_r1', 'cautious': 1, 'save_pdb': 1, 'save_batch_fas': False, 'track_step': 10, 'track_logits': False, 'out_step': None, 'seed_rng': False, 'steps': 'g600', 'grad_steps': 400, 'mcmc_steps': 0, 'optimizer': 'nsgd', 'drop': 0.2, 'init_sd': 1e-06, 'learning_rate': 0.05, 'grad_check': True, 'logit_scale': 1, 'seq_prob_type': 'hard', 'seq_sample': False, 'calc_bkg': True, 'cce_sd': None, 'hal_sd': None, 'corrupt_sequence': None, 'corrupt_fraction': None, 'pdb': '/mnt/home/jue/halluc/linear_motifs/input/SH3_2w0z.pdb', 'mask': None, 'contigs': 'B7-14', 'con_set_id': None, 'len': '55-100', 'keep_order': False, 'contig_min_gap': 5, 'spike': None, 'spike_fas': None, 'force_aa': 'B7-14', 'exclude_aa': 'C', 'force_aa_hal': None, 'template_pdbs': None, 'no_bkg_mask': False, 'num_repeats': 0, 'init_seq': None, 'masks_bkg': None, 'masks_pass': None, 'force_logits': None, 'receptor': None, 'rec_placement': 'second', 'gap': 200, 'w_cce': 1, 'w_crmsd': -1, 'w_entropy': 1, 'w_kl': -1, 'n_bkg': 100, 'w_rep': 2.0, 'w_set_rep': -1, 'w_atr': -1, 'w_set_atr': -1, 'w_rog': 1.0, 'w_aspect_ratio': -1, 'w_cyc_sym': -1, 'w_surfnp': -1, 'w_nc': -1, 'w_cce_bg': -1, 'w_sym': -1, 'cce_cutoff': 19.9, 'rep_pdb': 'input/SH3_2w0z_rec.pdb', 'rep_sigma': 3.5, 'atr_pdb': None, 'atr_sigma': 5, 'entropy_beta': 10, 'rog_thresh': 16.0, 'surfnp_nbr_thresh': 2.5, 'nc_target': -7, 'entropy_dist_bins': 16, 'mcmc_halflife': 500.0, 'T_acc_0': 0.002, 'mcmc_batch': 1, 'anneal_t1d': False, 'erode_template': False, 'num_masked_tokens': 1, 'weights_dir': '/projects/ml/trDesign', 'nthreads': 4, 'cce_cutstep': None, 'cce_thresh': 2.2, 'batch': 64, 'lr': 0.2, 'nsteps': 100, 'commit': 'c344913efafbbfe8f452574b0c86c348792a5045'}

Loading structure prediction model onto device cuda:0...
#   trunk_msa_v00     [ens=1]   AF2-inspired 12-block 2-track trunk
#   trunk_tbm_v00     [ens=1]   AF2-inspired 3-track trunk
#   rf_v00            [ens=1]   RoseTTAFold 3-track trunk + refiner (formerly trunk_e2e_v00)
# * rf_Nov05_2021     [ens=1]   RoseTTAFold 3-track, no perceiver, Nov. 5 2021
#   rf_perceiver_v00  [ens=1]   RoseTTAFold w/ Perceiver & FAPE loss (msa_full=zeros)
#   rf_perceiver_v01  [ens=1]   RoseTTAFold w/ Perceiver & FAPE loss (msa_full=msa_latent)
#   af2_v00           [ens=0]   AlphaFold2 (only works with rescue.py)
Loaded sequence-to-structure model rf_Nov05_2021 with 66037142 parameters

Model hyperparameters:
{'SE3_param': {'div': 4, 'l0_in_features': 32, 'l0_out_features': 32, 'l1_in_features': 3, 'l1_out_features': 2, 'n_heads': 4, 'num_channels': 32, 'num_degrees': 2, 'num_edge_features': 32, 'num_layers': 3}, 'd_hidden': 32, 'd_hidden_templ': 64, 'd_msa': 256, 'd_msa_full': 64, 'd_pair': 128, 'd_templ': 64, 'n_head_msa': 8, 'n_head_pair': 4, 'n_head_templ': 4, 'n_module_2track': 24, 'n_module_3track': 8, 'p_drop': 0.0}

Using CUDA device(s):  cuda:0: (GeForce RTX 2080); 

Parsing input pdb...

Generating sh3_r1_18, length 70...
Forcing amino acids:  B7P,B8P,B9P,B10R,B11P,B12P,B13K,B14P
Loss term           | Weight      
cce                   1.00
entropy               1.00
rep                   2.00
rog                   1.00

Stage 0
Starting gradient descent...
        step    avg loss         cce     entropy         rep         rog
           0      1.6893      1.7126      2.9465      1.6444      0.4988
          10      1.3062      1.7054      2.8921      0.9655      0.0026
          20      0.9103      1.6149      2.8965      0.0000      0.0401
          30      2.1107      1.5754      2.9078      1.1514      3.7675
          40      0.8994      1.6224      2.8549      0.0005      0.0189
          50      1.0147      1.5565      2.7363      0.3894      0.0018
          60      0.9452      1.5089      2.7579      0.0000      0.4594
          70      1.9889      1.6480      2.5726      2.8595      0.0049
          80      1.8050      1.6182      2.6812      0.0000      4.7258
          90      1.7107      1.5208      2.5752      0.0000      4.4577
         100      0.9196      1.6686      2.6421      0.0000      0.2871
         110      1.0876      1.5840      2.5702      0.5764      0.1310
         120      1.9204      1.5767      2.7624      2.5160      0.2308
         130      0.8481      1.5305      2.6679      0.0000      0.0420
         140      0.8347      1.5900      2.5331      0.0000      0.0502
         150      0.8230      1.5772      2.4662      0.0000      0.0717
         160      0.8012      1.5571      2.4298      0.0000      0.0193
         170      0.7923      1.5616      2.3830      0.0000      0.0168
         180      0.7735      1.5578      2.2895      0.0000      0.0204
         190      0.9089      1.6371      2.4605      0.2147      0.0174
         200      0.8363      1.4875      2.4879      0.0000      0.2063
         210      0.7649      1.4849      2.3098      0.0000      0.0300
         220      0.7654      1.6054      2.2039      0.0000      0.0175
         230      0.7775      1.5138      2.1917      0.0809      0.0201
         240      0.7905      1.5649      2.3706      0.0000      0.0172
         250      0.7528      1.4831      2.2424      0.0000      0.0384
         260      1.1459      1.5950      2.4042      0.2792      1.1719
         270      0.7103      1.5180      2.0081      0.0000      0.0254
         280      0.6921      1.4064      2.0313      0.0000      0.0231
         290      0.6855      1.4147      1.9941      0.0000      0.0186
         300      0.6950      1.4987      1.9549      0.0000      0.0215
         310      0.7418      1.5370      2.1504      0.0000      0.0215
         320      0.6971      1.4205      2.0418      0.0000      0.0230
         330      0.7282      1.4703      2.1493      0.0000      0.0216
         340      0.6999      1.4166      2.0653      0.0000      0.0175
         350      0.7658      1.4846      2.3264      0.0000      0.0183
         360      0.7246      1.4382      2.1629      0.0009      0.0201
         370      0.7358      1.3947      2.2567      0.0000      0.0274
         380      0.7086      1.4708      2.0538      0.0000      0.0185
         390      0.7044      1.4127      2.0564      0.0188      0.0155
         400      0.6828      1.3940      2.0063      0.0001      0.0135
         410      0.6854      1.3388      2.0721      0.0000      0.0158
         420      0.6812      1.4295      1.9602      0.0000      0.0161
         430      0.7307      1.4636      2.1705      0.0000      0.0196
         440      0.6912      1.3691      2.0686      0.0000      0.0184
         450      0.7190      1.4734      2.1069      0.0000      0.0147
         460      0.7110      1.5227      2.0180      0.0001      0.0141
         470      0.7463      1.5355      2.1736      0.0008      0.0207
         480      0.7207      1.4854      2.1019      0.0000      0.0164
         490      1.1875      1.5036      2.4022      0.0000      2.0315
         500      0.7297      1.4507      2.1812      0.0001      0.0166
         510      0.6670      1.3954      1.9199      0.0001      0.0194
         520      0.6975      1.3628      2.1056      0.0000      0.0189
         530      0.6867      1.3954      2.0247      0.0000      0.0133
         540      0.6798      1.3272      2.0547      0.0000      0.0170
         550      0.6681      1.3371      1.9850      0.0001      0.0181
         560      0.6633      1.3716      1.9256      0.0000      0.0192
         570      0.6573      1.3248      1.9446      0.0000      0.0170
         580      0.6971      1.4102      2.0571      0.0000      0.0183
         590      0.6806      1.4198      1.9649      0.0004      0.0175
         600      0.7033      1.3916      2.1057      0.0014      0.0163
       final      0.6476      1.2756      1.9424      0.0000      0.0198
best loss step: 529
Max CUDA memory: 0.9662G
Saving /mnt/home/jue/halluc/linear_motifs/output/20220103_sh3_r1/sh3_r1_18: npz, fas, trb, trk, trfold pdb
Finished design /mnt/home/jue/halluc/linear_motifs/output/20220103_sh3_r1/sh3_r1_18 in 14.31 minutes.

Generating sh3_r1_19, length 70...
Forcing amino acids:  B7P,B8P,B9P,B10R,B11P,B12P,B13K,B14P
Loss term           | Weight      
cce                   1.00
entropy               1.00
rep                   2.00
rog                   1.00

Stage 0
Starting gradient descent...
        step    avg loss         cce     entropy         rep         rog
           0      1.1716      1.8553      2.9778      0.2186      0.5875
          10      1.6708      1.6735      2.6985      1.9812      0.0197
          20      1.4135      1.6577      2.8413      1.2609      0.0467
          30      1.0181      1.5805      2.7863      0.0000      0.7237
          40      1.0443      1.7631      2.7515      0.0990      0.5091
          50      0.9193      1.7554      2.8201      0.0003      0.0204
          60      0.8990      1.6480      2.8095      0.0111      0.0151
          70      1.1553      1.6457      2.7506      0.0000      1.3803
          80      1.0962      1.6111      2.7781      0.5162      0.0596
          90      1.4605      1.6734      2.7614      0.0000      2.8678
         100      0.9041      1.8179      2.6674      0.0038      0.0276
         110      0.8822      1.7607      2.6289      0.0001      0.0212
         120      0.8745      1.6669      2.6661      0.0007      0.0382
         130      0.8714      1.7371      2.5942      0.0001      0.0253
         140      1.2443      1.5643      2.6607      0.0000      1.9964
         150      0.8247      1.6696      2.4333      0.0001      0.0204
         160      0.8146      1.7028      2.3465      0.0001      0.0235
         170      0.8448      1.7800      2.4322      0.0004      0.0111
         180      0.7678      1.5802      2.2348      0.0000      0.0237
         190      0.7862      1.6153      2.2941      0.0000      0.0214
         200      0.7618      1.6635      2.1219      0.0001      0.0234
         210      0.7559      1.5871      2.1781      0.0000      0.0143
         220      0.7775      1.5825      2.2880      0.0000      0.0171
         230      0.7661      1.5015      2.3102      0.0000      0.0187
         240      0.7446      1.5495      2.1359      0.0000      0.0376
         250      0.7818      1.6480      2.2454      0.0000      0.0157
         260      0.7414      1.4956      2.1663      0.0000      0.0454
         270      0.7400      1.6009      2.0860      0.0000      0.0131
         280      0.7491      1.5573      2.1797      0.0000      0.0084
         290      0.7488      1.5111      2.2230      0.0000      0.0098
         300      0.7873      1.6707      2.2541      0.0001      0.0114
         310      0.7550      1.5265      2.2139      0.0000      0.0344
         320      0.8016      1.6718      2.3161      0.0000      0.0203
         330      0.8365      1.6634      2.5063      0.0000      0.0128
         340      0.7185      1.5986      1.9798      0.0000      0.0139
         350      0.7743      1.5642      2.2684      0.0000      0.0390
         360      1.2773      1.5615      2.3221      0.0020      2.4990
         370      0.8057      1.5277      2.4166      0.0000      0.0840
         380      0.7247      1.5292      2.0820      0.0000      0.0123
         390      0.7569      1.6117      2.1518      0.0000      0.0211
         400      0.7628      1.6350      2.1551      0.0000      0.0237
         410      0.7203      1.4984      2.0960      0.0000      0.0071
         420      0.7461      1.5291      2.1923      0.0000      0.0090
         430      0.7774      1.5631      2.2634      0.0000      0.0603
         440      0.7661      1.6081      2.1601      0.0271      0.0079
         450      0.7377      1.5822      2.0982      0.0000      0.0082
         460      0.7471      1.5580      2.1660      0.0000      0.0118
         470      0.7326      1.5578      2.0985      0.0000      0.0067
         480      0.7712      1.5133      2.3359      0.0000      0.0068
         490      0.7953      1.5227      2.4386      0.0000      0.0151
         500      0.7108      1.4949      2.0528      0.0002      0.0057
         510      0.7245      1.4785      2.1277      0.0000      0.0164
         520      0.7889      1.5232      2.3647      0.0255      0.0059
         530      0.7227      1.5158      2.0913      0.0000      0.0064
         540      0.7751      1.6044      2.2559      0.0000      0.0151
         550      0.7194      1.5881      1.9997      0.0001      0.0092
         560      0.7454      1.6168      2.1017      0.0000      0.0085
         570      0.7291      1.5509      2.0880      0.0000      0.0067
         580      0.7473      1.5773      2.1428      0.0000      0.0166
         590      0.7487      1.5746      2.1630      0.0000      0.0062
         600      0.7667      1.6586      2.1672      0.0001      0.0078
       final      0.6861      1.4571      1.9621      0.0000      0.0111
best loss step: 473
Max CUDA memory: 0.9698G
Saving /mnt/home/jue/halluc/linear_motifs/output/20220103_sh3_r1/sh3_r1_19: npz, fas, trb, trk, trfold pdb
Finished design /mnt/home/jue/halluc/linear_motifs/output/20220103_sh3_r1/sh3_r1_19 in 14.21 minutes.
