/mnt/home/dzorine/software/homog/homog/homog.py:98: SyntaxWarning: "is" with a literal. Did you mean "=="?
  if degrees is 'auto': degrees = guess_is_degrees(angle)
[23:24:04] /opt/dgl/src/runtime/tensordispatch.cc:43: TensorDispatcher: dlopen failed: libtorch_cuda_cpp.so: cannot open shared object file: No such file or directory
Using backend: pytorch
--steps was given. Ignoring --grad_steps, --mcmc_steps.

Run settings:
{'network_name': 'rf_Nov05_2021', 'use_template': None, 'num': 2, 'start_num': 146, 'msa_num': 1, 'out': '/mnt/home/jue/halluc/linear_motifs/output/20220103_sh3_r1/sh3_r1', 'cautious': 1, 'save_pdb': 1, 'save_batch_fas': False, 'track_step': 10, 'track_logits': False, 'out_step': None, 'seed_rng': False, 'steps': 'g600', 'grad_steps': 400, 'mcmc_steps': 0, 'optimizer': 'nsgd', 'drop': 0.2, 'init_sd': 1e-06, 'learning_rate': 0.05, 'grad_check': True, 'logit_scale': 1, 'seq_prob_type': 'hard', 'seq_sample': False, 'calc_bkg': True, 'cce_sd': None, 'hal_sd': None, 'corrupt_sequence': None, 'corrupt_fraction': None, 'pdb': '/mnt/home/jue/halluc/linear_motifs/input/SH3_2w0z.pdb', 'mask': None, 'contigs': 'B7-14', 'con_set_id': None, 'len': '55-100', 'keep_order': False, 'contig_min_gap': 5, 'spike': None, 'spike_fas': None, 'force_aa': 'B7-14', 'exclude_aa': 'C', 'force_aa_hal': None, 'template_pdbs': None, 'no_bkg_mask': False, 'num_repeats': 0, 'init_seq': None, 'masks_bkg': None, 'masks_pass': None, 'force_logits': None, 'receptor': None, 'rec_placement': 'second', 'gap': 200, 'w_cce': 1, 'w_crmsd': -1, 'w_entropy': 1, 'w_kl': -1, 'n_bkg': 100, 'w_rep': 2.0, 'w_set_rep': -1, 'w_atr': -1, 'w_set_atr': -1, 'w_rog': 1.0, 'w_aspect_ratio': -1, 'w_cyc_sym': -1, 'w_surfnp': -1, 'w_nc': -1, 'w_cce_bg': -1, 'w_sym': -1, 'cce_cutoff': 19.9, 'rep_pdb': 'input/SH3_2w0z_rec.pdb', 'rep_sigma': 3.5, 'atr_pdb': None, 'atr_sigma': 5, 'entropy_beta': 10, 'rog_thresh': 16.0, 'surfnp_nbr_thresh': 2.5, 'nc_target': -7, 'entropy_dist_bins': 16, 'mcmc_halflife': 500.0, 'T_acc_0': 0.002, 'mcmc_batch': 1, 'anneal_t1d': False, 'erode_template': False, 'num_masked_tokens': 1, 'weights_dir': '/projects/ml/trDesign', 'nthreads': 4, 'cce_cutstep': None, 'cce_thresh': 2.2, 'batch': 64, 'lr': 0.2, 'nsteps': 100, 'commit': 'c344913efafbbfe8f452574b0c86c348792a5045'}

Loading structure prediction model onto device cuda:0...
#   trunk_msa_v00     [ens=1]   AF2-inspired 12-block 2-track trunk
#   trunk_tbm_v00     [ens=1]   AF2-inspired 3-track trunk
#   rf_v00            [ens=1]   RoseTTAFold 3-track trunk + refiner (formerly trunk_e2e_v00)
# * rf_Nov05_2021     [ens=1]   RoseTTAFold 3-track, no perceiver, Nov. 5 2021
#   rf_perceiver_v00  [ens=1]   RoseTTAFold w/ Perceiver & FAPE loss (msa_full=zeros)
#   rf_perceiver_v01  [ens=1]   RoseTTAFold w/ Perceiver & FAPE loss (msa_full=msa_latent)
#   af2_v00           [ens=0]   AlphaFold2 (only works with rescue.py)
Loaded sequence-to-structure model rf_Nov05_2021 with 66037142 parameters

Model hyperparameters:
{'SE3_param': {'div': 4, 'l0_in_features': 32, 'l0_out_features': 32, 'l1_in_features': 3, 'l1_out_features': 2, 'n_heads': 4, 'num_channels': 32, 'num_degrees': 2, 'num_edge_features': 32, 'num_layers': 3}, 'd_hidden': 32, 'd_hidden_templ': 64, 'd_msa': 256, 'd_msa_full': 64, 'd_pair': 128, 'd_templ': 64, 'n_head_msa': 8, 'n_head_pair': 4, 'n_head_templ': 4, 'n_module_2track': 24, 'n_module_3track': 8, 'p_drop': 0.0}

Using CUDA device(s):  cuda:0: (GeForce RTX 2080); 

Parsing input pdb...

Generating sh3_r1_146, length 64...
Forcing amino acids:  B7P,B8P,B9P,B10R,B11P,B12P,B13K,B14P
Loss term           | Weight      
cce                   1.00
entropy               1.00
rep                   2.00
rog                   1.00

Stage 0
Starting gradient descent...
        step    avg loss         cce     entropy         rep         rog
           0      1.2746      1.7153      2.9351      0.0351      1.6522
          10      0.8945      1.7754      2.6873      0.0000      0.0097
          20      0.8291      1.6076      2.5202      0.0000      0.0174
          30      0.8453      1.6579      2.5564      0.0000      0.0121
          40      0.8004      1.5735      2.3710      0.0000      0.0575
          50      1.1637      1.5641      2.4777      0.0000      1.7766
          60      0.7781      1.6015      2.2611      0.0000      0.0277
          70      0.8042      1.5442      2.4422      0.0000      0.0349
          80      0.7687      1.5413      2.2678      0.0000      0.0343
          90      0.7381      1.6893      1.9841      0.0000      0.0170
         100      0.7225      1.5764      2.0145      0.0000      0.0215
         110      0.7449      1.5991      2.0997      0.0000      0.0258
         120      0.6982      1.3784      2.0653      0.0000      0.0473
         130      0.7034      1.4366      2.0572      0.0000      0.0233
         140      1.6312      1.4675      2.3240      0.0000      4.3647
         150      0.7501      1.5423      2.1768      0.0000      0.0316
         160      0.8125      1.5342      2.4753      0.0000      0.0529
         170      0.6917      1.4268      1.9933      0.0000      0.0382
         180      0.7106      1.4716      2.0526      0.0000      0.0288
         190      0.6835      1.4279      1.9552      0.0000      0.0345
         200      0.7324      1.4589      2.1732      0.0000      0.0300
         210      0.6853      1.4255      1.9842      0.0000      0.0167
         220      0.6902      1.4592      1.9748      0.0000      0.0168
         230      0.7719      1.4723      2.3530      0.0000      0.0341
         240      0.7079      1.5176      1.9980      0.0000      0.0238
         250      0.7029      1.4713      2.0147      0.0000      0.0283
         260      0.6860      1.4620      1.9442      0.0000      0.0236
         270      0.7145      1.5132      2.0222      0.0000      0.0370
         280      0.7279      1.5154      2.0963      0.0000      0.0280
         290      0.7096      1.4764      2.0336      0.0000      0.0379
         300      1.1559      1.4391      2.3812      0.0000      1.9591
         310      0.8322      1.5720      2.4368      0.0000      0.1524
         320      0.8006      1.5142      2.3908      0.0000      0.0983
         330      0.7293      1.5040      2.0779      0.0000      0.0648
         340      0.7723      1.5736      2.2432      0.0000      0.0449
         350      0.8722      1.6764      2.5009      0.0000      0.1835
         360      0.8779      1.5734      2.5682      0.0000      0.2477
         370      0.7306      1.5003      2.1038      0.0000      0.0491
         380      0.7407      1.5191      2.1439      0.0000      0.0404
         390      0.7268      1.5004      2.0941      0.0000      0.0397
         400      0.8004      1.5138      2.4286      0.0000      0.0595
         410      0.7772      1.5009      2.3381      0.0000      0.0471
         420      0.7327      1.5143      2.1005      0.0000      0.0486
         430      0.7931      1.5586      2.3577      0.0000      0.0489
         440      0.7277      1.4344      2.1583      0.0000      0.0457
         450      0.7417      1.4683      2.1907      0.0000      0.0493
         460      0.8918      1.5540      2.4986      0.0000      0.4062
         470      0.7510      1.5670      2.1508      0.0000      0.0371
         480      0.7879      1.6053      2.2957      0.0000      0.0383
         490      0.8081      1.5596      2.3981      0.0000      0.0826
         500      0.7398      1.5869      2.0665      0.0000      0.0457
         510      0.7458      1.5735      2.1101      0.0000      0.0454
         520      0.7822      1.5549      2.3054      0.0000      0.0507
         530      0.8385      1.5543      2.4632      0.0000      0.1751
         540      0.7398      1.5104      2.1536      0.0000      0.0350
         550      0.8052      1.5467      2.4359      0.0000      0.0433
         560      0.7385      1.5015      2.1573      0.0000      0.0335
         570      0.7173      1.4855      2.0615      0.0000      0.0396
         580      0.7860      1.4713      2.4161      0.0000      0.0426
         590      0.7083      1.4200      2.0817      0.0000      0.0398
         600      0.7688      1.5265      2.2690      0.0000      0.0486
       final      0.6573      1.3810      1.8900      0.0010      0.0137
best loss step: 267
Max CUDA memory: 0.8499G
Saving /mnt/home/jue/halluc/linear_motifs/output/20220103_sh3_r1/sh3_r1_146: npz, fas, trb, trk, trfold pdb
Finished design /mnt/home/jue/halluc/linear_motifs/output/20220103_sh3_r1/sh3_r1_146 in 12.87 minutes.

Generating sh3_r1_147, length 63...
Forcing amino acids:  B7P,B8P,B9P,B10R,B11P,B12P,B13K,B14P
Loss term           | Weight      
cce                   1.00
entropy               1.00
rep                   2.00
rog                   1.00

Stage 0
Starting gradient descent...
        step    avg loss         cce     entropy         rep         rog
           0      2.8542      1.7452      2.8662      0.0003      9.6593
          10      1.6020      1.6823      2.9262      1.6939      0.0140
          20      1.1144      1.6155      2.9482      0.2704      0.4673
          30      1.7368      1.6720      2.9749      2.0116      0.0138
          40      1.3427      1.6772      2.9548      0.0603      1.9612
          50      1.0060      1.6239      2.8551      0.1581      0.2347
          60      0.9390      1.5562      2.8711      0.0797      0.1081
          70      0.8971      1.6841      2.7963      0.0002      0.0046
          80      0.8875      1.5703      2.8224      0.0066      0.0318
          90      0.8596      1.5246      2.7326      0.0053      0.0301
         100      0.8632      1.4963      2.7020      0.0003      0.1168
         110      0.8078      1.4963      2.5044      0.0000      0.0383
         120      0.7711      1.4574      2.3506      0.0151      0.0174
         130      0.7975      1.5333      2.2652      0.0849      0.0192
         140      0.8109      1.4254      2.5205      0.0312      0.0463
         150      0.8284      1.4833      2.6113      0.0000      0.0475
         160      0.8372      1.4945      2.5244      0.0000      0.1673
         170      0.7984      1.4241      2.2351      0.1607      0.0111
         180      0.7496      1.5066      2.2305      0.0000      0.0111
         190      0.7617      1.4073      2.2221      0.0000      0.1790
         200      0.8199      1.5671      2.4474      0.0000      0.0849
         210      0.8130      1.4827      2.4688      0.0000      0.1133
         220      0.8337      1.4930      2.5952      0.0000      0.0805
         230      0.7788      1.4298      2.3918      0.0000      0.0725
         240      0.7886      1.4086      2.4005      0.0000      0.1341
         250      0.8301      1.4906      2.5960      0.0126      0.0386
         260      0.7536      1.5066      2.2441      0.0000      0.0174
         270      0.8084      1.4748      2.5323      0.0005      0.0336
         280      0.7807      1.5951      2.2903      0.0000      0.0181
         290      0.7114      1.3546      2.1862      0.0000      0.0160
         300      0.8569      1.3855      2.2547      0.3105      0.0232
         310      0.8106      1.4701      2.5501      0.0000      0.0327
         320      0.7387      1.4984      2.1700      0.0036      0.0177
         330      0.8296      1.4407      2.3448      0.1672      0.0278
         340      0.7501      1.4980      2.2211      0.0001      0.0315
         350      0.7904      1.6395      2.2954      0.0000      0.0172
         360      0.7572      1.4758      2.2846      0.0000      0.0254
         370      0.7718      1.5415      2.3032      0.0000      0.0145
         380      0.8646      1.6050      2.5553      0.0000      0.1625
         390      0.7665      1.5410      2.2214      0.0000      0.0702
         400      0.7598      1.4024      2.3760      0.0000      0.0206
         410      0.7906      1.5032      2.4345      0.0000      0.0156
         420      0.7671      1.5138      2.3039      0.0000      0.0179
         430      0.7747      1.5088      2.2332      0.0548      0.0217
         440      0.8323      1.4895      2.5566      0.0011      0.1131
         450      0.7876      1.5861      2.3364      0.0000      0.0156
         460      0.7983      1.4976      2.4533      0.0000      0.0405
         470      0.8099      1.5147      2.4308      0.0152      0.0737
         480      0.7687      1.4564      2.3616      0.0000      0.0254
         490      1.1218      1.4780      2.6329      0.0000      1.4982
         500      0.8059      1.5005      2.3941      0.0586      0.0177
         510      0.7363      1.4388      2.2219      0.0000      0.0207
         520      0.7762      1.4371      2.3529      0.0000      0.0911
         530      0.8159      1.5217      2.5415      0.0000      0.0165
         540      0.7740      1.5041      2.2566      0.0000      0.1092
         550      0.8376      1.6063      2.5401      0.0000      0.0414
         560      0.8276      1.4876      2.3560      0.1291      0.0361
         570      0.8045      1.4287      2.5383      0.0002      0.0552
         580      0.7707      1.4279      2.3499      0.0000      0.0756
         590      0.7720      1.5188      2.2949      0.0000      0.0461
         600      0.8318      1.5814      2.4972      0.0036      0.0730
       final      0.6965      1.3608      2.1006      0.0004      0.0201
best loss step: 182
Max CUDA memory: 0.8359G
Saving /mnt/home/jue/halluc/linear_motifs/output/20220103_sh3_r1/sh3_r1_147: npz, fas, trb, trk, trfold pdb
Finished design /mnt/home/jue/halluc/linear_motifs/output/20220103_sh3_r1/sh3_r1_147 in 12.82 minutes.
