/mnt/home/dzorine/software/homog/homog/homog.py:98: SyntaxWarning: "is" with a literal. Did you mean "=="?
  if degrees is 'auto': degrees = guess_is_degrees(angle)
[22:30:32] /opt/dgl/src/runtime/tensordispatch.cc:43: TensorDispatcher: dlopen failed: libtorch_cuda_cpp.so: cannot open shared object file: No such file or directory
Using backend: pytorch
--steps was given. Ignoring --grad_steps, --mcmc_steps.

Run settings:
{'network_name': 'rf_Nov05_2021', 'use_template': None, 'num': 2, 'start_num': 112, 'msa_num': 1, 'out': '/mnt/home/jue/halluc/linear_motifs/output/20220103_sh3_r1/sh3_r1', 'cautious': 1, 'save_pdb': 1, 'save_batch_fas': False, 'track_step': 10, 'track_logits': False, 'out_step': None, 'seed_rng': False, 'steps': 'g600', 'grad_steps': 400, 'mcmc_steps': 0, 'optimizer': 'nsgd', 'drop': 0.2, 'init_sd': 1e-06, 'learning_rate': 0.05, 'grad_check': True, 'logit_scale': 1, 'seq_prob_type': 'hard', 'seq_sample': False, 'calc_bkg': True, 'cce_sd': None, 'hal_sd': None, 'corrupt_sequence': None, 'corrupt_fraction': None, 'pdb': '/mnt/home/jue/halluc/linear_motifs/input/SH3_2w0z.pdb', 'mask': None, 'contigs': 'B7-14', 'con_set_id': None, 'len': '55-100', 'keep_order': False, 'contig_min_gap': 5, 'spike': None, 'spike_fas': None, 'force_aa': 'B7-14', 'exclude_aa': 'C', 'force_aa_hal': None, 'template_pdbs': None, 'no_bkg_mask': False, 'num_repeats': 0, 'init_seq': None, 'masks_bkg': None, 'masks_pass': None, 'force_logits': None, 'receptor': None, 'rec_placement': 'second', 'gap': 200, 'w_cce': 1, 'w_crmsd': -1, 'w_entropy': 1, 'w_kl': -1, 'n_bkg': 100, 'w_rep': 2.0, 'w_set_rep': -1, 'w_atr': -1, 'w_set_atr': -1, 'w_rog': 1.0, 'w_aspect_ratio': -1, 'w_cyc_sym': -1, 'w_surfnp': -1, 'w_nc': -1, 'w_cce_bg': -1, 'w_sym': -1, 'cce_cutoff': 19.9, 'rep_pdb': 'input/SH3_2w0z_rec.pdb', 'rep_sigma': 3.5, 'atr_pdb': None, 'atr_sigma': 5, 'entropy_beta': 10, 'rog_thresh': 16.0, 'surfnp_nbr_thresh': 2.5, 'nc_target': -7, 'entropy_dist_bins': 16, 'mcmc_halflife': 500.0, 'T_acc_0': 0.002, 'mcmc_batch': 1, 'anneal_t1d': False, 'erode_template': False, 'num_masked_tokens': 1, 'weights_dir': '/projects/ml/trDesign', 'nthreads': 4, 'cce_cutstep': None, 'cce_thresh': 2.2, 'batch': 64, 'lr': 0.2, 'nsteps': 100, 'commit': 'c344913efafbbfe8f452574b0c86c348792a5045'}

Loading structure prediction model onto device cuda:0...
#   trunk_msa_v00     [ens=1]   AF2-inspired 12-block 2-track trunk
#   trunk_tbm_v00     [ens=1]   AF2-inspired 3-track trunk
#   rf_v00            [ens=1]   RoseTTAFold 3-track trunk + refiner (formerly trunk_e2e_v00)
# * rf_Nov05_2021     [ens=1]   RoseTTAFold 3-track, no perceiver, Nov. 5 2021
#   rf_perceiver_v00  [ens=1]   RoseTTAFold w/ Perceiver & FAPE loss (msa_full=zeros)
#   rf_perceiver_v01  [ens=1]   RoseTTAFold w/ Perceiver & FAPE loss (msa_full=msa_latent)
#   af2_v00           [ens=0]   AlphaFold2 (only works with rescue.py)
Loaded sequence-to-structure model rf_Nov05_2021 with 66037142 parameters

Model hyperparameters:
{'SE3_param': {'div': 4, 'l0_in_features': 32, 'l0_out_features': 32, 'l1_in_features': 3, 'l1_out_features': 2, 'n_heads': 4, 'num_channels': 32, 'num_degrees': 2, 'num_edge_features': 32, 'num_layers': 3}, 'd_hidden': 32, 'd_hidden_templ': 64, 'd_msa': 256, 'd_msa_full': 64, 'd_pair': 128, 'd_templ': 64, 'n_head_msa': 8, 'n_head_pair': 4, 'n_head_templ': 4, 'n_module_2track': 24, 'n_module_3track': 8, 'p_drop': 0.0}

Using CUDA device(s):  cuda:0: (GeForce RTX 2080); 

Parsing input pdb...

Generating sh3_r1_112, length 70...
Forcing amino acids:  B7P,B8P,B9P,B10R,B11P,B12P,B13K,B14P
Loss term           | Weight      
cce                   1.00
entropy               1.00
rep                   2.00
rog                   1.00

Stage 0
Starting gradient descent...
        step    avg loss         cce     entropy         rep         rog
           0      1.0521      1.6839      2.7643      0.0000      0.8122
          10      1.2018      1.7332      2.7226      0.7694      0.0144
          20      0.8790      1.5813      2.8025      0.0003      0.0108
          30      0.8913      1.5732      2.8727      0.0000      0.0106
          40      1.2223      1.5962      2.8066      0.0000      1.7087
          50      0.8466      1.5751      2.6438      0.0000      0.0141
          60      0.8220      1.5170      2.5791      0.0014      0.0114
          70      0.7445      1.4784      2.2289      0.0001      0.0151
          80      0.7115      1.5141      2.0339      0.0003      0.0087
          90      0.6977      1.5511      1.9277      0.0000      0.0097
         100      0.7047      1.5358      1.9778      0.0000      0.0098
         110      0.7163      1.4649      2.1032      0.0002      0.0130
         120      0.6458      1.4029      1.8173      0.0000      0.0087
         130      0.7436      1.5581      2.1464      0.0000      0.0133
         140      0.6691      1.4870      1.8498      0.0000      0.0088
         150      0.6818      1.5776      1.8236      0.0000      0.0079
         160      0.6863      1.5080      1.9134      0.0000      0.0101
         170      0.6779      1.4569      1.9236      0.0000      0.0088
         180      0.7501      1.5770      2.1043      0.0300      0.0090
         190      0.7057      1.4886      2.0332      0.0000      0.0066
         200      0.7756      1.4930      2.2282      0.0735      0.0095
         210      0.7960      1.5747      2.3912      0.0000      0.0142
         220      0.6855      1.5105      1.9095      0.0001      0.0075
         230      0.7931      1.5705      2.3871      0.0000      0.0081
         240      0.6585      1.4499      1.8350      0.0000      0.0074
         250      0.6477      1.4001      1.8283      0.0000      0.0098
         260      0.6693      1.4254      1.9126      0.0000      0.0086
         270      0.6673      1.5225      1.8055      0.0000      0.0085
         280      0.7291      1.7267      1.8997      0.0059      0.0072
         290      0.6589      1.5111      1.7761      0.0000      0.0076
         300      0.6563      1.4569      1.8161      0.0000      0.0082
         310      0.6355      1.4086      1.7587      0.0000      0.0100
         320      0.7738      1.5560      2.3084      0.0000      0.0045
         330      0.6667      1.4557      1.8692      0.0000      0.0088
         340      0.7350      1.5281      2.1378      0.0002      0.0089
         350      0.6529      1.3970      1.8587      0.0000      0.0086
         360      0.7125      1.5555      1.9993      0.0000      0.0074
         370      0.6433      1.4234      1.7842      0.0000      0.0090
         380      0.6560      1.4152      1.8561      0.0000      0.0086
         390      0.6583      1.4745      1.8078      0.0000      0.0090
         400      0.6489      1.4368      1.7998      0.0000      0.0080
         410      0.7019      1.5502      1.9490      0.0000      0.0102
         420      0.7022      1.5263      1.9767      0.0000      0.0079
         430      0.7291      1.5280      2.1086      0.0003      0.0082
         440      0.8019      1.4989      1.9303      0.2857      0.0087
         450      0.6698      1.4984      1.8413      0.0000      0.0092
         460      0.6502      1.4368      1.8050      0.0000      0.0091
         470      0.7017      1.4381      2.0593      0.0000      0.0109
         480      0.6399      1.4068      1.7835      0.0000      0.0093
         490      0.6840      1.4831      1.9297      0.0000      0.0069
         500      0.6394      1.3952      1.7934      0.0000      0.0087
         510      0.6606      1.4411      1.8523      0.0000      0.0099
         520      0.6726      1.5049      1.8501      0.0000      0.0081
         530      0.6645      1.4097      1.9023      0.0000      0.0104
         540      0.6687      1.4715      1.8629      0.0000      0.0089
         550      0.7160      1.5434      2.0288      0.0000      0.0079
         560      0.6565      1.4714      1.8004      0.0000      0.0106
         570      0.6723      1.4992      1.8542      0.0000      0.0080
         580      0.6612      1.4807      1.8166      0.0000      0.0085
         590      0.6990      1.5092      1.9766      0.0000      0.0092
         600      0.6702      1.4327      1.9089      0.0000      0.0094
       final      0.6298      1.4101      1.7298      0.0000      0.0090
best loss step: 514
Max CUDA memory: 0.9662G
Saving /mnt/home/jue/halluc/linear_motifs/output/20220103_sh3_r1/sh3_r1_112: npz, fas, trb, trk, trfold pdb
Finished design /mnt/home/jue/halluc/linear_motifs/output/20220103_sh3_r1/sh3_r1_112 in 13.26 minutes.

Generating sh3_r1_113, length 83...
Forcing amino acids:  B7P,B8P,B9P,B10R,B11P,B12P,B13K,B14P
Loss term           | Weight      
cce                   1.00
entropy               1.00
rep                   2.00
rog                   1.00

Stage 0
Starting gradient descent...
        step    avg loss         cce     entropy         rep         rog
           0      2.0187      1.6599      2.9579      2.4914      0.4929
          10      1.5432      1.6478      2.7854      1.6337      0.0155
          20      0.8229      1.6325      2.4094      0.0000      0.0725
          30      0.8576      1.5906      2.4977      0.0001      0.1994
          40      0.7932      1.6421      2.2350      0.0000      0.0886
          50      0.7822      1.6213      2.1629      0.0000      0.1268
          60      0.7343      1.4264      2.0950      0.0000      0.1502
          70      0.7702      1.4076      2.1139      0.0911      0.1472
          80      0.7119      1.3581      2.0436      0.0000      0.1578
          90      0.7313      1.4030      2.0860      0.0000      0.1674
         100      0.7050      1.4009      1.9640      0.0000      0.1600
         110      0.7324      1.4229      2.0649      0.0241      0.1261
         120      0.7125      1.4542      1.9824      0.0000      0.1261
         130      0.7150      1.3775      2.0558      0.0000      0.1417
         140      2.8472      1.4913      2.4408      0.0000     10.3042
         150      0.7195      1.4662      2.0010      0.0000      0.1303
         160      0.7002      1.3554      2.0256      0.0000      0.1198
         170      0.7589      1.4473      2.1938      0.0000      0.1532
         180      0.7285      1.4682      2.0406      0.0000      0.1339
         190      0.7090      1.4347      1.9830      0.0000      0.1272
         200      0.7322      1.4767      2.0635      0.0000      0.1210
         210      0.7337      1.3930      2.1315      0.0000      0.1441
         220      0.7115      1.4246      1.9978      0.0000      0.1351
         230      0.6993      1.3297      2.0380      0.0000      0.1290
         240      0.7740      1.4354      2.2836      0.0000      0.1510
         250      0.7149      1.4166      2.0036      0.0000      0.1544
         260      0.7336      1.4386      2.0909      0.0000      0.1384
         270      0.7116      1.4218      2.0176      0.0000      0.1185
         280      0.6982      1.3502      2.0043      0.0000      0.1363
         290      0.7053      1.3691      2.0321      0.0000      0.1254
         300      0.7032      1.3669      2.0274      0.0000      0.1218
         310      0.7126      1.4127      2.0133      0.0000      0.1369
         320      0.7187      1.4273      2.0409      0.0000      0.1251
         330      0.7520      1.3943      2.2282      0.0000      0.1373
         340      2.1276      1.5715      2.6024      0.0000      6.4643
         350      0.7077      1.4229      1.9949      0.0000      0.1209
         360      0.7224      1.3977      2.0858      0.0000      0.1282
         370      0.7074      1.4296      1.9908      0.0000      0.1166
         380      0.7319      1.4527      2.0925      0.0000      0.1145
         390      0.7574      1.4017      2.2219      0.0000      0.1634
         400      0.6888      1.3689      1.9618      0.0000      0.1133
         410      0.6932      1.3736      1.9459      0.0000      0.1464
         420      0.7146      1.3933      2.0545      0.0000      0.1253
         430      0.7258      1.3633      2.1370      0.0000      0.1285
         440      0.7207      1.3717      2.1060      0.0000      0.1259
         450      0.7517      1.3868      2.2154      0.0000      0.1564
         460      0.7072      1.3968      2.0038      0.0000      0.1352
         470      0.6889      1.3216      1.9958      0.0000      0.1271
         480      0.7016      1.3497      2.0274      0.0000      0.1310
         490      0.7106      1.3586      2.0529      0.0000      0.1413
         500      0.6986      1.3853      1.9832      0.0000      0.1245
         510      0.7094      1.3675      2.0418      0.0000      0.1376
         520      0.7258      1.3643      2.1200      0.0000      0.1449
         530      0.7083      1.3759      2.0407      0.0000      0.1247
         540      0.7415      1.4452      2.1303      0.0000      0.1320
         550      0.7632      1.4578      2.1768      0.0000      0.1815
         560      0.7078      1.3807      2.0174      0.0000      0.1410
         570      0.7374      1.3964      2.1426      0.0000      0.1478
         580      0.7057      1.3592      2.0418      0.0000      0.1278
         590      0.7169      1.3694      2.0803      0.0000      0.1349
         600      0.7078      1.3384      2.0738      0.0000      0.1269
       final      0.6718      1.3642      1.8754      0.0000      0.1192
best loss step: 504
Max CUDA memory: 1.2539G
Saving /mnt/home/jue/halluc/linear_motifs/output/20220103_sh3_r1/sh3_r1_113: npz, fas, trb, trk, trfold pdb
Finished design /mnt/home/jue/halluc/linear_motifs/output/20220103_sh3_r1/sh3_r1_113 in 13.94 minutes.
