/mnt/home/dzorine/software/homog/homog/homog.py:98: SyntaxWarning: "is" with a literal. Did you mean "=="?
  if degrees is 'auto': degrees = guess_is_degrees(angle)
[00:06:58] /opt/dgl/src/runtime/tensordispatch.cc:43: TensorDispatcher: dlopen failed: libtorch_cuda_cpp.so: cannot open shared object file: No such file or directory
Using backend: pytorch
--steps was given. Ignoring --grad_steps, --mcmc_steps.

Run settings:
{'network_name': 'rf_Nov05_2021', 'use_template': None, 'num': 2, 'start_num': 176, 'msa_num': 1, 'out': '/mnt/home/jue/halluc/linear_motifs/output/20220103_sh3_r1/sh3_r1', 'cautious': 1, 'save_pdb': 1, 'save_batch_fas': False, 'track_step': 10, 'track_logits': False, 'out_step': None, 'seed_rng': False, 'steps': 'g600', 'grad_steps': 400, 'mcmc_steps': 0, 'optimizer': 'nsgd', 'drop': 0.2, 'init_sd': 1e-06, 'learning_rate': 0.05, 'grad_check': True, 'logit_scale': 1, 'seq_prob_type': 'hard', 'seq_sample': False, 'calc_bkg': True, 'cce_sd': None, 'hal_sd': None, 'corrupt_sequence': None, 'corrupt_fraction': None, 'pdb': '/mnt/home/jue/halluc/linear_motifs/input/SH3_2w0z.pdb', 'mask': None, 'contigs': 'B7-14', 'con_set_id': None, 'len': '55-100', 'keep_order': False, 'contig_min_gap': 5, 'spike': None, 'spike_fas': None, 'force_aa': 'B7-14', 'exclude_aa': 'C', 'force_aa_hal': None, 'template_pdbs': None, 'no_bkg_mask': False, 'num_repeats': 0, 'init_seq': None, 'masks_bkg': None, 'masks_pass': None, 'force_logits': None, 'receptor': None, 'rec_placement': 'second', 'gap': 200, 'w_cce': 1, 'w_crmsd': -1, 'w_entropy': 1, 'w_kl': -1, 'n_bkg': 100, 'w_rep': 2.0, 'w_set_rep': -1, 'w_atr': -1, 'w_set_atr': -1, 'w_rog': 1.0, 'w_aspect_ratio': -1, 'w_cyc_sym': -1, 'w_surfnp': -1, 'w_nc': -1, 'w_cce_bg': -1, 'w_sym': -1, 'cce_cutoff': 19.9, 'rep_pdb': 'input/SH3_2w0z_rec.pdb', 'rep_sigma': 3.5, 'atr_pdb': None, 'atr_sigma': 5, 'entropy_beta': 10, 'rog_thresh': 16.0, 'surfnp_nbr_thresh': 2.5, 'nc_target': -7, 'entropy_dist_bins': 16, 'mcmc_halflife': 500.0, 'T_acc_0': 0.002, 'mcmc_batch': 1, 'anneal_t1d': False, 'erode_template': False, 'num_masked_tokens': 1, 'weights_dir': '/projects/ml/trDesign', 'nthreads': 4, 'cce_cutstep': None, 'cce_thresh': 2.2, 'batch': 64, 'lr': 0.2, 'nsteps': 100, 'commit': 'c344913efafbbfe8f452574b0c86c348792a5045'}

Loading structure prediction model onto device cuda:0...
#   trunk_msa_v00     [ens=1]   AF2-inspired 12-block 2-track trunk
#   trunk_tbm_v00     [ens=1]   AF2-inspired 3-track trunk
#   rf_v00            [ens=1]   RoseTTAFold 3-track trunk + refiner (formerly trunk_e2e_v00)
# * rf_Nov05_2021     [ens=1]   RoseTTAFold 3-track, no perceiver, Nov. 5 2021
#   rf_perceiver_v00  [ens=1]   RoseTTAFold w/ Perceiver & FAPE loss (msa_full=zeros)
#   rf_perceiver_v01  [ens=1]   RoseTTAFold w/ Perceiver & FAPE loss (msa_full=msa_latent)
#   af2_v00           [ens=0]   AlphaFold2 (only works with rescue.py)
Loaded sequence-to-structure model rf_Nov05_2021 with 66037142 parameters

Model hyperparameters:
{'SE3_param': {'div': 4, 'l0_in_features': 32, 'l0_out_features': 32, 'l1_in_features': 3, 'l1_out_features': 2, 'n_heads': 4, 'num_channels': 32, 'num_degrees': 2, 'num_edge_features': 32, 'num_layers': 3}, 'd_hidden': 32, 'd_hidden_templ': 64, 'd_msa': 256, 'd_msa_full': 64, 'd_pair': 128, 'd_templ': 64, 'n_head_msa': 8, 'n_head_pair': 4, 'n_head_templ': 4, 'n_module_2track': 24, 'n_module_3track': 8, 'p_drop': 0.0}

Using CUDA device(s):  cuda:0: (GeForce RTX 2080); 

Parsing input pdb...

Generating sh3_r1_176, length 81...
Forcing amino acids:  B7P,B8P,B9P,B10R,B11P,B12P,B13K,B14P
Loss term           | Weight      
cce                   1.00
entropy               1.00
rep                   2.00
rog                   1.00

Stage 0
Starting gradient descent...
        step    avg loss         cce     entropy         rep         rog
           0      3.2155      1.7400      2.8352      0.0238     11.4549
          10      1.0514      1.6689      2.6489      0.4663      0.0065
          20      0.9213      1.5671      2.5133      0.0010      0.5239
          30      0.7395      1.3683      2.2909      0.0000      0.0382
          40      1.1351      1.3925      2.3733      0.0000      1.9095
          50      0.7536      1.3995      2.3399      0.0000      0.0287
          60      0.7478      1.3802      2.3152      0.0000      0.0437
          70      0.7060      1.4106      2.0998      0.0000      0.0198
          80      0.6992      1.4336      2.0424      0.0000      0.0202
          90      0.7100      1.4410      2.0883      0.0000      0.0210
         100      0.7120      1.4265      2.1144      0.0000      0.0194
         110      0.7809      1.5304      2.3549      0.0002      0.0188
         120      0.6854      1.4135      1.9921      0.0000      0.0215
         130      0.7203      1.4591      2.1217      0.0000      0.0204
         140      0.6653      1.3727      1.9350      0.0000      0.0189
         150      0.6751      1.4414      1.9166      0.0000      0.0176
         160      0.7255      1.4700      2.1408      0.0000      0.0166
         170      0.6868      1.3788      2.0348      0.0000      0.0204
         180      0.8398      1.3762      2.3974      0.0002      0.4252
         190      0.6529      1.3269      1.9165      0.0000      0.0208
         200      0.6720      1.3216      2.0211      0.0000      0.0170
         210      0.6702      1.3312      2.0039      0.0000      0.0159
         220      0.8870      1.6279      2.0958      0.3478      0.0155
         230      0.6384      1.3100      1.8647      0.0000      0.0175
         240      0.6343      1.2909      1.8607      0.0000      0.0201
         250      0.7648      1.5132      2.2909      0.0000      0.0200
         260      1.3605      1.5720      2.0911      1.5609      0.0175
         270      0.6797      1.3502      2.0282      0.0000      0.0200
         280      0.6537      1.3382      1.9137      0.0000      0.0168
         290      0.6944      1.4082      2.0441      0.0000      0.0197
         300      0.6620      1.3846      1.9064      0.0002      0.0188
         310      0.6645      1.3298      1.9732      0.0000      0.0196
         320      0.6633      1.3057      1.9936      0.0000      0.0171
         330      0.6790      1.3840      1.9912      0.0000      0.0201
         340      0.6528      1.2928      1.9517      0.0000      0.0196
         350      0.6475      1.3184      1.8998      0.0000      0.0192
         360      0.6540      1.3654      1.8861      0.0000      0.0186
         370      0.6985      1.4669      2.0056      0.0000      0.0200
         380      0.6658      1.3795      1.9324      0.0000      0.0170
         390      0.6618      1.3528      1.9395      0.0000      0.0168
         400      0.6478      1.3612      1.8588      0.0000      0.0188
         410      0.6492      1.3548      1.8717      0.0000      0.0197
         420      0.6870      1.5333      1.8775      0.0028      0.0188
         430      0.6445      1.3589      1.8436      0.0000      0.0202
         440      0.7408      1.4278      2.2579      0.0000      0.0184
         450      0.6848      1.3990      2.0083      0.0000      0.0165
         460      0.6427      1.3320      1.8626      0.0000      0.0186
         470      0.6735      1.3578      1.9906      0.0000      0.0191
         480      0.6263      1.2639      1.8508      0.0000      0.0168
         490      0.6404      1.3801      1.8052      0.0000      0.0169
         500      0.6427      1.3930      1.8044      0.0000      0.0160
         510      0.6340      1.2952      1.8572      0.0000      0.0177
         520      0.6314      1.3656      1.7718      0.0000      0.0195
         530      0.6796      1.5401      1.8181      0.0109      0.0182
         540      0.6445      1.3470      1.8568      0.0000      0.0186
         550      0.6681      1.3911      1.9131      0.0098      0.0170
         560      0.6467      1.3601      1.8554      0.0000      0.0179
         570      0.6425      1.3190      1.8744      0.0000      0.0192
         580      0.6462      1.3715      1.8407      0.0000      0.0188
         590      0.6939      1.3711      2.0776      0.0002      0.0203
         600      0.6766      1.4238      1.9400      0.0000      0.0193
       final      0.6067      1.2786      1.7361      0.0000      0.0190
best loss step: 582
Max CUDA memory: 1.2105G
Saving /mnt/home/jue/halluc/linear_motifs/output/20220103_sh3_r1/sh3_r1_176: npz, fas, trb, trk, trfold pdb
Finished design /mnt/home/jue/halluc/linear_motifs/output/20220103_sh3_r1/sh3_r1_176 in 15.35 minutes.

Generating sh3_r1_177, length 65...
Forcing amino acids:  B7P,B8P,B9P,B10R,B11P,B12P,B13K,B14P
Loss term           | Weight      
cce                   1.00
entropy               1.00
rep                   2.00
rog                   1.00

Stage 0
Starting gradient descent...
        step    avg loss         cce     entropy         rep         rog
           0      2.1473      1.5834      2.8339      2.8102      0.6986
          10      1.0804      1.7354      2.6167      0.5180      0.0139
          20      1.9457      1.5563      2.8212      2.6348      0.0816
          30      0.9566      1.6851      2.5657      0.2638      0.0048
          40      0.8916      1.5811      2.6061      0.0000      0.2709
          50      0.8414      1.6095      2.5871      0.0001      0.0100
          60      0.8250      1.5864      2.5262      0.0000      0.0125
          70      0.8507      1.6638      2.5814      0.0000      0.0082
          80      0.8692      1.6010      2.5262      0.0015      0.2159
          90      0.9436      1.5865      2.4149      0.0000      0.7164
         100      0.8543      1.5968      2.3737      0.1470      0.0071
         110      0.7842      1.5503      2.3212      0.0193      0.0108
         120      0.8499      1.7482      2.2534      0.1197      0.0086
         130      0.8349      1.5784      2.5132      0.0000      0.0829
         140      0.7786      1.5609      2.3192      0.0000      0.0130
         150      0.8082      1.6143      2.4186      0.0000      0.0080
         160      0.8233      1.6873      2.4211      0.0000      0.0082
         170      0.7288      1.5446      2.0908      0.0001      0.0086
         180      0.7038      1.4471      2.0592      0.0000      0.0128
         190      0.7658      1.6127      2.2055      0.0011      0.0086
         200      0.7997      1.7066      2.2007      0.0394      0.0127
         210      0.7952      1.6687      2.2958      0.0000      0.0113
         220      0.7563      1.5607      2.2143      0.0000      0.0065
         230      0.7854      1.5970      2.3200      0.0000      0.0103
         240      0.8899      1.6333      2.4015      0.1886      0.0374
         250      0.7244      1.4950      2.1164      0.0000      0.0103
         260      0.7510      1.6720      2.0737      0.0000      0.0093
         270      0.8219      1.5876      2.5145      0.0000      0.0076
         280      0.8411      1.5270      2.3757      0.0000      0.3028
         290      0.7047      1.5363      1.9772      0.0000      0.0101
         300      0.7171      1.4002      2.1757      0.0000      0.0095
         310      0.7661      1.5442      2.2787      0.0000      0.0074
         320      0.7292      1.5204      2.1147      0.0000      0.0106
         330      0.8457      1.6235      2.5978      0.0000      0.0071
         340      0.7924      1.4940      2.4576      0.0000      0.0105
         350      0.8020      1.6300      2.3736      0.0000      0.0065
         360      0.7667      1.5459      2.2789      0.0001      0.0082
         370      0.7282      1.4525      2.1811      0.0000      0.0073
         380      0.7373      1.5767      2.1017      0.0000      0.0082
         390      0.7870      1.5836      2.1664      0.0878      0.0094
         400      0.7503      1.6381      2.1068      0.0001      0.0066
         410      0.7315      1.5566      2.0916      0.0000      0.0091
         420      0.7128      1.5864      1.9683      0.0001      0.0090
         430      0.7262      1.4871      2.1350      0.0000      0.0087
         440      0.8253      1.6725      2.3515      0.0485      0.0055
         450      0.9523      1.6068      2.6235      0.0000      0.5310
         460      0.7641      1.6859      2.1278      0.0000      0.0067
         470      0.7356      1.5654      2.1051      0.0000      0.0072
         480      0.9512      1.5431      2.3855      0.0000      0.8276
         490      0.7763      1.5754      2.2943      0.0010      0.0097
         500      0.7147      1.5666      2.0003      0.0000      0.0067
         510      0.7582      1.5877      2.1943      0.0006      0.0078
         520      0.8021      1.5959      2.4083      0.0000      0.0061
         530      0.7548      1.6572      2.1080      0.0002      0.0085
         540      0.7526      1.5418      2.2121      0.0000      0.0089
         550      0.8449      1.5420      2.4082      0.0000      0.2742
         560      0.7415      1.5465      2.1538      0.0000      0.0071
         570      0.8664      1.4730      2.4335      0.0000      0.4257
         580      0.7369      1.5252      2.1521      0.0001      0.0070
         590      0.8321      1.6357      2.2531      0.1328      0.0061
         600      0.7510      1.4661      2.2817      0.0000      0.0074
       final      0.7019      1.5239      1.9765      0.0000      0.0091
best loss step: 462
Max CUDA memory: 0.8753G
Saving /mnt/home/jue/halluc/linear_motifs/output/20220103_sh3_r1/sh3_r1_177: npz, fas, trb, trk, trfold pdb
Finished design /mnt/home/jue/halluc/linear_motifs/output/20220103_sh3_r1/sh3_r1_177 in 14.62 minutes.
