/mnt/home/dzorine/software/homog/homog/homog.py:98: SyntaxWarning: "is" with a literal. Did you mean "=="?
  if degrees is 'auto': degrees = guess_is_degrees(angle)
[22:16:52] /opt/dgl/src/runtime/tensordispatch.cc:43: TensorDispatcher: dlopen failed: libtorch_cuda_cpp.so: cannot open shared object file: No such file or directory
Using backend: pytorch
--steps was given. Ignoring --grad_steps, --mcmc_steps.

Run settings:
{'network_name': 'rf_Nov05_2021', 'use_template': None, 'num': 2, 'start_num': 100, 'msa_num': 1, 'out': '/mnt/home/jue/halluc/linear_motifs/output/20220103_sh3_r1/sh3_r1', 'cautious': 1, 'save_pdb': 1, 'save_batch_fas': False, 'track_step': 10, 'track_logits': False, 'out_step': None, 'seed_rng': False, 'steps': 'g600', 'grad_steps': 400, 'mcmc_steps': 0, 'optimizer': 'nsgd', 'drop': 0.2, 'init_sd': 1e-06, 'learning_rate': 0.05, 'grad_check': True, 'logit_scale': 1, 'seq_prob_type': 'hard', 'seq_sample': False, 'calc_bkg': True, 'cce_sd': None, 'hal_sd': None, 'corrupt_sequence': None, 'corrupt_fraction': None, 'pdb': '/mnt/home/jue/halluc/linear_motifs/input/SH3_2w0z.pdb', 'mask': None, 'contigs': 'B7-14', 'con_set_id': None, 'len': '55-100', 'keep_order': False, 'contig_min_gap': 5, 'spike': None, 'spike_fas': None, 'force_aa': 'B7-14', 'exclude_aa': 'C', 'force_aa_hal': None, 'template_pdbs': None, 'no_bkg_mask': False, 'num_repeats': 0, 'init_seq': None, 'masks_bkg': None, 'masks_pass': None, 'force_logits': None, 'receptor': None, 'rec_placement': 'second', 'gap': 200, 'w_cce': 1, 'w_crmsd': -1, 'w_entropy': 1, 'w_kl': -1, 'n_bkg': 100, 'w_rep': 2.0, 'w_set_rep': -1, 'w_atr': -1, 'w_set_atr': -1, 'w_rog': 1.0, 'w_aspect_ratio': -1, 'w_cyc_sym': -1, 'w_surfnp': -1, 'w_nc': -1, 'w_cce_bg': -1, 'w_sym': -1, 'cce_cutoff': 19.9, 'rep_pdb': 'input/SH3_2w0z_rec.pdb', 'rep_sigma': 3.5, 'atr_pdb': None, 'atr_sigma': 5, 'entropy_beta': 10, 'rog_thresh': 16.0, 'surfnp_nbr_thresh': 2.5, 'nc_target': -7, 'entropy_dist_bins': 16, 'mcmc_halflife': 500.0, 'T_acc_0': 0.002, 'mcmc_batch': 1, 'anneal_t1d': False, 'erode_template': False, 'num_masked_tokens': 1, 'weights_dir': '/projects/ml/trDesign', 'nthreads': 4, 'cce_cutstep': None, 'cce_thresh': 2.2, 'batch': 64, 'lr': 0.2, 'nsteps': 100, 'commit': 'c344913efafbbfe8f452574b0c86c348792a5045'}

Loading structure prediction model onto device cuda:0...
#   trunk_msa_v00     [ens=1]   AF2-inspired 12-block 2-track trunk
#   trunk_tbm_v00     [ens=1]   AF2-inspired 3-track trunk
#   rf_v00            [ens=1]   RoseTTAFold 3-track trunk + refiner (formerly trunk_e2e_v00)
# * rf_Nov05_2021     [ens=1]   RoseTTAFold 3-track, no perceiver, Nov. 5 2021
#   rf_perceiver_v00  [ens=1]   RoseTTAFold w/ Perceiver & FAPE loss (msa_full=zeros)
#   rf_perceiver_v01  [ens=1]   RoseTTAFold w/ Perceiver & FAPE loss (msa_full=msa_latent)
#   af2_v00           [ens=0]   AlphaFold2 (only works with rescue.py)
Loaded sequence-to-structure model rf_Nov05_2021 with 66037142 parameters

Model hyperparameters:
{'SE3_param': {'div': 4, 'l0_in_features': 32, 'l0_out_features': 32, 'l1_in_features': 3, 'l1_out_features': 2, 'n_heads': 4, 'num_channels': 32, 'num_degrees': 2, 'num_edge_features': 32, 'num_layers': 3}, 'd_hidden': 32, 'd_hidden_templ': 64, 'd_msa': 256, 'd_msa_full': 64, 'd_pair': 128, 'd_templ': 64, 'n_head_msa': 8, 'n_head_pair': 4, 'n_head_templ': 4, 'n_module_2track': 24, 'n_module_3track': 8, 'p_drop': 0.0}

Using CUDA device(s):  cuda:0: (GeForce RTX 2080); 

Parsing input pdb...

Generating sh3_r1_100, length 70...
Forcing amino acids:  B7P,B8P,B9P,B10R,B11P,B12P,B13K,B14P
Loss term           | Weight      
cce                   1.00
entropy               1.00
rep                   2.00
rog                   1.00

Stage 0
Starting gradient descent...
        step    avg loss         cce     entropy         rep         rog
           0      2.9994      1.7359      2.8493      0.0000     10.4116
          10      0.9641      1.5403      2.7437      0.0000      0.5363
          20      0.8185      1.4500      2.4145      0.0120      0.2039
          30      0.8616      1.5572      2.4952      0.0438      0.1677
          40      0.8580      1.5947      2.5104      0.0000      0.1849
          50      0.8569      1.5020      2.4766      0.0752      0.1555
          60      0.7852      1.4984      2.2384      0.0000      0.1891
          70      0.7800      1.4936      2.2249      0.0000      0.1815
          80      0.8137      1.4935      2.3997      0.0000      0.1751
          90      0.8224      1.5935      2.3202      0.0000      0.1983
         100      0.7951      1.4768      2.3335      0.0000      0.1650
         110      0.7868      1.4470      2.3458      0.0000      0.1414
         120      0.7600      1.4557      2.1976      0.0000      0.1465
         130      0.7542      1.4146      2.2170      0.0000      0.1393
         140      0.7822      1.4410      2.3341      0.0000      0.1359
         150      0.7879      1.4775      2.2905      0.0000      0.1714
         160      0.7243      1.2981      2.1648      0.0000      0.1587
         170      0.7528      1.4011      2.2077      0.0000      0.1553
         180      0.8399      1.5253      2.5399      0.0000      0.1343
         190      0.7724      1.4346      2.2686      0.0000      0.1586
         200      0.7611      1.4831      2.1809      0.0000      0.1416
         210      0.7500      1.3509      2.2106      0.0282      0.1319
         220      0.7622      1.4549      2.2382      0.0000      0.1180
         230      0.7742      1.3689      2.3467      0.0000      0.1553
         240      0.7419      1.3905      2.1937      0.0003      0.1247
         250      2.7672      1.4669      2.5749      0.0000      9.7941
         260      0.7804      1.4467      2.3410      0.0000      0.1143
         270      0.7754      1.4411      2.3048      0.0000      0.1310
         280      0.8105      1.5212      2.3809      0.0000      0.1504
         290      0.7700      1.3917      2.3254      0.0000      0.1327
         300      0.7596      1.4239      2.2310      0.0000      0.1431
         310      0.7670      1.3944      2.2957      0.0000      0.1449
         320      0.8282      1.4794      2.5125      0.0000      0.1493
         330      0.8573      1.4683      2.5172      0.0903      0.1206
         340      0.7682      1.4391      2.2641      0.0000      0.1380
         350      0.7989      1.4338      2.4207      0.0000      0.1399
         360      0.7829      1.4537      2.3239      0.0033      0.1305
         370      0.7551      1.3945      2.2673      0.0003      0.1131
         380      0.7638      1.4031      2.2662      0.0000      0.1495
         390      0.7598      1.3765      2.2896      0.0012      0.1303
         400      0.8389      1.5285      2.5194      0.0000      0.1464
         410      0.7632      1.4227      2.2702      0.0001      0.1232
         420      0.7675      1.4629      2.2431      0.0000      0.1313
         430      0.7684      1.4427      2.2536      0.0000      0.1459
         440      0.7632      1.3667      2.3077      0.0000      0.1418
         450      0.7816      1.4839      2.2710      0.0000      0.1529
         460      0.7953      1.5337      2.3092      0.0000      0.1334
         470      1.0055      1.5164      2.4164      0.4701      0.1548
         480      0.7668      1.4714      2.2243      0.0000      0.1381
         490      0.7551      1.4316      2.2072      0.0000      0.1366
         500      0.7581      1.3873      2.2598      0.0001      0.1432
         510      0.7813      1.4350      2.3242      0.0000      0.1471
         520      0.8484      1.5565      2.5518      0.0000      0.1336
         530      0.7778      1.4522      2.3078      0.0000      0.1291
         540      0.7967      1.5109      2.3218      0.0000      0.1507
         550      0.7476      1.3489      2.2355      0.0040      0.1456
         560      1.8014      1.5657      2.5545      0.0000      4.8868
         570      0.7338      1.3852      2.1247      0.0000      0.1589
         580      0.7763      1.4133      2.3167      0.0000      0.1517
         590      0.8176      1.4520      2.4406      0.0181      0.1591
         600      0.7521      1.3778      2.2399      0.0000      0.1430
       final      0.7084      1.3459      2.0780      0.0000      0.1183
best loss step: 516
Max CUDA memory: 0.9662G
Saving /mnt/home/jue/halluc/linear_motifs/output/20220103_sh3_r1/sh3_r1_100: npz, fas, trb, trk, trfold pdb
Finished design /mnt/home/jue/halluc/linear_motifs/output/20220103_sh3_r1/sh3_r1_100 in 14.10 minutes.

Generating sh3_r1_101, length 78...
Forcing amino acids:  B7P,B8P,B9P,B10R,B11P,B12P,B13K,B14P
Loss term           | Weight      
cce                   1.00
entropy               1.00
rep                   2.00
rog                   1.00

Stage 0
Starting gradient descent...
        step    avg loss         cce     entropy         rep         rog
           0      1.7176      1.6978      2.9835      1.8634      0.1801
          10      0.8778      1.6217      2.7536      0.0008      0.0119
          20      0.9568      1.5658      2.5973      0.1029      0.4152
          30      0.7961      1.5423      2.4035      0.0003      0.0343
          40      0.9002      1.4602      2.2908      0.3613      0.0273
          50      0.8299      1.5351      2.5498      0.0257      0.0130
          60      0.9097      1.5125      2.4424      0.2080      0.1773
          70      0.8306      1.5227      2.6102      0.0008      0.0185
          80      0.8023      1.4771      2.5060      0.0000      0.0284
          90      0.8282      1.5333      2.5105      0.0000      0.0972
         100      0.9900      1.4247      2.2988      0.0000      1.2267
         110      0.7962      1.5072      2.2742      0.0723      0.0547
         120      0.7889      1.5121      2.4021      0.0000      0.0303
         130      0.9130      1.5522      2.3174      0.3390      0.0171
         140      0.7848      1.6135      2.2802      0.0000      0.0304
         150      0.7726      1.5535      2.2794      0.0035      0.0228
         160      0.8840      1.6013      2.5920      0.0000      0.2265
         170      0.8654      1.6485      2.5466      0.0000      0.1318
         180      0.8318      1.6167      2.4251      0.0026      0.1122
         190      0.8016      1.6259      2.3646      0.0001      0.0172
         200      0.7843      1.5516      2.3497      0.0000      0.0202
         210      0.8660      1.5617      2.6041      0.0000      0.1639
         220      0.7652      1.5601      2.2495      0.0001      0.0162
         230      0.7742      1.5638      2.2949      0.0000      0.0124
         240      0.7827      1.6466      2.2390      0.0000      0.0280
         250      0.7410      1.5404      2.1458      0.0000      0.0188
         260      0.7930      1.6309      2.3209      0.0000      0.0132
         270      0.8129      1.5719      2.4764      0.0001      0.0161
         280      0.7781      1.4960      2.3705      0.0000      0.0241
         290      0.8104      1.5285      2.4430      0.0000      0.0807
         300      1.0846      1.4391      2.4348      0.0092      1.5306
         310      0.7650      1.5175      2.2943      0.0000      0.0133
         320      0.7379      1.5197      2.1506      0.0000      0.0190
         330      0.7751      1.5001      2.3024      0.0000      0.0729
         340      0.7832      1.5659      2.3252      0.0000      0.0249
         350      1.1452      1.5531      2.4734      0.0000      1.6997
         360      0.8180      1.5676      2.4942      0.0000      0.0281
         370      0.7381      1.4206      2.2404      0.0000      0.0292
         380      0.7647      1.5500      2.2602      0.0000      0.0135
         390      0.8137      1.5653      2.4710      0.0000      0.0321
         400      0.7275      1.3799      2.2235      0.0000      0.0339
         410      0.7920      1.4868      2.3902      0.0000      0.0828
         420      0.8052      1.5310      2.4719      0.0040      0.0154
         430      0.7756      1.5469      2.3185      0.0000      0.0128
         440      0.7872      1.5448      2.3704      0.0000      0.0206
         450      0.7598      1.4648      2.2873      0.0000      0.0471
         460      0.7868      1.4957      2.3985      0.0034      0.0328
         470      0.7773      1.6080      2.2574      0.0000      0.0208
         480      1.1150      1.5932      2.5836      0.0000      1.3984
         490      0.7614      1.5025      2.2842      0.0000      0.0201
         500      0.7690      1.4396      2.3807      0.0000      0.0249
         510      0.7993      1.5572      2.4146      0.0000      0.0249
         520      0.8009      1.5727      2.4190      0.0001      0.0129
         530      0.7163      1.4383      2.1145      0.0000      0.0286
         540      0.7359      1.4832      2.1699      0.0000      0.0262
         550      0.9205      1.5831      2.6116      0.0000      0.4075
         560      0.7735      1.5762      2.2620      0.0000      0.0291
         570      0.7549      1.4696      2.2778      0.0001      0.0271
         580      0.7689      1.5227      2.3034      0.0000      0.0184
         590      0.7493      1.4927      2.2327      0.0000      0.0211
         600      0.7738      1.4826      2.3741      0.0000      0.0125
       final      0.6992      1.4391      2.0426      0.0000      0.0142
best loss step: 516
Max CUDA memory: 1.1416G
Saving /mnt/home/jue/halluc/linear_motifs/output/20220103_sh3_r1/sh3_r1_101: npz, fas, trb, trk, trfold pdb
Finished design /mnt/home/jue/halluc/linear_motifs/output/20220103_sh3_r1/sh3_r1_101 in 14.19 minutes.
