/mnt/home/dzorine/software/homog/homog/homog.py:98: SyntaxWarning: "is" with a literal. Did you mean "=="?
  if degrees is 'auto': degrees = guess_is_degrees(angle)
[00:18:41] /opt/dgl/src/runtime/tensordispatch.cc:43: TensorDispatcher: dlopen failed: libtorch_cuda_cpp.so: cannot open shared object file: No such file or directory
Using backend: pytorch
--steps was given. Ignoring --grad_steps, --mcmc_steps.

Run settings:
{'network_name': 'rf_Nov05_2021', 'use_template': None, 'num': 2, 'start_num': 180, 'msa_num': 1, 'out': '/mnt/home/jue/halluc/linear_motifs/output/20220103_sh3_r1/sh3_r1', 'cautious': 1, 'save_pdb': 1, 'save_batch_fas': False, 'track_step': 10, 'track_logits': False, 'out_step': None, 'seed_rng': False, 'steps': 'g600', 'grad_steps': 400, 'mcmc_steps': 0, 'optimizer': 'nsgd', 'drop': 0.2, 'init_sd': 1e-06, 'learning_rate': 0.05, 'grad_check': True, 'logit_scale': 1, 'seq_prob_type': 'hard', 'seq_sample': False, 'calc_bkg': True, 'cce_sd': None, 'hal_sd': None, 'corrupt_sequence': None, 'corrupt_fraction': None, 'pdb': '/mnt/home/jue/halluc/linear_motifs/input/SH3_2w0z.pdb', 'mask': None, 'contigs': 'B7-14', 'con_set_id': None, 'len': '55-100', 'keep_order': False, 'contig_min_gap': 5, 'spike': None, 'spike_fas': None, 'force_aa': 'B7-14', 'exclude_aa': 'C', 'force_aa_hal': None, 'template_pdbs': None, 'no_bkg_mask': False, 'num_repeats': 0, 'init_seq': None, 'masks_bkg': None, 'masks_pass': None, 'force_logits': None, 'receptor': None, 'rec_placement': 'second', 'gap': 200, 'w_cce': 1, 'w_crmsd': -1, 'w_entropy': 1, 'w_kl': -1, 'n_bkg': 100, 'w_rep': 2.0, 'w_set_rep': -1, 'w_atr': -1, 'w_set_atr': -1, 'w_rog': 1.0, 'w_aspect_ratio': -1, 'w_cyc_sym': -1, 'w_surfnp': -1, 'w_nc': -1, 'w_cce_bg': -1, 'w_sym': -1, 'cce_cutoff': 19.9, 'rep_pdb': 'input/SH3_2w0z_rec.pdb', 'rep_sigma': 3.5, 'atr_pdb': None, 'atr_sigma': 5, 'entropy_beta': 10, 'rog_thresh': 16.0, 'surfnp_nbr_thresh': 2.5, 'nc_target': -7, 'entropy_dist_bins': 16, 'mcmc_halflife': 500.0, 'T_acc_0': 0.002, 'mcmc_batch': 1, 'anneal_t1d': False, 'erode_template': False, 'num_masked_tokens': 1, 'weights_dir': '/projects/ml/trDesign', 'nthreads': 4, 'cce_cutstep': None, 'cce_thresh': 2.2, 'batch': 64, 'lr': 0.2, 'nsteps': 100, 'commit': 'c344913efafbbfe8f452574b0c86c348792a5045'}

Loading structure prediction model onto device cuda:0...
#   trunk_msa_v00     [ens=1]   AF2-inspired 12-block 2-track trunk
#   trunk_tbm_v00     [ens=1]   AF2-inspired 3-track trunk
#   rf_v00            [ens=1]   RoseTTAFold 3-track trunk + refiner (formerly trunk_e2e_v00)
# * rf_Nov05_2021     [ens=1]   RoseTTAFold 3-track, no perceiver, Nov. 5 2021
#   rf_perceiver_v00  [ens=1]   RoseTTAFold w/ Perceiver & FAPE loss (msa_full=zeros)
#   rf_perceiver_v01  [ens=1]   RoseTTAFold w/ Perceiver & FAPE loss (msa_full=msa_latent)
#   af2_v00           [ens=0]   AlphaFold2 (only works with rescue.py)
Loaded sequence-to-structure model rf_Nov05_2021 with 66037142 parameters

Model hyperparameters:
{'SE3_param': {'div': 4, 'l0_in_features': 32, 'l0_out_features': 32, 'l1_in_features': 3, 'l1_out_features': 2, 'n_heads': 4, 'num_channels': 32, 'num_degrees': 2, 'num_edge_features': 32, 'num_layers': 3}, 'd_hidden': 32, 'd_hidden_templ': 64, 'd_msa': 256, 'd_msa_full': 64, 'd_pair': 128, 'd_templ': 64, 'n_head_msa': 8, 'n_head_pair': 4, 'n_head_templ': 4, 'n_module_2track': 24, 'n_module_3track': 8, 'p_drop': 0.0}

Using CUDA device(s):  cuda:0: (GeForce RTX 2080); 

Parsing input pdb...

Generating sh3_r1_180, length 59...
Forcing amino acids:  B7P,B8P,B9P,B10R,B11P,B12P,B13K,B14P
Loss term           | Weight      
cce                   1.00
entropy               1.00
rep                   2.00
rog                   1.00

Stage 0
Starting gradient descent...
        step    avg loss         cce     entropy         rep         rog
           0      0.9316      1.6742      2.9732      0.0013      0.0079
          10      0.8852      1.5432      2.7305      0.0723      0.0075
          20      0.8931      1.5817      2.7599      0.0000      0.1241
          30      0.8909      1.5859      2.6874      0.0000      0.1810
          40      1.1057      1.5351      2.6556      0.6580      0.0218
          50      0.8367      1.6659      2.5124      0.0000      0.0050
          60      0.8193      1.6172      2.2701      0.0000      0.2091
          70      0.7300      1.5995      2.0290      0.0000      0.0213
          80      0.7455      1.5761      2.1234      0.0001      0.0279
          90      0.7367      1.5969      2.0687      0.0001      0.0180
         100      0.7460      1.6689      2.0479      0.0001      0.0131
         110      0.7012      1.5718      1.9186      0.0001      0.0152
         120      0.7248      1.5504      2.0553      0.0000      0.0180
         130      0.8866      1.5909      2.1048      0.0000      0.7373
         140      0.7020      1.4639      1.9943      0.0000      0.0516
         150      0.8954      1.6589      2.1778      0.2953      0.0498
         160      0.8469      1.5346      2.4467      0.0000      0.2532
         170      0.7606      1.5770      2.1098      0.0064      0.1032
         180      0.7501      1.6112      2.1244      0.0005      0.0142
         190      0.7315      1.6386      2.0038      0.0001      0.0151
         200      0.7590      1.5465      2.2288      0.0000      0.0195
         210      0.7713      1.6065      2.0269      0.0001      0.2229
         220      0.7478      1.6427      2.0686      0.0003      0.0271
         230      2.0486      1.6558      2.3923      0.0000      6.1950
         240      0.7228      1.6651      1.9342      0.0000      0.0145
         250      0.8893      1.6024      2.3107      0.2605      0.0125
         260      1.4871      1.7608      1.9483      1.8575      0.0111
         270      0.6848      1.5209      1.8903      0.0001      0.0125
         280      0.6965      1.5268      1.9129      0.0156      0.0117
         290      0.7439      1.5586      2.0979      0.0258      0.0113
         300      0.7013      1.5290      1.9641      0.0000      0.0134
         310      0.7320      1.5704      2.0595      0.0002      0.0296
         320      1.3224      1.4519      1.9353      1.6053      0.0143
         330      0.7051      1.5465      1.9659      0.0001      0.0130
         340      1.1344      1.5219      2.0485      1.0422      0.0172
         350      0.7042      1.5606      1.9467      0.0000      0.0136
         360      0.7027      1.5136      1.9840      0.0009      0.0140
         370      1.9978      1.5274      2.3889      0.0000      6.0729
         380      2.0347      1.5567      2.4155      0.0000      6.2011
         390      1.8119      1.5190      2.3828      0.0000      5.1575
         400      1.8008      1.5580      2.3865      0.0000      5.0594
         410      1.7581      1.5717      2.4228      0.0000      4.7960
         420      1.8104      1.5584      2.3435      0.0000      5.1499
         430      1.6909      1.5005      2.4021      0.0000      4.5520
         440      1.7436      1.5972      2.4809      0.0000      4.6397
         450      1.5848      1.5847      2.4648      0.0000      3.8743
         460      1.4539      1.5636      2.4305      0.0000      3.2755
         470      1.4633      1.5955      2.4014      0.0000      3.3196
         480      1.4243      1.6328      2.4636      0.0000      3.0253
         490      1.5951      1.5499      2.5841      0.0000      3.8414
         500      1.6775      1.5850      2.6095      1.0643      2.0643
         510      1.1529      1.5823      2.5503      0.0004      1.6312
         520      1.3201      1.5249      2.5903      0.0890      2.3075
         530      1.7015      1.6008      2.5921      1.1960      1.9227
         540      1.2893      1.6193      2.5899      0.0001      2.2371
         550      2.8251      1.5237      2.5500      0.0000     10.0515
         560      2.1630      1.5149      2.4790      0.0000      6.8212
         570      2.5017      1.5284      2.4964      0.0000      8.4837
         580      1.7513      1.4847      2.5289      0.0000      4.7427
         590      2.4085      1.6041      2.5626      0.0000      7.8756
         600      1.2928      1.6723      2.6188      0.0000      2.1731
       final      0.6846      1.5151      1.8932      0.0003      0.0141
best loss step: 311
Max CUDA memory: 0.7586G
Saving /mnt/home/jue/halluc/linear_motifs/output/20220103_sh3_r1/sh3_r1_180: npz, fas, trb, trk, trfold pdb
Finished design /mnt/home/jue/halluc/linear_motifs/output/20220103_sh3_r1/sh3_r1_180 in 13.44 minutes.

Generating sh3_r1_181, length 66...
Forcing amino acids:  B7P,B8P,B9P,B10R,B11P,B12P,B13K,B14P
Loss term           | Weight      
cce                   1.00
entropy               1.00
rep                   2.00
rog                   1.00

Stage 0
Starting gradient descent...
        step    avg loss         cce     entropy         rep         rog
           0      0.9882      1.6516      2.9284      0.1721      0.0168
          10      1.7486      1.5624      2.6352      2.2677      0.0100
          20      0.9237      1.6356      2.6855      0.0000      0.2974
          30      0.9138      1.5160      2.6767      0.1839      0.0084
          40      0.8006      1.4877      2.4964      0.0000      0.0189
          50      0.7996      1.5410      2.4442      0.0000      0.0129
          60      0.7813      1.4864      2.3996      0.0027      0.0151
          70      0.8210      1.5327      2.5612      0.0000      0.0110
          80      0.7978      1.5962      2.3159      0.0321      0.0127
          90      0.8673      1.5900      2.7403      0.0000      0.0061
         100      0.8346      1.5403      2.6255      0.0000      0.0070
         110      0.7868      1.4983      2.4051      0.0110      0.0087
         120      0.7697      1.5420      2.2887      0.0027      0.0123
         130      0.9057      1.5336      2.5120      0.0000      0.4831
         140      0.7858      1.5425      2.3625      0.0000      0.0240
         150      1.0604      1.6026      2.4478      0.0000      1.2517
         160      0.8210      1.4218      2.4664      0.0987      0.0192
         170      0.7636      1.5197      2.2257      0.0000      0.0725
         180      0.9652      1.5498      2.4564      0.1124      0.5949
         190      0.7531      1.4275      2.1380      0.0670      0.0659
         200      0.8996      1.5802      2.4019      0.0000      0.5158
         210      0.8120      1.6534      2.3263      0.0002      0.0799
         220      0.7982      1.6107      2.3060      0.0000      0.0742
         230      0.8061      1.5599      2.3950      0.0000      0.0756
         240      0.7793      1.6124      2.2318      0.0000      0.0522
         250      0.9280      1.5455      2.6381      0.0000      0.4566
         260      0.7645      1.5156      2.2441      0.0000      0.0628
         270      0.8050      1.5553      2.4026      0.0000      0.0669
         280      0.7671      1.5824      2.2085      0.0000      0.0443
         290      1.9580      1.5037      2.5333      0.0000      5.7529
         300      0.8032      1.5757      2.3730      0.0000      0.0671
         310      0.7643      1.5444      2.2323      0.0000      0.0446
         320      0.7936      1.5101      2.2464      0.0000      0.2118
         330      0.7705      1.5148      2.2685      0.0000      0.0694
         340      0.7772      1.5153      2.3156      0.0000      0.0551
         350      0.7677      1.5454      2.2450      0.0000      0.0481
         360      0.7933      1.4871      2.2642      0.0000      0.2151
         370      0.7467      1.5122      2.1541      0.0000      0.0670
         380      0.7847      1.5073      2.3347      0.0000      0.0814
         390      0.7663      1.5259      2.2618      0.0000      0.0439
         400      0.7958      1.5697      2.2155      0.0754      0.0428
         410      0.7497      1.5599      2.1383      0.0026      0.0451
         420      0.8556      1.5034      2.3006      0.0000      0.4741
         430      0.7988      1.5805      2.3449      0.0000      0.0685
         440      0.7711      1.5129      2.0789      0.1098      0.0442
         450      0.8295      1.5490      2.5449      0.0000      0.0536
         460      0.7955      1.5226      2.3997      0.0001      0.0551
         470      0.7303      1.3839      2.1317      0.0183      0.0993
         480      0.7527      1.5064      2.1724      0.0000      0.0846
         490      0.7642      1.4998      2.2303      0.0000      0.0909
         500      0.7382      1.4737      2.1305      0.0000      0.0868
         510      0.7761      1.4962      2.2795      0.0121      0.0808
         520      0.7441      1.4844      2.1548      0.0010      0.0795
         530      0.7456      1.4865      2.1557      0.0000      0.0857
         540      0.9436      1.4953      2.3221      0.0001      0.9006
         550      0.7680      1.4944      2.2405      0.0000      0.1048
         560      0.7286      1.4407      2.1182      0.0015      0.0810
         570      0.7558      1.5069      2.1898      0.0000      0.0825
         580      0.7815      1.5040      2.3325      0.0007      0.0697
         590      0.7400      1.4737      2.1510      0.0000      0.0753
         600      0.7482      1.4822      2.1944      0.0000      0.0642
       final      0.7061      1.4110      2.0763      0.0000      0.0432
best loss step: 453
Max CUDA memory: 0.8933G
Saving /mnt/home/jue/halluc/linear_motifs/output/20220103_sh3_r1/sh3_r1_181: npz, fas, trb, trk, trfold pdb
Finished design /mnt/home/jue/halluc/linear_motifs/output/20220103_sh3_r1/sh3_r1_181 in 13.64 minutes.
