/mnt/home/dzorine/software/homog/homog/homog.py:98: SyntaxWarning: "is" with a literal. Did you mean "=="?
  if degrees is 'auto': degrees = guess_is_degrees(angle)
[00:03:00] /opt/dgl/src/runtime/tensordispatch.cc:43: TensorDispatcher: dlopen failed: libtorch_cuda_cpp.so: cannot open shared object file: No such file or directory
Using backend: pytorch
--steps was given. Ignoring --grad_steps, --mcmc_steps.

Run settings:
{'network_name': 'rf_Nov05_2021', 'use_template': None, 'num': 2, 'start_num': 172, 'msa_num': 1, 'out': '/mnt/home/jue/halluc/linear_motifs/output/20220103_sh3_r1/sh3_r1', 'cautious': 1, 'save_pdb': 1, 'save_batch_fas': False, 'track_step': 10, 'track_logits': False, 'out_step': None, 'seed_rng': False, 'steps': 'g600', 'grad_steps': 400, 'mcmc_steps': 0, 'optimizer': 'nsgd', 'drop': 0.2, 'init_sd': 1e-06, 'learning_rate': 0.05, 'grad_check': True, 'logit_scale': 1, 'seq_prob_type': 'hard', 'seq_sample': False, 'calc_bkg': True, 'cce_sd': None, 'hal_sd': None, 'corrupt_sequence': None, 'corrupt_fraction': None, 'pdb': '/mnt/home/jue/halluc/linear_motifs/input/SH3_2w0z.pdb', 'mask': None, 'contigs': 'B7-14', 'con_set_id': None, 'len': '55-100', 'keep_order': False, 'contig_min_gap': 5, 'spike': None, 'spike_fas': None, 'force_aa': 'B7-14', 'exclude_aa': 'C', 'force_aa_hal': None, 'template_pdbs': None, 'no_bkg_mask': False, 'num_repeats': 0, 'init_seq': None, 'masks_bkg': None, 'masks_pass': None, 'force_logits': None, 'receptor': None, 'rec_placement': 'second', 'gap': 200, 'w_cce': 1, 'w_crmsd': -1, 'w_entropy': 1, 'w_kl': -1, 'n_bkg': 100, 'w_rep': 2.0, 'w_set_rep': -1, 'w_atr': -1, 'w_set_atr': -1, 'w_rog': 1.0, 'w_aspect_ratio': -1, 'w_cyc_sym': -1, 'w_surfnp': -1, 'w_nc': -1, 'w_cce_bg': -1, 'w_sym': -1, 'cce_cutoff': 19.9, 'rep_pdb': 'input/SH3_2w0z_rec.pdb', 'rep_sigma': 3.5, 'atr_pdb': None, 'atr_sigma': 5, 'entropy_beta': 10, 'rog_thresh': 16.0, 'surfnp_nbr_thresh': 2.5, 'nc_target': -7, 'entropy_dist_bins': 16, 'mcmc_halflife': 500.0, 'T_acc_0': 0.002, 'mcmc_batch': 1, 'anneal_t1d': False, 'erode_template': False, 'num_masked_tokens': 1, 'weights_dir': '/projects/ml/trDesign', 'nthreads': 4, 'cce_cutstep': None, 'cce_thresh': 2.2, 'batch': 64, 'lr': 0.2, 'nsteps': 100, 'commit': 'c344913efafbbfe8f452574b0c86c348792a5045'}

Loading structure prediction model onto device cuda:0...
#   trunk_msa_v00     [ens=1]   AF2-inspired 12-block 2-track trunk
#   trunk_tbm_v00     [ens=1]   AF2-inspired 3-track trunk
#   rf_v00            [ens=1]   RoseTTAFold 3-track trunk + refiner (formerly trunk_e2e_v00)
# * rf_Nov05_2021     [ens=1]   RoseTTAFold 3-track, no perceiver, Nov. 5 2021
#   rf_perceiver_v00  [ens=1]   RoseTTAFold w/ Perceiver & FAPE loss (msa_full=zeros)
#   rf_perceiver_v01  [ens=1]   RoseTTAFold w/ Perceiver & FAPE loss (msa_full=msa_latent)
#   af2_v00           [ens=0]   AlphaFold2 (only works with rescue.py)
Loaded sequence-to-structure model rf_Nov05_2021 with 66037142 parameters

Model hyperparameters:
{'SE3_param': {'div': 4, 'l0_in_features': 32, 'l0_out_features': 32, 'l1_in_features': 3, 'l1_out_features': 2, 'n_heads': 4, 'num_channels': 32, 'num_degrees': 2, 'num_edge_features': 32, 'num_layers': 3}, 'd_hidden': 32, 'd_hidden_templ': 64, 'd_msa': 256, 'd_msa_full': 64, 'd_pair': 128, 'd_templ': 64, 'n_head_msa': 8, 'n_head_pair': 4, 'n_head_templ': 4, 'n_module_2track': 24, 'n_module_3track': 8, 'p_drop': 0.0}

Using CUDA device(s):  cuda:0: (GeForce RTX 2080); 

Parsing input pdb...

Generating sh3_r1_172, length 78...
Forcing amino acids:  B7P,B8P,B9P,B10R,B11P,B12P,B13K,B14P
Loss term           | Weight      
cce                   1.00
entropy               1.00
rep                   2.00
rog                   1.00

Stage 0
Starting gradient descent...
        step    avg loss         cce     entropy         rep         rog
           0      3.2152      1.6638      2.8385      1.7292      8.1155
          10      0.9236      1.6441      2.9257      0.0001      0.0481
          20      0.8965      1.5523      2.7692      0.0000      0.1611
          30      0.8582      1.5729      2.6474      0.0000      0.0706
          40      1.8641      1.6214      2.5117      0.0000      5.1873
          50      1.3240      1.6571      2.4930      0.0000      2.4699
          60      1.1718      1.6127      2.4526      0.0757      1.6422
          70      0.9039      1.6444      2.4448      0.0023      0.4254
          80      0.8618      1.6668      2.4939      0.0000      0.1482
          90      0.8799      1.6874      2.4364      0.0000      0.2755
         100      0.8089      1.6512      2.2401      0.0000      0.1534
         110      0.7988      1.6289      2.2513      0.0000      0.1136
         120      0.7918      1.6584      2.2356      0.0000      0.0652
         130      0.8038      1.6372      2.2718      0.0000      0.1101
         140      0.7956      1.6443      2.2114      0.0028      0.1169
         150      0.8383      1.6495      2.4579      0.0000      0.0840
         160      0.8461      1.6786      2.4793      0.0001      0.0728
         170      0.9466      1.6098      2.5507      0.2784      0.0158
         180      0.8368      1.6718      2.4177      0.0002      0.0939
         190      0.7935      1.6793      2.2050      0.0003      0.0827
         200      0.7884      1.6020      2.2427      0.0000      0.0974
         210      0.7750      1.6060      2.1683      0.0000      0.1006
         220      0.8316      1.5833      2.5144      0.0000      0.0603
         230      0.7830      1.6051      2.1919      0.0000      0.1178
         240      0.7809      1.5887      2.2304      0.0001      0.0854
         250      0.8425      1.6776      2.3911      0.0000      0.1440
         260      0.7913      1.6256      2.2708      0.0001      0.0602
         270      1.6282      1.5539      2.4507      0.0001      4.1362
         280      0.8027      1.6485      2.3072      0.0000      0.0576
         290      0.8906      1.6404      2.4756      0.0000      0.3369
         300      0.8565      1.6591      2.4562      0.0000      0.1672
         310      0.8190      1.6460      2.2997      0.0000      0.1495
         320      0.7867      1.6767      2.1689      0.0000      0.0879
         330      0.8051      1.6809      2.2668      0.0000      0.0778
         340      0.7916      1.6522      2.2329      0.0000      0.0727
         350      0.7887      1.6059      2.2290      0.0000      0.1086
         360      0.8107      1.6053      2.3406      0.0000      0.1077
         370      0.8351      1.6425      2.4693      0.0000      0.0638
         380      0.7833      1.6240      2.2110      0.0000      0.0817
         390      0.9391      1.6545      2.2904      0.3284      0.0937
         400      1.5400      1.5780      2.4671      0.0001      3.6549
         410      0.8239      1.5876      2.4195      0.0000      0.1125
         420      0.8009      1.6396      2.2866      0.0000      0.0783
         430      0.8191      1.6465      2.3568      0.0000      0.0920
         440      0.8051      1.6586      2.2915      0.0000      0.0751
         450      0.7944      1.6086      2.2681      0.0000      0.0950
         460      0.7555      1.6105      2.0894      0.0000      0.0775
         470      0.7996      1.6304      2.2712      0.0000      0.0960
         480      0.7805      1.6200      2.2155      0.0000      0.0672
         490      0.7750      1.6132      2.1809      0.0000      0.0808
         500      0.7803      1.6017      2.2166      0.0000      0.0830
         510      0.7829      1.6374      2.1936      0.0000      0.0836
         520      0.7966      1.6438      2.2677      0.0000      0.0714
         530      0.7680      1.6112      2.1336      0.0000      0.0950
         540      0.7784      1.5765      2.2054      0.0000      0.1102
         550      0.7826      1.6020      2.2011      0.0000      0.1097
         560      0.7883      1.6104      2.2642      0.0000      0.0669
         570      0.7942      1.5722      2.2650      0.0000      0.1337
         580      0.8087      1.5996      2.2878      0.0000      0.1561
         590      0.8423      1.5949      2.5369      0.0000      0.0795
         600      1.3949      1.5620      2.5668      0.0000      2.8457
       final      0.7555      1.6105      2.0894      0.0000      0.0775
best loss step: 460
Max CUDA memory: 1.1405G
Saving /mnt/home/jue/halluc/linear_motifs/output/20220103_sh3_r1/sh3_r1_172: npz, fas, trb, trk, trfold pdb
Finished design /mnt/home/jue/halluc/linear_motifs/output/20220103_sh3_r1/sh3_r1_172 in 13.93 minutes.

Generating sh3_r1_173, length 98...
Forcing amino acids:  B7P,B8P,B9P,B10R,B11P,B12P,B13K,B14P
Loss term           | Weight      
cce                   1.00
entropy               1.00
rep                   2.00
rog                   1.00

Stage 0
Starting gradient descent...
        step    avg loss         cce     entropy         rep         rog
           0      2.3211      1.6408      2.9808      0.3803      6.2232
          10      1.2468      1.8725      2.9669      0.6882      0.0179
          20      1.4555      1.8925      2.9691      1.2048      0.0064
          30      1.0004      1.8310      2.9361      0.1120      0.0108
          40      1.3995      1.6989      2.9402      1.1415      0.0755
          50      1.0435      1.6997      2.9682      0.2559      0.0378
          60      0.9897      1.7290      2.9759      0.1149      0.0138
          70      1.6186      1.6883      2.8611      1.7562      0.0314
          80      0.9260      1.6821      2.9089      0.0001      0.0386
          90      0.9173      1.6231      2.8453      0.0000      0.1179
         100      0.8931      1.6409      2.7618      0.0000      0.0627
         110      0.8819      1.6309      2.7446      0.0001      0.0341
         120      0.9124      1.6168      2.6859      0.0000      0.2593
         130      0.8543      1.6106      2.6426      0.0002      0.0182
         140      0.8576      1.6121      2.6580      0.0000      0.0181
         150      0.8672      1.6210      2.6846      0.0001      0.0301
         160      0.8554      1.6068      2.6067      0.0000      0.0637
         170      0.8162      1.5931      2.4349      0.0000      0.0531
         180      0.7574      1.4749      2.2559      0.0006      0.0552
         190      0.7869      1.5406      2.3389      0.0000      0.0549
         200      0.7970      1.4768      2.4690      0.0001      0.0392
         210      0.7850      1.4960      2.3651      0.0007      0.0623
         220      0.8237      1.5763      2.4842      0.0000      0.0579
         230      0.8655      1.5534      2.6010      0.0000      0.1729
         240      0.7649      1.5476      2.2320      0.0000      0.0450
         250      0.8225      1.5138      2.5538      0.0000      0.0451
         260      0.8520      1.6282      2.5619      0.0201      0.0297
         270      0.7783      1.5271      2.3158      0.0003      0.0482
         280      0.7830      1.5300      2.3399      0.0001      0.0450
         290      0.7423      1.4749      2.1742      0.0000      0.0626
         300      0.7566      1.4801      2.2364      0.0029      0.0607
         310      0.7829      1.5197      2.3270      0.0000      0.0677
         320      0.7725      1.4252      2.3728      0.0000      0.0646
         330      0.7793      1.5562      2.2811      0.0000      0.0590
         340      0.7527      1.4286      2.2827      0.0000      0.0522
         350      0.7317      1.3803      2.2049      0.0094      0.0545
         360      0.7537      1.4664      2.2566      0.0000      0.0453
         370      0.7385      1.3874      2.2499      0.0000      0.0550
         380      0.7437      1.3724      2.0938      0.0871      0.0783
         390      0.7663      1.4830      2.2975      0.0000      0.0508
         400      0.7884      1.5589      2.3374      0.0000      0.0459
         410      0.7702      1.5008      2.2923      0.0003      0.0575
         420      0.7362      1.4230      2.2163      0.0000      0.0416
         430      0.7492      1.4587      2.2352      0.0000      0.0523
         440      0.7777      1.5500      2.1791      0.0454      0.0683
         450      0.7812      1.4601      2.3786      0.0135      0.0405
         460      0.7628      1.4740      2.2764      0.0000      0.0634
         470      0.7870      1.4089      2.3139      0.0832      0.0460
         480      0.7960      1.5036      2.4198      0.0000      0.0566
         490      0.7603      1.4444      2.2671      0.0002      0.0895
         500      0.7378      1.3946      2.2142      0.0109      0.0585
         510      0.7482      1.4642      2.2120      0.0000      0.0647
         520      0.7620      1.5125      2.2481      0.0001      0.0491
         530      1.3217      1.4255      2.3272      0.1253      2.6054
         540      0.7312      1.4223      2.1857      0.0000      0.0481
         550      1.3366      1.4550      2.3194      0.3022      2.3044
         560      1.0250      1.6324      2.4393      0.0001      1.0532
         570      0.9031      1.4522      2.3864      0.0210      0.6350
         580      1.0318      1.4914      2.4991      0.0362      1.0963
         590      0.8774      1.4729      2.4324      0.0012      0.4790
         600      0.8553      1.4806      2.4276      0.0151      0.3382
       final      0.7127      1.4229      2.0939      0.0000      0.0465
best loss step: 506
Max CUDA memory: 1.6501G
Saving /mnt/home/jue/halluc/linear_motifs/output/20220103_sh3_r1/sh3_r1_173: npz, fas, trb, trk, trfold pdb
Finished design /mnt/home/jue/halluc/linear_motifs/output/20220103_sh3_r1/sh3_r1_173 in 16.47 minutes.
