/mnt/home/dzorine/software/homog/homog/homog.py:98: SyntaxWarning: "is" with a literal. Did you mean "=="?
  if degrees is 'auto': degrees = guess_is_degrees(angle)
[21:30:39] /opt/dgl/src/runtime/tensordispatch.cc:43: TensorDispatcher: dlopen failed: libtorch_cuda_cpp.so: cannot open shared object file: No such file or directory
Using backend: pytorch
--steps was given. Ignoring --grad_steps, --mcmc_steps.

Run settings:
{'network_name': 'rf_Nov05_2021', 'use_template': None, 'num': 2, 'start_num': 74, 'msa_num': 1, 'out': '/mnt/home/jue/halluc/linear_motifs/output/20220103_sh3_r1/sh3_r1', 'cautious': 1, 'save_pdb': 1, 'save_batch_fas': False, 'track_step': 10, 'track_logits': False, 'out_step': None, 'seed_rng': False, 'steps': 'g600', 'grad_steps': 400, 'mcmc_steps': 0, 'optimizer': 'nsgd', 'drop': 0.2, 'init_sd': 1e-06, 'learning_rate': 0.05, 'grad_check': True, 'logit_scale': 1, 'seq_prob_type': 'hard', 'seq_sample': False, 'calc_bkg': True, 'cce_sd': None, 'hal_sd': None, 'corrupt_sequence': None, 'corrupt_fraction': None, 'pdb': '/mnt/home/jue/halluc/linear_motifs/input/SH3_2w0z.pdb', 'mask': None, 'contigs': 'B7-14', 'con_set_id': None, 'len': '55-100', 'keep_order': False, 'contig_min_gap': 5, 'spike': None, 'spike_fas': None, 'force_aa': 'B7-14', 'exclude_aa': 'C', 'force_aa_hal': None, 'template_pdbs': None, 'no_bkg_mask': False, 'num_repeats': 0, 'init_seq': None, 'masks_bkg': None, 'masks_pass': None, 'force_logits': None, 'receptor': None, 'rec_placement': 'second', 'gap': 200, 'w_cce': 1, 'w_crmsd': -1, 'w_entropy': 1, 'w_kl': -1, 'n_bkg': 100, 'w_rep': 2.0, 'w_set_rep': -1, 'w_atr': -1, 'w_set_atr': -1, 'w_rog': 1.0, 'w_aspect_ratio': -1, 'w_cyc_sym': -1, 'w_surfnp': -1, 'w_nc': -1, 'w_cce_bg': -1, 'w_sym': -1, 'cce_cutoff': 19.9, 'rep_pdb': 'input/SH3_2w0z_rec.pdb', 'rep_sigma': 3.5, 'atr_pdb': None, 'atr_sigma': 5, 'entropy_beta': 10, 'rog_thresh': 16.0, 'surfnp_nbr_thresh': 2.5, 'nc_target': -7, 'entropy_dist_bins': 16, 'mcmc_halflife': 500.0, 'T_acc_0': 0.002, 'mcmc_batch': 1, 'anneal_t1d': False, 'erode_template': False, 'num_masked_tokens': 1, 'weights_dir': '/projects/ml/trDesign', 'nthreads': 4, 'cce_cutstep': None, 'cce_thresh': 2.2, 'batch': 64, 'lr': 0.2, 'nsteps': 100, 'commit': 'c344913efafbbfe8f452574b0c86c348792a5045'}

Loading structure prediction model onto device cuda:0...
#   trunk_msa_v00     [ens=1]   AF2-inspired 12-block 2-track trunk
#   trunk_tbm_v00     [ens=1]   AF2-inspired 3-track trunk
#   rf_v00            [ens=1]   RoseTTAFold 3-track trunk + refiner (formerly trunk_e2e_v00)
# * rf_Nov05_2021     [ens=1]   RoseTTAFold 3-track, no perceiver, Nov. 5 2021
#   rf_perceiver_v00  [ens=1]   RoseTTAFold w/ Perceiver & FAPE loss (msa_full=zeros)
#   rf_perceiver_v01  [ens=1]   RoseTTAFold w/ Perceiver & FAPE loss (msa_full=msa_latent)
#   af2_v00           [ens=0]   AlphaFold2 (only works with rescue.py)
Loaded sequence-to-structure model rf_Nov05_2021 with 66037142 parameters

Model hyperparameters:
{'SE3_param': {'div': 4, 'l0_in_features': 32, 'l0_out_features': 32, 'l1_in_features': 3, 'l1_out_features': 2, 'n_heads': 4, 'num_channels': 32, 'num_degrees': 2, 'num_edge_features': 32, 'num_layers': 3}, 'd_hidden': 32, 'd_hidden_templ': 64, 'd_msa': 256, 'd_msa_full': 64, 'd_pair': 128, 'd_templ': 64, 'n_head_msa': 8, 'n_head_pair': 4, 'n_head_templ': 4, 'n_module_2track': 24, 'n_module_3track': 8, 'p_drop': 0.0}

Using CUDA device(s):  cuda:0: (GeForce RTX 2080); 

Parsing input pdb...

Generating sh3_r1_74, length 78...
Forcing amino acids:  B7P,B8P,B9P,B10R,B11P,B12P,B13K,B14P
Loss term           | Weight      
cce                   1.00
entropy               1.00
rep                   2.00
rog                   1.00

Stage 0
Starting gradient descent...
        step    avg loss         cce     entropy         rep         rog
           0      2.0515      1.6961      2.9467      2.8029      0.0090
          10      0.9015      1.6591      2.6115      0.0655      0.1059
          20      0.8657      1.5769      2.6297      0.0001      0.1217
          30      0.8790      1.6238      2.6646      0.0000      0.1064
          40      0.8532      1.7410      2.4645      0.0004      0.0597
          50      1.2321      1.5668      2.6743      0.6544      0.6105
          60      1.0482      1.6785      2.5739      0.3888      0.2108
          70      0.8803      1.7336      2.5981      0.0000      0.0697
          80      0.8405      1.6552      2.4982      0.0000      0.0491
          90      0.8800      1.5247      2.5279      0.1577      0.0318
         100      0.8657      1.6518      2.6494      0.0001      0.0273
         110      0.8088      1.7028      2.2980      0.0001      0.0431
         120      0.7889      1.5271      2.2167      0.0797      0.0411
         130      0.7671      1.5123      2.2830      0.0000      0.0399
         140      0.7599      1.3575      2.3641      0.0000      0.0776
         150      0.7621      1.5371      2.2595      0.0000      0.0140
         160      0.6938      1.4877      1.9642      0.0000      0.0172
         170      0.6884      1.3854      2.0436      0.0002      0.0126
         180      0.7959      1.6719      2.2912      0.0001      0.0162
         190      0.6991      1.4184      2.0622      0.0000      0.0149
         200      0.6812      1.4063      1.9882      0.0000      0.0115
         210      0.6352      1.3610      1.7993      0.0000      0.0155
         220      0.6671      1.3422      1.9786      0.0000      0.0146
         230      0.6570      1.3867      1.8853      0.0000      0.0131
         240      0.6846      1.4523      1.9574      0.0000      0.0134
         250      0.6779      1.4479      1.9294      0.0000      0.0121
         260      0.6975      1.4758      1.9994      0.0000      0.0123
         270      0.6662      1.4550      1.8583      0.0000      0.0179
         280      0.6407      1.3184      1.8713      0.0000      0.0138
         290      0.6402      1.3189      1.8668      0.0000      0.0151
         300      0.6503      1.3802      1.8535      0.0000      0.0177
         310      0.6359      1.3568      1.8079      0.0000      0.0147
         320      0.6280      1.3349      1.7875      0.0000      0.0177
         330      0.6238      1.3760      1.7294      0.0000      0.0139
         340      0.6295      1.3816      1.7506      0.0000      0.0152
         350      0.6261      1.3633      1.7532      0.0000      0.0141
         360      0.6198      1.3212      1.7641      0.0000      0.0139
         370      0.6354      1.3619      1.7998      0.0000      0.0153
         380      0.6091      1.3167      1.7143      0.0000      0.0143
         390      0.6193      1.3569      1.7259      0.0000      0.0138
         400      0.6152      1.2907      1.7725      0.0000      0.0129
         410      0.6319      1.3753      1.7695      0.0002      0.0143
         420      0.5963      1.2416      1.7263      0.0000      0.0136
         430      0.6279      1.3482      1.7778      0.0000      0.0133
         440      0.6276      1.3720      1.7516      0.0000      0.0147
         450      0.6107      1.2864      1.7535      0.0000      0.0135
         460      0.6309      1.3825      1.7559      0.0000      0.0159
         470      0.6183      1.3360      1.7424      0.0000      0.0133
         480      0.6277      1.3275      1.7967      0.0007      0.0131
         490      0.6471      1.3192      1.9021      0.0000      0.0140
         500      0.6573      1.4611      1.8105      0.0000      0.0150
         510      0.6236      1.3668      1.7368      0.0000      0.0143
         520      0.6317      1.3539      1.7894      0.0007      0.0139
         530      0.6295      1.2919      1.8429      0.0000      0.0124
         540      0.6197      1.3098      1.7751      0.0000      0.0138
         550      0.6515      1.4145      1.8292      0.0001      0.0136
         560      0.6224      1.2763      1.8213      0.0000      0.0144
         570      0.6387      1.3322      1.8475      0.0000      0.0140
         580      0.6202      1.3016      1.7857      0.0001      0.0136
         590      0.6424      1.3898      1.8076      0.0000      0.0147
         600      0.6735      1.4952      1.8564      0.0000      0.0160
       final      0.5963      1.2416      1.7263      0.0000      0.0136
best loss step: 420
Max CUDA memory: 1.1405G
Saving /mnt/home/jue/halluc/linear_motifs/output/20220103_sh3_r1/sh3_r1_74: npz, fas, trb, trk, trfold pdb
Finished design /mnt/home/jue/halluc/linear_motifs/output/20220103_sh3_r1/sh3_r1_74 in 15.26 minutes.

Generating sh3_r1_75, length 58...
Forcing amino acids:  B7P,B8P,B9P,B10R,B11P,B12P,B13K,B14P
Loss term           | Weight      
cce                   1.00
entropy               1.00
rep                   2.00
rog                   1.00

Stage 0
Starting gradient descent...
        step    avg loss         cce     entropy         rep         rog
           0      2.2265      1.8026      2.9560      0.0001      6.3739
          10      0.9507      1.5321      2.8370      0.0000      0.3846
          20      0.8394      1.6326      2.5486      0.0001      0.0156
          30      0.8379      1.5711      2.6050      0.0006      0.0124
          40      0.8039      1.5548      2.4390      0.0037      0.0180
          50      0.8420      1.6326      2.5622      0.0000      0.0153
          60      0.8293      1.4789      2.6447      0.0000      0.0228
          70      0.8693      1.5061      2.5350      0.0000      0.3054
          80      1.0506      1.5872      2.5647      0.4522      0.1968
          90      0.9265      1.4865      2.3447      0.1842      0.4327
         100      0.8594      1.5956      2.3725      0.0000      0.3289
         110      0.7880      1.6157      2.1813      0.0005      0.1419
         120      0.8277      1.5013      2.3123      0.0000      0.3251
         130      0.7370      1.4410      2.0481      0.0000      0.1956
         140      0.7904      1.5003      2.2327      0.0000      0.2188
         150      0.7040      1.3129      1.9938      0.0000      0.2131
         160      0.7660      1.5116      2.1483      0.0000      0.1700
         170      0.7549      1.4490      2.1340      0.0002      0.1910
         180      0.7815      1.5449      2.1548      0.0000      0.2077
         190      0.7341      1.4957      1.9923      0.0000      0.1823
         200      0.7671      1.4658      2.1216      0.0000      0.2481
         210      0.7612      1.4745      2.1234      0.0011      0.2059
         220      0.8031      1.5837      2.2683      0.0000      0.1638
         230      0.7703      1.5667      2.0870      0.0000      0.1977
         240      0.7988      1.5609      2.1124      0.0627      0.1955
         250      0.7651      1.5055      2.1597      0.0000      0.1601
         260      0.7914      1.4815      2.2918      0.0000      0.1839
         270      0.8563      1.7798      2.3728      0.0000      0.1290
         280      0.7810      1.4992      2.2271      0.0003      0.1784
         290      0.7333      1.4128      2.0644      0.0000      0.1893
         300      0.7435      1.4539      2.0526      0.0000      0.2110
         310      0.8278      1.4704      2.3791      0.0000      0.2894
         320      0.7480      1.4634      2.1098      0.0000      0.1666
         330      0.7945      1.5844      2.2335      0.0000      0.1547
         340      0.7683      1.4585      2.2239      0.0000      0.1593
         350      0.8071      1.6032      2.1982      0.0569      0.1203
         360      0.7259      1.4525      1.9942      0.0000      0.1828
         370      0.7527      1.4873      2.1231      0.0000      0.1529
         380      0.7569      1.5721      2.0481      0.0000      0.1642
         390      0.8245      1.5820      2.3377      0.0000      0.2029
         400      0.7967      1.5784      2.2089      0.0000      0.1961
         410      0.7954      1.6668      2.1830      0.0000      0.1272
         420      0.7503      1.4441      2.1608      0.0000      0.1467
         430      0.8412      1.5060      2.4915      0.0000      0.2086
         440      0.8383      1.4918      2.4040      0.0000      0.2957
         450      0.7476      1.5023      2.0816      0.0000      0.1543
         460      0.7479      1.4408      2.1343      0.0000      0.1644
         470      0.7713      1.5498      2.1542      0.0000      0.1524
         480      0.7661      1.4870      2.1793      0.0000      0.1643
         490      0.7447      1.4735      2.0451      0.0000      0.2050
         500      0.7874      1.4805      2.3133      0.0000      0.1431
         510      0.8016      1.4438      2.3783      0.0085      0.1687
         520      0.7292      1.4668      2.0278      0.0000      0.1514
         530      0.7349      1.4866      2.0703      0.0000      0.1174
         540      0.7611      1.5639      2.0721      0.0001      0.1692
         550      0.7699      1.6342      2.0904      0.0088      0.1074
         560      0.7289      1.4462      2.0414      0.0000      0.1570
         570      0.7712      1.4905      2.1565      0.0000      0.2092
         580      0.8232      1.5727      2.4025      0.0000      0.1407
         590      0.7473      1.4627      2.0962      0.0000      0.1773
         600      0.7620      1.5557      2.1296      0.0000      0.1247
       final      0.7015      1.3529      1.9624      0.0000      0.1920
best loss step: 168
Max CUDA memory: 0.7489G
Saving /mnt/home/jue/halluc/linear_motifs/output/20220103_sh3_r1/sh3_r1_75: npz, fas, trb, trk, trfold pdb
Finished design /mnt/home/jue/halluc/linear_motifs/output/20220103_sh3_r1/sh3_r1_75 in 14.93 minutes.
