/mnt/home/dzorine/software/homog/homog/homog.py:98: SyntaxWarning: "is" with a literal. Did you mean "=="?
  if degrees is 'auto': degrees = guess_is_degrees(angle)
[22:38:37] /opt/dgl/src/runtime/tensordispatch.cc:43: TensorDispatcher: dlopen failed: libtorch_cuda_cpp.so: cannot open shared object file: No such file or directory
Using backend: pytorch
--steps was given. Ignoring --grad_steps, --mcmc_steps.

Run settings:
{'network_name': 'rf_Nov05_2021', 'use_template': None, 'num': 2, 'start_num': 118, 'msa_num': 1, 'out': '/mnt/home/jue/halluc/linear_motifs/output/20220103_sh3_r1/sh3_r1', 'cautious': 1, 'save_pdb': 1, 'save_batch_fas': False, 'track_step': 10, 'track_logits': False, 'out_step': None, 'seed_rng': False, 'steps': 'g600', 'grad_steps': 400, 'mcmc_steps': 0, 'optimizer': 'nsgd', 'drop': 0.2, 'init_sd': 1e-06, 'learning_rate': 0.05, 'grad_check': True, 'logit_scale': 1, 'seq_prob_type': 'hard', 'seq_sample': False, 'calc_bkg': True, 'cce_sd': None, 'hal_sd': None, 'corrupt_sequence': None, 'corrupt_fraction': None, 'pdb': '/mnt/home/jue/halluc/linear_motifs/input/SH3_2w0z.pdb', 'mask': None, 'contigs': 'B7-14', 'con_set_id': None, 'len': '55-100', 'keep_order': False, 'contig_min_gap': 5, 'spike': None, 'spike_fas': None, 'force_aa': 'B7-14', 'exclude_aa': 'C', 'force_aa_hal': None, 'template_pdbs': None, 'no_bkg_mask': False, 'num_repeats': 0, 'init_seq': None, 'masks_bkg': None, 'masks_pass': None, 'force_logits': None, 'receptor': None, 'rec_placement': 'second', 'gap': 200, 'w_cce': 1, 'w_crmsd': -1, 'w_entropy': 1, 'w_kl': -1, 'n_bkg': 100, 'w_rep': 2.0, 'w_set_rep': -1, 'w_atr': -1, 'w_set_atr': -1, 'w_rog': 1.0, 'w_aspect_ratio': -1, 'w_cyc_sym': -1, 'w_surfnp': -1, 'w_nc': -1, 'w_cce_bg': -1, 'w_sym': -1, 'cce_cutoff': 19.9, 'rep_pdb': 'input/SH3_2w0z_rec.pdb', 'rep_sigma': 3.5, 'atr_pdb': None, 'atr_sigma': 5, 'entropy_beta': 10, 'rog_thresh': 16.0, 'surfnp_nbr_thresh': 2.5, 'nc_target': -7, 'entropy_dist_bins': 16, 'mcmc_halflife': 500.0, 'T_acc_0': 0.002, 'mcmc_batch': 1, 'anneal_t1d': False, 'erode_template': False, 'num_masked_tokens': 1, 'weights_dir': '/projects/ml/trDesign', 'nthreads': 4, 'cce_cutstep': None, 'cce_thresh': 2.2, 'batch': 64, 'lr': 0.2, 'nsteps': 100, 'commit': 'c344913efafbbfe8f452574b0c86c348792a5045'}

Loading structure prediction model onto device cuda:0...
#   trunk_msa_v00     [ens=1]   AF2-inspired 12-block 2-track trunk
#   trunk_tbm_v00     [ens=1]   AF2-inspired 3-track trunk
#   rf_v00            [ens=1]   RoseTTAFold 3-track trunk + refiner (formerly trunk_e2e_v00)
# * rf_Nov05_2021     [ens=1]   RoseTTAFold 3-track, no perceiver, Nov. 5 2021
#   rf_perceiver_v00  [ens=1]   RoseTTAFold w/ Perceiver & FAPE loss (msa_full=zeros)
#   rf_perceiver_v01  [ens=1]   RoseTTAFold w/ Perceiver & FAPE loss (msa_full=msa_latent)
#   af2_v00           [ens=0]   AlphaFold2 (only works with rescue.py)
Loaded sequence-to-structure model rf_Nov05_2021 with 66037142 parameters

Model hyperparameters:
{'SE3_param': {'div': 4, 'l0_in_features': 32, 'l0_out_features': 32, 'l1_in_features': 3, 'l1_out_features': 2, 'n_heads': 4, 'num_channels': 32, 'num_degrees': 2, 'num_edge_features': 32, 'num_layers': 3}, 'd_hidden': 32, 'd_hidden_templ': 64, 'd_msa': 256, 'd_msa_full': 64, 'd_pair': 128, 'd_templ': 64, 'n_head_msa': 8, 'n_head_pair': 4, 'n_head_templ': 4, 'n_module_2track': 24, 'n_module_3track': 8, 'p_drop': 0.0}

Using CUDA device(s):  cuda:0: (GeForce RTX 2080); 

Parsing input pdb...

Generating sh3_r1_118, length 60...
Forcing amino acids:  B7P,B8P,B9P,B10R,B11P,B12P,B13K,B14P
Loss term           | Weight      
cce                   1.00
entropy               1.00
rep                   2.00
rog                   1.00

Stage 0
Starting gradient descent...
        step    avg loss         cce     entropy         rep         rog
           0      1.4064      1.8368      2.9737      0.2083      1.8051
          10      0.8151      1.5951      2.4569      0.0000      0.0235
          20      0.7536      1.6015      2.1481      0.0002      0.0180
          30      0.8255      1.6405      2.4791      0.0000      0.0081
          40      0.8014      1.5018      2.2429      0.0000      0.2624
          50      0.7623      1.4026      2.1054      0.0000      0.3033
          60      0.7560      1.5242      2.0096      0.0000      0.2460
          70      0.7916      1.5328      2.1920      0.0000      0.2331
          80      0.8311      1.4860      2.4691      0.0000      0.2001
          90      0.7564      1.4235      2.1112      0.0000      0.2474
         100      0.8393      1.4741      2.3156      0.0000      0.4066
         110      0.7495      1.4685      2.0432      0.0000      0.2355
         120      0.7420      1.4503      2.0356      0.0000      0.2241
         130      0.8377      1.5411      2.3841      0.0000      0.2633
         140      0.8179      1.6106      2.2689      0.0000      0.2101
         150      0.7724      1.4177      2.2209      0.0000      0.2232
         160      0.8073      1.4542      2.3100      0.0001      0.2722
         170      0.7693      1.4676      2.1389      0.0000      0.2402
         180      0.7667      1.5006      2.0827      0.0000      0.2505
         190      0.7963      1.5933      2.1887      0.0000      0.1995
         200      0.7381      1.4510      1.9981      0.0000      0.2412
         210      0.7414      1.4105      2.0766      0.0000      0.2198
         220      0.7720      1.5669      2.0682      0.0000      0.2251
         230      0.7538      1.4395      2.0470      0.0000      0.2827
         240      0.7631      1.5532      2.0727      0.0000      0.1897
         250      0.7851      1.4515      2.1915      0.0000      0.2824
         260      0.7511      1.5000      2.0309      0.0000      0.2246
         270      0.7782      1.4769      2.1752      0.0000      0.2391
         280      0.7378      1.4395      1.9995      0.0000      0.2498
         290      0.8102      1.5590      2.2417      0.0000      0.2501
         300      0.7465      1.5094      1.9903      0.0000      0.2330
         310      0.7635      1.4586      2.1421      0.0000      0.2167
         320      0.7375      1.4265      2.0403      0.0001      0.2204
         330      0.7657      1.4616      2.2040      0.0000      0.1628
         340      3.4284      1.4465      2.4172      0.0000     13.2783
         350      0.7697      1.4801      2.1588      0.0000      0.2098
         360      0.7407      1.4507      2.0865      0.0000      0.1664
         370      0.7509      1.4664      2.1034      0.0000      0.1849
         380      0.7455      1.4630      2.0913      0.0000      0.1733
         390      0.7698      1.4637      2.1661      0.0000      0.2195
         400      0.7398      1.4731      2.0474      0.0001      0.1783
         410      0.7489      1.4782      2.1104      0.0000      0.1559
         420      0.7591      1.4501      2.1695      0.0000      0.1757
         430      0.7730      1.5394      2.1586      0.0134      0.1398
         440      0.7959      1.5144      2.2447      0.0000      0.2205
         450      0.7443      1.4238      2.1227      0.0000      0.1751
         460      0.7353      1.4327      2.0764      0.0006      0.1662
         470      0.7688      1.5328      2.1576      0.0000      0.1534
         480      0.7551      1.5062      2.0570      0.0001      0.2123
         490      0.8086      1.5207      2.2879      0.0000      0.2346
         500      0.7464      1.4512      2.1124      0.0000      0.1681
         510      0.7281      1.3519      2.0917      0.0000      0.1968
         520      0.8968      1.5542      2.5836      0.0000      0.3464
         530      0.7681      1.4451      2.2259      0.0000      0.1694
         540      0.7622      1.5312      2.0769      0.0000      0.2031
         550      0.7830      1.5712      2.1629      0.0165      0.1475
         560      0.8159      1.5809      2.2080      0.0461      0.1982
         570      0.7423      1.4901      2.0571      0.0000      0.1646
         580      0.7659      1.4663      2.1561      0.0000      0.2070
         590      0.7351      1.4538      2.0514      0.0000      0.1702
         600      0.7930      1.5926      2.2033      0.0000      0.1692
       final      0.7115      1.4433      1.9744      0.0050      0.1297
best loss step: 378
Max CUDA memory: 0.7826G
Saving /mnt/home/jue/halluc/linear_motifs/output/20220103_sh3_r1/sh3_r1_118: npz, fas, trb, trk, trfold pdb
Finished design /mnt/home/jue/halluc/linear_motifs/output/20220103_sh3_r1/sh3_r1_118 in 13.35 minutes.

Generating sh3_r1_119, length 74...
Forcing amino acids:  B7P,B8P,B9P,B10R,B11P,B12P,B13K,B14P
Loss term           | Weight      
cce                   1.00
entropy               1.00
rep                   2.00
rog                   1.00

Stage 0
Starting gradient descent...
        step    avg loss         cce     entropy         rep         rog
           0      2.3476      1.6329      2.8540      0.0000      7.2510
          10      0.9254      1.7486      2.8485      0.0006      0.0287
          20      1.0199      1.6844      2.8575      0.2695      0.0185
          30      1.3444      1.5903      2.8642      1.1200      0.0274
          40      1.0096      1.6462      2.8050      0.2929      0.0108
          50      0.8745      1.6155      2.7233      0.0004      0.0331
          60      0.8445      1.5249      2.6484      0.0000      0.0492
          70      0.8783      1.5356      2.8004      0.0041      0.0476
          80      0.8895      1.4848      2.9158      0.0000      0.0471
          90      0.8840      1.5033      2.8950      0.0000      0.0219
         100      0.8861      1.5108      2.7053      0.0962      0.0221
         110      0.8856      1.5621      2.8481      0.0000      0.0177
         120      2.0515      1.5345      2.8798      2.3979      1.0474
         130      1.4309      1.5112      2.7781      1.3625      0.1400
         140      1.0388      1.4403      2.9025      0.3115      0.2283
         150      0.8523      1.4411      2.7600      0.0000      0.0604
         160      0.9357      1.5281      2.7978      0.1366      0.0795
         170      0.8809      1.5573      2.8051      0.0011      0.0397
         180      0.8601      1.5209      2.6040      0.0000      0.1754
         190      0.8319      1.4477      2.6312      0.0116      0.0574
         200      1.0810      1.4760      2.7072      0.5316      0.1586
         210      0.8313      1.5665      2.5687      0.0000      0.0213
         220      1.0811      1.4924      2.5140      0.0000      1.3988
         230      2.4690      1.5841      2.6575      0.0000      8.1034
         240      2.0527      1.4987      2.6829      0.0000      6.0820
         250      1.0123      1.5496      2.5988      0.4484      0.0163
         260      0.8286      1.5459      2.5374      0.0000      0.0599
         270      0.8031      1.5739      2.3850      0.0000      0.0566
         280      0.7971      1.5235      2.4095      0.0000      0.0525
         290      0.9474      1.4847      2.2970      0.4456      0.0642
         300      0.7482      1.4410      2.2260      0.0000      0.0738
         310      0.7494      1.4693      2.1972      0.0000      0.0807
         320      0.7504      1.5034      2.1745      0.0003      0.0733
         330      0.7777      1.4521      2.2747      0.0422      0.0773
         340      0.7760      1.5393      2.2605      0.0011      0.0781
         350      0.7652      1.4357      2.2609      0.0252      0.0789
         360      0.7701      1.3927      2.3583      0.0000      0.0995
         370      2.3408      1.5534      2.5655      0.0000      7.5851
         380      0.7485      1.4784      2.1822      0.0000      0.0817
         390      0.7549      1.5138      2.1853      0.0000      0.0754
         400      0.7490      1.4266      2.2149      0.0083      0.0868
         410      0.7326      1.3902      2.1911      0.0010      0.0799
         420      0.7288      1.4269      2.1290      0.0053      0.0772
         430      0.7544      1.3871      2.3171      0.0000      0.0677
         440      0.7407      1.4374      2.1905      0.0000      0.0755
         450      0.7432      1.4667      2.1722      0.0000      0.0769
         460      0.7314      1.3861      2.1877      0.0000      0.0830
         470      0.7596      1.4525      2.2577      0.0000      0.0876
         480      0.7794      1.4910      2.3296      0.0000      0.0764
         490      0.7535      1.5081      2.1932      0.0001      0.0659
         500      0.7499      1.4721      2.2020      0.0002      0.0751
         510      0.8136      1.4233      2.2457      0.1572      0.0845
         520      0.7577      1.4777      2.2218      0.0000      0.0892
         530      0.7220      1.3610      2.1030      0.0359      0.0739
         540      0.7701      1.3875      2.1855      0.0939      0.0895
         550      0.7172      1.3723      2.1406      0.0000      0.0730
         560      0.7483      1.4634      2.2026      0.0000      0.0756
         570      0.7295      1.3936      2.1548      0.0123      0.0744
         580      0.7273      1.3809      2.1773      0.0002      0.0781
         590      0.7686      1.3985      2.1988      0.0843      0.0772
         600      0.7497      1.4641      2.2019      0.0000      0.0825
       final      0.7095      1.3686      2.0994      0.0007      0.0780
best loss step: 502
Max CUDA memory: 1.0478G
Saving /mnt/home/jue/halluc/linear_motifs/output/20220103_sh3_r1/sh3_r1_119: npz, fas, trb, trk, trfold pdb
Finished design /mnt/home/jue/halluc/linear_motifs/output/20220103_sh3_r1/sh3_r1_119 in 13.88 minutes.
