/mnt/home/dzorine/software/homog/homog/homog.py:98: SyntaxWarning: "is" with a literal. Did you mean "=="?
  if degrees is 'auto': degrees = guess_is_degrees(angle)
[16:35:50] /opt/dgl/src/runtime/tensordispatch.cc:43: TensorDispatcher: dlopen failed: libtorch_cuda_cpp.so: cannot open shared object file: No such file or directory
Using backend: pytorch
--steps was given. Ignoring --grad_steps, --mcmc_steps.

Run settings:
{'network_name': 'rf_Nov05_2021', 'use_template': 'B7-14', 'num': 5, 'start_num': 35, 'msa_num': 1, 'out': '/mnt/home/jue/halluc/linear_motifs/output/20220104_sh3_r2/sh3_r1_110_r2', 'cautious': 1, 'save_pdb': 1, 'save_batch_fas': False, 'track_step': 1, 'track_logits': False, 'out_step': None, 'seed_rng': False, 'steps': 'm300', 'grad_steps': 400, 'mcmc_steps': 0, 'optimizer': 'nsgd', 'drop': 0.2, 'init_sd': 1e-06, 'learning_rate': 0.05, 'grad_check': True, 'logit_scale': 1, 'seq_prob_type': 'hard', 'seq_sample': False, 'calc_bkg': True, 'cce_sd': None, 'hal_sd': None, 'corrupt_sequence': None, 'corrupt_fraction': None, 'pdb': '/mnt/home/jue/halluc/linear_motifs/input/SH3_2w0z.pdb', 'mask': '28-28,B7-14,59-59', 'contigs': None, 'con_set_id': None, 'len': None, 'keep_order': False, 'contig_min_gap': 5, 'spike': 0.999, 'spike_fas': 'output/hits_sh3_r1/sh3_r1_110.fas', 'force_aa': 'B7-14', 'exclude_aa': 'C', 'force_aa_hal': None, 'template_pdbs': None, 'no_bkg_mask': False, 'num_repeats': 0, 'init_seq': None, 'masks_bkg': None, 'masks_pass': None, 'force_logits': None, 'receptor': 'input/SH3_2w0z_rec.pdb', 'rec_placement': 'second', 'gap': 200, 'w_cce': 1, 'w_crmsd': -1, 'w_entropy': 1, 'w_kl': -1, 'n_bkg': 100, 'w_rep': -1, 'w_set_rep': -1, 'w_atr': -1, 'w_set_atr': -1, 'w_rog': 1.0, 'w_aspect_ratio': -1, 'w_cyc_sym': -1, 'w_surfnp': 1.0, 'w_nc': 0.02, 'w_cce_bg': -1, 'w_sym': -1, 'cce_cutoff': 19.9, 'rep_pdb': None, 'rep_sigma': 5, 'atr_pdb': None, 'atr_sigma': 5, 'entropy_beta': 10, 'rog_thresh': 16.0, 'surfnp_nbr_thresh': 2.5, 'nc_target': -7, 'entropy_dist_bins': 16, 'mcmc_halflife': 500.0, 'T_acc_0': 0.002, 'mcmc_batch': 1, 'anneal_t1d': False, 'erode_template': False, 'num_masked_tokens': 1, 'weights_dir': '/projects/ml/trDesign', 'nthreads': 4, 'cce_cutstep': None, 'cce_thresh': 2.2, 'batch': 64, 'lr': 0.2, 'nsteps': 100, 'commit': '3c91d72d7c0f6305334db8ae5306b96f5293e969'}

Loading structure prediction model onto device cuda:0...
#   trunk_msa_v00     [ens=1]   AF2-inspired 12-block 2-track trunk
#   trunk_tbm_v00     [ens=1]   AF2-inspired 3-track trunk
#   rf_v00            [ens=1]   RoseTTAFold 3-track trunk + refiner (formerly trunk_e2e_v00)
# * rf_Nov05_2021     [ens=1]   RoseTTAFold 3-track, no perceiver, Nov. 5 2021
#   rf_perceiver_v00  [ens=1]   RoseTTAFold w/ Perceiver & FAPE loss (msa_full=zeros)
#   rf_perceiver_v01  [ens=1]   RoseTTAFold w/ Perceiver & FAPE loss (msa_full=msa_latent)
#   af2_v00           [ens=0]   AlphaFold2 (only works with rescue.py)
Loaded sequence-to-structure model rf_Nov05_2021 with 66037142 parameters

Model hyperparameters:
{'SE3_param': {'div': 4, 'l0_in_features': 32, 'l0_out_features': 32, 'l1_in_features': 3, 'l1_out_features': 2, 'n_heads': 4, 'num_channels': 32, 'num_degrees': 2, 'num_edge_features': 32, 'num_layers': 3}, 'd_hidden': 32, 'd_hidden_templ': 64, 'd_msa': 256, 'd_msa_full': 64, 'd_pair': 128, 'd_templ': 64, 'n_head_msa': 8, 'n_head_pair': 4, 'n_head_templ': 4, 'n_module_2track': 24, 'n_module_3track': 8, 'p_drop': 0.0}

Using CUDA device(s):  cuda:0: (Quadro RTX 8000); 

Parsing input pdb...
Parsing receptor pdb...

Generating sh3_r1_110_r2_35, length 153...
Forcing amino acids:  B7P,B8P,B9P,B10R,B11P,B12P,B13K,B14P, and 58 receptor positions
Loss term           | Weight      
cce                   1.00
entropy               1.00
rog                   1.00
surfnp                1.00
nc                    0.02

Initializing logits: Spike
Stage 0
Starting MCMC...
        step    avg loss         cce     entropy         rog      surfnp          nc
           0      1.0526      1.4085      2.3426      0.0657      0.1345     14.0000
           5      1.0539      1.3783      2.3657      0.0649      0.1478     14.0000
          10      1.0346      1.3544      2.3523      0.0726      0.1199     13.0000
          15      1.5727      1.4547      2.6033      1.8506      0.1936     11.0000
          20      1.0327      1.3587      2.4382      0.0781      0.1164      8.0000
          25      1.0285      1.3506      2.4303      0.0774      0.1163      8.0000
          30      1.0234      1.3456      2.4389      0.0736      0.1162      7.0000
          35      1.0312      1.3427      2.4419      0.0753      0.1257      8.0000
          40      1.0350      1.3407      2.4565      0.0771      0.1262      8.0000
          45      1.0212      1.3439      2.4327      0.0783      0.1302      6.0000
          50      1.0212      1.3455      2.4305      0.0780      0.1314      6.0000
          55      1.0677      1.4365      2.5603      0.0674      0.1278      5.0000
          60      1.0391      1.3489      2.4925      0.0733      0.1422      6.0000
          65      1.0158      1.3333      2.4228      0.0755      0.1318      6.0000
          70      1.0197      1.3228      2.4464      0.0784      0.1317      6.0000
          75      1.0365      1.3316      2.4957      0.0776      0.1418      6.0000
          80      1.0099      1.3212      2.4326      0.0777      0.1282      5.0000
          85      1.0063      1.3190      2.4217      0.0755      0.1289      5.0000
          90      1.0081      1.3130      2.4360      0.0766      0.1270      5.0000
          95      1.0027      1.3187      2.4156      0.0712      0.1255      5.0000
         100      1.0035      1.3237      2.4101      0.0711      0.1289      5.0000
         105      0.9994      1.3197      2.4002      0.0701      0.1275      5.0000
         110      1.0006      1.3267      2.4069      0.0684      0.1202      5.0000
         115      0.9974      1.3204      2.3812      0.0677      0.1203      6.0000
         120      1.0163      1.3308      2.4316      0.0656      0.1174      7.0000
         125      1.0043      1.3094      2.4042      0.0688      0.1151      7.0000
         130      1.0046      1.3131      2.4400      0.0696      0.1158      5.0000
         135      1.0201      1.3281      2.4507      0.0694      0.1126      7.0000
         140      1.0032      1.3164      2.4379      0.0667      0.1119      5.0000
         145      1.0036      1.3132      2.4433      0.0659      0.1120      5.0000
         150      0.9935      1.3266      2.4031      0.0653      0.1189      4.0000
         155      1.0204      1.3341      2.4822      0.0641      0.1217      5.0000
         160      0.9967      1.3240      2.4178      0.0665      0.1185      4.0000
         165      0.9867      1.3291      2.4383      0.0644      0.1147      1.0000
         170      0.9855      1.3260      2.4718      0.0625      0.1015      0.0000
         175      0.9718      1.3166      2.4241      0.0655      0.1004      0.0000
         180      0.9923      1.3303      2.4936      0.0653      0.0997      0.0000
         185      0.9667      1.3021      2.4190      0.0657      0.0992      0.0000
         190      0.9704      1.3060      2.4306      0.0652      0.0992      0.0000
         195      0.9675      1.2997      2.4220      0.0675      0.1003      0.0000
         200      0.9646      1.3047      2.4082      0.0634      0.1013      0.0000
         205      0.9582      1.2958      2.4071      0.0633      0.0859      0.0000
         210      0.9582      1.2959      2.4071      0.0633      0.0859      0.0000
         215      0.9624      1.2933      2.4050      0.0642      0.0863      1.0000
         220      0.9615      1.2959      2.4173      0.0665      0.0856      0.0000
         225      0.9769      1.3107      2.4267      0.0640      0.0857      2.0000
         230      0.9636      1.2847      2.4007      0.0642      0.0839      2.0000
         235      0.9599      1.2810      2.4125      0.0619      0.0833      1.0000
         240      0.9596      1.2865      2.4029      0.0651      0.0832      1.0000
         245      0.9526      1.2836      2.3788      0.0638      0.0831      1.0000
         250      0.9562      1.2870      2.4012      0.0597      0.0761      1.0000
         255      0.9542      1.2884      2.3996      0.0631      0.0848      0.0000
         260      0.9677      1.3003      2.4458      0.0613      0.0828      0.0000
         265      0.9574      1.2913      2.4098      0.0638      0.0840      0.0000
         270      0.9562      1.2822      2.4350      0.0604      0.0665      0.0000
         275      0.9614      1.2945      2.4228      0.0630      0.0845      0.0000
         280      0.9561      1.3053      2.4088      0.0626      0.0671      0.0000
         285      1.1193      1.3957      2.6180      0.3622      0.1236      0.0000
         290      0.9454      1.3020      2.3637      0.0647      0.0700      0.0000
         295      0.9739      1.2966      2.4875      0.0662      0.0648      0.0000
Max CUDA memory: 0.6580G
Saving /mnt/home/jue/halluc/linear_motifs/output/20220104_sh3_r2/sh3_r1_110_r2_35: npz, fas, trb, trk, trfold pdb
Finished design /mnt/home/jue/halluc/linear_motifs/output/20220104_sh3_r2/sh3_r1_110_r2_35 in 4.27 minutes.

Generating sh3_r1_110_r2_36, length 153...
Forcing amino acids:  B7P,B8P,B9P,B10R,B11P,B12P,B13K,B14P, and 58 receptor positions
Loss term           | Weight      
cce                   1.00
entropy               1.00
rog                   1.00
surfnp                1.00
nc                    0.02

Initializing logits: Spike
Stage 0
Starting MCMC...
        step    avg loss         cce     entropy         rog      surfnp          nc
           0      1.0599      1.4103      2.3504      0.0653      0.1349     15.0000
           5      1.0530      1.4020      2.3496      0.0664      0.1353     14.0000
          10      1.0358      1.3704      2.3369      0.0633      0.1333     13.0000
          15      1.0205      1.3380      2.3647      0.0641      0.0958     12.0000
          20      1.0222      1.3332      2.3787      0.0635      0.0939     12.0000
          25      1.0146      1.3267      2.3691      0.0622      0.0808     12.0000
          30      1.0103      1.3262      2.3721      0.0622      0.0808     11.0000
          35      1.0113      1.3273      2.3771      0.0620      0.0791     11.0000
          40      1.0203      1.3264      2.4364      0.0588      0.0799     10.0000
          45      1.0143      1.3394      2.3876      0.0648      0.0856     10.0000
          50      1.0059      1.3337      2.3877      0.0626      0.0799      9.0000
          55      1.0083      1.3265      2.4072      0.0612      0.0783      9.0000
          60      1.0201      1.3414      2.4661      0.0616      0.0915      7.0000
          65      1.0141      1.3233      2.4564      0.0601      0.0770      8.0000
          70      1.0440      1.3391      2.5440      0.0598      0.0741      9.0000
          75      1.0145      1.3287      2.4516      0.0609      0.0771      8.0000
          80      1.0073      1.3141      2.4535      0.0590      0.0626      8.0000
          85      1.0292      1.3225      2.5184      0.0570      0.0793      8.0000
          90      1.0407      1.3510      2.5621      0.0526      0.0580      8.0000
          95      1.0089      1.3377      2.4836      0.0555      0.0591      6.0000
         100      0.9965      1.3266      2.4409      0.0573      0.0609      6.0000
         105      0.9937      1.3289      2.4736      0.0531      0.0590      4.0000
         110      0.9781      1.3203      2.4266      0.0561      0.0489      4.0000
         115      0.9787      1.3111      2.4794      0.0527      0.0310      3.0000
         120      0.9733      1.3068      2.4423      0.0535      0.0300      4.0000
         125      0.9764      1.3045      2.4560      0.0522      0.0324      4.0000
         130      0.9767      1.3175      2.4394      0.0547      0.0345      4.0000
         135      1.0154      1.3201      2.5864      0.0472      0.0483      4.0000
         140      0.9915      1.3143      2.5066      0.0523      0.0326      4.0000
         145      1.0195      1.3599      2.5587      0.0451      0.0548      4.0000
         150      1.0116      1.3146      2.5932      0.0495      0.0492      3.0000
         155      0.9839      1.2978      2.4777      0.0549      0.0447      4.0000
         160      0.9948      1.3219      2.5739      0.0533      0.0500      0.0000
         165      0.9656      1.2957      2.4830      0.0538      0.0491      0.0000
         170      0.9730      1.2933      2.4904      0.0550      0.0527      1.0000
         175      0.9818      1.3034      2.5272      0.0499      0.0465      1.0000
         180      0.9777      1.2929      2.5355      0.0526      0.0496      0.0000
         185      0.9909      1.3103      2.5589      0.0497      0.0644      0.0000
         190      0.9727      1.2877      2.5269      0.0493      0.0462      0.0000
         195      0.9824      1.2941      2.5394      0.0499      0.0460      1.0000
         200      0.9713      1.2922      2.4917      0.0499      0.0510      1.0000
         205      0.9586      1.2907      2.4752      0.0509      0.0366      0.0000
         210      0.9913      1.2983      2.5574      0.0543      0.0549      1.0000
         215      0.9585      1.2705      2.4635      0.0551      0.0439      1.0000
         220      0.9568      1.2849      2.4341      0.0530      0.0542      1.0000
         225      0.9603      1.2825      2.4539      0.0520      0.0520      1.0000
         230      0.9783      1.2903      2.5003      0.0509      0.0713      1.0000
         235      0.9503      1.2798      2.4479      0.0531      0.0393      0.0000
         240      0.9665      1.2768      2.5145      0.0545      0.0396      0.0000
         245      0.9701      1.2799      2.5262      0.0540      0.0395      0.0000
         250      0.9601      1.2857      2.4708      0.0589      0.0443      0.0000
         255      0.9494      1.2873      2.4321      0.0548      0.0421      0.0000
         260      0.9610      1.3000      2.4576      0.0609      0.0449      0.0000
         265      0.9490      1.2809      2.4376      0.0550      0.0414      0.0000
         270      0.9591      1.2798      2.4824      0.0538      0.0396      0.0000
         275      0.9682      1.2903      2.5026      0.0522      0.0471      0.0000
         280      0.9520      1.2921      2.4141      0.0550      0.0456      1.0000
         285      0.9580      1.3130      2.4285      0.0553      0.0544      0.0000
         290      0.9630      1.3094      2.4347      0.0574      0.0695      0.0000
         295      0.9472      1.2887      2.4167      0.0544      0.0480      0.0000
Max CUDA memory: 0.7419G
Saving /mnt/home/jue/halluc/linear_motifs/output/20220104_sh3_r2/sh3_r1_110_r2_36: npz, fas, trb, trk, trfold pdb
Finished design /mnt/home/jue/halluc/linear_motifs/output/20220104_sh3_r2/sh3_r1_110_r2_36 in 4.25 minutes.

Generating sh3_r1_110_r2_37, length 153...
Forcing amino acids:  B7P,B8P,B9P,B10R,B11P,B12P,B13K,B14P, and 58 receptor positions
Loss term           | Weight      
cce                   1.00
entropy               1.00
rog                   1.00
surfnp                1.00
nc                    0.02

Initializing logits: Spike
Stage 0
Starting MCMC...
        step    avg loss         cce     entropy         rog      surfnp          nc
           0      1.0756      1.4048      2.4335      0.0637      0.1420     14.0000
           5      1.0596      1.4074      2.3703      0.0660      0.1361     14.0000
          10      1.0512      1.3852      2.3655      0.0646      0.1304     14.0000
          15      1.0407      1.3885      2.3587      0.0651      0.1316     12.0000
          20      1.0377      1.3862      2.3921      0.0633      0.1298     10.0000
          25      1.0279      1.3607      2.4088      0.0618      0.1210      9.0000
          30      1.0141      1.3469      2.4063      0.0627      0.1209      7.0000
          35      0.9987      1.3313      2.4452      0.0582      0.0999      4.0000
          40      1.0052      1.3444      2.4233      0.0597      0.1135      5.0000
          45      1.0000      1.3346      2.4257      0.0569      0.1027      5.0000
          50      0.9913      1.3321      2.3987      0.0593      0.0949      5.0000
          55      0.9938      1.3415      2.4168      0.0604      0.0961      4.0000
          60      0.9916      1.3321      2.3990      0.0597      0.0952      5.0000
          65      0.9972      1.3342      2.4188      0.0603      0.0954      5.0000
          70      0.9930      1.3250      2.4163      0.0574      0.0931      5.0000
          75      0.9954      1.3261      2.4349      0.0560      0.0844      5.0000
          80      0.9960      1.3191      2.4381      0.0562      0.0907      5.0000
          85      0.9928      1.3207      2.4198      0.0597      0.0911      5.0000
          90      0.9876      1.3266      2.4379      0.0578      0.0879      3.0000
          95      0.9830      1.3127      2.4402      0.0568      0.0817      3.0000
         100      1.0181      1.3048      2.6022      0.0626      0.0831      2.0000
         105      0.9798      1.3041      2.4376      0.0559      0.0812      3.0000
         110      0.9758      1.3052      2.4452      0.0554      0.0970      1.0000
         115      0.9882      1.3124      2.5073      0.0536      0.0793      1.0000
         120      0.9605      1.2981      2.4079      0.0538      0.0813      1.0000
         125      0.9811      1.3182      2.4345      0.0527      0.0987      2.0000
         130      0.9636      1.2986      2.4217      0.0529      0.0804      1.0000
         135      0.9793      1.2992      2.4450      0.0530      0.0795      3.0000
         140      0.9684      1.2991      2.4226      0.0520      0.0793      2.0000
         145      0.9648      1.3021      2.4192      0.0548      0.0823      1.0000
         150      0.9540      1.2953      2.4018      0.0547      0.0832      0.0000
         155      0.9785      1.3059      2.4865      0.0557      0.0857      0.0000
         160      0.9665      1.2988      2.4133      0.0534      0.0996      1.0000
         165      0.9659      1.3069      2.4217      0.0547      0.0996      0.0000
         170      0.9911      1.3272      2.5232      0.0513      0.0828      0.0000
         175      0.9691      1.3012      2.4678      0.0523      0.0744      0.0000
         180      0.9557      1.2993      2.4157      0.0562      0.0706      0.0000
         185      0.9472      1.2876      2.4100      0.0536      0.0564      0.0000
         190      0.9515      1.2889      2.4265      0.0526      0.0569      0.0000
         195      0.9663      1.3031      2.4722      0.0529      0.0563      0.0000
         200      0.9386      1.2762      2.3862      0.0536      0.0570      0.0000
         205      0.9400      1.2751      2.3926      0.0545      0.0566      0.0000
         210      0.9391      1.2785      2.3865      0.0536      0.0567      0.0000
         215      0.9609      1.2744      2.4726      0.0604      0.0553      0.0000
         220      0.9424      1.2802      2.3992      0.0519      0.0572      0.0000
         225      0.9395      1.2793      2.3889      0.0528      0.0557      0.0000
         230      0.9477      1.3035      2.3796      0.0537      0.0728      0.0000
         235      0.9418      1.2776      2.3963      0.0555      0.0565      0.0000
         240      0.9431      1.2852      2.3961      0.0541      0.0558      0.0000
         245      0.9285      1.2787      2.3432      0.0545      0.0561      0.0000
         250      0.9334      1.2787      2.3529      0.0539      0.0670      0.0000
         255      0.9573      1.2825      2.4576      0.0525      0.0556      0.0000
         260      0.9391      1.2786      2.3853      0.0561      0.0552      0.0000
         265      0.9352      1.2819      2.3517      0.0535      0.0722      0.0000
         270      0.9667      1.3324      2.4404      0.0471      0.0663      0.0000
         275      0.9281      1.2748      2.3461      0.0535      0.0563      0.0000
         280      0.9301      1.2822      2.3431      0.0534      0.0403      1.0000
         285      0.9230      1.2830      2.3328      0.0536      0.0411      0.0000
         290      0.9400      1.2852      2.3963      0.0547      0.0426      0.0000
         295      0.9287      1.2907      2.3286      0.0549      0.0389      1.0000
Max CUDA memory: 0.7427G
Saving /mnt/home/jue/halluc/linear_motifs/output/20220104_sh3_r2/sh3_r1_110_r2_37: npz, fas, trb, trk, trfold pdb
Finished design /mnt/home/jue/halluc/linear_motifs/output/20220104_sh3_r2/sh3_r1_110_r2_37 in 4.23 minutes.

Generating sh3_r1_110_r2_38, length 153...
Forcing amino acids:  B7P,B8P,B9P,B10R,B11P,B12P,B13K,B14P, and 58 receptor positions
Loss term           | Weight      
cce                   1.00
entropy               1.00
rog                   1.00
surfnp                1.00
nc                    0.02

Initializing logits: Spike
Stage 0
Starting MCMC...
        step    avg loss         cce     entropy         rog      surfnp          nc
           0      1.0669      1.4440      2.3632      0.0664      0.1352     14.0000
           5      1.0689      1.3772      2.4412      0.0675      0.1312     14.0000
          10      1.0396      1.3681      2.3523      0.0636      0.1152     14.0000
          15      1.0431      1.3701      2.3671      0.0633      0.1129     14.0000
          20      1.0351      1.3610      2.3460      0.0672      0.1070     14.0000
          25      1.0375      1.3659      2.3839      0.0644      0.1164     12.0000
          30      1.0566      1.3761      2.4152      0.0637      0.1127     14.0000
          35      1.0399      1.3721      2.3926      0.0636      0.1118     12.0000
          40      1.0371      1.3754      2.4079      0.0682      0.1177     10.0000
          45      1.0323      1.3538      2.4169      0.0649      0.1141     10.0000
          50      1.0325      1.3517      2.4415      0.0646      0.1130      9.0000
          55      1.0336      1.3650      2.4287      0.0656      0.1159      9.0000
          60      1.0304      1.3439      2.4891      0.0633      0.0860      8.0000
          65      1.0325      1.3386      2.5218      0.0658      0.0846      7.0000
          70      1.0355      1.3518      2.5007      0.0634      0.0868      8.0000
          75      1.0206      1.3508      2.4399      0.0636      0.0884      8.0000
          80      1.0333      1.3512      2.4544      0.0642      0.1040      9.0000
          85      1.0138      1.3374      2.4498      0.0629      0.0854      7.0000
          90      1.0745      1.4204      2.6143      0.0508      0.0941      7.0000
          95      1.0060      1.3215      2.4806      0.0637      0.0582      6.0000
         100      1.0270      1.3729      2.5124      0.0583      0.0449      7.0000
         105      1.0124      1.3262      2.4613      0.0645      0.0779      7.0000
         110      1.0029      1.3095      2.4755      0.0601      0.0666      6.0000
         115      1.0009      1.3098      2.4850      0.0589      0.0698      5.0000
         120      0.9800      1.3031      2.4223      0.0617      0.0723      4.0000
         125      0.9837      1.3113      2.4363      0.0606      0.0664      4.0000
         130      0.9798      1.3129      2.3955      0.0633      0.0871      4.0000
         135      1.1335      1.4037      2.6136      0.3137      0.1256      5.0000
         140      0.9579      1.2910      2.3536      0.0612      0.0650      4.0000
         145      0.9620      1.2891      2.3789      0.0578      0.0614      4.0000
         150      0.9696      1.2874      2.3909      0.0581      0.0613      5.0000
         155      0.9733      1.2898      2.4010      0.0588      0.0631      5.0000
         160      0.9597      1.2871      2.3796      0.0615      0.0696      3.0000
         165      0.9606      1.3026      2.3851      0.0585      0.0754      2.0000
         170      0.9540      1.3030      2.3704      0.0611      0.0808      1.0000
         175      0.9465      1.2964      2.3494      0.0606      0.0787      1.0000
         180      0.9498      1.2908      2.3601      0.0592      0.0679      2.0000
         185      0.9565      1.3006      2.4047      0.0595      0.0805      0.0000
         190      0.9597      1.3071      2.4056      0.0592      0.0860      0.0000
         195      0.9435      1.2948      2.3530      0.0592      0.0858      0.0000
         200      0.9375      1.2935      2.3466      0.0580      0.0709      0.0000
         205      0.9665      1.2924      2.4646      0.0540      0.0742      0.0000
         210      0.9419      1.3023      2.3527      0.0590      0.0727      0.0000
         215      0.9464      1.2959      2.3579      0.0602      0.0705      1.0000
         220      0.9370      1.2968      2.3316      0.0634      0.0751      0.0000
         225      0.9405      1.2996      2.3435      0.0631      0.0748      0.0000
         230      0.9330      1.2931      2.3370      0.0635      0.0571      0.0000
         235      0.9361      1.3001      2.3390      0.0653      0.0588      0.0000
         240      0.9282      1.2856      2.3291      0.0616      0.0551      0.0000
         245      0.9279      1.2813      2.3341      0.0604      0.0544      0.0000
         250      0.9722      1.3211      2.4487      0.0650      0.0733      0.0000
         255      0.9500      1.2633      2.4490      0.0630      0.0437      0.0000
         260      0.9336      1.2671      2.3772      0.0622      0.0465      0.0000
         265      0.9339      1.2712      2.3678      0.0623      0.0530      0.0000
         270      0.9495      1.2928      2.4133      0.0584      0.0523      0.0000
         275      0.9338      1.2591      2.3881      0.0627      0.0440      0.0000
         280      0.9246      1.2594      2.3479      0.0643      0.0453      0.0000
         285      0.9256      1.2593      2.3529      0.0638      0.0452      0.0000
         290      0.9299      1.2635      2.3636      0.0644      0.0468      0.0000
         295      0.9427      1.2641      2.4202      0.0620      0.0432      0.0000
Max CUDA memory: 0.7406G
Saving /mnt/home/jue/halluc/linear_motifs/output/20220104_sh3_r2/sh3_r1_110_r2_38: npz, fas, trb, trk, trfold pdb
Finished design /mnt/home/jue/halluc/linear_motifs/output/20220104_sh3_r2/sh3_r1_110_r2_38 in 4.23 minutes.

Generating sh3_r1_110_r2_39, length 153...
Forcing amino acids:  B7P,B8P,B9P,B10R,B11P,B12P,B13K,B14P, and 58 receptor positions
Loss term           | Weight      
cce                   1.00
entropy               1.00
rog                   1.00
surfnp                1.00
nc                    0.02

Initializing logits: Spike
Stage 0
Starting MCMC...
        step    avg loss         cce     entropy         rog      surfnp          nc
           0      1.0673      1.4109      2.3580      0.0666      0.1349     16.0000
           5      1.0472      1.4055      2.3684      0.0667      0.1292     12.0000
          10      1.0442      1.4080      2.4089      0.0608      0.1199     10.0000
          15      1.0364      1.4071      2.3987      0.0614      0.1194      9.0000
          20      1.0431      1.3855      2.4461      0.0607      0.1211      9.0000
          25      1.6031      1.4612      2.6261      1.9891      0.1878      9.0000
          30      1.0493      1.4140      2.4311      0.0564      0.1167     10.0000
          35      1.0260      1.4067      2.3812      0.0621      0.1144      8.0000
          40      1.0382      1.4362      2.3984      0.0626      0.1364      7.0000
          45      1.0191      1.3771      2.4033      0.0606      0.1159      7.0000
          50      1.0131      1.3574      2.3742      0.0638      0.1172      8.0000
          55      1.0320      1.3665      2.4181      0.0679      0.1162      9.0000
          60      1.0225      1.3582      2.3956      0.0629      0.1138      9.0000
          65      1.0336      1.3574      2.4459      0.0616      0.1102      9.0000
          70      1.0249      1.3590      2.4059      0.0628      0.1123      9.0000
          75      1.0286      1.3345      2.4317      0.0599      0.1090     10.0000
          80      1.0421      1.3386      2.4881      0.0558      0.1069     10.0000
          85      1.0519      1.3366      2.4954      0.0579      0.1186     11.0000
          90      1.0261      1.3331      2.4464      0.0559      0.0896     10.0000
          95      1.0345      1.3372      2.4500      0.0555      0.1162     10.0000
         100      1.0320      1.3335      2.4851      0.0548      0.0954      9.0000
         105      1.0313      1.3462      2.5290      0.0536      0.0971      6.0000
         110      1.0390      1.3648      2.5259      0.0536      0.1123      6.0000
         115      1.1113      1.4253      2.7450      0.0755      0.1016      6.0000
         120      1.0618      1.3565      2.6447      0.0491      0.0980      6.0000
         125      1.0457      1.3594      2.5576      0.0531      0.1136      6.0000
         130      1.0316      1.3482      2.5302      0.0541      0.0944      6.0000
         135      1.0272      1.3451      2.5140      0.0537      0.0964      6.0000
         140      1.0350      1.3589      2.5536      0.0533      0.0951      5.0000
         145      1.0289      1.3541      2.5362      0.0496      0.0963      5.0000
         150      1.0279      1.3563      2.4977      0.0529      0.1055      6.0000
         155      1.0368      1.3555      2.5210      0.0532      0.1184      6.0000
         160      1.0055      1.3404      2.4709      0.0530      0.0977      4.0000
         165      1.0028      1.3285      2.4714      0.0526      0.0985      4.0000
         170      1.0153      1.3365      2.5147      0.0564      0.0940      4.0000
         175      0.9829      1.3113      2.4570      0.0561      0.0869      2.0000
         180      0.9868      1.3105      2.4436      0.0602      0.0927      3.0000
         185      1.0045      1.3163      2.5074      0.0602      0.0942      3.0000
         190      0.9806      1.2975      2.4355      0.0557      0.0935      3.0000
         195      0.9859      1.2915      2.4435      0.0548      0.0936      4.0000
         200      0.9806      1.2975      2.4355      0.0557      0.0935      3.0000
         205      0.9909      1.3117      2.4665      0.0531      0.0922      3.0000
         210      0.9790      1.3017      2.4246      0.0565      0.0926      3.0000
         215      0.9828      1.3057      2.4497      0.0568      0.0787      3.0000
         220      0.9814      1.3020      2.4425      0.0575      0.1031      2.0000
         225      0.9647      1.2910      2.4160      0.0572      0.0739      2.0000
         230      0.9664      1.2928      2.4401      0.0558      0.0764      1.0000
         235      0.9586      1.2890      2.4302      0.0580      0.0764      0.0000
         240      0.9831      1.3116      2.5107      0.0566      0.0730      0.0000
         245      0.9776      1.2908      2.5166      0.0556      0.0667      0.0000
         250      0.9563      1.2818      2.4377      0.0599      0.0648      0.0000
         255      0.9774      1.2879      2.5188      0.0572      0.0650      0.0000
         260      0.9637      1.2849      2.4682      0.0552      0.0660      0.0000
         265      0.9895      1.2986      2.5601      0.0511      0.0682      0.0000
         270      0.9538      1.2927      2.3969      0.0523      0.0725      1.0000
         275      0.9701      1.2980      2.4366      0.0523      0.0728      2.0000
         280      1.0300      1.4154      2.5741      0.0385      0.0728      2.0000
         285      0.9552      1.2945      2.4177      0.0553      0.0723      0.0000
         290      0.9504      1.2900      2.4078      0.0512      0.0717      0.0000
         295      0.9473      1.2850      2.3978      0.0535      0.0719      0.0000
Max CUDA memory: 0.7435G
Saving /mnt/home/jue/halluc/linear_motifs/output/20220104_sh3_r2/sh3_r1_110_r2_39: npz, fas, trb, trk, trfold pdb
Finished design /mnt/home/jue/halluc/linear_motifs/output/20220104_sh3_r2/sh3_r1_110_r2_39 in 4.24 minutes.
