/mnt/home/dzorine/software/homog/homog/homog.py:98: SyntaxWarning: "is" with a literal. Did you mean "=="?
  if degrees is 'auto': degrees = guess_is_degrees(angle)
[16:11:27] /opt/dgl/src/runtime/tensordispatch.cc:43: TensorDispatcher: dlopen failed: libtorch_cuda_cpp.so: cannot open shared object file: No such file or directory
Using backend: pytorch
--steps was given. Ignoring --grad_steps, --mcmc_steps.

Run settings:
{'network_name': 'rf_Nov05_2021', 'use_template': 'B7-14', 'num': 5, 'start_num': 30, 'msa_num': 1, 'out': '/mnt/home/jue/halluc/linear_motifs/output/20220104_sh3_r2/sh3_r1_112_r2', 'cautious': 1, 'save_pdb': 1, 'save_batch_fas': False, 'track_step': 1, 'track_logits': False, 'out_step': None, 'seed_rng': False, 'steps': 'm300', 'grad_steps': 400, 'mcmc_steps': 0, 'optimizer': 'nsgd', 'drop': 0.2, 'init_sd': 1e-06, 'learning_rate': 0.05, 'grad_check': True, 'logit_scale': 1, 'seq_prob_type': 'hard', 'seq_sample': False, 'calc_bkg': True, 'cce_sd': None, 'hal_sd': None, 'corrupt_sequence': None, 'corrupt_fraction': None, 'pdb': '/mnt/home/jue/halluc/linear_motifs/input/SH3_2w0z.pdb', 'mask': '44-44,B7-14,18-18', 'contigs': None, 'con_set_id': None, 'len': None, 'keep_order': False, 'contig_min_gap': 5, 'spike': 0.999, 'spike_fas': 'output/hits_sh3_r1/sh3_r1_112.fas', 'force_aa': 'B7-14', 'exclude_aa': 'C', 'force_aa_hal': None, 'template_pdbs': None, 'no_bkg_mask': False, 'num_repeats': 0, 'init_seq': None, 'masks_bkg': None, 'masks_pass': None, 'force_logits': None, 'receptor': 'input/SH3_2w0z_rec.pdb', 'rec_placement': 'second', 'gap': 200, 'w_cce': 1, 'w_crmsd': -1, 'w_entropy': 1, 'w_kl': -1, 'n_bkg': 100, 'w_rep': -1, 'w_set_rep': -1, 'w_atr': -1, 'w_set_atr': -1, 'w_rog': 1.0, 'w_aspect_ratio': -1, 'w_cyc_sym': -1, 'w_surfnp': 1.0, 'w_nc': 0.02, 'w_cce_bg': -1, 'w_sym': -1, 'cce_cutoff': 19.9, 'rep_pdb': None, 'rep_sigma': 5, 'atr_pdb': None, 'atr_sigma': 5, 'entropy_beta': 10, 'rog_thresh': 16.0, 'surfnp_nbr_thresh': 2.5, 'nc_target': -7, 'entropy_dist_bins': 16, 'mcmc_halflife': 500.0, 'T_acc_0': 0.002, 'mcmc_batch': 1, 'anneal_t1d': False, 'erode_template': False, 'num_masked_tokens': 1, 'weights_dir': '/projects/ml/trDesign', 'nthreads': 4, 'cce_cutstep': None, 'cce_thresh': 2.2, 'batch': 64, 'lr': 0.2, 'nsteps': 100, 'commit': '3c91d72d7c0f6305334db8ae5306b96f5293e969'}

Loading structure prediction model onto device cuda:0...
#   trunk_msa_v00     [ens=1]   AF2-inspired 12-block 2-track trunk
#   trunk_tbm_v00     [ens=1]   AF2-inspired 3-track trunk
#   rf_v00            [ens=1]   RoseTTAFold 3-track trunk + refiner (formerly trunk_e2e_v00)
# * rf_Nov05_2021     [ens=1]   RoseTTAFold 3-track, no perceiver, Nov. 5 2021
#   rf_perceiver_v00  [ens=1]   RoseTTAFold w/ Perceiver & FAPE loss (msa_full=zeros)
#   rf_perceiver_v01  [ens=1]   RoseTTAFold w/ Perceiver & FAPE loss (msa_full=msa_latent)
#   af2_v00           [ens=0]   AlphaFold2 (only works with rescue.py)
Loaded sequence-to-structure model rf_Nov05_2021 with 66037142 parameters

Model hyperparameters:
{'SE3_param': {'div': 4, 'l0_in_features': 32, 'l0_out_features': 32, 'l1_in_features': 3, 'l1_out_features': 2, 'n_heads': 4, 'num_channels': 32, 'num_degrees': 2, 'num_edge_features': 32, 'num_layers': 3}, 'd_hidden': 32, 'd_hidden_templ': 64, 'd_msa': 256, 'd_msa_full': 64, 'd_pair': 128, 'd_templ': 64, 'n_head_msa': 8, 'n_head_pair': 4, 'n_head_templ': 4, 'n_module_2track': 24, 'n_module_3track': 8, 'p_drop': 0.0}

Using CUDA device(s):  cuda:0: (Quadro RTX 8000); 

Parsing input pdb...
Parsing receptor pdb...

Generating sh3_r1_112_r2_30, length 128...
Forcing amino acids:  B7P,B8P,B9P,B10R,B11P,B12P,B13K,B14P, and 58 receptor positions
Loss term           | Weight      
cce                   1.00
entropy               1.00
rog                   1.00
surfnp                1.00
nc                    0.02

Initializing logits: Spike
Stage 0
Starting MCMC...
        step    avg loss         cce     entropy         rog      surfnp          nc
           0      0.9622      1.4506      2.2801      0.0086      0.0686      3.0000
           5      0.9560      1.4267      2.2788      0.0089      0.0690      3.0000
          10      0.9517      1.4028      2.3059      0.0086      0.0685      2.0000
          15      0.9509      1.3767      2.3485      0.0088      0.0687      1.0000
          20      0.9512      1.3610      2.3731      0.0083      0.0815      0.0000
          25      0.9583      1.3465      2.4185      0.0082      0.0592      1.0000
          30      0.9694      1.3290      2.5042      0.0083      0.0557      0.0000
          35      0.9457      1.3441      2.3904      0.0082      0.0591      0.0000
          40      0.9541      1.3284      2.4396      0.0085      0.0589      0.0000
          45      0.9381      1.3455      2.3605      0.0080      0.0570      0.0000
          50      0.9446      1.3294      2.4039      0.0077      0.0564      0.0000
          55      0.9422      1.3245      2.4004      0.0077      0.0549      0.0000
          60      0.9352      1.3354      2.3521      0.0083      0.0636      0.0000
          65      0.9394      1.3060      2.4015      0.0076      0.0613      0.0000
          70      0.9496      1.3019      2.4477      0.0077      0.0600      0.0000
          75      0.9477      1.3103      2.4076      0.0078      0.0839      0.0000
          80      0.9408      1.3037      2.4098      0.0075      0.0609      0.0000
          85      0.9564      1.3165      2.4392      0.0079      0.0810      0.0000
          90      0.9337      1.3135      2.3711      0.0077      0.0610      0.0000
          95      0.9374      1.3198      2.3619      0.0080      0.0586      1.0000
         100      0.9558      1.3131      2.4230      0.0075      0.0787      1.0000
         105      0.9522      1.3276      2.3926      0.0084      0.0594      2.0000
         110      0.9405      1.3122      2.3645      0.0079      0.0361      3.0000
         115      0.9343      1.3210      2.3662      0.0085      0.0403      1.0000
         120      0.9354      1.3084      2.3661      0.0082      0.0376      2.0000
         125      1.6582      1.3213      2.6459      2.5603      0.1187      1.0000
         130      0.9488      1.3075      2.4195      0.0078      0.0391      2.0000
         135      0.9455      1.3226      2.4159      0.0079      0.0344      1.0000
         140      0.9442      1.3165      2.4375      0.0079      0.0336      0.0000
         145      0.9423      1.3190      2.4068      0.0079      0.0341      1.0000
         150      0.9427      1.3115      2.4158      0.0071      0.0354      1.0000
         155      0.9400      1.3164      2.4155      0.0079      0.0390      0.0000
         160      0.9767      1.3333      2.5423      0.0066      0.0439      0.0000
         165      0.9345      1.3059      2.4063      0.0080      0.0365      0.0000
         170      0.9409      1.3140      2.4281      0.0078      0.0325      0.0000
         175      0.9370      1.3112      2.3940      0.0079      0.0538      0.0000
         180      0.9334      1.2978      2.4155      0.0075      0.0314      0.0000
         185      0.9577      1.3107      2.4642      0.0074      0.0476      1.0000
         190      0.9335      1.2970      2.4168      0.0075      0.0316      0.0000
         195      0.9343      1.2970      2.4204      0.0073      0.0311      0.0000
         200      0.9343      1.2971      2.4204      0.0073      0.0311      0.0000
         205      0.9343      1.2970      2.4204      0.0073      0.0311      0.0000
         210      0.9397      1.2862      2.4556      0.0068      0.0291      0.0000
         215      0.9389      1.2894      2.4486      0.0068      0.0296      0.0000
         220      0.9361      1.2850      2.4415      0.0069      0.0298      0.0000
         225      0.9364      1.2922      2.4355      0.0069      0.0296      0.0000
         230      0.9525      1.2812      2.5172      0.0057      0.0250      0.0000
         235      0.9559      1.3003      2.4859      0.0072      0.0294      1.0000
         240      0.9339      1.2902      2.4273      0.0070      0.0300      0.0000
         245      0.9360      1.2947      2.4307      0.0070      0.0303      0.0000
         250      0.9546      1.3094      2.4746      0.0069      0.0465      0.0000
         255      0.9345      1.2952      2.4248      0.0069      0.0298      0.0000
         260      0.9659      1.2964      2.5401      0.0060      0.0404      0.0000
         265      0.9375      1.2928      2.4397      0.0069      0.0293      0.0000
         270      0.9394      1.2959      2.4438      0.0070      0.0296      0.0000
         275      0.9418      1.2958      2.4369      0.0072      0.0463      0.0000
         280      0.9627      1.3298      2.5027      0.0071      0.0303      0.0000
         285      0.9345      1.2775      2.4229      0.0067      0.0096      2.0000
         290      0.9401      1.2801      2.4598      0.0065      0.0326      0.0000
         295      0.9259      1.2819      2.4029      0.0071      0.0303      0.0000
Max CUDA memory: 0.5405G
Saving /mnt/home/jue/halluc/linear_motifs/output/20220104_sh3_r2/sh3_r1_112_r2_30: npz, fas, trb, trk, trfold pdb
Finished design /mnt/home/jue/halluc/linear_motifs/output/20220104_sh3_r2/sh3_r1_112_r2_30 in 2.77 minutes.

Generating sh3_r1_112_r2_31, length 128...
Forcing amino acids:  B7P,B8P,B9P,B10R,B11P,B12P,B13K,B14P, and 58 receptor positions
Loss term           | Weight      
cce                   1.00
entropy               1.00
rog                   1.00
surfnp                1.00
nc                    0.02

Initializing logits: Spike
Stage 0
Starting MCMC...
        step    avg loss         cce     entropy         rog      surfnp          nc
           0      0.9682      1.4669      2.2879      0.0086      0.0689      3.0000
           5      0.9671      1.4354      2.3077      0.0087      0.0760      3.0000
          10      0.9646      1.3780      2.3709      0.0078      0.0610      3.0000
          15      0.9567      1.3819      2.3493      0.0086      0.0860      1.0000
          20      0.9512      1.3826      2.3277      0.0085      0.0650      2.0000
          25      0.9461      1.3839      2.3245      0.0087      0.0663      1.0000
          30      0.9549      1.3781      2.3468      0.0087      0.0852      1.0000
          35      0.9369      1.4025      2.2911      0.0083      0.0644      0.0000
          40      0.9379      1.3995      2.2980      0.0083      0.0646      0.0000
          45      0.9407      1.4017      2.3036      0.0088      0.0676      0.0000
          50      0.9295      1.3734      2.3152      0.0080      0.0399      0.0000
          55      0.9438      1.3620      2.3783      0.0077      0.0462      0.0000
          60      0.9319      1.3702      2.3294      0.0081      0.0385      0.0000
          65      0.9364      1.3742      2.3304      0.0082      0.0515      0.0000
          70      0.9310      1.3646      2.3322      0.0081      0.0379      0.0000
          75      0.9297      1.3601      2.3320      0.0077      0.0378      0.0000
          80      0.9422      1.3537      2.3672      0.0074      0.0594      0.0000
          85      0.9510      1.3503      2.4061      0.0070      0.0593      0.0000
          90      0.9384      1.3477      2.3810      0.0072      0.0363      0.0000
          95      0.9637      1.3517      2.4798      0.0066      0.0361      0.0000
         100      0.9397      1.3339      2.3978      0.0075      0.0384      0.0000
         105      0.9927      1.3445      2.5844      0.0057      0.0562      0.0000
         110      0.9403      1.3263      2.4113      0.0073      0.0349      0.0000
         115      0.9391      1.3279      2.3998      0.0078      0.0397      0.0000
         120      0.9757      1.3338      2.5317      0.0094      0.0473      0.0000
         125      0.9443      1.3598      2.3638      0.0080      0.0644      0.0000
         130      0.9453      1.3320      2.4164      0.0081      0.0435      0.0000
         135      0.9453      1.3421      2.4096      0.0079      0.0407      0.0000
         140      0.9843      1.3304      2.5827      0.0061      0.0375      0.0000
         145      0.9340      1.3536      2.3517      0.0079      0.0414      0.0000
         150      0.9412      1.3859      2.3442      0.0080      0.0455      0.0000
         155      0.9281      1.3320      2.3446      0.0085      0.0458      0.0000
         160      0.9516      1.3426      2.4592      0.0076      0.0162      0.0000
         165      0.9353      1.3259      2.4116      0.0083      0.0139      0.0000
         170      0.9333      1.3433      2.3545      0.0080      0.0462      0.0000
         175      0.9376      1.3431      2.3737      0.0083      0.0438      0.0000
         180      0.9312      1.3348      2.3547      0.0081      0.0458      0.0000
         185      0.9212      1.3325      2.3383      0.0082      0.0243      0.0000
         190      0.9288      1.3321      2.3489      0.0082      0.0444      0.0000
         195      0.9375      1.3694      2.3334      0.0090      0.0368      1.0000
         200      0.9208      1.3426      2.3137      0.0093      0.0362      0.0000
         205      0.9348      1.3441      2.3713      0.0085      0.0340      0.0000
         210      0.9195      1.3352      2.3159      0.0089      0.0366      0.0000
         215      0.9228      1.3357      2.3284      0.0088      0.0368      0.0000
         220      0.9494      1.3286      2.4511      0.0091      0.0277      0.0000
         225      0.9343      1.3516      2.3515      0.0081      0.0448      0.0000
         230      0.9271      1.3422      2.3310      0.0082      0.0454      0.0000
         235      0.9411      1.3410      2.3735      0.0089      0.0600      0.0000
         240      0.9239      1.3349      2.3232      0.0084      0.0476      0.0000
         245      0.9202      1.3329      2.3118      0.0082      0.0461      0.0000
         250      0.9296      1.3331      2.3509      0.0081      0.0449      0.0000
         255      0.9353      1.3468      2.3405      0.0079      0.0646      0.0000
         260      0.9241      1.3340      2.3273      0.0081      0.0457      0.0000
         265      0.9285      1.3095      2.3705      0.0074      0.0451      0.0000
         270      0.9288      1.3409      2.3381      0.0079      0.0470      0.0000
         275      0.9278      1.3415      2.3324      0.0080      0.0478      0.0000
         280      0.9238      1.3356      2.3228      0.0079      0.0472      0.0000
         285      0.9202      1.3371      2.3065      0.0083      0.0471      0.0000
         290      0.9338      1.3397      2.3509      0.0085      0.0547      0.0000
         295      0.9369      1.3549      2.3352      0.0084      0.0477      1.0000
Max CUDA memory: 0.5972G
Saving /mnt/home/jue/halluc/linear_motifs/output/20220104_sh3_r2/sh3_r1_112_r2_31: npz, fas, trb, trk, trfold pdb
Finished design /mnt/home/jue/halluc/linear_motifs/output/20220104_sh3_r2/sh3_r1_112_r2_31 in 2.79 minutes.

Generating sh3_r1_112_r2_32, length 128...
Forcing amino acids:  B7P,B8P,B9P,B10R,B11P,B12P,B13K,B14P, and 58 receptor positions
Loss term           | Weight      
cce                   1.00
entropy               1.00
rog                   1.00
surfnp                1.00
nc                    0.02

Initializing logits: Spike
Stage 0
Starting MCMC...
        step    avg loss         cce     entropy         rog      surfnp          nc
           0      0.9747      1.4589      2.2792      0.0087      0.0914      4.0000
           5      0.9697      1.4001      2.3589      0.0087      0.0703      3.0000
          10      0.9795      1.4060      2.3958      0.0083      0.0676      3.0000
          15      0.9514      1.3961      2.3497      0.0086      0.0703      0.0000
          20      0.9933      1.3797      2.5214      0.0068      0.0652      1.0000
          25      0.9555      1.3753      2.3926      0.0082      0.0649      0.0000
          30      0.9750      1.3780      2.4294      0.0083      0.1038      0.0000
          35      0.9772      1.3817      2.4350      0.0083      0.1033      0.0000
          40      0.9422      1.3573      2.3379      0.0087      0.0838      0.0000
          45      0.9422      1.3573      2.3378      0.0087      0.0838      0.0000
          50      0.9456      1.3590      2.3288      0.0085      0.0849      1.0000
          55      1.0129      1.3490      2.6305      0.0083      0.0842      0.0000
          60      0.9528      1.3383      2.3969      0.0089      0.0863      0.0000
          65      0.9459      1.3601      2.3483      0.0092      0.0850      0.0000
          70      0.9931      1.3656      2.5139      0.0089      0.1037      0.0000
          75      0.9620      1.3877      2.3794      0.0092      0.0911      0.0000
          80      0.9485      1.3676      2.3282      0.0090      0.1081      0.0000
          85      0.9611      1.3607      2.3883      0.0087      0.1060      0.0000
          90      0.9441      1.3613      2.3363      0.0092      0.0886      0.0000
          95      0.9381      1.3629      2.3135      0.0090      0.0857      0.0000
         100      0.9377      1.3406      2.3581      0.0085      0.0622      0.0000
         105      0.9337      1.3467      2.3309      0.0095      0.0662      0.0000
         110      1.0509      1.3891      2.7010      0.0401      0.0946      0.0000
         115      1.8277      1.3959      2.6954      3.0956      0.1604      0.0000
         120      0.9338      1.3772      2.3047      0.0090      0.0631      0.0000
         125      0.9325      1.4005      2.2751      0.0085      0.0647      0.0000
         130      0.9316      1.3886      2.2837      0.0083      0.0642      0.0000
         135      0.9341      1.4022      2.2795      0.0083      0.0650      0.0000
         140      0.9335      1.3773      2.3203      0.0085      0.0464      0.0000
         145      0.9350      1.3654      2.3432      0.0080      0.0421      0.0000
         150      0.9390      1.3766      2.3452      0.0078      0.0450      0.0000
         155      0.9577      1.3534      2.4704      0.0077      0.0184      0.0000
         160      0.9172      1.3659      2.2700      0.0081      0.0430      0.0000
         165      0.9178      1.3711      2.2684      0.0082      0.0418      0.0000
         170      0.9174      1.3648      2.2521      0.0084      0.0428      1.0000
         175      0.9288      1.3748      2.3078      0.0082      0.0429      0.0000
         180      0.9076      1.3569      2.2418      0.0081      0.0419      0.0000
         185      0.9135      1.3619      2.2587      0.0083      0.0435      0.0000
         190      0.9177      1.3610      2.2477      0.0079      0.0526      1.0000
         195      0.9257      1.3215      2.3521      0.0083      0.0394      0.0000
         200      0.9056      1.3172      2.2728      0.0085      0.0420      0.0000
         205      0.9063      1.3080      2.2839      0.0086      0.0429      0.0000
         210      0.9044      1.3158      2.2694      0.0085      0.0421      0.0000
         215      0.9015      1.3165      2.2560      0.0085      0.0431      0.0000
         220      0.9382      1.3219      2.3954      0.0086      0.0459      0.0000
         225      0.9096      1.3138      2.2911      0.0085      0.0433      0.0000
         230      0.9239      1.3155      2.3477      0.0089      0.0421      0.0000
         235      0.9137      1.3180      2.2851      0.0083      0.0419      1.0000
         240      0.9022      1.3142      2.2622      0.0084      0.0422      0.0000
         245      0.9058      1.3183      2.2722      0.0084      0.0425      0.0000
         250      0.9033      1.3189      2.2834      0.0081      0.0208      0.0000
         255      0.9173      1.3270      2.3104      0.0080      0.0223      1.0000
         260      0.9200      1.3287      2.3181      0.0083      0.0432      0.0000
         265      0.9002      1.3023      2.2846      0.0085      0.0233      0.0000
         270      0.9127      1.2958      2.3450      0.0081      0.0203      0.0000
         275      0.9072      1.3051      2.2900      0.0085      0.0235      1.0000
         280      0.9121      1.3049      2.2914      0.0083      0.0221      2.0000
         285      0.9187      1.3122      2.3142      0.0082      0.0186      2.0000
         290      0.9126      1.2981      2.3240      0.0088      0.0377      0.0000
         295      0.9201      1.3037      2.3492      0.0087      0.0370      0.0000
Max CUDA memory: 0.6059G
Saving /mnt/home/jue/halluc/linear_motifs/output/20220104_sh3_r2/sh3_r1_112_r2_32: npz, fas, trb, trk, trfold pdb
Finished design /mnt/home/jue/halluc/linear_motifs/output/20220104_sh3_r2/sh3_r1_112_r2_32 in 2.77 minutes.

Generating sh3_r1_112_r2_33, length 128...
Forcing amino acids:  B7P,B8P,B9P,B10R,B11P,B12P,B13K,B14P, and 58 receptor positions
Loss term           | Weight      
cce                   1.00
entropy               1.00
rog                   1.00
surfnp                1.00
nc                    0.02

Initializing logits: Spike
Stage 0
Starting MCMC...
        step    avg loss         cce     entropy         rog      surfnp          nc
           0      0.9622      1.4506      2.2801      0.0086      0.0686      3.0000
           5      0.9524      1.4602      2.2897      0.0089      0.0700      0.0000
          10      0.9605      1.4631      2.2978      0.0090      0.0914      0.0000
          15      1.0010      1.4538      2.4665      0.0086      0.0952      0.0000
          20      0.9778      1.4695      2.3203      0.0090      0.1118      1.0000
          25      0.9735      1.4266      2.3294      0.0091      0.1085      2.0000
          30      0.9606      1.3810      2.3841      0.0091      0.0873      0.0000
          35      0.9622      1.3691      2.3622      0.0089      0.0877      2.0000
          40      0.9376      1.3577      2.3524      0.0086      0.0505      0.0000
          45      0.9419      1.3451      2.3827      0.0086      0.0501      0.0000
          50      0.9554      1.3526      2.3914      0.0084      0.0683      1.0000
          55      0.9363      1.3429      2.3638      0.0079      0.0493      0.0000
          60      0.9422      1.3493      2.3725      0.0086      0.0573      0.0000
          65      0.9333      1.3499      2.3463      0.0087      0.0469      0.0000
          70      0.9397      1.3430      2.3806      0.0088      0.0453      0.0000
          75      0.9313      1.3557      2.3352      0.0086      0.0442      0.0000
          80      0.9336      1.3559      2.3417      0.0091      0.0463      0.0000
          85      0.9347      1.3545      2.3298      0.0087      0.0448      1.0000
          90      0.9384      1.3504      2.3492      0.0086      0.0444      1.0000
          95      0.9361      1.3575      2.3274      0.0086      0.0699      0.0000
         100      0.9379      1.3644      2.3517      0.0084      0.0459      0.0000
         105      0.9263      1.3586      2.3098      0.0085      0.0470      0.0000
         110      0.9303      1.3514      2.3343      0.0083      0.0458      0.0000
         115      0.9349      1.3537      2.3119      0.0088      0.0439      2.0000
         120      0.9330      1.3479      2.3101      0.0090      0.0438      2.0000
         125      0.9209      1.3505      2.2769      0.0097      0.0452      1.0000
         130      0.9121      1.3416      2.2720      0.0095      0.0235      1.0000
         135      0.9232      1.3274      2.3577      0.0098      0.0161      0.0000
         140      0.9248      1.3310      2.3213      0.0093      0.0362      1.0000
         145      0.9156      1.3244      2.3079      0.0093      0.0190      1.0000
         150      0.9054      1.3201      2.2931      0.0092      0.0174      0.0000
         155      0.9262      1.3452      2.3496      0.0096      0.0189      0.0000
         160      1.0184      1.4037      2.5914      0.0370      0.0621      0.0000
         165      0.9287      1.3155      2.3950      0.0087      0.0144      0.0000
         170      0.9144      1.3126      2.3132      0.0096      0.0405      0.0000
         175      0.9050      1.3111      2.2990      0.0096      0.0184      0.0000
         180      0.9096      1.2971      2.3382      0.0090      0.0121      0.0000
         185      0.9068      1.2956      2.3269      0.0088      0.0139      0.0000
         190      0.9139      1.2949      2.3355      0.0088      0.0348      0.0000
         195      0.9289      1.2983      2.3886      0.0085      0.0386      0.0000
         200      0.9075      1.2956      2.3089      0.0087      0.0351      0.0000
         205      0.9121      1.3037      2.3189      0.0087      0.0354      0.0000
         210      0.9139      1.2998      2.3304      0.0088      0.0349      0.0000
         215      0.9136      1.3004      2.3196      0.0088      0.0436      0.0000
         220      0.9183      1.2976      2.3302      0.0082      0.0556      0.0000
         225      0.9416      1.2993      2.4423      0.0088      0.0346      0.0000
         230      0.9430      1.2942      2.4550      0.0084      0.0334      0.0000
         235      0.9101      1.2923      2.3238      0.0084      0.0343      0.0000
         240      0.9239      1.3091      2.3443      0.0087      0.0521      0.0000
         245      0.9088      1.2996      2.3077      0.0088      0.0372      0.0000
         250      0.9050      1.3041      2.2895      0.0087      0.0358      0.0000
         255      0.9174      1.3031      2.3450      0.0076      0.0321      0.0000
         260      0.9105      1.3078      2.3067      0.0087      0.0371      0.0000
         265      0.9095      1.2988      2.3139      0.0085      0.0348      0.0000
         270      0.9139      1.3054      2.3148      0.0083      0.0453      0.0000
         275      0.9250      1.3122      2.3618      0.0086      0.0358      0.0000
         280      0.9092      1.3031      2.3059      0.0089      0.0370      0.0000
         285      0.9151      1.3010      2.3106      0.0086      0.0584      0.0000
         290      0.9077      1.3021      2.3013      0.0087      0.0367      0.0000
         295      0.9168      1.2947      2.3269      0.0085      0.0354      1.0000
Max CUDA memory: 0.6150G
Saving /mnt/home/jue/halluc/linear_motifs/output/20220104_sh3_r2/sh3_r1_112_r2_33: npz, fas, trb, trk, trfold pdb
Finished design /mnt/home/jue/halluc/linear_motifs/output/20220104_sh3_r2/sh3_r1_112_r2_33 in 2.78 minutes.

Generating sh3_r1_112_r2_34, length 128...
Forcing amino acids:  B7P,B8P,B9P,B10R,B11P,B12P,B13K,B14P, and 58 receptor positions
Loss term           | Weight      
cce                   1.00
entropy               1.00
rog                   1.00
surfnp                1.00
nc                    0.02

Initializing logits: Spike
Stage 0
Starting MCMC...
        step    avg loss         cce     entropy         rog      surfnp          nc
           0      0.9607      1.4445      2.2808      0.0086      0.0684      3.0000
           5      0.9623      1.4134      2.2945      0.0086      0.0720      4.0000
          10      0.9643      1.3760      2.3944      0.0074      0.0387      3.0000
          15      0.9449      1.3983      2.2980      0.0078      0.0546      2.0000
          20      0.9359      1.3522      2.3615      0.0081      0.0408      0.0000
          25      0.9499      1.3621      2.4008      0.0080      0.0477      0.0000
          30      0.9858      1.4031      2.5006      0.0100      0.0492      0.0000
          35      0.9401      1.3495      2.3697      0.0073      0.0527      0.0000
          40      1.6591      1.3884      2.6573      2.5376      0.0863      0.0000
          45      0.9534      1.3334      2.4577      0.0070      0.0345      0.0000
          50      0.9348      1.3314      2.3822      0.0079      0.0364      0.0000
          55      0.9362      1.3403      2.3558      0.0080      0.0593      0.0000
          60      0.9492      1.3365      2.4194      0.0074      0.0523      0.0000
          65      0.9400      1.3369      2.3770      0.0087      0.0563      0.0000
          70      0.9395      1.3259      2.4287      0.0081      0.0141      0.0000
          75      0.9269      1.3258      2.3579      0.0080      0.0143      1.0000
          80      0.9332      1.3252      2.3644      0.0078      0.0140      2.0000
          85      0.9525      1.3314      2.4139      0.0076      0.0362      2.0000
          90      0.9444      1.3214      2.4483      0.0075      0.0194      0.0000
          95      0.9314      1.3205      2.4035      0.0070      0.0131      0.0000
         100      0.9190      1.3244      2.3476      0.0077      0.0144      0.0000
         105      0.9110      1.3315      2.3089      0.0075      0.0143      0.0000
         110      0.9473      1.3080      2.4784      0.0077      0.0139      0.0000
         115      0.9802      1.3126      2.5661      0.0059      0.0358      1.0000
         120      0.9164      1.3071      2.3571      0.0067      0.0131      0.0000
         125      0.9241      1.3071      2.3468      0.0073      0.0138      2.0000
         130      0.9210      1.2993      2.3807      0.0077      0.0147      0.0000
         135      0.9182      1.3268      2.3422      0.0076      0.0147      0.0000
         140      0.9104      1.3091      2.3292      0.0074      0.0141      0.0000
         145      0.9189      1.3053      2.3591      0.0077      0.0221      0.0000
         150      0.9153      1.3080      2.3524      0.0066      0.0125      0.0000
         155      0.9114      1.3195      2.3230      0.0074      0.0140      0.0000
         160      0.9200      1.3199      2.3441      0.0069      0.0275      0.0000
         165      0.9175      1.3036      2.3519      0.0072      0.0259      0.0000
         170      0.9173      1.2971      2.3714      0.0070      0.0121      0.0000
         175      0.9223      1.3186      2.3492      0.0065      0.0132      1.0000
         180      0.9198      1.3277      2.3498      0.0065      0.0137      0.0000
         185      0.9217      1.3114      2.3746      0.0066      0.0129      0.0000
         190      0.9253      1.3412      2.3163      0.0066      0.0154      2.0000
         195      0.9182      1.3524      2.3113      0.0068      0.0205      0.0000
         200      0.9149      1.3398      2.3171      0.0066      0.0143      0.0000
         205      0.9122      1.3332      2.3124      0.0067      0.0146      0.0000
         210      0.9548      1.3609      2.4580      0.0065      0.0130      0.0000
         215      0.9110      1.3278      2.3083      0.0073      0.0190      0.0000
         220      0.9144      1.3260      2.3237      0.0073      0.0190      0.0000
         225      1.4511      1.3586      2.5784      1.8043      0.0921      0.0000
         230      0.9173      1.3324      2.3290      0.0074      0.0190      0.0000
         235      0.9201      1.3172      2.3594      0.0072      0.0152      0.0000
         240      0.9512      1.3873      2.4059      0.0081      0.0223      0.0000
         245      1.4881      1.4299      2.6245      1.8206      0.1071      0.0000
         250      0.9289      1.3310      2.3821      0.0061      0.0151      0.0000
         255      0.9135      1.3341      2.3112      0.0076      0.0194      0.0000
         260      0.9088      1.3253      2.3023      0.0076      0.0181      0.0000
         265      0.9230      1.3465      2.3307      0.0082      0.0250      0.0000
         270      0.9240      1.3084      2.3862      0.0069      0.0128      0.0000
         275      0.9051      1.3058      2.3120      0.0069      0.0138      0.0000
         280      0.9107      1.3134      2.3061      0.0070      0.0147      1.0000
         285      0.9007      1.3094      2.2907      0.0069      0.0138      0.0000
         290      0.8997      1.3138      2.2823      0.0067      0.0139      0.0000
         295      0.9009      1.3289      2.2710      0.0066      0.0150      0.0000
Max CUDA memory: 0.6009G
Saving /mnt/home/jue/halluc/linear_motifs/output/20220104_sh3_r2/sh3_r1_112_r2_34: npz, fas, trb, trk, trfold pdb
Finished design /mnt/home/jue/halluc/linear_motifs/output/20220104_sh3_r2/sh3_r1_112_r2_34 in 2.78 minutes.
