/mnt/home/dzorine/software/homog/homog/homog.py:98: SyntaxWarning: "is" with a literal. Did you mean "=="?
  if degrees is 'auto': degrees = guess_is_degrees(angle)
[15:09:37] /opt/dgl/src/runtime/tensordispatch.cc:43: TensorDispatcher: dlopen failed: libtorch_cuda_cpp.so: cannot open shared object file: No such file or directory
Using backend: pytorch
--steps was given. Ignoring --grad_steps, --mcmc_steps.

Run settings:
{'network_name': 'rf_Nov05_2021', 'use_template': 'B7-14', 'num': 5, 'start_num': 5, 'msa_num': 1, 'out': '/mnt/home/jue/halluc/linear_motifs/output/20220104_sh3_r2/sh3_r1_33_r2', 'cautious': 1, 'save_pdb': 1, 'save_batch_fas': False, 'track_step': 1, 'track_logits': False, 'out_step': None, 'seed_rng': False, 'steps': 'm300', 'grad_steps': 400, 'mcmc_steps': 0, 'optimizer': 'nsgd', 'drop': 0.2, 'init_sd': 1e-06, 'learning_rate': 0.05, 'grad_check': True, 'logit_scale': 1, 'seq_prob_type': 'hard', 'seq_sample': False, 'calc_bkg': True, 'cce_sd': None, 'hal_sd': None, 'corrupt_sequence': None, 'corrupt_fraction': None, 'pdb': '/mnt/home/jue/halluc/linear_motifs/input/SH3_2w0z.pdb', 'mask': '65-65,B7-14,19-19', 'contigs': None, 'con_set_id': None, 'len': None, 'keep_order': False, 'contig_min_gap': 5, 'spike': 0.999, 'spike_fas': 'output/hits_sh3_r1/sh3_r1_33.fas', 'force_aa': 'B7-14', 'exclude_aa': 'C', 'force_aa_hal': None, 'template_pdbs': None, 'no_bkg_mask': False, 'num_repeats': 0, 'init_seq': None, 'masks_bkg': None, 'masks_pass': None, 'force_logits': None, 'receptor': 'input/SH3_2w0z_rec.pdb', 'rec_placement': 'second', 'gap': 200, 'w_cce': 1, 'w_crmsd': -1, 'w_entropy': 1, 'w_kl': -1, 'n_bkg': 100, 'w_rep': -1, 'w_set_rep': -1, 'w_atr': -1, 'w_set_atr': -1, 'w_rog': 1.0, 'w_aspect_ratio': -1, 'w_cyc_sym': -1, 'w_surfnp': 1.0, 'w_nc': 0.02, 'w_cce_bg': -1, 'w_sym': -1, 'cce_cutoff': 19.9, 'rep_pdb': None, 'rep_sigma': 5, 'atr_pdb': None, 'atr_sigma': 5, 'entropy_beta': 10, 'rog_thresh': 16.0, 'surfnp_nbr_thresh': 2.5, 'nc_target': -7, 'entropy_dist_bins': 16, 'mcmc_halflife': 500.0, 'T_acc_0': 0.002, 'mcmc_batch': 1, 'anneal_t1d': False, 'erode_template': False, 'num_masked_tokens': 1, 'weights_dir': '/projects/ml/trDesign', 'nthreads': 4, 'cce_cutstep': None, 'cce_thresh': 2.2, 'batch': 64, 'lr': 0.2, 'nsteps': 100, 'commit': '3c91d72d7c0f6305334db8ae5306b96f5293e969'}

Loading structure prediction model onto device cuda:0...
#   trunk_msa_v00     [ens=1]   AF2-inspired 12-block 2-track trunk
#   trunk_tbm_v00     [ens=1]   AF2-inspired 3-track trunk
#   rf_v00            [ens=1]   RoseTTAFold 3-track trunk + refiner (formerly trunk_e2e_v00)
# * rf_Nov05_2021     [ens=1]   RoseTTAFold 3-track, no perceiver, Nov. 5 2021
#   rf_perceiver_v00  [ens=1]   RoseTTAFold w/ Perceiver & FAPE loss (msa_full=zeros)
#   rf_perceiver_v01  [ens=1]   RoseTTAFold w/ Perceiver & FAPE loss (msa_full=msa_latent)
#   af2_v00           [ens=0]   AlphaFold2 (only works with rescue.py)
Loaded sequence-to-structure model rf_Nov05_2021 with 66037142 parameters

Model hyperparameters:
{'SE3_param': {'div': 4, 'l0_in_features': 32, 'l0_out_features': 32, 'l1_in_features': 3, 'l1_out_features': 2, 'n_heads': 4, 'num_channels': 32, 'num_degrees': 2, 'num_edge_features': 32, 'num_layers': 3}, 'd_hidden': 32, 'd_hidden_templ': 64, 'd_msa': 256, 'd_msa_full': 64, 'd_pair': 128, 'd_templ': 64, 'n_head_msa': 8, 'n_head_pair': 4, 'n_head_templ': 4, 'n_module_2track': 24, 'n_module_3track': 8, 'p_drop': 0.0}

Using CUDA device(s):  cuda:0: (GeForce RTX 2080); 

Parsing input pdb...
Parsing receptor pdb...

Generating sh3_r1_33_r2_5, length 150...
Forcing amino acids:  B7P,B8P,B9P,B10R,B11P,B12P,B13K,B14P, and 58 receptor positions
Loss term           | Weight      
cce                   1.00
entropy               1.00
rog                   1.00
surfnp                1.00
nc                    0.02

Initializing logits: Spike
Stage 0
Starting MCMC...
        step    avg loss         cce     entropy         rog      surfnp          nc
           0      1.0172      1.3569      2.3857      0.0172      0.0693     13.0000
           5      1.0151      1.3481      2.4256      0.0182      0.0689     11.0000
          10      1.0008      1.3576      2.3885      0.0169      0.0602     10.0000
          15      1.0094      1.3554      2.4122      0.0184      0.0916      9.0000
          20      0.9922      1.3341      2.4615      0.0180      0.0750      5.0000
          25      0.9924      1.3173      2.5002      0.0176      0.0742      4.0000
          30      1.0096      1.3214      2.5460      0.0182      0.0932      4.0000
          35      0.9843      1.3139      2.4785      0.0160      0.0885      3.0000
          40      0.9838      1.3137      2.4774      0.0153      0.0886      3.0000
          45      0.9756      1.3152      2.4633      0.0156      0.0878      2.0000
          50      0.9823      1.3171      2.4680      0.0158      0.0879      3.0000
          55      0.9828      1.3369      2.4728      0.0145      0.0866      2.0000
          60      0.9746      1.3498      2.4461      0.0132      0.0887      1.0000
          65      0.9887      1.3447      2.5077      0.0145      0.0878      1.0000
          70      0.9688      1.3530      2.4370      0.0133      0.0915      0.0000
          75      0.9756      1.3692      2.4469      0.0129      0.0930      0.0000
          80      0.9809      1.3706      2.4657      0.0132      0.0935      0.0000
          85      0.9834      1.3729      2.4721      0.0129      0.0954      0.0000
          90      0.9854      1.3708      2.5015      0.0132      0.0757      0.0000
          95      0.9754      1.3640      2.4686      0.0134      0.0752      0.0000
         100      0.9858      1.3765      2.5161      0.0141      0.0562      0.0000
         105      0.9686      1.3625      2.4642      0.0131      0.0539      0.0000
         110      0.9710      1.3596      2.4769      0.0132      0.0538      0.0000
         115      0.9882      1.3394      2.5578      0.0129      0.0626      0.0000
         120      0.9814      1.3534      2.5069      0.0141      0.0706      0.0000
         125      0.9722      1.3252      2.5379      0.0135      0.0316      0.0000
         130      0.9605      1.3309      2.4993      0.0149      0.0162      0.0000
         135      0.9748      1.3411      2.5403      0.0142      0.0233      0.0000
         140      0.9541      1.3429      2.4519      0.0152      0.0256      0.0000
         145      0.9582      1.3430      2.4571      0.0154      0.0363      0.0000
         150      0.9570      1.3415      2.4644      0.0150      0.0264      0.0000
         155      0.9685      1.3318      2.5224      0.0146      0.0246      0.0000
         160      0.9576      1.3420      2.4659      0.0155      0.0262      0.0000
         165      0.9631      1.3400      2.4891      0.0155      0.0271      0.0000
         170      0.9571      1.3387      2.4680      0.0153      0.0255      0.0000
         175      0.9616      1.3383      2.4852      0.0154      0.0268      0.0000
         180      0.9586      1.3577      2.4311      0.0157      0.0290      1.0000
         185      0.9590      1.3609      2.4296      0.0153      0.0294      1.0000
         190      0.9844      1.3514      2.5498      0.0166      0.0394      0.0000
         195      0.9537      1.3490      2.4404      0.0157      0.0287      0.0000
         200      0.9537      1.3490      2.4403      0.0157      0.0287      0.0000
         205      0.9558      1.3443      2.4537      0.0158      0.0287      0.0000
         210      0.9633      1.3484      2.4593      0.0158      0.0290      1.0000
         215      0.9637      1.3505      2.4610      0.0153      0.0273      1.0000
         220      0.9677      1.3386      2.5073      0.0155      0.0289      0.0000
         225      0.9992      1.3592      2.5691      0.0152      0.0535      1.0000
         230      0.9755      1.3694      2.5072      0.0159      0.0291      0.0000
         235      0.9594      1.3509      2.4630      0.0156      0.0273      0.0000
         240      0.9547      1.3456      2.4488      0.0155      0.0279      0.0000
         245      0.9938      1.3518      2.5915      0.0151      0.0366      0.0000
         250      0.9547      1.3456      2.4488      0.0155      0.0279      0.0000
         255      0.9803      1.3582      2.5315      0.0157      0.0354      0.0000
         260      0.9588      1.3409      2.4718      0.0156      0.0263      0.0000
         265      0.9496      1.3370      2.4386      0.0154      0.0263      0.0000
         270      0.9698      1.3406      2.5001      0.0173      0.0408      0.0000
         275      0.9542      1.3503      2.4277      0.0158      0.0420      0.0000
         280      0.9576      1.3420      2.4641      0.0157      0.0277      0.0000
         285      0.9629      1.3414      2.4665      0.0154      0.0276      1.0000
         290      0.9946      1.3471      2.6077      0.0152      0.0284      0.0000
         295      0.9607      1.3408      2.4604      0.0151      0.0458      0.0000
Max CUDA memory: 0.6413G
Saving /mnt/home/jue/halluc/linear_motifs/output/20220104_sh3_r2/sh3_r1_33_r2_5: npz, fas, trb, trk, trfold pdb
Finished design /mnt/home/jue/halluc/linear_motifs/output/20220104_sh3_r2/sh3_r1_33_r2_5 in 5.52 minutes.

Generating sh3_r1_33_r2_6, length 150...
Forcing amino acids:  B7P,B8P,B9P,B10R,B11P,B12P,B13K,B14P, and 58 receptor positions
Loss term           | Weight      
cce                   1.00
entropy               1.00
rog                   1.00
surfnp                1.00
nc                    0.02

Initializing logits: Spike
Stage 0
Starting MCMC...
        step    avg loss         cce     entropy         rog      surfnp          nc
           0      1.0085      1.3532      2.3946      0.0176      0.0690     11.0000
           5      1.0140      1.3561      2.3984      0.0179      0.0838     11.0000
          10      1.0122      1.3366      2.3866      0.0175      0.0683     13.0000
          15      1.0167      1.3685      2.4019      0.0180      0.0785     11.0000
          20      0.9888      1.3503      2.3589      0.0176      0.0683      9.0000
          25      0.9786      1.3375      2.3517      0.0154      0.0494      9.0000
          30      0.9926      1.3403      2.3645      0.0153      0.0499     11.0000
          35      1.0188      1.3558      2.4722      0.0165      0.0509     10.0000
          40      0.9906      1.3452      2.3611      0.0166      0.0595     10.0000
          45      0.9929      1.3518      2.3576      0.0165      0.0656     10.0000
          50      0.9864      1.3509      2.3762      0.0159      0.0622      8.0000
          55      1.0079      1.3407      2.4504      0.0198      0.0611      9.0000
          60      0.9738      1.3436      2.3304      0.0157      0.0650      8.0000
          65      0.9822      1.3475      2.3850      0.0151      0.0406      8.0000
          70      0.9696      1.3492      2.3472      0.0170      0.0644      6.0000
          75      0.9690      1.3386      2.3792      0.0177      0.0597      5.0000
          80      0.9743      1.3422      2.3769      0.0168      0.0610      6.0000
          85      0.9851      1.3461      2.4370      0.0152      0.0619      5.0000
          90      0.9679      1.3513      2.3604      0.0165      0.0629      5.0000
          95      0.9913      1.3574      2.4302      0.0174      0.0800      5.0000
         100      0.9722      1.3581      2.3874      0.0174      0.0656      4.0000
         105      0.9716      1.3620      2.3651      0.0143      0.0643      5.0000
         110      0.9588      1.3590      2.3558      0.0154      0.0640      3.0000
         115      0.9599      1.3596      2.3577      0.0151      0.0664      3.0000
         120      0.9635      1.3632      2.3697      0.0150      0.0655      3.0000
         125      0.9647      1.3618      2.3760      0.0149      0.0654      3.0000
         130      0.9659      1.3726      2.3634      0.0147      0.0723      3.0000
         135      0.9676      1.3716      2.3718      0.0150      0.0713      3.0000
         140      0.9777      1.3502      2.4545      0.0145      0.0711      2.0000
         145      0.9509      1.3645      2.3820      0.0130      0.0630      0.0000
         150      0.9511      1.3679      2.3850      0.0128      0.0579      0.0000
         155      0.9385      1.3497      2.3524      0.0127      0.0580      0.0000
         160      0.9881      1.3195      2.5694      0.0156      0.0675      0.0000
         165      0.9493      1.3555      2.3884      0.0132      0.0592      0.0000
         170      0.9426      1.3393      2.3601      0.0126      0.0772      0.0000
         175      0.9455      1.3248      2.3980      0.0133      0.0649      0.0000
         180      0.9396      1.3406      2.3599      0.0130      0.0637      0.0000
         185      0.9487      1.3381      2.4058      0.0120      0.0579      0.0000
         190      0.9447      1.3331      2.3862      0.0135      0.0647      0.0000
         195      0.9448      1.3225      2.3981      0.0138      0.0637      0.0000
         200      0.9438      1.3280      2.3875      0.0140      0.0648      0.0000
         205      0.9413      1.3391      2.3693      0.0135      0.0621      0.0000
         210      0.9339      1.3370      2.3488      0.0133      0.0553      0.0000
         215      0.9919      1.3431      2.5744      0.0172      0.0527      0.0000
         220      0.9482      1.3641      2.3748      0.0138      0.0591      0.0000
         225      0.9461      1.3358      2.3973      0.0150      0.0553      0.0000
         230      0.9409      1.3373      2.3714      0.0141      0.0594      0.0000
         235      0.9478      1.3263      2.3869      0.0162      0.0609      1.0000
         240      0.9487      1.3471      2.3744      0.0141      0.0581      1.0000
         245      0.9563      1.3164      2.4161      0.0145      0.0573      2.0000
         250      0.9415      1.3222      2.3841      0.0137      0.0450      1.0000
         255      0.9500      1.3121      2.4373      0.0142      0.0552      0.0000
         260      0.9497      1.3246      2.3858      0.0172      0.0705      1.0000
         265      0.9484      1.3303      2.3835      0.0146      0.0642      1.0000
         270      0.9342      1.3345      2.3523      0.0143      0.0543      0.0000
         275      0.9522      1.3227      2.4175      0.0165      0.0712      0.0000
         280      0.9342      1.3346      2.3523      0.0143      0.0543      0.0000
         285      0.9401      1.3404      2.3519      0.0143      0.0726      0.0000
         290      0.9399      1.3245      2.3616      0.0169      0.0755      0.0000
         295      0.9365      1.3540      2.3382      0.0155      0.0568      0.0000
Max CUDA memory: 0.7222G
Saving /mnt/home/jue/halluc/linear_motifs/output/20220104_sh3_r2/sh3_r1_33_r2_6: npz, fas, trb, trk, trfold pdb
Finished design /mnt/home/jue/halluc/linear_motifs/output/20220104_sh3_r2/sh3_r1_33_r2_6 in 5.45 minutes.

Generating sh3_r1_33_r2_7, length 150...
Forcing amino acids:  B7P,B8P,B9P,B10R,B11P,B12P,B13K,B14P, and 58 receptor positions
Loss term           | Weight      
cce                   1.00
entropy               1.00
rog                   1.00
surfnp                1.00
nc                    0.02

Initializing logits: Spike
Stage 0
Starting MCMC...
        step    avg loss         cce     entropy         rog      surfnp          nc
           0      1.0204      1.3571      2.4409      0.0184      0.0855     10.0000
           5      1.0047      1.3420      2.4102      0.0159      0.0709     10.0000
          10      1.0055      1.3599      2.3983      0.0153      0.0688     10.0000
          15      1.0038      1.3488      2.4241      0.0157      0.0667      9.0000
          20      1.0220      1.3394      2.5277      0.0151      0.0663      8.0000
          25      1.0027      1.3311      2.4630      0.0172      0.0594      8.0000
          30      1.0302      1.3279      2.6016      0.0452      0.0665      5.0000
          35      1.0159      1.3278      2.5578      0.0159      0.0625      6.0000
          40      0.9957      1.3132      2.5003      0.0153      0.0541      6.0000
          45      0.9958      1.3133      2.5003      0.0153      0.0541      6.0000
          50      1.0187      1.3302      2.5379      0.0139      0.0731      7.0000
          55      1.0057      1.3209      2.5188      0.0136      0.0497      7.0000
          60      0.9960      1.3078      2.5077      0.0147      0.0539      6.0000
          65      0.9994      1.2977      2.5486      0.0154      0.0560      5.0000
          70      0.9904      1.3095      2.5048      0.0141      0.0533      5.0000
          75      0.9979      1.3336      2.4889      0.0149      0.0543      6.0000
          80      0.9999      1.3285      2.5284      0.0146      0.0681      4.0000
          85      1.0131      1.3496      2.5647      0.0160      0.0823      3.0000
          90      0.9980      1.3358      2.5194      0.0152      0.0617      4.0000
          95      0.9912      1.3401      2.4969      0.0155      0.0720      3.0000
         100      1.0016      1.3588      2.5556      0.0162      0.0760      1.0000
         105      0.9922      1.3633      2.5283      0.0146      0.0824      0.0000
         110      0.9745      1.3370      2.5134      0.0171      0.0499      0.0000
         115      0.9877      1.3416      2.5484      0.0173      0.0633      0.0000
         120      0.9800      1.3340      2.5364      0.0186      0.0508      0.0000
         125      0.9734      1.3358      2.5109      0.0163      0.0499      0.0000
         130      0.9793      1.3308      2.5386      0.0174      0.0498      0.0000
         135      0.9736      1.3386      2.4890      0.0164      0.0499      1.0000
         140      0.9741      1.3314      2.5169      0.0160      0.0517      0.0000
         145      0.9686      1.3312      2.4943      0.0171      0.0512      0.0000
         150      0.9579      1.3069      2.4915      0.0157      0.0367      0.0000
         155      0.9601      1.3063      2.5012      0.0156      0.0366      0.0000
         160      0.9636      1.3036      2.5174      0.0132      0.0396      0.0000
         165      0.9577      1.3054      2.4753      0.0146      0.0546      0.0000
         170      0.9946      1.3045      2.6369      0.0146      0.0424      0.0000
         175      0.9557      1.3035      2.4802      0.0153      0.0430      0.0000
         180      0.9453      1.3094      2.4352      0.0149      0.0407      0.0000
         185      0.9463      1.3065      2.4215      0.0150      0.0412      1.0000
         190      0.9492      1.3101      2.4499      0.0151      0.0408      0.0000
         195      0.9512      1.3159      2.4435      0.0155      0.0492      0.0000
         200      0.9455      1.3147      2.4301      0.0150      0.0410      0.0000
         205      0.9528      1.3195      2.4518      0.0157      0.0433      0.0000
         210      0.9571      1.3174      2.4773      0.0130      0.0399      0.0000
         215      0.9492      1.3432      2.4163      0.0139      0.0425      0.0000
         220      0.9383      1.3375      2.3786      0.0143      0.0415      0.0000
         225      0.9579      1.3463      2.4285      0.0144      0.0615      0.0000
         230      0.9423      1.3475      2.3825      0.0142      0.0438      0.0000
         235      0.9439      1.3592      2.3767      0.0138      0.0448      0.0000
         240      0.9510      1.3582      2.4071      0.0138      0.0439      0.0000
         245      0.9413      1.3424      2.3841      0.0132      0.0445      0.0000
         250      0.9452      1.3496      2.3771      0.0138      0.0590      0.0000
         255      0.9675      1.3375      2.4754      0.0129      0.0635      0.0000
         260      0.9431      1.3386      2.3754      0.0139      0.0635      0.0000
         265      0.9385      1.3290      2.3512      0.0135      0.0592      1.0000
         270      1.0199      1.3454      2.6607      0.0195      0.0743      0.0000
         275      0.9376      1.3334      2.3407      0.0136      0.0612      1.0000
         280      0.9711      1.3333      2.4863      0.0134      0.0710      0.0000
         285      0.9446      1.3424      2.3562      0.0133      0.0656      1.0000
         290      0.9405      1.3429      2.3431      0.0127      0.0621      1.0000
         295      0.9347      1.3179      2.3728      0.0117      0.0550      0.0000
Max CUDA memory: 0.7189G
Saving /mnt/home/jue/halluc/linear_motifs/output/20220104_sh3_r2/sh3_r1_33_r2_7: npz, fas, trb, trk, trfold pdb
Finished design /mnt/home/jue/halluc/linear_motifs/output/20220104_sh3_r2/sh3_r1_33_r2_7 in 5.45 minutes.

Generating sh3_r1_33_r2_8, length 150...
Forcing amino acids:  B7P,B8P,B9P,B10R,B11P,B12P,B13K,B14P, and 58 receptor positions
Loss term           | Weight      
cce                   1.00
entropy               1.00
rog                   1.00
surfnp                1.00
nc                    0.02

Initializing logits: Spike
Stage 0
Starting MCMC...
        step    avg loss         cce     entropy         rog      surfnp          nc
           0      1.0207      1.3599      2.4394      0.0182      0.0859     10.0000
           5      1.0026      1.3457      2.4001      0.0164      0.0683     10.0000
          10      1.0097      1.3426      2.4372      0.0161      0.0630     10.0000
          15      1.0055      1.3433      2.4341      0.0152      0.0696      9.0000
          20      1.0013      1.3404      2.4255      0.0151      0.0641      9.0000
          25      1.0017      1.3440      2.4235      0.0148      0.0644      9.0000
          30      1.0555      1.3452      2.6343      0.0097      0.0739      9.0000
          35      1.0031      1.3048      2.4590      0.0162      0.0526     10.0000
          40      0.9938      1.3212      2.4030      0.0168      0.0742      9.0000
          45      0.9955      1.3251      2.4057      0.0166      0.0745      9.0000
          50      1.0045      1.3272      2.4411      0.0162      0.0934      8.0000
          55      0.9828      1.3095      2.4249      0.0167      0.0597      7.0000
          60      0.9946      1.3082      2.4828      0.0171      0.0702      6.0000
          65      0.9815      1.3021      2.4779      0.0158      0.0498      5.0000
          70      1.0439      1.3279      2.6606      0.0121      0.0958      5.0000
          75      0.9971      1.3092      2.5575      0.0154      0.0463      4.0000
          80      1.0165      1.3145      2.6271      0.0152      0.0496      4.0000
          85      0.9649      1.3102      2.4418      0.0157      0.0512      3.0000
          90      0.9727      1.3074      2.4560      0.0159      0.0510      4.0000
          95      0.9729      1.3293      2.4318      0.0165      0.0533      4.0000
         100      0.9572      1.3159      2.4725      0.0145      0.0449      0.0000
         105      0.9554      1.3209      2.4608      0.0149      0.0440      0.0000
         110      0.9623      1.3252      2.4837      0.0150      0.0444      0.0000
         115      0.9600      1.3358      2.4540      0.0162      0.0533      0.0000
         120      0.9536      1.3224      2.4456      0.0160      0.0494      0.0000
         125      0.9672      1.3236      2.4801      0.0159      0.0485      1.0000
         130      0.9507      1.3190      2.4160      0.0148      0.0323      2.0000
         135      0.9379      1.3515      2.3531      0.0152      0.0307      1.0000
         140      0.9537      1.3122      2.4715      0.0161      0.0340      0.0000
         145      0.9654      1.3531      2.4838      0.0152      0.0289      0.0000
         150      0.9343      1.3454      2.3662      0.0150      0.0293      0.0000
         155      0.9364      1.3436      2.3787      0.0140      0.0281      0.0000
         160      0.9436      1.3380      2.3711      0.0143      0.0299      2.0000
         165      0.9473      1.3449      2.4025      0.0123      0.0285      1.0000
         170      0.9407      1.3434      2.3846      0.0144      0.0390      0.0000
         175      0.9365      1.3418      2.3592      0.0142      0.0297      1.0000
         180      0.9390      1.3251      2.4042      0.0134      0.0319      0.0000
         185      0.9348      1.3507      2.3662      0.0139      0.0269      0.0000
         190      0.9373      1.3459      2.3652      0.0138      0.0433      0.0000
         195      0.9297      1.3397      2.3536      0.0139      0.0302      0.0000
         200      0.9285      1.3392      2.3492      0.0140      0.0301      0.0000
         205      0.9285      1.3392      2.3492      0.0140      0.0301      0.0000
         210      0.9275      1.3348      2.3480      0.0140      0.0319      0.0000
         215      0.9393      1.3378      2.3914      0.0132      0.0337      0.0000
         220      0.9413      1.3309      2.4089      0.0117      0.0324      0.0000
         225      0.9349      1.3292      2.3591      0.0128      0.0371      1.0000
         230      0.9426      1.3174      2.4252      0.0135      0.0332      0.0000
         235      0.9413      1.3302      2.3672      0.0128      0.0340      2.0000
         240      0.9444      1.3210      2.3885      0.0134      0.0337      2.0000
         245      0.9466      1.3289      2.4286      0.0130      0.0346      0.0000
         250      0.9479      1.3374      2.4056      0.0135      0.0341      1.0000
         255      0.9766      1.3418      2.4927      0.0489      0.0427      0.0000
         260      0.9366      1.3315      2.3663      0.0132      0.0541      0.0000
         265      0.9246      1.3291      2.3398      0.0133      0.0346      0.0000
         270      0.9366      1.3294      2.3678      0.0135      0.0543      0.0000
         275      0.9404      1.3175      2.4185      0.0141      0.0304      0.0000
         280      0.9207      1.3203      2.3340      0.0141      0.0326      0.0000
         285      0.9235      1.3035      2.3433      0.0145      0.0511      0.0000
         290      0.9735      1.2927      2.5716      0.0151      0.0339      0.0000
         295      0.9253      1.3025      2.3667      0.0156      0.0346      0.0000
Max CUDA memory: 0.7222G
Saving /mnt/home/jue/halluc/linear_motifs/output/20220104_sh3_r2/sh3_r1_33_r2_8: npz, fas, trb, trk, trfold pdb
Finished design /mnt/home/jue/halluc/linear_motifs/output/20220104_sh3_r2/sh3_r1_33_r2_8 in 5.45 minutes.

Generating sh3_r1_33_r2_9, length 150...
Forcing amino acids:  B7P,B8P,B9P,B10R,B11P,B12P,B13K,B14P, and 58 receptor positions
Loss term           | Weight      
cce                   1.00
entropy               1.00
rog                   1.00
surfnp                1.00
nc                    0.02

Initializing logits: Spike
Stage 0
Starting MCMC...
        step    avg loss         cce     entropy         rog      surfnp          nc
           0      1.0127      1.3507      2.3943      0.0185      0.0677     12.0000
           5      1.0016      1.3411      2.4129      0.0176      0.0546     10.0000
          10      1.0156      1.3339      2.4796      0.0196      0.0495     10.0000
          15      1.0050      1.3254      2.4472      0.0209      0.0668      9.0000
          20      1.0040      1.3345      2.4153      0.0205      0.0656     10.0000
          25      1.0180      1.3286      2.4571      0.0231      0.0835     10.0000
          30      1.0209      1.3766      2.4366      0.0179      0.0930      9.0000
          35      1.0007      1.3293      2.4548      0.0212      0.0776      7.0000
          40      1.0095      1.3289      2.4789      0.0196      0.0909      7.0000
          45      1.0017      1.3196      2.4941      0.0197      0.0735      6.0000
          50      0.9926      1.3232      2.5180      0.0209      0.0681      3.0000
          55      1.0188      1.3403      2.5967      0.0201      0.0783      3.0000
          60      0.9981      1.3370      2.5459      0.0225      0.0668      2.0000
          65      0.9936      1.3323      2.5312      0.0214      0.0693      2.0000
          70      0.9995      1.3565      2.5214      0.0222      0.0979      1.0000
          75      0.9826      1.3254      2.4797      0.0220      0.0831      2.0000
          80      1.0075      1.3310      2.5322      0.0273      0.0798      4.0000
          85      1.0238      1.3282      2.6736      0.0203      0.0738      1.0000
          90      0.9825      1.3294      2.4889      0.0209      0.0705      2.0000
          95      0.9816      1.3296      2.4834      0.0210      0.0720      2.0000
         100      0.9806      1.3380      2.4795      0.0195      0.0648      2.0000
         105      0.9805      1.3382      2.4792      0.0196      0.0648      2.0000
         110      0.9864      1.3426      2.4583      0.0194      0.0650      4.0000
         115      0.9830      1.3393      2.4878      0.0192      0.0654      2.0000
         120      1.0085      1.3364      2.5963      0.0180      0.0635      2.0000
         125      0.9827      1.3326      2.5036      0.0190      0.0553      2.0000
         130      0.9732      1.3150      2.5425      0.0196      0.0353      0.0000
         135      0.9782      1.3165      2.5629      0.0191      0.0340      0.0000
         140      0.9967      1.3380      2.6148      0.0192      0.0347      0.0000
         145      1.0158      1.3815      2.6214      0.0213      0.0395      1.0000
         150      0.9727      1.3276      2.5073      0.0207      0.0345      1.0000
         155      0.9744      1.3234      2.5188      0.0207      0.0343      1.0000
         160      0.9761      1.3231      2.5271      0.0194      0.0344      1.0000
         165      0.9724      1.3709      2.4527      0.0165      0.0287      2.0000
         170      0.9722      1.3289      2.4920      0.0211      0.0461      1.0000
         175      0.9653      1.3250      2.4825      0.0196      0.0336      1.0000
         180      0.9591      1.3319      2.4753      0.0171      0.0314      0.0000
         185      0.9645      1.3385      2.4681      0.0177      0.0328      1.0000
         190      0.9670      1.3486      2.4790      0.0190      0.0407      0.0000
         195      0.9585      1.3379      2.4429      0.0186      0.0339      1.0000
         200      0.9570      1.3444      2.4510      0.0182      0.0336      0.0000
         205      0.9575      1.3909      2.4114      0.0153      0.0314      0.0000
         210      0.9566      1.3401      2.4540      0.0178      0.0336      0.0000
         215      0.9662      1.3446      2.4703      0.0182      0.0510      0.0000
         220      0.9570      1.3401      2.4521      0.0180      0.0371      0.0000
         225      0.9611      1.3510      2.4380      0.0179      0.0367      1.0000
         230      0.9652      1.3516      2.4398      0.0176      0.0511      1.0000
         235      0.9623      1.3502      2.4466      0.0176      0.0539      0.0000
         240      0.9619      1.3463      2.4459      0.0178      0.0370      1.0000
         245      0.9644      1.3454      2.4348      0.0174      0.0391      2.0000
         250      0.9647      1.3296      2.4766      0.0167      0.0351      1.0000
         255      0.9666      1.3629      2.4527      0.0172      0.0330      1.0000
         260      0.9550      1.3311      2.4349      0.0171      0.0360      1.0000
         265      0.9551      1.3283      2.4637      0.0174      0.0302      0.0000
         270      0.9564      1.3230      2.4717      0.0175      0.0325      0.0000
         275      0.9495      1.3222      2.4456      0.0186      0.0307      0.0000
         280      0.9490      1.3221      2.4451      0.0178      0.0301      0.0000
         285      0.9532      1.3209      2.4430      0.0177      0.0304      1.0000
         290      0.9535      1.3138      2.4698      0.0183      0.0312      0.0000
         295      0.9584      1.3125      2.4968      0.0176      0.0257      0.0000
Max CUDA memory: 0.7189G
Saving /mnt/home/jue/halluc/linear_motifs/output/20220104_sh3_r2/sh3_r1_33_r2_9: npz, fas, trb, trk, trfold pdb
Finished design /mnt/home/jue/halluc/linear_motifs/output/20220104_sh3_r2/sh3_r1_33_r2_9 in 5.45 minutes.
