/mnt/home/dzorine/software/homog/homog/homog.py:98: SyntaxWarning: "is" with a literal. Did you mean "=="?
  if degrees is 'auto': degrees = guess_is_degrees(angle)
[14:39:56] /opt/dgl/src/runtime/tensordispatch.cc:43: TensorDispatcher: dlopen failed: libtorch_cuda_cpp.so: cannot open shared object file: No such file or directory
Using backend: pytorch
--steps was given. Ignoring --grad_steps, --mcmc_steps.

Run settings:
{'network_name': 'rf_Nov05_2021', 'use_template': 'B7-14', 'num': 5, 'start_num': 0, 'msa_num': 1, 'out': '/mnt/home/jue/halluc/linear_motifs/output/20220104_sh3_r2/sh3_r1_33_r2', 'cautious': 1, 'save_pdb': 1, 'save_batch_fas': False, 'track_step': 1, 'track_logits': False, 'out_step': None, 'seed_rng': False, 'steps': 'm300', 'grad_steps': 400, 'mcmc_steps': 0, 'optimizer': 'nsgd', 'drop': 0.2, 'init_sd': 1e-06, 'learning_rate': 0.05, 'grad_check': True, 'logit_scale': 1, 'seq_prob_type': 'hard', 'seq_sample': False, 'calc_bkg': True, 'cce_sd': None, 'hal_sd': None, 'corrupt_sequence': None, 'corrupt_fraction': None, 'pdb': '/mnt/home/jue/halluc/linear_motifs/input/SH3_2w0z.pdb', 'mask': '65-65,B7-14,19-19', 'contigs': None, 'con_set_id': None, 'len': None, 'keep_order': False, 'contig_min_gap': 5, 'spike': 0.999, 'spike_fas': 'output/hits_sh3_r1/sh3_r1_33.fas', 'force_aa': 'B7-14', 'exclude_aa': 'C', 'force_aa_hal': None, 'template_pdbs': None, 'no_bkg_mask': False, 'num_repeats': 0, 'init_seq': None, 'masks_bkg': None, 'masks_pass': None, 'force_logits': None, 'receptor': 'input/SH3_2w0z_rec.pdb', 'rec_placement': 'second', 'gap': 200, 'w_cce': 1, 'w_crmsd': -1, 'w_entropy': 1, 'w_kl': -1, 'n_bkg': 100, 'w_rep': -1, 'w_set_rep': -1, 'w_atr': -1, 'w_set_atr': -1, 'w_rog': 1.0, 'w_aspect_ratio': -1, 'w_cyc_sym': -1, 'w_surfnp': 1.0, 'w_nc': 0.02, 'w_cce_bg': -1, 'w_sym': -1, 'cce_cutoff': 19.9, 'rep_pdb': None, 'rep_sigma': 5, 'atr_pdb': None, 'atr_sigma': 5, 'entropy_beta': 10, 'rog_thresh': 16.0, 'surfnp_nbr_thresh': 2.5, 'nc_target': -7, 'entropy_dist_bins': 16, 'mcmc_halflife': 500.0, 'T_acc_0': 0.002, 'mcmc_batch': 1, 'anneal_t1d': False, 'erode_template': False, 'num_masked_tokens': 1, 'weights_dir': '/projects/ml/trDesign', 'nthreads': 4, 'cce_cutstep': None, 'cce_thresh': 2.2, 'batch': 64, 'lr': 0.2, 'nsteps': 100, 'commit': '3c91d72d7c0f6305334db8ae5306b96f5293e969'}

Loading structure prediction model onto device cuda:0...
#   trunk_msa_v00     [ens=1]   AF2-inspired 12-block 2-track trunk
#   trunk_tbm_v00     [ens=1]   AF2-inspired 3-track trunk
#   rf_v00            [ens=1]   RoseTTAFold 3-track trunk + refiner (formerly trunk_e2e_v00)
# * rf_Nov05_2021     [ens=1]   RoseTTAFold 3-track, no perceiver, Nov. 5 2021
#   rf_perceiver_v00  [ens=1]   RoseTTAFold w/ Perceiver & FAPE loss (msa_full=zeros)
#   rf_perceiver_v01  [ens=1]   RoseTTAFold w/ Perceiver & FAPE loss (msa_full=msa_latent)
#   af2_v00           [ens=0]   AlphaFold2 (only works with rescue.py)
Loaded sequence-to-structure model rf_Nov05_2021 with 66037142 parameters

Model hyperparameters:
{'SE3_param': {'div': 4, 'l0_in_features': 32, 'l0_out_features': 32, 'l1_in_features': 3, 'l1_out_features': 2, 'n_heads': 4, 'num_channels': 32, 'num_degrees': 2, 'num_edge_features': 32, 'num_layers': 3}, 'd_hidden': 32, 'd_hidden_templ': 64, 'd_msa': 256, 'd_msa_full': 64, 'd_pair': 128, 'd_templ': 64, 'n_head_msa': 8, 'n_head_pair': 4, 'n_head_templ': 4, 'n_module_2track': 24, 'n_module_3track': 8, 'p_drop': 0.0}

Using CUDA device(s):  cuda:0: (GeForce RTX 2080); 

Parsing input pdb...
Parsing receptor pdb...

Generating sh3_r1_33_r2_0, length 150...
Forcing amino acids:  B7P,B8P,B9P,B10R,B11P,B12P,B13K,B14P, and 58 receptor positions
Loss term           | Weight      
cce                   1.00
entropy               1.00
rog                   1.00
surfnp                1.00
nc                    0.02

Initializing logits: Spike
Stage 0
Starting MCMC...
        step    avg loss         cce     entropy         rog      surfnp          nc
           0      1.0130      1.3594      2.3878      0.0176      0.0875     11.0000
           5      1.0165      1.3609      2.3985      0.0187      0.0885     11.0000
          10      1.0157      1.3898      2.3664      0.0165      0.0905     11.0000
          15      1.0165      1.3634      2.4014      0.0176      0.0838     11.0000
          20      1.0117      1.3506      2.3926      0.0172      0.0665     12.0000
          25      1.0025      1.3326      2.4026      0.0168      0.0579     11.0000
          30      1.0002      1.3330      2.3954      0.0165      0.0557     11.0000
          35      1.0013      1.3063      2.4587      0.0164      0.0436     10.0000
          40      0.9876      1.3258      2.3997      0.0154      0.0493      9.0000
          45      1.0000      1.3174      2.4647      0.0164      0.0615      8.0000
          50      0.9907      1.3152      2.4651      0.0154      0.0671      6.0000
          55      1.0003      1.3171      2.4828      0.0161      0.0651      7.0000
          60      0.9704      1.3188      2.4208      0.0161      0.0452      5.0000
          65      0.9660      1.3182      2.4050      0.0169      0.0434      5.0000
          70      0.9908      1.3340      2.4529      0.0165      0.0596      6.0000
          75      0.9700      1.3128      2.4262      0.0170      0.0436      5.0000
          80      0.9683      1.3094      2.4427      0.0176      0.0430      4.0000
          85      0.9690      1.3047      2.4707      0.0187      0.0414      3.0000
          90      0.9692      1.3172      2.4765      0.0184      0.0441      2.0000
          95      0.9578      1.3135      2.4563      0.0179      0.0626      0.0000
         100      0.9645      1.3088      2.5028      0.0178      0.0480      0.0000
         105      0.9597      1.3199      2.4429      0.0175      0.0575      1.0000
         110      0.9473      1.3137      2.4220      0.0199      0.0524      0.0000
         115      0.9586      1.3148      2.4412      0.0199      0.0576      1.0000
         120      0.9635      1.3417      2.4393      0.0188      0.0734      0.0000
         125      0.9526      1.3131      2.4418      0.0194      0.0552      0.0000
         130      0.9553      1.3145      2.4546      0.0204      0.0507      0.0000
         135      0.9613      1.3166      2.4441      0.0199      0.0640      1.0000
         140      0.9619      1.3310      2.4508      0.0202      0.0646      0.0000
         145      0.9629      1.3267      2.4599      0.0205      0.0636      0.0000
         150      0.9594      1.3265      2.4471      0.0199      0.0632      0.0000
         155      0.9680      1.3245      2.4471      0.0200      0.0798      1.0000
         160      0.9736      1.3279      2.4821      0.0227      0.0813      0.0000
         165      1.0511      1.3760      2.6396      0.0689      0.1409      0.0000
         170      0.9641      1.3247      2.4454      0.0220      0.0837      0.0000
         175      0.9677      1.3359      2.4445      0.0259      0.0839      0.0000
         180      0.9873      1.3097      2.5410      0.0235      0.0949      0.0000
         185      0.9986      1.3361      2.5676      0.0252      0.0856      0.0000
         190      0.9578      1.3237      2.4345      0.0240      0.0682      0.0000
         195      0.9631      1.3251      2.4375      0.0247      0.0843      0.0000
         200      0.9574      1.3249      2.4262      0.0247      0.0731      0.0000
         205      0.9712      1.3260      2.4503      0.0248      0.0834      1.0000
         210      0.9589      1.3241      2.4331      0.0242      0.0734      0.0000
         215      0.9665      1.3206      2.4667      0.0253      0.0728      0.0000
         220      0.9695      1.3321      2.4454      0.0246      0.0753      1.0000
         225      0.9633      1.3310      2.4381      0.0268      0.0765      0.0000
         230      0.9596      1.3308      2.4170      0.0226      0.0870      0.0000
         235      0.9585      1.3304      2.4273      0.0222      0.0735      0.0000
         240      0.9594      1.3312      2.4263      0.0226      0.0768      0.0000
         245      0.9565      1.3284      2.4176      0.0224      0.0770      0.0000
         250      0.9511      1.3296      2.3977      0.0213      0.0750      0.0000
         255      0.9660      1.3124      2.4717      0.0234      0.0760      0.0000
         260      0.9617      1.3084      2.4488      0.0235      0.0652      1.0000
         265      0.9509      1.3073      2.4244      0.0243      0.0666      0.0000
         270      0.9502      1.3053      2.4274      0.0234      0.0636      0.0000
         275      0.9520      1.3060      2.4335      0.0234      0.0644      0.0000
         280      0.9585      1.3042      2.4603      0.0238      0.0648      0.0000
         285      0.9530      1.3052      2.4392      0.0232      0.0637      0.0000
         290      1.0103      1.3094      2.6521      0.0204      0.0794      0.0000
         295      0.9520      1.3059      2.4335      0.0234      0.0644      0.0000
Max CUDA memory: 0.6413G
Saving /mnt/home/jue/halluc/linear_motifs/output/20220104_sh3_r2/sh3_r1_33_r2_0: npz, fas, trb, trk, trfold pdb
Finished design /mnt/home/jue/halluc/linear_motifs/output/20220104_sh3_r2/sh3_r1_33_r2_0 in 5.48 minutes.

Generating sh3_r1_33_r2_1, length 150...
Forcing amino acids:  B7P,B8P,B9P,B10R,B11P,B12P,B13K,B14P, and 58 receptor positions
Loss term           | Weight      
cce                   1.00
entropy               1.00
rog                   1.00
surfnp                1.00
nc                    0.02

Initializing logits: Spike
Stage 0
Starting MCMC...
        step    avg loss         cce     entropy         rog      surfnp          nc
           0      1.0049      1.3577      2.3885      0.0170      0.0766     10.0000
           5      1.0026      1.3356      2.4492      0.0164      0.0693      8.0000
          10      1.0076      1.3455      2.4558      0.0172      0.0722      8.0000
          15      1.0019      1.3486      2.4506      0.0168      0.0718      7.0000
          20      1.0046      1.3501      2.4951      0.0149      0.0584      6.0000
          25      1.0089      1.3550      2.4818      0.0178      0.0813      6.0000
          30      0.9882      1.3484      2.4621      0.0184      0.0837      3.0000
          35      0.9922      1.3492      2.4913      0.0196      0.0885      2.0000
          40      0.9941      1.3380      2.4781      0.0175      0.0827      4.0000
          45      0.9838      1.3374      2.4608      0.0160      0.0805      3.0000
          50      0.9877      1.3425      2.4821      0.0158      0.0701      3.0000
          55      0.9826      1.3498      2.4591      0.0163      0.0849      2.0000
          60      0.9939      1.3665      2.4665      0.0168      0.1056      2.0000
          65      0.9831      1.3308      2.4806      0.0173      0.0833      2.0000
          70      0.9764      1.3425      2.4654      0.0164      0.0809      1.0000
          75      0.9866      1.3431      2.4826      0.0165      0.1040      1.0000
          80      0.9809      1.3428      2.4671      0.0163      0.0971      1.0000
          85      0.9760      1.3078      2.5241      0.0161      0.0754      0.0000
          90      0.9735      1.3153      2.4680      0.0162      0.0739      2.0000
          95      0.9700      1.3170      2.4773      0.0157      0.0695      1.0000
         100      0.9822      1.3076      2.5353      0.0156      0.0700      1.0000
         105      0.9843      1.3268      2.5231      0.0173      0.0698      1.0000
         110      0.9797      1.3179      2.4963      0.0159      0.0884      1.0000
         115      0.9983      1.3229      2.5584      0.0180      0.0940      1.0000
         120      0.9608      1.3205      2.4680      0.0160      0.0580      0.0000
         125      0.9754      1.3154      2.5114      0.0156      0.0586      1.0000
         130      0.9583      1.3164      2.4620      0.0159      0.0582      0.0000
         135      0.9630      1.3121      2.4839      0.0156      0.0595      0.0000
         140      0.9618      1.3144      2.4896      0.0149      0.0477      0.0000
         145      0.9699      1.3080      2.5173      0.0154      0.0584      0.0000
         150      0.9741      1.3191      2.5075      0.0151      0.0544      1.0000
         155      0.9627      1.3208      2.4530      0.0161      0.0600      1.0000
         160      0.9661      1.3131      2.4778      0.0157      0.0573      1.0000
         165      0.9599      1.3157      2.4699      0.0158      0.0574      0.0000
         170      0.9623      1.3158      2.4615      0.0158      0.0553      1.0000
         175      0.9715      1.3124      2.5011      0.0157      0.0561      1.0000
         180      0.9686      1.3202      2.4811      0.0156      0.0569      1.0000
         185      0.9597      1.2995      2.4903      0.0154      0.0527      0.0000
         190      0.9515      1.3259      2.4033      0.0161      0.0598      1.0000
         195      0.9570      1.3411      2.3907      0.0161      0.0791      1.0000
         200      0.9493      1.3250      2.3953      0.0160      0.0601      1.0000
         205      0.9512      1.3285      2.3977      0.0165      0.0613      1.0000
         210      0.9481      1.3077      2.4300      0.0167      0.0569      0.0000
         215      0.9803      1.2925      2.5663      0.0209      0.0612      0.0000
         220      0.9478      1.3035      2.4325      0.0167      0.0575      0.0000
         225      0.9611      1.3267      2.4524      0.0174      0.0669      0.0000
         230      0.9602      1.3101      2.4755      0.0168      0.0575      0.0000
         235      0.9553      1.3025      2.4736      0.0158      0.0486      0.0000
         240      0.9569      1.3172      2.4343      0.0164      0.0787      0.0000
         245      0.9669      1.3061      2.4869      0.0161      0.0777      0.0000
         250      0.9627      1.3142      2.4777      0.0151      0.0632      0.0000
         255      0.9535      1.3187      2.4166      0.0160      0.0616      1.0000
         260      0.9924      1.3192      2.5799      0.0164      0.0741      0.0000
         265      0.9557      1.3069      2.4573      0.0164      0.0614      0.0000
         270      0.9641      1.3021      2.5000      0.0151      0.0585      0.0000
         275      0.9648      1.2955      2.5088      0.0161      0.0578      0.0000
         280      0.9569      1.2881      2.4837      0.0150      0.0598      0.0000
         285      0.9536      1.3058      2.4493      0.0162      0.0622      0.0000
         290      0.9568      1.3073      2.4422      0.0159      0.0810      0.0000
         295      0.9592      1.3071      2.4505      0.0154      0.0632      1.0000
Max CUDA memory: 0.7222G
Saving /mnt/home/jue/halluc/linear_motifs/output/20220104_sh3_r2/sh3_r1_33_r2_1: npz, fas, trb, trk, trfold pdb
Finished design /mnt/home/jue/halluc/linear_motifs/output/20220104_sh3_r2/sh3_r1_33_r2_1 in 5.44 minutes.

Generating sh3_r1_33_r2_2, length 150...
Forcing amino acids:  B7P,B8P,B9P,B10R,B11P,B12P,B13K,B14P, and 58 receptor positions
Loss term           | Weight      
cce                   1.00
entropy               1.00
rog                   1.00
surfnp                1.00
nc                    0.02

Initializing logits: Spike
Stage 0
Starting MCMC...
        step    avg loss         cce     entropy         rog      surfnp          nc
           0      1.0223      1.3649      2.4183      0.0176      0.0687     12.0000
           5      1.0034      1.3538      2.3742      0.0168      0.0688     11.0000
          10      1.0038      1.3543      2.4139      0.0180      0.0692      9.0000
          15      1.0051      1.3548      2.4381      0.0186      0.0691      8.0000
          20      0.9992      1.3470      2.4224      0.0179      0.0694      8.0000
          25      0.9975      1.3453      2.4304      0.0186      0.0756      7.0000
          30      0.9911      1.3524      2.4070      0.0181      0.0868      6.0000
          35      0.9930      1.3485      2.4395      0.0184      0.0853      5.0000
          40      0.9801      1.3762      2.3599      0.0161      0.0676      6.0000
          45      0.9832      1.3556      2.4271      0.0181      0.0516      5.0000
          50      0.9661      1.3638      2.3713      0.0161      0.0524      4.0000
          55      0.9886      1.3754      2.4136      0.0164      0.0686      5.0000
          60      0.9753      1.3751      2.3953      0.0161      0.0742      3.0000
          65      0.9754      1.3679      2.4073      0.0154      0.0706      3.0000
          70      0.9741      1.3618      2.4031      0.0170      0.0540      4.0000
          75      0.9748      1.3667      2.4208      0.0161      0.0551      3.0000
          80      0.9576      1.3481      2.3736      0.0149      0.0528      3.0000
          85      0.9645      1.3507      2.3806      0.0155      0.0704      3.0000
          90      0.9569      1.3538      2.3638      0.0160      0.0530      3.0000
          95      0.9570      1.3521      2.3688      0.0148      0.0516      3.0000
         100      0.9578      1.3418      2.3771      0.0162      0.0553      3.0000
         105      0.9793      1.3421      2.4544      0.0159      0.0645      3.0000
         110      0.9563      1.3484      2.3787      0.0172      0.0602      2.0000
         115      0.9484      1.3434      2.4050      0.0173      0.0468      0.0000
         120      0.9538      1.3484      2.4125      0.0159      0.0375      1.0000
         125      0.9731      1.3545      2.4462      0.0174      0.0537      2.0000
         130      0.9550      1.3729      2.4065      0.0171      0.0425      0.0000
         135      0.9522      1.3447      2.3915      0.0169      0.0347      2.0000
         140      0.9460      1.3390      2.4122      0.0164      0.0351      0.0000
         145      0.9494      1.3445      2.4179      0.0193      0.0350      0.0000
         150      0.9456      1.3468      2.3995      0.0195      0.0357      0.0000
         155      0.9450      1.3424      2.4011      0.0194      0.0362      0.0000
         160      0.9410      1.3403      2.3902      0.0178      0.0343      0.0000
         165      0.9414      1.3430      2.3882      0.0187      0.0346      0.0000
         170      0.9490      1.3492      2.4120      0.0181      0.0355      0.0000
         175      0.9487      1.3413      2.4130      0.0189      0.0406      0.0000
         180      0.9440      1.3478      2.3798      0.0177      0.0494      0.0000
         185      0.9510      1.3493      2.3827      0.0178      0.0331      2.0000
         190      0.9649      1.3519      2.4430      0.0229      0.0411      1.0000
         195      0.9451      1.3458      2.4014      0.0182      0.0340      0.0000
         200      0.9394      1.3480      2.3758      0.0182      0.0342      0.0000
         205      0.9385      1.3444      2.3750      0.0184      0.0348      0.0000
         210      0.9450      1.3390      2.4078      0.0186      0.0335      0.0000
         215      0.9423      1.3444      2.3905      0.0188      0.0343      0.0000
         220      0.9374      1.3468      2.3687      0.0180      0.0346      0.0000
         225      0.9388      1.3472      2.3741      0.0178      0.0350      0.0000
         230      0.9434      1.3534      2.3857      0.0191      0.0344      0.0000
         235      0.9511      1.3605      2.3949      0.0191      0.0490      0.0000
         240      0.9439      1.3313      2.4157      0.0176      0.0297      0.0000
         245      0.9425      1.3326      2.4103      0.0169      0.0289      0.0000
         250      0.9732      1.3268      2.5404      0.0163      0.0286      0.0000
         255      0.9379      1.3360      2.3681      0.0168      0.0293      1.0000
         260      0.9393      1.3378      2.3725      0.0177      0.0281      1.0000
         265      0.9460      1.3373      2.4112      0.0192      0.0352      0.0000
         270      0.9391      1.3406      2.3801      0.0191      0.0356      0.0000
         275      0.9421      1.3429      2.4014      0.0190      0.0241      0.0000
         280      0.9456      1.3331      2.4313      0.0180      0.0190      0.0000
         285      0.9464      1.3389      2.4242      0.0182      0.0231      0.0000
         290      1.0092      1.3627      2.5844      0.0516      0.0581      0.0000
         295      0.9491      1.3536      2.4017      0.0184      0.0215      1.0000
Max CUDA memory: 0.7189G
Saving /mnt/home/jue/halluc/linear_motifs/output/20220104_sh3_r2/sh3_r1_33_r2_2: npz, fas, trb, trk, trfold pdb
Finished design /mnt/home/jue/halluc/linear_motifs/output/20220104_sh3_r2/sh3_r1_33_r2_2 in 5.43 minutes.

Generating sh3_r1_33_r2_3, length 150...
Forcing amino acids:  B7P,B8P,B9P,B10R,B11P,B12P,B13K,B14P, and 58 receptor positions
Loss term           | Weight      
cce                   1.00
entropy               1.00
rog                   1.00
surfnp                1.00
nc                    0.02

Initializing logits: Spike
Stage 0
Starting MCMC...
        step    avg loss         cce     entropy         rog      surfnp          nc
           0      1.0100      1.3570      2.3941      0.0174      0.0715     11.0000
           5      1.0145      1.3839      2.3681      0.0166      0.0896     11.0000
          10      1.0072      1.3843      2.3755      0.0168      0.0725     10.0000
          15      1.0194      1.3583      2.4301      0.0185      0.0709     11.0000
          20      1.0078      1.3842      2.4001      0.0177      0.0695      9.0000
          25      1.0105      1.3770      2.4157      0.0174      0.0720      9.0000
          30      1.0102      1.3719      2.4261      0.0165      0.0665      9.0000
          35      1.0172      1.3658      2.4630      0.0157      0.0646      9.0000
          40      1.0040      1.3580      2.4355      0.0153      0.0674      8.0000
          45      1.0082      1.3568      2.4732      0.0162      0.0867      6.0000
          50      0.9901      1.3556      2.4177      0.0150      0.0716      6.0000
          55      0.9953      1.3524      2.4632      0.0141      0.0713      5.0000
          60      0.9786      1.3527      2.4156      0.0148      0.0707      4.0000
          65      0.9967      1.3439      2.4941      0.0155      0.0731      4.0000
          70      0.9745      1.3524      2.4224      0.0146      0.0680      3.0000
          75      0.9881      1.3625      2.4455      0.0146      0.0897      3.0000
          80      0.9708      1.3508      2.4157      0.0146      0.0615      3.0000
          85      0.9671      1.3523      2.4213      0.0145      0.0597      2.0000
          90      0.9803      1.3539      2.4752      0.0149      0.0568      2.0000
          95      0.9742      1.3559      2.3898      0.0144      0.0763      4.0000
         100      0.9622      1.3485      2.3738      0.0143      0.0712      3.0000
         105      0.9630      1.3448      2.3721      0.0141      0.0604      4.0000
         110      0.9560      1.3394      2.3700      0.0143      0.0595      3.0000
         115      0.9546      1.3382      2.3673      0.0142      0.0579      3.0000
         120      0.9736      1.3423      2.4621      0.0149      0.0546      2.0000
         125      0.9576      1.3335      2.4240      0.0144      0.0577      1.0000
         130      0.9844      1.3411      2.5135      0.0153      0.0674      1.0000
         135      0.9617      1.3295      2.4411      0.0158      0.0594      1.0000
         140      0.9812      1.3393      2.4999      0.0159      0.0693      1.0000
         145      0.9513      1.3298      2.4195      0.0156      0.0594      0.0000
         150      0.9513      1.3298      2.4184      0.0160      0.0600      0.0000
         155      0.9987      1.3687      2.5420      0.0156      0.0888      0.0000
         160      0.9672      1.3383      2.4482      0.0165      0.0853      0.0000
         165      0.9423      1.3376      2.3695      0.0159      0.0649      0.0000
         170      0.9436      1.3357      2.3771      0.0159      0.0646      0.0000
         175      0.9452      1.3353      2.3829      0.0158      0.0656      0.0000
         180      0.9486      1.3471      2.3664      0.0149      0.0650      1.0000
         185      0.9490      1.3445      2.3719      0.0147      0.0637      1.0000
         190      0.9582      1.3435      2.4345      0.0151      0.0589      0.0000
         195      0.9644      1.3349      2.4343      0.0163      0.0712      1.0000
         200      0.9461      1.3314      2.3724      0.0155      0.0640      1.0000
         205      0.9613      1.3420      2.4333      0.0138      0.0554      1.0000
         210      0.9514      1.3369      2.3854      0.0160      0.0664      1.0000
         215      0.9637      1.3577      2.4111      0.0177      0.0678      1.0000
         220      0.9579      1.3483      2.3797      0.0155      0.0672      2.0000
         225      0.9425      1.3387      2.3575      0.0154      0.0772      0.0000
         230      0.9560      1.3366      2.3976      0.0158      0.0932      0.0000
         235      0.9722      1.3370      2.4793      0.0141      0.0776      0.0000
         240      0.9451      1.3141      2.3900      0.0155      0.0795      0.0000
         245      0.9567      1.3308      2.4323      0.0152      0.0675      0.0000
         250      0.9617      1.3332      2.4532      0.0138      0.0658      0.0000
         255      0.9456      1.3284      2.3730      0.0155      0.0842      0.0000
         260      0.9510      1.3329      2.4012      0.0164      0.0724      0.0000
         265      0.9429      1.3254      2.3813      0.0158      0.0679      0.0000
         270      0.9480      1.3239      2.4021      0.0171      0.0678      0.0000
         275      0.9576      1.3317      2.4123      0.0169      0.0885      0.0000
         280      0.9478      1.3287      2.3955      0.0164      0.0697      0.0000
         285      0.9675      1.3355      2.4393      0.0178      0.0969      0.0000
         290      0.9553      1.3356      2.3985      0.0176      0.0888      0.0000
         295      0.9579      1.3346      2.3980      0.0161      0.1020      0.0000
Max CUDA memory: 0.7222G
Saving /mnt/home/jue/halluc/linear_motifs/output/20220104_sh3_r2/sh3_r1_33_r2_3: npz, fas, trb, trk, trfold pdb
Finished design /mnt/home/jue/halluc/linear_motifs/output/20220104_sh3_r2/sh3_r1_33_r2_3 in 5.43 minutes.

Generating sh3_r1_33_r2_4, length 150...
Forcing amino acids:  B7P,B8P,B9P,B10R,B11P,B12P,B13K,B14P, and 58 receptor positions
Loss term           | Weight      
cce                   1.00
entropy               1.00
rog                   1.00
surfnp                1.00
nc                    0.02

Initializing logits: Spike
Stage 0
Starting MCMC...
        step    avg loss         cce     entropy         rog      surfnp          nc
           0      1.0023      1.3525      2.3884      0.0180      0.0703     10.0000
           5      1.0106      1.3545      2.3992      0.0178      0.0709     11.0000
          10      0.9957      1.3508      2.3837      0.0178      0.0703      9.0000
          15      0.9919      1.3595      2.3966      0.0176      0.0538      8.0000
          20      1.0195      1.3742      2.4883      0.0201      0.0558      8.0000
          25      1.0225      1.3333      2.5583      0.0170      0.0419      8.0000
          30      0.9907      1.3478      2.4222      0.0183      0.0545      7.0000
          35      0.9981      1.3497      2.4363      0.0184      0.0682      7.0000
          40      0.9891      1.3497      2.4152      0.0181      0.0534      7.0000
          45      0.9932      1.3655      2.4354      0.0184      0.0534      6.0000
          50      0.9819      1.3423      2.4340      0.0186      0.0524      5.0000
          55      0.9803      1.3399      2.4284      0.0187      0.0539      5.0000
          60      0.9945      1.3432      2.4818      0.0192      0.0538      5.0000
          65      0.9912      1.3341      2.5049      0.0187      0.0667      3.0000
          70      0.9868      1.3198      2.5063      0.0193      0.0418      4.0000
          75      0.9774      1.3151      2.4740      0.0195      0.0405      4.0000
          80      0.9803      1.3085      2.4535      0.0191      0.0396      6.0000
          85      1.0020      1.3174      2.5478      0.0189      0.0440      5.0000
          90      0.9713      1.3112      2.4593      0.0187      0.0356      4.0000
          95      0.9712      1.3113      2.4781      0.0193      0.0354      3.0000
         100      0.9747      1.3084      2.5073      0.0179      0.0446      2.0000
         105      0.9638      1.3150      2.4742      0.0190      0.0463      1.0000
         110      0.9617      1.3039      2.4766      0.0192      0.0464      1.0000
         115      0.9581      1.3016      2.4852      0.0186      0.0463      0.0000
         120      0.9597      1.3050      2.4895      0.0194      0.0443      0.0000
         125      0.9584      1.3021      2.4841      0.0193      0.0473      0.0000
         130      0.9652      1.3048      2.4693      0.0208      0.0454      2.0000
         135      0.9628      1.2839      2.5239      0.0192      0.0434      0.0000
         140      0.9639      1.2969      2.5134      0.0188      0.0457      0.0000
         145      0.9605      1.3006      2.4919      0.0199      0.0490      0.0000
         150      0.9568      1.3005      2.4769      0.0207      0.0483      0.0000
         155      0.9558      1.3185      2.4489      0.0201      0.0548      0.0000
         160      0.9526      1.2953      2.4644      0.0201      0.0497      0.0000
         165      0.9526      1.2953      2.4644      0.0201      0.0497      0.0000
         170      0.9551      1.2939      2.4778      0.0195      0.0483      0.0000
         175      0.9586      1.2979      2.4927      0.0155      0.0474      0.0000
         180      0.9705      1.2886      2.5612      0.0155      0.0360      0.0000
         185      0.9499      1.2910      2.4845      0.0153      0.0277      0.0000
         190      0.9457      1.2921      2.4691      0.0162      0.0242      0.0000
         195      0.9479      1.2983      2.4664      0.0171      0.0290      0.0000
         200      0.9403      1.2934      2.4461      0.0168      0.0237      0.0000
         205      0.9486      1.2902      2.4827      0.0161      0.0243      0.0000
         210      0.9382      1.2983      2.4318      0.0170      0.0244      0.0000
         215      0.9379      1.2992      2.4302      0.0171      0.0239      0.0000
         220      0.9385      1.3033      2.4263      0.0193      0.0240      0.0000
         225      0.9405      1.3022      2.4371      0.0162      0.0250      0.0000
         230      0.9431      1.2898      2.4620      0.0180      0.0213      0.0000
         235      0.9348      1.3017      2.4188      0.0167      0.0206      0.0000
         240      0.9438      1.3027      2.4519      0.0179      0.0215      0.0000
         245      0.9375      1.3028      2.4300      0.0162      0.0199      0.0000
         250      0.9413      1.2989      2.4497      0.0153      0.0203      0.0000
         255      0.9353      1.2970      2.4266      0.0153      0.0209      0.0000
         260      0.9408      1.2952      2.4502      0.0152      0.0213      0.0000
         265      0.9346      1.2983      2.4226      0.0151      0.0212      0.0000
         270      0.9293      1.2924      2.4067      0.0141      0.0224      0.0000
         275      0.9305      1.2882      2.4164      0.0133      0.0225      0.0000
         280      0.9288      1.2856      2.4043      0.0187      0.0252      0.0000
         285      0.9322      1.2888      2.4146      0.0190      0.0250      0.0000
         290      0.9477      1.3030      2.4426      0.0183      0.0259      1.0000
         295      0.9376      1.2822      2.4459      0.0179      0.0232      0.0000
Max CUDA memory: 0.7189G
Saving /mnt/home/jue/halluc/linear_motifs/output/20220104_sh3_r2/sh3_r1_33_r2_4: npz, fas, trb, trk, trfold pdb
Finished design /mnt/home/jue/halluc/linear_motifs/output/20220104_sh3_r2/sh3_r1_33_r2_4 in 5.43 minutes.
