/mnt/home/dzorine/software/homog/homog/homog.py:98: SyntaxWarning: "is" with a literal. Did you mean "=="?
  if degrees is 'auto': degrees = guess_is_degrees(angle)
[17:17:02] /opt/dgl/src/runtime/tensordispatch.cc:43: TensorDispatcher: dlopen failed: libtorch_cuda_cpp.so: cannot open shared object file: No such file or directory
Using backend: pytorch
--steps was given. Ignoring --grad_steps, --mcmc_steps.

Run settings:
{'network_name': 'rf_Nov05_2021', 'use_template': 'B7-14', 'num': 5, 'start_num': 40, 'msa_num': 1, 'out': '/mnt/home/jue/halluc/linear_motifs/output/20220104_sh3_r2/sh3_r1_33_r2', 'cautious': 1, 'save_pdb': 1, 'save_batch_fas': False, 'track_step': 1, 'track_logits': False, 'out_step': None, 'seed_rng': False, 'steps': 'm300', 'grad_steps': 400, 'mcmc_steps': 0, 'optimizer': 'nsgd', 'drop': 0.2, 'init_sd': 1e-06, 'learning_rate': 0.05, 'grad_check': True, 'logit_scale': 1, 'seq_prob_type': 'hard', 'seq_sample': False, 'calc_bkg': True, 'cce_sd': None, 'hal_sd': None, 'corrupt_sequence': None, 'corrupt_fraction': None, 'pdb': '/mnt/home/jue/halluc/linear_motifs/input/SH3_2w0z.pdb', 'mask': '65-65,B7-14,19-19', 'contigs': None, 'con_set_id': None, 'len': None, 'keep_order': False, 'contig_min_gap': 5, 'spike': 0.999, 'spike_fas': 'output/hits_sh3_r1/sh3_r1_33.fas', 'force_aa': 'B7-14', 'exclude_aa': 'C', 'force_aa_hal': None, 'template_pdbs': None, 'no_bkg_mask': False, 'num_repeats': 0, 'init_seq': None, 'masks_bkg': None, 'masks_pass': None, 'force_logits': None, 'receptor': 'input/SH3_2w0z_rec.pdb', 'rec_placement': 'second', 'gap': 200, 'w_cce': 1, 'w_crmsd': -1, 'w_entropy': 1, 'w_kl': -1, 'n_bkg': 100, 'w_rep': -1, 'w_set_rep': -1, 'w_atr': -1, 'w_set_atr': -1, 'w_rog': 1.0, 'w_aspect_ratio': -1, 'w_cyc_sym': -1, 'w_surfnp': 1.0, 'w_nc': 0.02, 'w_cce_bg': -1, 'w_sym': -1, 'cce_cutoff': 19.9, 'rep_pdb': None, 'rep_sigma': 5, 'atr_pdb': None, 'atr_sigma': 5, 'entropy_beta': 10, 'rog_thresh': 16.0, 'surfnp_nbr_thresh': 2.5, 'nc_target': -7, 'entropy_dist_bins': 16, 'mcmc_halflife': 500.0, 'T_acc_0': 0.002, 'mcmc_batch': 1, 'anneal_t1d': False, 'erode_template': False, 'num_masked_tokens': 1, 'weights_dir': '/projects/ml/trDesign', 'nthreads': 4, 'cce_cutstep': None, 'cce_thresh': 2.2, 'batch': 64, 'lr': 0.2, 'nsteps': 100, 'commit': '3c91d72d7c0f6305334db8ae5306b96f5293e969'}

Loading structure prediction model onto device cuda:0...
#   trunk_msa_v00     [ens=1]   AF2-inspired 12-block 2-track trunk
#   trunk_tbm_v00     [ens=1]   AF2-inspired 3-track trunk
#   rf_v00            [ens=1]   RoseTTAFold 3-track trunk + refiner (formerly trunk_e2e_v00)
# * rf_Nov05_2021     [ens=1]   RoseTTAFold 3-track, no perceiver, Nov. 5 2021
#   rf_perceiver_v00  [ens=1]   RoseTTAFold w/ Perceiver & FAPE loss (msa_full=zeros)
#   rf_perceiver_v01  [ens=1]   RoseTTAFold w/ Perceiver & FAPE loss (msa_full=msa_latent)
#   af2_v00           [ens=0]   AlphaFold2 (only works with rescue.py)
Loaded sequence-to-structure model rf_Nov05_2021 with 66037142 parameters

Model hyperparameters:
{'SE3_param': {'div': 4, 'l0_in_features': 32, 'l0_out_features': 32, 'l1_in_features': 3, 'l1_out_features': 2, 'n_heads': 4, 'num_channels': 32, 'num_degrees': 2, 'num_edge_features': 32, 'num_layers': 3}, 'd_hidden': 32, 'd_hidden_templ': 64, 'd_msa': 256, 'd_msa_full': 64, 'd_pair': 128, 'd_templ': 64, 'n_head_msa': 8, 'n_head_pair': 4, 'n_head_templ': 4, 'n_module_2track': 24, 'n_module_3track': 8, 'p_drop': 0.0}

Using CUDA device(s):  cuda:0: (Quadro RTX 8000); 

Parsing input pdb...
Parsing receptor pdb...

Generating sh3_r1_33_r2_40, length 150...
Forcing amino acids:  B7P,B8P,B9P,B10R,B11P,B12P,B13K,B14P, and 58 receptor positions
Loss term           | Weight      
cce                   1.00
entropy               1.00
rog                   1.00
surfnp                1.00
nc                    0.02

Initializing logits: Spike
Stage 0
Starting MCMC...
        step    avg loss         cce     entropy         rog      surfnp          nc
           0      1.0076      1.3567      2.3869      0.0176      0.0692     11.0000
           5      0.9992      1.3474      2.3856      0.0158      0.0681     10.0000
          10      0.9910      1.3406      2.3992      0.0162      0.0677      8.0000
          15      1.0120      1.3660      2.4913      0.0163      0.0546      7.0000
          20      0.9826      1.3401      2.4018      0.0172      0.0709      6.0000
          25      0.9854      1.3565      2.4084      0.0173      0.0792      5.0000
          30      0.9798      1.3346      2.4160      0.0153      0.0530      6.0000
          35      0.9833      1.3369      2.4094      0.0152      0.0713      6.0000
          40      0.9913      1.3229      2.5028      0.0157      0.0439      5.0000
          45      0.9764      1.3075      2.4750      0.0161      0.0265      5.0000
          50      0.9889      1.3113      2.5219      0.0156      0.0266      5.0000
          55      0.9730      1.3100      2.4584      0.0168      0.0264      5.0000
          60      0.9738      1.3042      2.4697      0.0166      0.0241      5.0000
          65      0.9696      1.2932      2.4527      0.0176      0.0145      6.0000
          70      0.9687      1.2881      2.4665      0.0180      0.0217      5.0000
          75      0.9694      1.2912      2.4665      0.0170      0.0223      5.0000
          80      0.9930      1.2880      2.5588      0.0161      0.0287      5.0000
          85      0.9738      1.2874      2.5294      0.0166      0.0213      3.0000
          90      0.9745      1.2988      2.4663      0.0173      0.0352      5.0000
          95      0.9777      1.3279      2.4503      0.0161      0.0358      5.0000
         100      0.9682      1.2903      2.4419      0.0171      0.0229      6.0000
         105      0.9742      1.2971      2.4626      0.0168      0.0398      5.0000
         110      0.9740      1.2922      2.5255      0.0178      0.0200      3.0000
         115      0.9715      1.2906      2.4965      0.0166      0.0217      4.0000
         120      0.9701      1.3109      2.4707      0.0164      0.0218      4.0000
         125      0.9959      1.3140      2.5787      0.0138      0.0169      4.0000
         130      0.9593      1.3188      2.4414      0.0156      0.0207      3.0000
         135      0.9566      1.3224      2.4432      0.0157      0.0243      2.0000
         140      0.9592      1.3244      2.4584      0.0148      0.0383      1.0000
         145      0.9604      1.3268      2.4819      0.0151      0.0371      0.0000
         150      0.9539      1.3406      2.4331      0.0149      0.0461      0.0000
         155      0.9484      1.3413      2.4104      0.0145      0.0462      0.0000
         160      0.9609      1.3488      2.4294      0.0145      0.0503      1.0000
         165      0.9746      1.3546      2.4854      0.0122      0.0656      0.0000
         170      0.9703      1.3618      2.4620      0.0119      0.0648      0.0000
         175      0.9574      1.3610      2.4081      0.0135      0.0459      1.0000
         180      0.9473      1.3515      2.3921      0.0133      0.0511      0.0000
         185      0.9493      1.3455      2.4090      0.0138      0.0479      0.0000
         190      0.9546      1.3284      2.4488      0.0132      0.0271      1.0000
         195      0.9514      1.3276      2.4349      0.0128      0.0292      1.0000
         200      0.9372      1.3415      2.3759      0.0126      0.0376      0.0000
         205      0.9443      1.3511      2.3685      0.0127      0.0638      0.0000
         210      0.9393      1.3460      2.3534      0.0124      0.0444      1.0000
         215      0.9594      1.3461      2.4161      0.0128      0.0419      2.0000
         220      0.9413      1.3474      2.3609      0.0126      0.0429      1.0000
         225      0.9440      1.3531      2.3791      0.0128      0.0498      0.0000
         230      0.9451      1.3515      2.3924      0.0126      0.0427      0.0000
         235      0.9530      1.3532      2.3861      0.0122      0.0597      1.0000
         240      0.9455      1.3547      2.3743      0.0128      0.0590      0.0000
         245      0.9303      1.3533      2.3295      0.0136      0.0435      0.0000
         250      0.9423      1.3598      2.3778      0.0137      0.0367      0.0000
         255      0.9399      1.3960      2.3171      0.0127      0.0526      0.0000
         260      0.9406      1.3604      2.3560      0.0135      0.0514      0.0000
         265      0.9446      1.3485      2.3905      0.0140      0.0442      0.0000
         270      0.9307      1.3550      2.3285      0.0137      0.0441      0.0000
         275      0.9403      1.3573      2.3453      0.0138      0.0637      0.0000
         280      0.9302      1.3405      2.3420      0.0138      0.0432      0.0000
         285      0.9363      1.3389      2.3699      0.0133      0.0419      0.0000
         290      0.9363      1.3530      2.3567      0.0130      0.0414      0.0000
         295      0.9409      1.3562      2.3629      0.0136      0.0497      0.0000
Max CUDA memory: 0.6413G
Saving /mnt/home/jue/halluc/linear_motifs/output/20220104_sh3_r2/sh3_r1_33_r2_40: npz, fas, trb, trk, trfold pdb
Finished design /mnt/home/jue/halluc/linear_motifs/output/20220104_sh3_r2/sh3_r1_33_r2_40 in 4.04 minutes.

Generating sh3_r1_33_r2_41, length 150...
Forcing amino acids:  B7P,B8P,B9P,B10R,B11P,B12P,B13K,B14P, and 58 receptor positions
Loss term           | Weight      
cce                   1.00
entropy               1.00
rog                   1.00
surfnp                1.00
nc                    0.02

Initializing logits: Spike
Stage 0
Starting MCMC...
        step    avg loss         cce     entropy         rog      surfnp          nc
           0      1.0146      1.3555      2.4184      0.0178      0.0870     10.0000
           5      1.0069      1.3292      2.4406      0.0167      0.0613     10.0000
          10      1.0256      1.3262      2.5007      0.0177      0.0582     11.0000
          15      1.0201      1.3237      2.4818      0.0164      0.0789     10.0000
          20      1.0054      1.3200      2.4641      0.0164      0.0611      9.0000
          25      1.0058      1.3273      2.4575      0.0174      0.0610      9.0000
          30      1.0130      1.3228      2.4922      0.0162      0.0610      9.0000
          35      1.0598      1.3422      2.6363      0.0220      0.0597     10.0000
          40      1.0116      1.3372      2.4852      0.0156      0.0686      8.0000
          45      0.9935      1.3193      2.4782      0.0161      0.0603      6.0000
          50      1.0223      1.3200      2.6296      0.0157      0.0644      4.0000
          55      0.9966      1.3145      2.5048      0.0176      0.0695      5.0000
          60      1.0114      1.3251      2.5321      0.0175      0.0712      6.0000
          65      1.0045      1.3206      2.5217      0.0165      0.0792      5.0000
          70      0.9942      1.3171      2.4980      0.0166      0.0651      5.0000
          75      0.9925      1.3334      2.4559      0.0170      0.0837      5.0000
          80      0.9956      1.3329      2.4744      0.0173      0.0976      4.0000
          85      0.9889      1.3241      2.4747      0.0158      0.0808      4.0000
          90      0.9860      1.3264      2.4575      0.0172      0.0826      4.0000
          95      1.0188      1.3337      2.5887      0.0173      0.0956      3.0000
         100      0.9761      1.3080      2.4885      0.0168      0.0907      1.0000
         105      0.9667      1.2985      2.4794      0.0159      0.0726      1.0000
         110      0.9724      1.2978      2.4837      0.0159      0.0716      2.0000
         115      0.9693      1.2950      2.4923      0.0159      0.0736      1.0000
         120      0.9656      1.2972      2.4897      0.0162      0.0586      1.0000
         125      0.9710      1.3024      2.4808      0.0147      0.0656      2.0000
         130      0.9673      1.3060      2.4800      0.0148      0.0676      1.0000
         135      0.9608      1.3015      2.4434      0.0149      0.0625      2.0000
         140      0.9664      1.2967      2.4927      0.0167      0.0586      1.0000
         145      0.9654      1.2979      2.4996      0.0148      0.0486      1.0000
         150      0.9521      1.3003      2.4463      0.0147      0.0460      1.0000
         155      0.9578      1.2990      2.5016      0.0140      0.0159      1.0000
         160      0.9502      1.3006      2.4401      0.0143      0.0449      1.0000
         165      0.9524      1.3093      2.4611      0.0142      0.0441      0.0000
         170      0.9409      1.3060      2.4133      0.0147      0.0484      0.0000
         175      0.9864      1.2916      2.5777      0.0149      0.0610      1.0000
         180      0.9425      1.2902      2.4254      0.0137      0.0395      1.0000
         185      0.9393      1.2959      2.4247      0.0140      0.0415      0.0000
         190      0.9386      1.2889      2.4278      0.0144      0.0421      0.0000
         195      0.9553      1.2886      2.5006      0.0139      0.0373      0.0000
         200      0.9292      1.3117      2.3698      0.0143      0.0394      0.0000
         205      0.9435      1.3122      2.4102      0.0145      0.0559      0.0000
         210      0.9349      1.3051      2.4052      0.0134      0.0347      0.0000
         215      0.9301      1.3098      2.3627      0.0135      0.0532      0.0000
         220      0.9261      1.3026      2.3525      0.0137      0.0542      0.0000
         225      0.9328      1.3026      2.3970      0.0135      0.0367      0.0000
         230      0.9318      1.3352      2.3417      0.0138      0.0552      0.0000
         235      0.9288      1.3347      2.3394      0.0153      0.0445      0.0000
         240      0.9289      1.3329      2.3497      0.0142      0.0372      0.0000
         245      0.9361      1.3360      2.3732      0.0134      0.0404      0.0000
         250      0.9292      1.3334      2.3459      0.0140      0.0419      0.0000
         255      0.9338      1.3337      2.3662      0.0135      0.0404      0.0000
         260      0.9280      1.3354      2.3422      0.0135      0.0395      0.0000
         265      0.9293      1.3313      2.3531      0.0130      0.0385      0.0000
         270      0.9545      1.3453      2.4330      0.0141      0.0447      0.0000
         275      0.9440      1.3261      2.4023      0.0138      0.0529      0.0000
         280      0.9250      1.3302      2.3388      0.0132      0.0363      0.0000
         285      0.9301      1.3276      2.3619      0.0134      0.0361      0.0000
         290      0.9317      1.3229      2.3706      0.0132      0.0386      0.0000
         295      0.9286      1.3308      2.3528      0.0138      0.0356      0.0000
Max CUDA memory: 0.7222G
Saving /mnt/home/jue/halluc/linear_motifs/output/20220104_sh3_r2/sh3_r1_33_r2_41: npz, fas, trb, trk, trfold pdb
Finished design /mnt/home/jue/halluc/linear_motifs/output/20220104_sh3_r2/sh3_r1_33_r2_41 in 4.05 minutes.

Generating sh3_r1_33_r2_42, length 150...
Forcing amino acids:  B7P,B8P,B9P,B10R,B11P,B12P,B13K,B14P, and 58 receptor positions
Loss term           | Weight      
cce                   1.00
entropy               1.00
rog                   1.00
surfnp                1.00
nc                    0.02

Initializing logits: Spike
Stage 0
Starting MCMC...
        step    avg loss         cce     entropy         rog      surfnp          nc
           0      0.9970      1.3531      2.3887      0.0172      0.0691      9.0000
           5      0.9990      1.3529      2.4000      0.0170      0.0860      8.0000
          10      1.0107      1.3485      2.4493      0.0184      0.0868      8.0000
          15      1.0224      1.3610      2.4690      0.0197      0.1004      8.0000
          20      1.0072      1.3589      2.4392      0.0182      0.0928      7.0000
          25      1.0087      1.3667      2.4170      0.0187      0.0925      8.0000
          30      1.0118      1.3676      2.4235      0.0192      0.0971      8.0000
          35      0.9984      1.3937      2.3782      0.0173      0.0842      7.0000
          40      1.0083      1.4041      2.3792      0.0187      0.0914      8.0000
          45      0.9904      1.3848      2.3960      0.0174      0.0833      5.0000
          50      1.0039      1.3883      2.4298      0.0181      0.0996      5.0000
          55      1.0086      1.3717      2.4816      0.0170      0.0845      5.0000
          60      1.0093      1.3761      2.4746      0.0171      0.0896      5.0000
          65      0.9945      1.3956      2.3978      0.0169      0.0876      5.0000
          70      0.9911      1.3907      2.4058      0.0184      0.0893      4.0000
          75      0.9949      1.3861      2.4061      0.0182      0.0892      5.0000
          80      0.9859      1.3643      2.4235      0.0174      0.0982      3.0000
          85      0.9666      1.3670      2.4032      0.0180      0.0776      1.0000
          90      0.9639      1.3694      2.3892      0.0172      0.0790      1.0000
          95      0.9652      1.3697      2.3940      0.0175      0.0791      1.0000
         100      0.9701      1.3561      2.4265      0.0177      0.0797      1.0000
         105      0.9650      1.3660      2.3984      0.0177      0.0773      1.0000
         110      0.9659      1.3548      2.4120      0.0171      0.0791      1.0000
         115      0.9713      1.3717      2.3994      0.0184      0.0949      1.0000
         120      0.9529      1.3374      2.3975      0.0179      0.0780      0.0000
         125      0.9554      1.3245      2.4048      0.0178      0.0935      0.0000
         130      0.9577      1.3173      2.4270      0.0181      0.0876      0.0000
         135      0.9638      1.3315      2.4226      0.0179      0.1025      0.0000
         140      0.9682      1.3539      2.4258      0.0179      0.0945      0.0000
         145      0.9537      1.3206      2.4117      0.0177      0.0840      0.0000
         150      0.9532      1.3227      2.4091      0.0170      0.0830      0.0000
         155      0.9621      1.3297      2.4400      0.0171      0.0808      0.0000
         160      0.9658      1.3239      2.4581      0.0173      0.0832      0.0000
         165      0.9681      1.3277      2.4257      0.0180      0.1004      1.0000
         170      0.9508      1.3176      2.4047      0.0180      0.0820      0.0000
         175      0.9574      1.3211      2.4073      0.0179      0.0823      1.0000
         180      0.9608      1.3165      2.4484      0.0177      0.0797      0.0000
         185      0.9564      1.3186      2.4314      0.0173      0.0776      0.0000
         190      0.9522      1.3217      2.4120      0.0169      0.0774      0.0000
         195      0.9723      1.3198      2.4908      0.0162      0.0817      0.0000
         200      0.9531      1.3209      2.4156      0.0169      0.0779      0.0000
         205      0.9611      1.3168      2.4518      0.0168      0.0781      0.0000
         210      0.9583      1.3177      2.4172      0.0179      0.0797      1.0000
         215      0.9565      1.3209      2.4236      0.0192      0.0817      0.0000
         220      0.9911      1.3273      2.5818      0.0177      0.0574      0.0000
         225      0.9682      1.3148      2.4612      0.0181      0.0980      0.0000
         230      0.9741      1.3197      2.4937      0.0171      0.0854      0.0000
         235      0.9848      1.3192      2.5339      0.0183      0.0876      0.0000
         240      0.9564      1.3278      2.4138      0.0182      0.0849      0.0000
         245      0.9580      1.3246      2.4317      0.0183      0.0766      0.0000
         250      0.9763      1.3296      2.4818      0.0189      0.0945      0.0000
         255      0.9595      1.3207      2.4368      0.0175      0.0822      0.0000
         260      0.9546      1.3213      2.4212      0.0182      0.0769      0.0000
         265      0.9566      1.3333      2.4186      0.0179      0.0759      0.0000
         270      0.9678      1.3322      2.4599      0.0185      0.0801      0.0000
         275      1.0564      1.3686      2.7996      0.0084      0.0702      0.0000
         280      0.9583      1.3250      2.4380      0.0158      0.0736      0.0000
         285      0.9649      1.3195      2.4766      0.0148      0.0678      0.0000
         290      0.9662      1.3632      2.4293      0.0162      0.0754      0.0000
         295      0.9529      1.3310      2.4130      0.0164      0.0702      0.0000
Max CUDA memory: 0.7189G
Saving /mnt/home/jue/halluc/linear_motifs/output/20220104_sh3_r2/sh3_r1_33_r2_42: npz, fas, trb, trk, trfold pdb
Finished design /mnt/home/jue/halluc/linear_motifs/output/20220104_sh3_r2/sh3_r1_33_r2_42 in 4.02 minutes.

Generating sh3_r1_33_r2_43, length 150...
Forcing amino acids:  B7P,B8P,B9P,B10R,B11P,B12P,B13K,B14P, and 58 receptor positions
Loss term           | Weight      
cce                   1.00
entropy               1.00
rog                   1.00
surfnp                1.00
nc                    0.02

Initializing logits: Spike
Stage 0
Starting MCMC...
        step    avg loss         cce     entropy         rog      surfnp          nc
           0      1.0051      1.3501      2.3840      0.0177      0.0688     11.0000
           5      1.0045      1.3546      2.3873      0.0166      0.0797     10.0000
          10      1.0063      1.3594      2.3883      0.0172      0.0804     10.0000
          15      0.9933      1.3461      2.3986      0.0167      0.0717      8.0000
          20      0.9981      1.3443      2.4038      0.0166      0.0675      9.0000
          25      0.9911      1.3574      2.3844      0.0159      0.0866      7.0000
          30      0.9856      1.3473      2.4170      0.0174      0.0804      5.0000
          35      0.9910      1.3497      2.4540      0.0174      0.0826      4.0000
          40      0.9915      1.3562      2.4145      0.0173      0.0979      5.0000
          45      0.9944      1.3535      2.4056      0.0172      0.1012      6.0000
          50      0.9826      1.3462      2.3976      0.0187      0.0874      5.0000
          55      0.9792      1.3372      2.4360      0.0192      0.0839      3.0000
          60      0.9893      1.3370      2.4540      0.0205      0.0856      4.0000
          65      0.9881      1.3425      2.4485      0.0191      0.1020      3.0000
          70      0.9732      1.3250      2.4444      0.0181      0.0846      2.0000
          75      0.9823      1.3267      2.4893      0.0176      0.0954      1.0000
          80      0.9708      1.3268      2.4565      0.0177      0.0819      1.0000
          85      0.9990      1.3330      2.5991      0.0190      0.0650      0.0000
          90      0.9772      1.3314      2.4823      0.0184      0.0760      1.0000
          95      0.9701      1.3265      2.4796      0.0182      0.0755      0.0000
         100      0.9666      1.3126      2.4643      0.0192      0.0698      1.0000
         105      0.9620      1.3324      2.4451      0.0179      0.0719      0.0000
         110      0.9519      1.3390      2.3789      0.0185      0.0702      1.0000
         115      0.9551      1.3088      2.4366      0.0192      0.0746      0.0000
         120      0.9443      1.3287      2.3771      0.0183      0.0721      0.0000
         125      0.9444      1.3336      2.3714      0.0185      0.0730      0.0000
         130      0.9464      1.3366      2.3770      0.0187      0.0722      0.0000
         135      0.9455      1.3351      2.3853      0.0161      0.0645      0.0000
         140      0.9440      1.3366      2.3732      0.0177      0.0672      0.0000
         145      0.9533      1.3413      2.3982      0.0175      0.0752      0.0000
         150      0.9620      1.3373      2.4355      0.0165      0.0779      0.0000
         155      0.9853      1.3469      2.5368      0.0185      0.0585      0.0000
         160      0.9402      1.3312      2.3635      0.0177      0.0673      0.0000
         165      0.9654      1.3337      2.4293      0.0188      0.0789      1.0000
         170      0.9457      1.3307      2.3959      0.0182      0.0568      0.0000
         175      0.9430      1.3252      2.3746      0.0171      0.0540      1.0000
         180      0.9409      1.3248      2.3693      0.0189      0.0693      0.0000
         185      0.9447      1.3191      2.3857      0.0189      0.0541      1.0000
         190      0.9381      1.3234      2.3565      0.0177      0.0537      1.0000
         195      0.9383      1.3247      2.3752      0.0182      0.0539      0.0000
         200      0.9289      1.3236      2.3400      0.0178      0.0526      0.0000
         205      0.9322      1.3270      2.3447      0.0199      0.0560      0.0000
         210      0.9540      1.3484      2.4108      0.0212      0.0549      0.0000
         215      0.9311      1.3183      2.3536      0.0184      0.0527      0.0000
         220      0.9432      1.3368      2.3685      0.0184      0.0680      0.0000
         225      0.9348      1.3336      2.3543      0.0173      0.0526      0.0000
         230      0.9534      1.3363      2.3837      0.0202      0.0725      1.0000
         235      0.9274      1.3294      2.3451      0.0173      0.0365      0.0000
         240      0.9330      1.3326      2.3648      0.0172      0.0362      0.0000
         245      0.9340      1.3225      2.3767      0.0177      0.0376      0.0000
         250      0.9388      1.3281      2.3934      0.0172      0.0354      0.0000
         255      0.9322      1.3305      2.3635      0.0177      0.0359      0.0000
         260      0.9284      1.3282      2.3479      0.0182      0.0378      0.0000
         265      0.9432      1.3277      2.3894      0.0177      0.0368      1.0000
         270      0.9444      1.3283      2.4221      0.0156      0.0305      0.0000
         275      0.9384      1.3125      2.4025      0.0195      0.0378      0.0000
         280      0.9444      1.3414      2.3775      0.0200      0.0574      0.0000
         285      0.9342      1.3228      2.3820      0.0199      0.0308      0.0000
         290      0.9326      1.3216      2.3716      0.0207      0.0352      0.0000
         295      0.9280      1.3245      2.3460      0.0197      0.0405      0.0000
Max CUDA memory: 0.7222G
Saving /mnt/home/jue/halluc/linear_motifs/output/20220104_sh3_r2/sh3_r1_33_r2_43: npz, fas, trb, trk, trfold pdb
Finished design /mnt/home/jue/halluc/linear_motifs/output/20220104_sh3_r2/sh3_r1_33_r2_43 in 4.02 minutes.

Generating sh3_r1_33_r2_44, length 150...
Forcing amino acids:  B7P,B8P,B9P,B10R,B11P,B12P,B13K,B14P, and 58 receptor positions
Loss term           | Weight      
cce                   1.00
entropy               1.00
rog                   1.00
surfnp                1.00
nc                    0.02

Initializing logits: Spike
Stage 0
Starting MCMC...
        step    avg loss         cce     entropy         rog      surfnp          nc
           0      1.0099      1.3557      2.3951      0.0187      0.0704     11.0000
           5      1.0155      1.3464      2.4295      0.0174      0.0889     10.0000
          10      1.0225      1.3433      2.4756      0.0186      0.0929      9.0000
          15      1.0174      1.3635      2.4095      0.0181      0.1189      9.0000
          20      1.0127      1.3588      2.4273      0.0180      0.1068      8.0000
          25      1.0127      1.3588      2.4273      0.0180      0.1068      8.0000
          30      1.0147      1.3590      2.4383      0.0176      0.1042      8.0000
          35      1.0122      1.3477      2.4538      0.0196      0.1078      7.0000
          40      1.0065      1.3399      2.4284      0.0177      0.0999      8.0000
          45      1.0112      1.3431      2.4438      0.0187      0.0996      8.0000
          50      1.0169      1.3475      2.4478      0.0194      0.0934      9.0000
          55      1.0128      1.3263      2.4929      0.0190      0.0931      7.0000
          60      1.0181      1.3297      2.5053      0.0188      0.0989      7.0000
          65      1.0206      1.3496      2.4709      0.0203      0.1220      7.0000
          70      1.0340      1.3692      2.5271      0.0178      0.1226      6.0000
          75      1.0008      1.3285      2.4973      0.0190      0.0987      4.0000
          80      1.0044      1.3131      2.5520      0.0210      0.0916      3.0000
          85      0.9758      1.3036      2.4566      0.0180      0.0846      3.0000
          90      0.9959      1.3039      2.5182      0.0176      0.0837      4.0000
          95      0.9986      1.3064      2.5328      0.0179      0.0972      3.0000
         100      0.9750      1.3038      2.4543      0.0176      0.0840      3.0000
         105      0.9788      1.2994      2.4930      0.0181      0.0844      2.0000
         110      0.9763      1.3096      2.4711      0.0180      0.0862      2.0000
         115      0.9720      1.3095      2.4570      0.0180      0.0832      2.0000
         120      0.9683      1.3038      2.4910      0.0175      0.0802      0.0000
         125      0.9917      1.2956      2.5945      0.0157      0.0808      0.0000
         130      0.9719      1.2948      2.5121      0.0174      0.0827      0.0000
         135      0.9923      1.3001      2.6053      0.0156      0.0679      0.0000
         140      0.9865      1.3075      2.5187      0.0169      0.1027      1.0000
         145      0.9893      1.2924      2.5716      0.0181      0.0947      0.0000
         150      0.9745      1.2934      2.5251      0.0172      0.0819      0.0000
         155      0.9755      1.2960      2.5235      0.0170      0.0848      0.0000
         160      0.9718      1.2989      2.5059      0.0176      0.0842      0.0000
         165      0.9794      1.2962      2.5193      0.0179      0.0837      1.0000
         170      0.9679      1.3028      2.4844      0.0186      0.0851      0.0000
         175      0.9691      1.2955      2.4972      0.0182      0.0847      0.0000
         180      0.9623      1.2924      2.4768      0.0173      0.0819      0.0000
         185      0.9705      1.3000      2.4619      0.0171      0.0825      2.0000
         190      0.9623      1.2924      2.4768      0.0173      0.0819      0.0000
         195      0.9622      1.2905      2.4765      0.0174      0.0837      0.0000
         200      0.9567      1.2860      2.4704      0.0171      0.0725      0.0000
         205      0.9564      1.2826      2.4728      0.0174      0.0720      0.0000
         210      0.9564      1.2826      2.4728      0.0174      0.0720      0.0000
         215      0.9869      1.2790      2.5904      0.0219      0.0760      0.0000
         220      0.9729      1.2842      2.5325      0.0217      0.0725      0.0000
         225      1.0160      1.2993      2.5452      0.1443      0.0954      0.0000
         230      0.9478      1.2714      2.4470      0.0175      0.0742      0.0000
         235      0.9460      1.2838      2.4305      0.0196      0.0691      0.0000
         240      0.9589      1.2864      2.4819      0.0186      0.0678      0.0000
         245      0.9542      1.2780      2.4781      0.0179      0.0617      0.0000
         250      0.9515      1.2933      2.4393      0.0190      0.0734      0.0000
         255      0.9562      1.2864      2.4443      0.0197      0.0734      1.0000
         260      0.9535      1.2849      2.4457      0.0203      0.0823      0.0000
         265      0.9513      1.3013      2.4239      0.0192      0.0798      0.0000
         270      0.9531      1.3013      2.4311      0.0192      0.0798      0.0000
         275      0.9588      1.3044      2.4316      0.0193      0.0989      0.0000
         280      0.9603      1.3174      2.4387      0.0196      0.0848      0.0000
         285      0.9628      1.3041      2.4465      0.0193      0.1006      0.0000
         290      0.9571      1.3122      2.4067      0.0199      0.0888      1.0000
         295      0.9700      1.3087      2.4606      0.0191      0.0912      1.0000
Max CUDA memory: 0.7189G
Saving /mnt/home/jue/halluc/linear_motifs/output/20220104_sh3_r2/sh3_r1_33_r2_44: npz, fas, trb, trk, trfold pdb
Finished design /mnt/home/jue/halluc/linear_motifs/output/20220104_sh3_r2/sh3_r1_33_r2_44 in 4.01 minutes.
