/mnt/home/dzorine/software/homog/homog/homog.py:98: SyntaxWarning: "is" with a literal. Did you mean "=="?
  if degrees is 'auto': degrees = guess_is_degrees(angle)
[14:40:06] /opt/dgl/src/runtime/tensordispatch.cc:43: TensorDispatcher: dlopen failed: libtorch_cuda_cpp.so: cannot open shared object file: No such file or directory
Using backend: pytorch
--steps was given. Ignoring --grad_steps, --mcmc_steps.

Run settings:
{'network_name': 'rf_Nov05_2021', 'use_template': 'B7-14', 'num': 5, 'start_num': 0, 'msa_num': 1, 'out': '/mnt/home/jue/halluc/linear_motifs/output/20220104_sh3_r2/sh3_r1_87_r2', 'cautious': 1, 'save_pdb': 1, 'save_batch_fas': False, 'track_step': 1, 'track_logits': False, 'out_step': None, 'seed_rng': False, 'steps': 'm300', 'grad_steps': 400, 'mcmc_steps': 0, 'optimizer': 'nsgd', 'drop': 0.2, 'init_sd': 1e-06, 'learning_rate': 0.05, 'grad_check': True, 'logit_scale': 1, 'seq_prob_type': 'hard', 'seq_sample': False, 'calc_bkg': True, 'cce_sd': None, 'hal_sd': None, 'corrupt_sequence': None, 'corrupt_fraction': None, 'pdb': '/mnt/home/jue/halluc/linear_motifs/input/SH3_2w0z.pdb', 'mask': '46-46,B7-14,31-31', 'contigs': None, 'con_set_id': None, 'len': None, 'keep_order': False, 'contig_min_gap': 5, 'spike': 0.999, 'spike_fas': 'output/hits_sh3_r1/sh3_r1_87.fas', 'force_aa': 'B7-14', 'exclude_aa': 'C', 'force_aa_hal': None, 'template_pdbs': None, 'no_bkg_mask': False, 'num_repeats': 0, 'init_seq': None, 'masks_bkg': None, 'masks_pass': None, 'force_logits': None, 'receptor': 'input/SH3_2w0z_rec.pdb', 'rec_placement': 'second', 'gap': 200, 'w_cce': 1, 'w_crmsd': -1, 'w_entropy': 1, 'w_kl': -1, 'n_bkg': 100, 'w_rep': -1, 'w_set_rep': -1, 'w_atr': -1, 'w_set_atr': -1, 'w_rog': 1.0, 'w_aspect_ratio': -1, 'w_cyc_sym': -1, 'w_surfnp': 1.0, 'w_nc': 0.02, 'w_cce_bg': -1, 'w_sym': -1, 'cce_cutoff': 19.9, 'rep_pdb': None, 'rep_sigma': 5, 'atr_pdb': None, 'atr_sigma': 5, 'entropy_beta': 10, 'rog_thresh': 16.0, 'surfnp_nbr_thresh': 2.5, 'nc_target': -7, 'entropy_dist_bins': 16, 'mcmc_halflife': 500.0, 'T_acc_0': 0.002, 'mcmc_batch': 1, 'anneal_t1d': False, 'erode_template': False, 'num_masked_tokens': 1, 'weights_dir': '/projects/ml/trDesign', 'nthreads': 4, 'cce_cutstep': None, 'cce_thresh': 2.2, 'batch': 64, 'lr': 0.2, 'nsteps': 100, 'commit': '3c91d72d7c0f6305334db8ae5306b96f5293e969'}

Loading structure prediction model onto device cuda:0...
#   trunk_msa_v00     [ens=1]   AF2-inspired 12-block 2-track trunk
#   trunk_tbm_v00     [ens=1]   AF2-inspired 3-track trunk
#   rf_v00            [ens=1]   RoseTTAFold 3-track trunk + refiner (formerly trunk_e2e_v00)
# * rf_Nov05_2021     [ens=1]   RoseTTAFold 3-track, no perceiver, Nov. 5 2021
#   rf_perceiver_v00  [ens=1]   RoseTTAFold w/ Perceiver & FAPE loss (msa_full=zeros)
#   rf_perceiver_v01  [ens=1]   RoseTTAFold w/ Perceiver & FAPE loss (msa_full=msa_latent)
#   af2_v00           [ens=0]   AlphaFold2 (only works with rescue.py)
Loaded sequence-to-structure model rf_Nov05_2021 with 66037142 parameters

Model hyperparameters:
{'SE3_param': {'div': 4, 'l0_in_features': 32, 'l0_out_features': 32, 'l1_in_features': 3, 'l1_out_features': 2, 'n_heads': 4, 'num_channels': 32, 'num_degrees': 2, 'num_edge_features': 32, 'num_layers': 3}, 'd_hidden': 32, 'd_hidden_templ': 64, 'd_msa': 256, 'd_msa_full': 64, 'd_pair': 128, 'd_templ': 64, 'n_head_msa': 8, 'n_head_pair': 4, 'n_head_templ': 4, 'n_module_2track': 24, 'n_module_3track': 8, 'p_drop': 0.0}

Using CUDA device(s):  cuda:0: (GeForce RTX 2080); 

Parsing input pdb...
Parsing receptor pdb...

Generating sh3_r1_87_r2_0, length 143...
Forcing amino acids:  B7P,B8P,B9P,B10R,B11P,B12P,B13K,B14P, and 58 receptor positions
Loss term           | Weight      
cce                   1.00
entropy               1.00
rog                   1.00
surfnp                1.00
nc                    0.02

Initializing logits: Spike
Stage 0
Starting MCMC...
        step    avg loss         cce     entropy         rog      surfnp          nc
           0      1.0635      1.4007      2.4954      0.0392      0.1601      9.0000
           5      1.0727      1.4131      2.5214      0.0391      0.1586      9.0000
          10      1.0788      1.4190      2.5207      0.0396      0.1574     10.0000
          15      1.0890      1.4245      2.5359      0.0386      0.1589     11.0000
          20      1.0853      1.4237      2.5423      0.0397      0.1573     10.0000
          25      1.0833      1.4118      2.5480      0.0393      0.1558     10.0000
          30      1.0714      1.4068      2.5221      0.0402      0.1379     10.0000
          35      1.0719      1.4290      2.5202      0.0404      0.1193     10.0000
          40      1.0570      1.4136      2.4771      0.0371      0.1412      9.0000
          45      2.0926      1.4992      2.6872      3.8643      0.2018      8.0000
          50      1.0539      1.4271      2.5065      0.0431      0.1399      6.0000
          55      1.0510      1.4119      2.5100      0.0430      0.1404      6.0000
          60      1.0451      1.3988      2.5275      0.0422      0.1529      4.0000
          65      1.0458      1.3940      2.5354      0.0420      0.1526      4.0000
          70      1.0629      1.3989      2.6114      0.0364      0.1462      4.0000
          75      1.0401      1.3881      2.5158      0.0409      0.1564      4.0000
          80      1.0401      1.3881      2.5158      0.0409      0.1564      4.0000
          85      1.0444      1.3799      2.5551      0.0388      0.1449      4.0000
          90      1.0223      1.3717      2.5108      0.0397      0.1472      2.0000
          95      1.0238      1.3648      2.5456      0.0392      0.1459      1.0000
         100      1.0447      1.3846      2.5889      0.0390      0.1673      1.0000
         105      1.0238      1.3565      2.5960      0.0396      0.1237      0.0000
         110      1.0313      1.3505      2.6353      0.0462      0.1138      0.0000
         115      1.0144      1.3637      2.5351      0.0449      0.1342      0.0000
         120      1.0137      1.3527      2.5617      0.0450      0.1158      0.0000
         125      1.0094      1.3581      2.5322      0.0460      0.1213      0.0000
         130      1.0251      1.3682      2.5874      0.0455      0.1200      0.0000
         135      1.0120      1.3707      2.5273      0.0475      0.1229      0.0000
         140      1.0175      1.3739      2.5439      0.0474      0.1250      0.0000
         145      1.0212      1.3780      2.5563      0.0466      0.1244      0.0000
         150      1.0226      1.3798      2.5600      0.0466      0.1243      0.0000
         155      1.0273      1.3792      2.5768      0.0474      0.1263      0.0000
         160      1.0180      1.3759      2.5459      0.0470      0.1233      0.0000
         165      1.0329      1.3978      2.5892      0.0406      0.1247      0.0000
         170      1.0151      1.3807      2.5296      0.0475      0.1228      0.0000
         175      1.0233      1.3939      2.5476      0.0478      0.1244      0.0000
         180      1.0187      1.3800      2.5447      0.0466      0.1238      0.0000
         185      1.0434      1.4021      2.6481      0.0354      0.1089      0.0000
         190      1.0141      1.3871      2.5289      0.0476      0.1130      0.0000
         195      1.0234      1.4016      2.5406      0.0407      0.1312      0.0000
         200      1.0095      1.3917      2.5108      0.0465      0.1092      0.0000
         205      1.0220      1.3967      2.5593      0.0449      0.1076      0.0000
         210      1.0120      1.4015      2.5112      0.0468      0.1090      0.0000
         215      1.0224      1.3939      2.5398      0.0459      0.1106      1.0000
         220      1.0133      1.4059      2.5184      0.0456      0.1036      0.0000
         225      1.0121      1.4014      2.5287      0.0457      0.0930      0.0000
         230      1.0114      1.4062      2.5154      0.0448      0.0994      0.0000
         235      1.0224      1.4112      2.5313      0.0480      0.0996      1.0000
         240      1.0052      1.4232      2.4441      0.0505      0.1033      1.0000
         245      1.0076      1.4088      2.4831      0.0535      0.1054      0.0000
         250      1.0080      1.4228      2.4754      0.0503      0.1034      0.0000
         255      1.0016      1.4188      2.4504      0.0524      0.1049      0.0000
         260      1.0160      1.4271      2.4758      0.0536      0.1277      0.0000
         265      1.0053      1.4235      2.4544      0.0551      0.1084      0.0000
         270      1.0140      1.4121      2.5028      0.0541      0.1075      0.0000
         275      1.0101      1.4004      2.4940      0.0555      0.1109      0.0000
         280      1.0030      1.4079      2.4667      0.0509      0.1064      0.0000
         285      1.0051      1.4051      2.4793      0.0499      0.1062      0.0000
         290      1.0017      1.3822      2.4865      0.0530      0.1053      0.0000
         295      1.0146      1.4065      2.5112      0.0524      0.1088      0.0000
Max CUDA memory: 0.6071G
Saving /mnt/home/jue/halluc/linear_motifs/output/20220104_sh3_r2/sh3_r1_87_r2_0: npz, fas, trb, trk, trfold pdb
Finished design /mnt/home/jue/halluc/linear_motifs/output/20220104_sh3_r2/sh3_r1_87_r2_0 in 5.19 minutes.

Generating sh3_r1_87_r2_1, length 143...
Forcing amino acids:  B7P,B8P,B9P,B10R,B11P,B12P,B13K,B14P, and 58 receptor positions
Loss term           | Weight      
cce                   1.00
entropy               1.00
rog                   1.00
surfnp                1.00
nc                    0.02

Initializing logits: Spike
Stage 0
Starting MCMC...
        step    avg loss         cce     entropy         rog      surfnp          nc
           0      1.0649      1.4035      2.4849      0.0382      0.1545     10.0000
           5      1.0679      1.4059      2.5049      0.0378      0.1445     10.0000
          10      1.0491      1.3968      2.4940      0.0378      0.1287      8.0000
          15      1.0570      1.3836      2.5237      0.0361      0.1456      8.0000
          20      1.0419      1.3856      2.4745      0.0355      0.1129      9.0000
          25      1.0851      1.3899      2.6694      0.0346      0.1081      8.0000
          30      1.0270      1.3735      2.4757      0.0372      0.1022      7.0000
          35      1.0260      1.3717      2.4943      0.0368      0.1019      6.0000
          40      1.0330      1.3685      2.5058      0.0374      0.1008      7.0000
          45      1.0240      1.3631      2.5000      0.0357      0.0978      6.0000
          50      1.0305      1.3677      2.5327      0.0368      0.0856      6.0000
          55      1.0136      1.3620      2.4687      0.0362      0.0880      6.0000
          60      1.0192      1.3657      2.4788      0.0367      0.0761      7.0000
          65      1.0034      1.3618      2.4790      0.0365      0.0762      4.0000
          70      1.0094      1.3579      2.4980      0.0369      0.0849      4.0000
          75      1.0076      1.3566      2.5140      0.0361      0.0839      3.0000
          80      1.0076      1.3566      2.5140      0.0361      0.0839      3.0000
          85      1.0306      1.3399      2.6334      0.0343      0.0753      3.0000
          90      1.0047      1.3415      2.5216      0.0341      0.0814      3.0000
          95      0.9998      1.3499      2.5083      0.0373      0.0835      2.0000
         100      1.0188      1.3620      2.5541      0.0347      0.0848      3.0000
         105      0.9867      1.3565      2.4708      0.0360      0.0834      1.0000
         110      0.9956      1.3472      2.5159      0.0353      0.0840      1.0000
         115      0.9789      1.3514      2.4642      0.0361      0.0835      0.0000
         120      0.9967      1.3299      2.5788      0.0355      0.0626      0.0000
         125      0.9817      1.3542      2.4734      0.0364      0.0825      0.0000
         130      0.9896      1.3528      2.5283      0.0355      0.0616      0.0000
         135      0.9839      1.3532      2.5070      0.0352      0.0598      0.0000
         140      0.9863      1.3568      2.5131      0.0358      0.0592      0.0000
         145      0.9912      1.3554      2.5383      0.0349      0.0560      0.0000
         150      0.9837      1.3503      2.5112      0.0346      0.0584      0.0000
         155      0.9966      1.3659      2.5236      0.0367      0.0801      0.0000
         160      0.9814      1.3583      2.4721      0.0380      0.0769      0.0000
         165      1.0047      1.3504      2.5831      0.0378      0.0675      0.0000
         170      0.9749      1.3628      2.4410      0.0373      0.0781      0.0000
         175      0.9792      1.3498      2.4883      0.0364      0.0618      0.0000
         180      0.9956      1.3650      2.5221      0.0360      0.0793      0.0000
         185      0.9813      1.3548      2.4921      0.0370      0.0610      0.0000
         190      0.9795      1.3528      2.4816      0.0381      0.0652      0.0000
         195      0.9706      1.3522      2.4494      0.0377      0.0623      0.0000
         200      0.9666      1.3485      2.4400      0.0382      0.0591      0.0000
         205      0.9684      1.3485      2.4479      0.0379      0.0585      0.0000
         210      0.9925      1.3573      2.5159      0.0372      0.0796      0.0000
         215      0.9736      1.3433      2.4755      0.0381      0.0567      0.0000
         220      0.9695      1.3367      2.4697      0.0404      0.0506      0.0000
         225      0.9665      1.3410      2.4507      0.0399      0.0539      0.0000
         230      0.9800      1.3403      2.5040      0.0416      0.0535      0.0000
         235      0.9665      1.3417      2.4531      0.0346      0.0558      0.0000
         240      0.9769      1.3439      2.4923      0.0354      0.0555      0.0000
         245      0.9673      1.3411      2.4576      0.0350      0.0547      0.0000
         250      0.9720      1.3400      2.4765      0.0348      0.0563      0.0000
         255      0.9743      1.3469      2.4672      0.0346      0.0678      0.0000
         260      0.9639      1.3419      2.4478      0.0348      0.0502      0.0000
         265      0.9663      1.3444      2.4561      0.0344      0.0496      0.0000
         270      0.9746      1.3322      2.5038      0.0355      0.0465      0.0000
         275      0.9624      1.3366      2.4485      0.0343      0.0493      0.0000
         280      0.9742      1.3322      2.4860      0.0359      0.0620      0.0000
         285      0.9605      1.3347      2.4452      0.0364      0.0449      0.0000
         290      0.9642      1.3334      2.4621      0.0357      0.0449      0.0000
         295      0.9828      1.3400      2.4956      0.0362      0.0591      1.0000
Max CUDA memory: 0.6795G
Saving /mnt/home/jue/halluc/linear_motifs/output/20220104_sh3_r2/sh3_r1_87_r2_1: npz, fas, trb, trk, trfold pdb
Finished design /mnt/home/jue/halluc/linear_motifs/output/20220104_sh3_r2/sh3_r1_87_r2_1 in 5.20 minutes.

Generating sh3_r1_87_r2_2, length 143...
Forcing amino acids:  B7P,B8P,B9P,B10R,B11P,B12P,B13K,B14P, and 58 receptor positions
Loss term           | Weight      
cce                   1.00
entropy               1.00
rog                   1.00
surfnp                1.00
nc                    0.02

Initializing logits: Spike
Stage 0
Starting MCMC...
        step    avg loss         cce     entropy         rog      surfnp          nc
           0      1.0712      1.4051      2.5002      0.0396      0.1613     10.0000
           5      1.0587      1.3921      2.4478      0.0411      0.1551     11.0000
          10      1.0474      1.3882      2.4605      0.0392      0.1426      9.0000
          15      1.0574      1.3942      2.4755      0.0395      0.1616      9.0000
          20      1.0441      1.3975      2.4555      0.0405      0.1236      9.0000
          25      1.0392      1.3844      2.4562      0.0392      0.1177      9.0000
          30      1.0359      1.3691      2.4779      0.0390      0.0983      9.0000
          35      1.0423      1.3614      2.5116      0.0368      0.1003      9.0000
          40      1.0462      1.3913      2.4943      0.0363      0.1036      9.0000
          45      1.0348      1.3708      2.5116      0.0378      0.0997      7.0000
          50      1.0333      1.3838      2.4746      0.0376      0.0976      8.0000
          55      1.0327      1.3749      2.4935      0.0351      0.0880      8.0000
          60      1.0351      1.3688      2.5085      0.0349      0.0890      8.0000
          65      1.0368      1.3797      2.5049      0.0347      0.0886      8.0000
          70      1.0137      1.3681      2.4418      0.0339      0.0712      8.0000
          75      1.0118      1.3545      2.4406      0.0351      0.0572      9.0000
          80      1.0246      1.3619      2.5095      0.0340      0.0737      7.0000
          85      1.0109      1.3539      2.4592      0.0363      0.0545      8.0000
          90      1.0068      1.3648      2.4488      0.0366      0.0571      7.0000
          95      1.0022      1.3498      2.4162      0.0375      0.0855      7.0000
         100      1.0131      1.3589      2.4980      0.0370      0.0986      4.0000
         105      0.9952      1.3478      2.4424      0.0391      0.0912      4.0000
         110      0.9997      1.3572      2.4540      0.0384      0.0892      4.0000
         115      1.0068      1.3543      2.4921      0.0367      0.0843      4.0000
         120      0.9982      1.3581      2.4461      0.0400      0.0884      4.0000
         125      1.0317      1.3421      2.6018      0.0354      0.0881      4.0000
         130      1.0095      1.3485      2.4889      0.0369      0.0837      5.0000
         135      0.9976      1.3499      2.4968      0.0386      0.0849      2.0000
         140      1.0059      1.3604      2.5327      0.0398      0.0909      1.0000
         145      0.9735      1.3471      2.4482      0.0407      0.0776      0.0000
         150      0.9707      1.3468      2.4371      0.0402      0.0782      0.0000
         155      0.9710      1.3442      2.4474      0.0420      0.0697      0.0000
         160      0.9808      1.3482      2.4594      0.0406      0.0948      0.0000
         165      0.9690      1.3481      2.4359      0.0418      0.0698      0.0000
         170      0.9910      1.3522      2.4869      0.0403      0.0843      1.0000
         175      0.9719      1.3479      2.4486      0.0411      0.0696      0.0000
         180      0.9766      1.3533      2.4598      0.0415      0.0714      0.0000
         185      1.0049      1.3480      2.5627      0.0388      0.0701      1.0000
         190      0.9843      1.3432      2.4794      0.0403      0.0741      1.0000
         195      0.9985      1.3279      2.5647      0.0381      0.0632      1.0000
         200      0.9765      1.3420      2.4769      0.0404      0.0664      0.0000
         205      0.9882      1.3528      2.4975      0.0396      0.0827      0.0000
         210      0.9768      1.3427      2.4774      0.0402      0.0664      0.0000
         215      0.9866      1.3439      2.5176      0.0382      0.0662      0.0000
         220      1.0401      1.3247      2.7241      0.0547      0.0776      0.0000
         225      0.9776      1.3308      2.4983      0.0381      0.0629      0.0000
         230      0.9906      1.3323      2.5388      0.0375      0.0736      0.0000
         235      0.9922      1.3220      2.5313      0.0438      0.0717      1.0000
         240      0.9692      1.3081      2.4904      0.0436      0.0541      0.0000
         245      0.9753      1.3116      2.5068      0.0434      0.0590      0.0000
         250      0.9855      1.3093      2.5500      0.0387      0.0639      0.0000
         255      0.9681      1.3103      2.4879      0.0431      0.0504      0.0000
         260      0.9973      1.3068      2.6184      0.0360      0.0479      0.0000
         265      0.9750      1.3030      2.5261      0.0425      0.0480      0.0000
         270      0.9647      1.3085      2.4724      0.0492      0.0479      0.0000
         275      0.9631      1.3080      2.4771      0.0396      0.0470      0.0000
         280      0.9646      1.3255      2.4611      0.0385      0.0525      0.0000
         285      0.9828      1.3057      2.5564      0.0346      0.0541      0.0000
         290      0.9637      1.3268      2.4586      0.0341      0.0548      0.0000
         295      0.9530      1.3173      2.4217      0.0364      0.0556      0.0000
Max CUDA memory: 0.6799G
Saving /mnt/home/jue/halluc/linear_motifs/output/20220104_sh3_r2/sh3_r1_87_r2_2: npz, fas, trb, trk, trfold pdb
Finished design /mnt/home/jue/halluc/linear_motifs/output/20220104_sh3_r2/sh3_r1_87_r2_2 in 5.20 minutes.

Generating sh3_r1_87_r2_3, length 143...
Forcing amino acids:  B7P,B8P,B9P,B10R,B11P,B12P,B13K,B14P, and 58 receptor positions
Loss term           | Weight      
cce                   1.00
entropy               1.00
rog                   1.00
surfnp                1.00
nc                    0.02

Initializing logits: Spike
Stage 0
Starting MCMC...
        step    avg loss         cce     entropy         rog      surfnp          nc
           0      1.0712      1.4051      2.5002      0.0396      0.1613     10.0000
           5      1.0664      1.4071      2.4628      0.0398      0.1573     11.0000
          10      1.0580      1.4044      2.4926      0.0389      0.1571      8.0000
          15      1.0729      1.4055      2.5706      0.0390      0.1581      7.0000
          20      1.0661      1.4072      2.5262      0.0374      0.1548      8.0000
          25      1.0427      1.4059      2.4601      0.0368      0.1488      7.0000
          30      1.0545      1.3955      2.5050      0.0374      0.1411      8.0000
          35      1.0413      1.4014      2.4839      0.0365      0.1441      6.0000
          40      1.0416      1.4106      2.4723      0.0369      0.1475      6.0000
          45      1.0409      1.4050      2.4542      0.0370      0.1483      7.0000
          50      1.0389      1.4114      2.4595      0.0371      0.1484      6.0000
          55      1.0372      1.4145      2.4525      0.0380      0.1447      6.0000
          60      1.0376      1.4024      2.4886      0.0351      0.1451      5.0000
          65      1.0296      1.4018      2.4753      0.0349      0.1269      5.0000
          70      1.0322      1.3993      2.4892      0.0357      0.1253      5.0000
          75      1.0234      1.3977      2.4921      0.0377      0.1264      3.0000
          80      1.0295      1.4183      2.4794      0.0357      0.1252      4.0000
          85      1.0390      1.4274      2.5272      0.0344      0.1276      3.0000
          90      1.0465      1.4127      2.5826      0.0332      0.1184      3.0000
          95      1.0292      1.4078      2.5112      0.0347      0.1236      3.0000
         100      1.0292      1.4036      2.5156      0.0346      0.1234      3.0000
         105      1.0551      1.4112      2.6478      0.0283      0.1142      2.0000
         110      1.0431      1.3827      2.6024      0.0315      0.1165      3.0000
         115      1.0381      1.3970      2.5552      0.0335      0.1274      3.0000
         120      1.0599      1.4196      2.6034      0.0319      0.1460      3.0000
         125      1.0316      1.3986      2.5272      0.0355      0.1257      3.0000
         130      1.0504      1.3927      2.6550      0.0315      0.0836      3.0000
         135      1.0309      1.3969      2.5256      0.0340      0.1278      3.0000
         140      1.0503      1.3948      2.6177      0.0312      0.1183      3.0000
         145      1.0451      1.4077      2.5513      0.0346      0.1476      3.0000
         150      1.0559      1.4495      2.5817      0.0330      0.1405      2.0000
         155      1.0245      1.3928      2.5186      0.0343      0.1327      2.0000
         160      1.0361      1.3950      2.5218      0.0336      0.1548      3.0000
         165      1.0324      1.4009      2.5205      0.0342      0.1545      2.0000
         170      1.0184      1.3906      2.5396      0.0329      0.1310      0.0000
         175      1.0298      1.4068      2.5630      0.0333      0.1368      0.0000
         180      1.0479      1.4017      2.6854      0.0312      0.0944      0.0000
         185      1.0144      1.3879      2.5451      0.0335      0.1114      0.0000
         190      1.0334      1.3932      2.5755      0.0336      0.1319      1.0000
         195      1.0133      1.3891      2.5382      0.0339      0.1121      0.0000
         200      1.0115      1.3865      2.5328      0.0341      0.1127      0.0000
         205      1.0512      1.3867      2.7016      0.0294      0.1080      0.0000
         210      1.0123      1.3917      2.5287      0.0355      0.1137      0.0000
         215      1.0186      1.3819      2.5601      0.0406      0.1120      0.0000
         220      1.0429      1.3895      2.6378      0.0352      0.1102      1.0000
         225      1.0191      1.3944      2.5341      0.0355      0.1326      0.0000
         230      1.0183      1.3899      2.5362      0.0346      0.1127      1.0000
         235      1.0169      1.3933      2.5069      0.0350      0.1127      2.0000
         240      1.0516      1.4432      2.6144      0.0369      0.1331      0.0000
         245      1.0295      1.3990      2.5732      0.0348      0.1314      0.0000
         250      1.0087      1.3901      2.5179      0.0353      0.1118      0.0000
         255      1.0187      1.3858      2.5684      0.0333      0.1075      0.0000
         260      1.0238      1.3891      2.5395      0.0351      0.1123      2.0000
         265      1.0090      1.3942      2.5141      0.0356      0.1123      0.0000
         270      1.0079      1.3788      2.5257      0.0350      0.1125      0.0000
         275      1.0372      1.4116      2.6064      0.0397      0.1121      0.0000
         280      1.0166      1.3589      2.5899      0.0338      0.1040      0.0000
         285      1.0053      1.3790      2.5321      0.0354      0.0950      0.0000
         290      0.9981      1.3723      2.5256      0.0361      0.0782      0.0000
         295      2.3287      1.4485      2.7255      5.0202      0.1472      1.0000
Max CUDA memory: 0.6788G
Saving /mnt/home/jue/halluc/linear_motifs/output/20220104_sh3_r2/sh3_r1_87_r2_3: npz, fas, trb, trk, trfold pdb
Finished design /mnt/home/jue/halluc/linear_motifs/output/20220104_sh3_r2/sh3_r1_87_r2_3 in 5.21 minutes.

Generating sh3_r1_87_r2_4, length 143...
Forcing amino acids:  B7P,B8P,B9P,B10R,B11P,B12P,B13K,B14P, and 58 receptor positions
Loss term           | Weight      
cce                   1.00
entropy               1.00
rog                   1.00
surfnp                1.00
nc                    0.02

Initializing logits: Spike
Stage 0
Starting MCMC...
        step    avg loss         cce     entropy         rog      surfnp          nc
           0      1.0559      1.4110      2.4567      0.0388      0.1584      9.0000
           5      1.0559      1.4078      2.4873      0.0375      0.1524      8.0000
          10      1.0738      1.3989      2.5727      0.0367      0.1485      8.0000
          15      1.0524      1.4004      2.4843      0.0387      0.1474      8.0000
          20      1.0537      1.4013      2.4874      0.0397      0.1475      8.0000
          25      1.0479      1.4022      2.4599      0.0414      0.1492      8.0000
          30      1.0490      1.3890      2.5220      0.0410      0.1449      6.0000
          35      1.0641      1.3936      2.5771      0.0409      0.1662      5.0000
          40      1.0487      1.3875      2.5444      0.0396      0.1443      5.0000
          45      1.0450      1.3871      2.5492      0.0399      0.1449      4.0000
          50      1.0422      1.4002      2.5175      0.0419      0.1501      4.0000
          55      1.0381      1.3931      2.5045      0.0431      0.1526      4.0000
          60      1.0269      1.3914      2.5186      0.0441      0.1341      2.0000
          65      1.0300      1.3999      2.5231      0.0439      0.1337      2.0000
          70      1.0306      1.3998      2.5247      0.0447      0.1340      2.0000
          75      1.0454      1.3950      2.5702      0.0425      0.1348      3.0000
          80      1.0259      1.3942      2.4918      0.0446      0.1335      3.0000
          85      1.0297      1.3948      2.4861      0.0444      0.1339      4.0000
          90      1.0195      1.3907      2.4933      0.0458      0.1287      2.0000
          95      1.0191      1.3801      2.4972      0.0459      0.1336      2.0000
         100      1.0042      1.3816      2.4456      0.0447      0.1251      2.0000
         105      1.0114      1.3781      2.4792      0.0434      0.1250      2.0000
         110      1.0008      1.3793      2.4353      0.0443      0.1242      2.0000
         115      1.0012      1.3862      2.4317      0.0448      0.1422      1.0000
         120      1.0005      1.3744      2.4478      0.0433      0.1167      2.0000
         125      1.0039      1.3721      2.4802      0.0431      0.1001      2.0000
         130      1.0060      1.3772      2.4987      0.0423      0.1059      1.0000
         135      1.0007      1.3810      2.4758      0.0451      0.1008      1.0000
         140      0.9997      1.3772      2.4603      0.0433      0.1181      1.0000
         145      1.9400      1.4295      2.7175      3.4867      0.1652      0.0000
         150      1.0023      1.3825      2.4906      0.0393      0.0968      1.0000
         155      1.0048      1.3848      2.4992      0.0389      0.0962      1.0000
         160      0.9949      1.3840      2.4776      0.0400      0.0978      0.0000
         165      0.9958      1.3957      2.4494      0.0426      0.1156      0.0000
         170      0.9881      1.3694      2.4969      0.0414      0.0643      0.0000
         175      1.0085      1.3626      2.5922      0.0367      0.0627      0.0000
         180      0.9901      1.3704      2.4824      0.0428      0.0646      1.0000
         185      0.9975      1.3751      2.5084      0.0427      0.0837      0.0000
         190      2.6900      1.4210      2.7247      6.5420      0.1261      0.0000
         195      0.9869      1.3710      2.4907      0.0418      0.0639      0.0000
         200      0.9869      1.3710      2.4907      0.0418      0.0639      0.0000
         205      0.9890      1.3748      2.4951      0.0426      0.0631      0.0000
         210      1.0053      1.3729      2.5595      0.0436      0.0655      0.0000
         215      0.9896      1.3732      2.4965      0.0429      0.0656      0.0000
         220      0.9911      1.3769      2.4970      0.0440      0.0662      0.0000
         225      0.9865      1.3651      2.4990      0.0456      0.0559      0.0000
         230      0.9907      1.3684      2.5050      0.0463      0.0630      0.0000
         235      0.9983      1.3705      2.5023      0.0460      0.0745      1.0000
         240      1.0006      1.3647      2.5418      0.0404      0.0557      1.0000
         245      0.9897      1.3625      2.5163      0.0448      0.0550      0.0000
         250      0.9784      1.3476      2.5005      0.0464      0.0385      0.0000
         255      0.9766      1.3473      2.4942      0.0454      0.0389      0.0000
         260      0.9803      1.3476      2.5070      0.0467      0.0396      0.0000
         265      0.9826      1.3500      2.4959      0.0457      0.0384      1.0000
         270      0.9750      1.3450      2.4899      0.0457      0.0390      0.0000
         275      0.9834      1.3519      2.5213      0.0429      0.0372      0.0000
         280      0.9807      1.3448      2.4983      0.0421      0.0373      1.0000
         285      0.9877      1.3450      2.5469      0.0405      0.0383      0.0000
         290      0.9771      1.3296      2.5235      0.0386      0.0363      0.0000
         295      0.9867      1.3363      2.5460      0.0397      0.0447      0.0000
Max CUDA memory: 0.6792G
Saving /mnt/home/jue/halluc/linear_motifs/output/20220104_sh3_r2/sh3_r1_87_r2_4: npz, fas, trb, trk, trfold pdb
Finished design /mnt/home/jue/halluc/linear_motifs/output/20220104_sh3_r2/sh3_r1_87_r2_4 in 5.21 minutes.
