/mnt/home/dzorine/software/homog/homog/homog.py:98: SyntaxWarning: "is" with a literal. Did you mean "=="?
  if degrees is 'auto': degrees = guess_is_degrees(angle)
[16:57:34] /opt/dgl/src/runtime/tensordispatch.cc:43: TensorDispatcher: dlopen failed: libtorch_cuda_cpp.so: cannot open shared object file: No such file or directory
Using backend: pytorch
--steps was given. Ignoring --grad_steps, --mcmc_steps.

Run settings:
{'network_name': 'rf_Nov05_2021', 'use_template': 'B7-14', 'num': 5, 'start_num': 35, 'msa_num': 1, 'out': '/mnt/home/jue/halluc/linear_motifs/output/20220104_sh3_r2/sh3_r1_69_r2', 'cautious': 1, 'save_pdb': 1, 'save_batch_fas': False, 'track_step': 1, 'track_logits': False, 'out_step': None, 'seed_rng': False, 'steps': 'm300', 'grad_steps': 400, 'mcmc_steps': 0, 'optimizer': 'nsgd', 'drop': 0.2, 'init_sd': 1e-06, 'learning_rate': 0.05, 'grad_check': True, 'logit_scale': 1, 'seq_prob_type': 'hard', 'seq_sample': False, 'calc_bkg': True, 'cce_sd': None, 'hal_sd': None, 'corrupt_sequence': None, 'corrupt_fraction': None, 'pdb': '/mnt/home/jue/halluc/linear_motifs/input/SH3_2w0z.pdb', 'mask': '18-18,B7-14,44-44', 'contigs': None, 'con_set_id': None, 'len': None, 'keep_order': False, 'contig_min_gap': 5, 'spike': 0.999, 'spike_fas': 'output/hits_sh3_r1/sh3_r1_69.fas', 'force_aa': 'B7-14', 'exclude_aa': 'C', 'force_aa_hal': None, 'template_pdbs': None, 'no_bkg_mask': False, 'num_repeats': 0, 'init_seq': None, 'masks_bkg': None, 'masks_pass': None, 'force_logits': None, 'receptor': 'input/SH3_2w0z_rec.pdb', 'rec_placement': 'second', 'gap': 200, 'w_cce': 1, 'w_crmsd': -1, 'w_entropy': 1, 'w_kl': -1, 'n_bkg': 100, 'w_rep': -1, 'w_set_rep': -1, 'w_atr': -1, 'w_set_atr': -1, 'w_rog': 1.0, 'w_aspect_ratio': -1, 'w_cyc_sym': -1, 'w_surfnp': 1.0, 'w_nc': 0.02, 'w_cce_bg': -1, 'w_sym': -1, 'cce_cutoff': 19.9, 'rep_pdb': None, 'rep_sigma': 5, 'atr_pdb': None, 'atr_sigma': 5, 'entropy_beta': 10, 'rog_thresh': 16.0, 'surfnp_nbr_thresh': 2.5, 'nc_target': -7, 'entropy_dist_bins': 16, 'mcmc_halflife': 500.0, 'T_acc_0': 0.002, 'mcmc_batch': 1, 'anneal_t1d': False, 'erode_template': False, 'num_masked_tokens': 1, 'weights_dir': '/projects/ml/trDesign', 'nthreads': 4, 'cce_cutstep': None, 'cce_thresh': 2.2, 'batch': 64, 'lr': 0.2, 'nsteps': 100, 'commit': '3c91d72d7c0f6305334db8ae5306b96f5293e969'}

Loading structure prediction model onto device cuda:0...
#   trunk_msa_v00     [ens=1]   AF2-inspired 12-block 2-track trunk
#   trunk_tbm_v00     [ens=1]   AF2-inspired 3-track trunk
#   rf_v00            [ens=1]   RoseTTAFold 3-track trunk + refiner (formerly trunk_e2e_v00)
# * rf_Nov05_2021     [ens=1]   RoseTTAFold 3-track, no perceiver, Nov. 5 2021
#   rf_perceiver_v00  [ens=1]   RoseTTAFold w/ Perceiver & FAPE loss (msa_full=zeros)
#   rf_perceiver_v01  [ens=1]   RoseTTAFold w/ Perceiver & FAPE loss (msa_full=msa_latent)
#   af2_v00           [ens=0]   AlphaFold2 (only works with rescue.py)
Loaded sequence-to-structure model rf_Nov05_2021 with 66037142 parameters

Model hyperparameters:
{'SE3_param': {'div': 4, 'l0_in_features': 32, 'l0_out_features': 32, 'l1_in_features': 3, 'l1_out_features': 2, 'n_heads': 4, 'num_channels': 32, 'num_degrees': 2, 'num_edge_features': 32, 'num_layers': 3}, 'd_hidden': 32, 'd_hidden_templ': 64, 'd_msa': 256, 'd_msa_full': 64, 'd_pair': 128, 'd_templ': 64, 'n_head_msa': 8, 'n_head_pair': 4, 'n_head_templ': 4, 'n_module_2track': 24, 'n_module_3track': 8, 'p_drop': 0.0}

Using CUDA device(s):  cuda:0: (Quadro RTX 8000); 

Parsing input pdb...
Parsing receptor pdb...

Generating sh3_r1_69_r2_35, length 128...
Forcing amino acids:  B7P,B8P,B9P,B10R,B11P,B12P,B13K,B14P, and 58 receptor positions
Loss term           | Weight      
cce                   1.00
entropy               1.00
rog                   1.00
surfnp                1.00
nc                    0.02

Initializing logits: Spike
Stage 0
Starting MCMC...
        step    avg loss         cce     entropy         rog      surfnp          nc
           0      1.0077      1.4348      2.3008      0.0090      0.1063     10.0000
           5      1.0057      1.4153      2.3154      0.0088      0.1035     10.0000
          10      0.9946      1.3850      2.3212      0.0088      0.0832     10.0000
          15      0.9880      1.3751      2.3460      0.0089      0.0618      9.0000
          20      0.9708      1.3590      2.3332      0.0091      0.0614      7.0000
          25      0.9696      1.3665      2.3403      0.0092      0.0619      6.0000
          30      0.9564      1.3203      2.3534      0.0088      0.0421      6.0000
          35      0.9716      1.3439      2.3876      0.0087      0.0655      5.0000
          40      0.9582      1.3375      2.4021      0.0089      0.0436      3.0000
          45      0.9573      1.3501      2.3657      0.0088      0.0636      3.0000
          50      0.9701      1.3451      2.5225      0.0088      0.0235      0.0000
          55      0.9334      1.3635      2.3362      0.0088      0.0240      1.0000
          60      0.9322      1.3634      2.3306      0.0087      0.0247      1.0000
          65      0.9375      1.3682      2.3256      0.0086      0.0463      1.0000
          70      0.9277      1.3495      2.3216      0.0088      0.0294      1.0000
          75      0.9303      1.3381      2.3303      0.0087      0.0426      1.0000
          80      0.9363      1.3345      2.3588      0.0087      0.0419      1.0000
          85      0.9347      1.3431      2.3426      0.0088      0.0431      1.0000
          90      1.0177      1.3940      2.6006      0.0079      0.0686      1.0000
          95      0.9342      1.3549      2.3284      0.0089      0.0434      1.0000
         100      0.9442      1.3517      2.3522      0.0087      0.0631      1.0000
         105      0.9714      1.3712      2.4400      0.0088      0.0650      1.0000
         110      0.9781      1.3875      2.4229      0.0084      0.0732      2.0000
         115      0.9406      1.3544      2.3344      0.0087      0.0439      2.0000
         120      0.9311      1.3509      2.3204      0.0087      0.0431      1.0000
         125      0.9251      1.3556      2.3117      0.0087      0.0430      0.0000
         130      0.9283      1.3615      2.3201      0.0085      0.0417      0.0000
         135      0.9431      1.3468      2.3943      0.0084      0.0418      0.0000
         140      0.9347      1.3523      2.3125      0.0089      0.0438      2.0000
         145      0.9347      1.3536      2.3510      0.0086      0.0441      0.0000
         150      0.9836      1.3395      2.5672      0.0077      0.0397      0.0000
         155      0.9406      1.3547      2.3340      0.0085      0.0440      2.0000
         160      0.9413      1.3541      2.3568      0.0086      0.0644      0.0000
         165      0.9329      1.3542      2.3423      0.0089      0.0448      0.0000
         170      0.9487      1.3539      2.3828      0.0089      0.0683      0.0000
         175      0.9393      1.3467      2.3761      0.0086      0.0444      0.0000
         180      0.9379      1.3511      2.3655      0.0088      0.0451      0.0000
         185      0.9402      1.3481      2.3803      0.0085      0.0426      0.0000
         190      0.9497      1.3303      2.4142      0.0093      0.0439      1.0000
         195      0.9420      1.3311      2.3962      0.0092      0.0503      0.0000
         200      0.9359      1.3309      2.3759      0.0085      0.0472      0.0000
         205      0.9408      1.3347      2.3923      0.0085      0.0466      0.0000
         210      0.9481      1.3624      2.3731      0.0086      0.0470      1.0000
         215      0.9411      1.3333      2.3975      0.0083      0.0443      0.0000
         220      0.9431      1.3265      2.4123      0.0084      0.0439      0.0000
         225      0.9525      1.3182      2.4579      0.0086      0.0444      0.0000
         230      1.0556      1.3804      2.6499      0.0958      0.1173      0.0000
         235      0.9430      1.3231      2.4200      0.0083      0.0393      0.0000
         240      0.9551      1.3237      2.4482      0.0088      0.0588      0.0000
         245      1.0559      1.3883      2.6143      0.1494      0.0927      0.0000
         250      0.9421      1.3384      2.3852      0.0083      0.0553      0.0000
         255      0.9476      1.3426      2.3968      0.0088      0.0612      0.0000
         260      0.9462      1.3368      2.4034      0.0082      0.0553      0.0000
         265      0.9547      1.3521      2.4272      0.0085      0.0502      0.0000
         270      0.9884      1.4006      2.4918      0.0081      0.0728      0.0000
         275      0.9535      1.3511      2.3972      0.0083      0.0565      1.0000
         280      0.9375      1.3411      2.3624      0.0083      0.0370      1.0000
         285      0.9556      1.3358      2.4409      0.0089      0.0360      1.0000
         290      0.9375      1.3411      2.3624      0.0083      0.0370      1.0000
         295      0.9544      1.3341      2.4411      0.0075      0.0341      1.0000
Max CUDA memory: 0.5405G
Saving /mnt/home/jue/halluc/linear_motifs/output/20220104_sh3_r2/sh3_r1_69_r2_35: npz, fas, trb, trk, trfold pdb
Finished design /mnt/home/jue/halluc/linear_motifs/output/20220104_sh3_r2/sh3_r1_69_r2_35 in 2.83 minutes.

Generating sh3_r1_69_r2_36, length 128...
Forcing amino acids:  B7P,B8P,B9P,B10R,B11P,B12P,B13K,B14P, and 58 receptor positions
Loss term           | Weight      
cce                   1.00
entropy               1.00
rog                   1.00
surfnp                1.00
nc                    0.02

Initializing logits: Spike
Stage 0
Starting MCMC...
        step    avg loss         cce     entropy         rog      surfnp          nc
           0      1.0229      1.4561      2.3137      0.0092      0.1129     11.0000
           5      1.0113      1.4057      2.3102      0.0090      0.1004     12.0000
          10      1.0072      1.3764      2.3267      0.0088      0.0972     12.0000
          15      1.0018      1.3730      2.3293      0.0082      0.0968     11.0000
          20      1.0082      1.3671      2.3269      0.0083      0.1107     12.0000
          25      0.9828      1.3473      2.3649      0.0083      0.1104      6.0000
          30      0.9731      1.3446      2.4005      0.0079      0.0989      3.0000
          35      0.9714      1.3511      2.4064      0.0077      0.0999      2.0000
          40      0.9653      1.3468      2.4077      0.0080      0.0780      2.0000
          45      0.9628      1.3376      2.4072      0.0075      0.0782      2.0000
          50      0.9671      1.3358      2.4066      0.0075      0.0779      3.0000
          55      0.9639      1.3373      2.4120      0.0071      0.0786      2.0000
          60      0.9760      1.3540      2.4373      0.0076      0.1046      1.0000
          65      0.9771      1.3297      2.4792      0.0074      0.0717      2.0000
          70      0.9763      1.3352      2.5108      0.0072      0.0715      0.0000
          75      0.9880      1.3534      2.4945      0.0074      0.0966      1.0000
          80      0.9682      1.3243      2.4469      0.0076      0.0733      2.0000
          85      0.9636      1.3229      2.4493      0.0077      0.0736      1.0000
          90      0.9751      1.3364      2.4811      0.0081      0.0744      1.0000
          95      0.9789      1.3270      2.4872      0.0079      0.0729      2.0000
         100      0.9668      1.3320      2.4708      0.0080      0.0758      0.0000
         105      0.9652      1.3222      2.4784      0.0077      0.0721      0.0000
         110      0.9655      1.3279      2.4739      0.0076      0.0721      0.0000
         115      1.0695      1.3974      2.7005      0.0798      0.1217      0.0000
         120      0.9861      1.3347      2.5270      0.0078      0.0947      0.0000
         125      0.9865      1.3336      2.5519      0.0084      0.0717      0.0000
         130      0.9596      1.3259      2.4518      0.0077      0.0723      0.0000
         135      0.9683      1.3365      2.4748      0.0073      0.0738      0.0000
         140      0.9590      1.3239      2.4501      0.0075      0.0735      0.0000
         145      0.9803      1.3320      2.5276      0.0069      0.0744      0.0000
         150      0.9625      1.3287      2.4310      0.0073      0.0823      1.0000
         155      0.9613      1.3375      2.4056      0.0076      0.0937      1.0000
         160      0.9551      1.3334      2.4179      0.0073      0.0811      0.0000
         165      0.9584      1.3372      2.4072      0.0075      0.0809      1.0000
         170      0.9799      1.3486      2.4584      0.0073      0.1049      1.0000
         175      0.9553      1.3366      2.3958      0.0075      0.0805      1.0000
         180      0.9510      1.3385      2.3731      0.0073      0.1041      0.0000
         185      0.9646      1.3379      2.4244      0.0069      0.0884      1.0000
         190      0.9646      1.3379      2.4244      0.0069      0.0884      1.0000
         195      0.9472      1.3263      2.3622      0.0076      0.0918      1.0000
         200      0.9355      1.3164      2.3453      0.0074      0.0915      0.0000
         205      0.9545      1.3147      2.4054      0.0074      0.0895      1.0000
         210      0.9515      1.3318      2.3543      0.0074      0.0916      2.0000
         215      0.9461      1.3270      2.3771      0.0077      0.0917      0.0000
         220      0.9290      1.3182      2.3350      0.0075      0.0737      0.0000
         225      0.9287      1.3206      2.3310      0.0075      0.0742      0.0000
         230      0.9354      1.3292      2.3498      0.0075      0.0738      0.0000
         235      0.9241      1.3111      2.3024      0.0075      0.0736      1.0000
         240      0.9146      1.3013      2.3162      0.0077      0.0514      0.0000
         245      0.9195      1.3111      2.3204      0.0075      0.0575      0.0000
         250      0.9107      1.2999      2.3013      0.0078      0.0522      0.0000
         255      0.9162      1.3026      2.3205      0.0079      0.0524      0.0000
         260      0.9215      1.3088      2.3129      0.0078      0.0750      0.0000
         265      0.9199      1.3077      2.3243      0.0079      0.0579      0.0000
         270      0.9182      1.3032      2.3084      0.0081      0.0716      0.0000
         275      0.9605      1.3512      2.4155      0.0076      0.0671      1.0000
         280      0.9071      1.3032      2.2817      0.0078      0.0540      0.0000
         285      0.9173      1.3056      2.3201      0.0076      0.0541      0.0000
         290      0.9124      1.3029      2.2816      0.0078      0.0554      1.0000
         295      0.9275      1.3056      2.3593      0.0077      0.0560      0.0000
Max CUDA memory: 0.5972G
Saving /mnt/home/jue/halluc/linear_motifs/output/20220104_sh3_r2/sh3_r1_69_r2_36: npz, fas, trb, trk, trfold pdb
Finished design /mnt/home/jue/halluc/linear_motifs/output/20220104_sh3_r2/sh3_r1_69_r2_36 in 2.83 minutes.

Generating sh3_r1_69_r2_37, length 128...
Forcing amino acids:  B7P,B8P,B9P,B10R,B11P,B12P,B13K,B14P, and 58 receptor positions
Loss term           | Weight      
cce                   1.00
entropy               1.00
rog                   1.00
surfnp                1.00
nc                    0.02

Initializing logits: Spike
Stage 0
Starting MCMC...
        step    avg loss         cce     entropy         rog      surfnp          nc
           0      1.0319      1.4575      2.3335      0.0091      0.1082     12.0000
           5      1.0273      1.4054      2.3519      0.0085      0.1037     13.0000
          10      1.0222      1.4105      2.3247      0.0090      0.1052     13.0000
          15      1.0261      1.4250      2.3448      0.0090      0.1261     11.0000
          20      1.0049      1.4038      2.3231      0.0090      0.1039     10.0000
          25      0.9961      1.3941      2.3185      0.0087      0.1031      9.0000
          30      1.0043      1.4115      2.3102      0.0085      0.1271      9.0000
          35      0.9997      1.3963      2.3355      0.0090      0.0980      9.0000
          40      1.0039      1.4032      2.3036      0.0087      0.1002     11.0000
          45      0.9985      1.3753      2.3311      0.0085      0.0990     10.0000
          50      0.9889      1.3774      2.3207      0.0086      0.1086      8.0000
          55      0.9780      1.3617      2.3497      0.0085      0.0918      6.0000
          60      0.9835      1.3529      2.3856      0.0084      0.0866      6.0000
          65      0.9861      1.3587      2.3889      0.0082      0.0885      6.0000
          70      0.9792      1.3482      2.3938      0.0085      0.0859      5.0000
          75      0.9706      1.3461      2.3556      0.0088      0.0914      5.0000
          80      0.9789      1.3495      2.4019      0.0085      0.0751      5.0000
          85      0.9697      1.3308      2.3681      0.0086      0.0706      6.0000
          90      0.9752      1.3279      2.3811      0.0086      0.0625      7.0000
          95      0.9706      1.3378      2.3656      0.0086      0.0699      6.0000
         100      0.9657      1.3419      2.3575      0.0089      0.0537      6.0000
         105      0.9643      1.3430      2.3285      0.0085      0.0565      7.0000
         110      0.9758      1.3507      2.3459      0.0085      0.0777      7.0000
         115      0.9578      1.3435      2.3217      0.0085      0.0569      6.0000
         120      0.9567      1.3394      2.3420      0.0084      0.0562      5.0000
         125      0.9451      1.3334      2.2994      0.0085      0.0579      5.0000
         130      0.9480      1.3401      2.3043      0.0085      0.0581      5.0000
         135      0.9413      1.3347      2.3222      0.0086      0.0584      3.0000
         140      0.9477      1.3486      2.3149      0.0087      0.0575      4.0000
         145      0.9427      1.3359      2.3471      0.0088      0.0580      2.0000
         150      0.9586      1.3457      2.3854      0.0089      0.0737      2.0000
         155      0.9420      1.3399      2.3458      0.0088      0.0524      2.0000
         160      0.9526      1.3375      2.3927      0.0087      0.0508      2.0000
         165      0.9404      1.3385      2.3613      0.0083      0.0522      1.0000
         170      0.9508      1.3529      2.3688      0.0083      0.0723      1.0000
         175      0.9410      1.3299      2.3701      0.0086      0.0743      0.0000
         180      0.9380      1.3191      2.3652      0.0084      0.0581      1.0000
         185      0.9243      1.3241      2.3294      0.0086      0.0537      0.0000
         190      0.9249      1.3158      2.3398      0.0086      0.0539      0.0000
         195      0.9238      1.3190      2.3323      0.0086      0.0538      0.0000
         200      0.9252      1.3270      2.3295      0.0086      0.0542      0.0000
         205      0.9323      1.3224      2.3640      0.0088      0.0525      0.0000
         210      0.9300      1.3222      2.3549      0.0087      0.0529      0.0000
         215      0.9381      1.3290      2.3780      0.0087      0.0553      0.0000
         220      0.9248      1.3293      2.3254      0.0088      0.0544      0.0000
         225      0.9403      1.3411      2.3666      0.0086      0.0637      0.0000
         230      0.9236      1.3293      2.3205      0.0089      0.0543      0.0000
         235      0.9305      1.3428      2.3178      0.0090      0.0711      0.0000
         240      0.9316      1.3415      2.3214      0.0091      0.0730      0.0000
         245      0.9388      1.3198      2.3895      0.0104      0.0542      0.0000
         250      0.9175      1.3032      2.3435      0.0088      0.0327      0.0000
         255      0.9227      1.3095      2.3584      0.0089      0.0327      0.0000
         260      0.9167      1.3030      2.3405      0.0088      0.0328      0.0000
         265      0.9189      1.2973      2.3379      0.0088      0.0499      0.0000
         270      0.9242      1.3011      2.3408      0.0088      0.0646      0.0000
         275      0.9134      1.3026      2.3101      0.0087      0.0505      0.0000
         280      0.9166      1.3076      2.3177      0.0087      0.0506      0.0000
         285      0.9397      1.3255      2.3915      0.0083      0.0524      0.0000
         290      0.9181      1.3026      2.3284      0.0088      0.0508      0.0000
         295      0.9242      1.3188      2.2970      0.0084      0.0710      1.0000
Max CUDA memory: 0.5974G
Saving /mnt/home/jue/halluc/linear_motifs/output/20220104_sh3_r2/sh3_r1_69_r2_37: npz, fas, trb, trk, trfold pdb
Finished design /mnt/home/jue/halluc/linear_motifs/output/20220104_sh3_r2/sh3_r1_69_r2_37 in 2.79 minutes.

Generating sh3_r1_69_r2_38, length 128...
Forcing amino acids:  B7P,B8P,B9P,B10R,B11P,B12P,B13K,B14P, and 58 receptor positions
Loss term           | Weight      
cce                   1.00
entropy               1.00
rog                   1.00
surfnp                1.00
nc                    0.02

Initializing logits: Spike
Stage 0
Starting MCMC...
        step    avg loss         cce     entropy         rog      surfnp          nc
           0      1.0292      1.4658      2.3121      0.0093      0.1102     12.0000
           5      1.0014      1.4020      2.3166      0.0085      0.0584     12.0000
          10      0.9966      1.3946      2.3053      0.0094      0.0571     12.0000
          15      0.9987      1.3816      2.3246      0.0085      0.0799     11.0000
          20      0.9825      1.3622      2.3208      0.0086      0.0582     10.0000
          25      0.9911      1.3739      2.3405      0.0086      0.0614     10.0000
          30      0.9864      1.3872      2.3015      0.0087      0.0681     10.0000
          35      0.9790      1.3720      2.3178      0.0084      0.0574      9.0000
          40      0.9726      1.3554      2.3286      0.0085      0.0572      8.0000
          45      0.9759      1.3492      2.3273      0.0086      0.0581      9.0000
          50      0.9753      1.3535      2.3207      0.0085      0.0579      9.0000
          55      0.9742      1.3491      2.3236      0.0079      0.0558      9.0000
          60      0.9783      1.3410      2.3278      0.0080      0.0558     10.0000
          65      0.9817      1.3436      2.3393      0.0081      0.0557     10.0000
          70      0.9815      1.3462      2.3340      0.0084      0.0571     10.0000
          75      0.9835      1.3529      2.3342      0.0087      0.0578     10.0000
          80      0.9808      1.3399      2.3586      0.0081      0.0561      9.0000
          85      0.9872      1.3599      2.3765      0.0081      0.0640      8.0000
          90      0.9835      1.3416      2.3488      0.0080      0.0555     10.0000
          95      0.9992      1.3456      2.4697      0.0081      0.0533      7.0000
         100      0.9718      1.3278      2.3759      0.0081      0.0549      7.0000
         105      0.9680      1.3414      2.3671      0.0082      0.0549      6.0000
         110      0.9692      1.3492      2.3611      0.0084      0.0574      6.0000
         115      0.9554      1.3268      2.3511      0.0079      0.0348      6.0000
         120      0.9572      1.3335      2.3407      0.0081      0.0456      6.0000
         125      0.9572      1.3270      2.3378      0.0081      0.0352      7.0000
         130      0.9447      1.3211      2.3398      0.0078      0.0289      5.0000
         135      0.9434      1.3339      2.3222      0.0078      0.0287      5.0000
         140      0.9578      1.3305      2.3966      0.0082      0.0349      4.0000
         145      0.9462      1.3224      2.3393      0.0077      0.0345      5.0000
         150      0.9501      1.3244      2.3539      0.0073      0.0339      5.0000
         155      0.9509      1.3427      2.3168      0.0078      0.0352      6.0000
         160      0.9483      1.3337      2.3352      0.0080      0.0351      5.0000
         165      0.9990      1.3570      2.5165      0.0083      0.0343      5.0000
         170      0.9435      1.3309      2.3184      0.0081      0.0357      5.0000
         175      0.9924      1.3492      2.5347      0.0094      0.0362      3.0000
         180      0.9404      1.3280      2.3477      0.0084      0.0364      3.0000
         185      0.9497      1.3302      2.3822      0.0084      0.0571      2.0000
         190      0.9343      1.3242      2.3462      0.0085      0.0370      2.0000
         195      0.9288      1.3248      2.3450      0.0080      0.0360      1.0000
         200      0.9288      1.3248      2.3450      0.0080      0.0360      1.0000
         205      0.9381      1.3300      2.3974      0.0083      0.0355      0.0000
         210      0.9268      1.3284      2.3536      0.0079      0.0356      0.0000
         215      0.9422      1.3224      2.4245      0.0075      0.0332      0.0000
         220      0.9260      1.3313      2.3469      0.0080      0.0363      0.0000
         225      0.9222      1.3274      2.3155      0.0080      0.0363      1.0000
         230      0.9229      1.3261      2.3392      0.0081      0.0368      0.0000
         235      0.9193      1.3281      2.3229      0.0081      0.0367      0.0000
         240      0.9193      1.3282      2.3229      0.0081      0.0367      0.0000
         245      1.6252      1.3765      2.5566      2.4730      0.1274      0.0000
         250      0.9238      1.3521      2.3053      0.0085      0.0477      0.0000
         255      0.9278      1.3522      2.2999      0.0082      0.0494      1.0000
         260      0.9244      1.3375      2.3015      0.0083      0.0488      1.0000
         265      0.9297      1.3366      2.3053      0.0083      0.0673      1.0000
         270      0.9218      1.3308      2.3207      0.0084      0.0455      0.0000
         275      0.9224      1.3264      2.3270      0.0082      0.0465      0.0000
         280      0.9781      1.4263      2.4247      0.0077      0.0734      0.0000
         285      0.9751      1.4079      2.4331      0.0076      0.0714      0.0000
         290      0.9287      1.3483      2.3102      0.0087      0.0462      1.0000
         295      0.9196      1.3355      2.3085      0.0081      0.0445      0.0000
Max CUDA memory: 0.5982G
Saving /mnt/home/jue/halluc/linear_motifs/output/20220104_sh3_r2/sh3_r1_69_r2_38: npz, fas, trb, trk, trfold pdb
Finished design /mnt/home/jue/halluc/linear_motifs/output/20220104_sh3_r2/sh3_r1_69_r2_38 in 2.78 minutes.

Generating sh3_r1_69_r2_39, length 128...
Forcing amino acids:  B7P,B8P,B9P,B10R,B11P,B12P,B13K,B14P, and 58 receptor positions
Loss term           | Weight      
cce                   1.00
entropy               1.00
rog                   1.00
surfnp                1.00
nc                    0.02

Initializing logits: Spike
Stage 0
Starting MCMC...
        step    avg loss         cce     entropy         rog      surfnp          nc
           0      1.0128      1.4276      2.3078      0.0086      0.1076     11.0000
           5      1.0177      1.3787      2.3614      0.0088      0.1022     12.0000
          10      1.0111      1.3577      2.3805      0.0083      0.0982     11.0000
          15      1.0029      1.3539      2.3911      0.0082      0.0984      9.0000
          20      1.0081      1.3580      2.4074      0.0087      0.0986      9.0000
          25      1.0036      1.3598      2.3908      0.0074      0.0763     10.0000
          30      1.0093      1.3773      2.4121      0.0078      0.1002      8.0000
          35      0.9955      1.3613      2.3782      0.0076      0.0747      9.0000
          40      0.9906      1.3557      2.4019      0.0081      0.0764      7.0000
          45      0.9938      1.3550      2.4358      0.0083      0.0758      6.0000
          50      1.0026      1.3435      2.4818      0.0078      0.0973      5.0000
          55      1.0368      1.3992      2.5692      0.0069      0.0927      5.0000
          60      0.9967      1.3422      2.4462      0.0080      0.0904      6.0000
          65      0.9985      1.3443      2.4656      0.0083      0.0759      6.0000
          70      0.9893      1.3687      2.3694      0.0078      0.1111      6.0000
          75      0.9742      1.3593      2.3210      0.0078      0.0884      7.0000
          80      0.9803      1.3491      2.3607      0.0070      0.0839      7.0000
          85      0.9623      1.3390      2.3336      0.0079      0.0879      5.0000
          90      0.9647      1.3508      2.3526      0.0080      0.0866      4.0000
          95      0.9661      1.3401      2.3264      0.0079      0.0895      6.0000
         100      0.9592      1.3345      2.3062      0.0080      0.0872      6.0000
         105      0.9614      1.3413      2.3464      0.0079      0.0693      5.0000
         110      0.9551      1.3381      2.3254      0.0076      0.0684      5.0000
         115      0.9581      1.3370      2.3396      0.0076      0.0674      5.0000
         120      0.9959      1.3542      2.4674      0.0079      0.0739      5.0000
         125      0.9686      1.3510      2.3446      0.0075      0.0907      5.0000
         130      0.9566      1.3399      2.3503      0.0077      0.0678      4.0000
         135      0.9736      1.3384      2.3960      0.0076      0.0718      5.0000
         140      0.9620      1.3409      2.3514      0.0077      0.0674      5.0000
         145      0.9627      1.3293      2.3685      0.0080      0.0643      5.0000
         150      0.9666      1.3248      2.4087      0.0079      0.0645      4.0000
         155      0.9913      1.3347      2.4683      0.0083      0.0740      5.0000
         160      0.9809      1.3932      2.4575      0.0077      0.0447      2.0000
         165      0.9466      1.3171      2.3922      0.0080      0.0479      2.0000
         170      0.9460      1.3081      2.4010      0.0081      0.0457      2.0000
         175      0.9358      1.3089      2.3760      0.0081      0.0488      1.0000
         180      0.9682      1.3179      2.4992      0.0075      0.0474      1.0000
         185      0.9376      1.3086      2.3837      0.0081      0.0489      1.0000
         190      0.9294      1.3067      2.3793      0.0078      0.0425      0.0000
         195      0.9331      1.3102      2.3881      0.0081      0.0447      0.0000
         200      0.9287      1.3061      2.3750      0.0082      0.0440      0.0000
         205      0.9398      1.3027      2.4102      0.0083      0.0570      0.0000
         210      0.9316      1.3111      2.3735      0.0082      0.0524      0.0000
         215      1.0714      1.4098      2.6307      0.1257      0.1207      1.0000
         220      0.9348      1.3036      2.3951      0.0080      0.0512      0.0000
         225      0.9381      1.3159      2.3952      0.0086      0.0515      0.0000
         230      0.9836      1.3688      2.5039      0.0070      0.0744      0.0000
         235      0.9373      1.3139      2.3753      0.0082      0.0505      1.0000
         240      0.9398      1.3102      2.4178      0.0083      0.0415      0.0000
         245      0.9312      1.2934      2.4013      0.0082      0.0406      0.0000
         250      0.9331      1.2848      2.4158      0.0081      0.0424      0.0000
         255      0.9655      1.3066      2.5074      0.0082      0.0592      0.0000
         260      0.9314      1.2842      2.4122      0.0081      0.0399      0.0000
         265      0.9295      1.2854      2.4042      0.0080      0.0389      0.0000
         270      0.9226      1.2853      2.3752      0.0080      0.0403      0.0000
         275      0.9357      1.2893      2.4017      0.0081      0.0625      0.0000
         280      0.9467      1.2835      2.4815      0.0078      0.0328      0.0000
         285      0.9226      1.2853      2.3752      0.0080      0.0403      0.0000
         290      0.9334      1.2923      2.3991      0.0083      0.0526      0.0000
         295      0.9480      1.2799      2.4833      0.0080      0.0396      0.0000
Max CUDA memory: 0.5986G
Saving /mnt/home/jue/halluc/linear_motifs/output/20220104_sh3_r2/sh3_r1_69_r2_39: npz, fas, trb, trk, trfold pdb
Finished design /mnt/home/jue/halluc/linear_motifs/output/20220104_sh3_r2/sh3_r1_69_r2_39 in 2.78 minutes.
