/mnt/home/dzorine/software/homog/homog/homog.py:98: SyntaxWarning: "is" with a literal. Did you mean "=="?
  if degrees is 'auto': degrees = guess_is_degrees(angle)
[17:52:25] /opt/dgl/src/runtime/tensordispatch.cc:43: TensorDispatcher: dlopen failed: libtorch_cuda_cpp.so: cannot open shared object file: No such file or directory
Using backend: pytorch
--steps was given. Ignoring --grad_steps, --mcmc_steps.

Run settings:
{'network_name': 'rf_Nov05_2021', 'use_template': 'B7-14', 'num': 5, 'start_num': 45, 'msa_num': 1, 'out': '/mnt/home/jue/halluc/linear_motifs/output/20220104_sh3_r2/sh3_r1_110_r2', 'cautious': 1, 'save_pdb': 1, 'save_batch_fas': False, 'track_step': 1, 'track_logits': False, 'out_step': None, 'seed_rng': False, 'steps': 'm300', 'grad_steps': 400, 'mcmc_steps': 0, 'optimizer': 'nsgd', 'drop': 0.2, 'init_sd': 1e-06, 'learning_rate': 0.05, 'grad_check': True, 'logit_scale': 1, 'seq_prob_type': 'hard', 'seq_sample': False, 'calc_bkg': True, 'cce_sd': None, 'hal_sd': None, 'corrupt_sequence': None, 'corrupt_fraction': None, 'pdb': '/mnt/home/jue/halluc/linear_motifs/input/SH3_2w0z.pdb', 'mask': '28-28,B7-14,59-59', 'contigs': None, 'con_set_id': None, 'len': None, 'keep_order': False, 'contig_min_gap': 5, 'spike': 0.999, 'spike_fas': 'output/hits_sh3_r1/sh3_r1_110.fas', 'force_aa': 'B7-14', 'exclude_aa': 'C', 'force_aa_hal': None, 'template_pdbs': None, 'no_bkg_mask': False, 'num_repeats': 0, 'init_seq': None, 'masks_bkg': None, 'masks_pass': None, 'force_logits': None, 'receptor': 'input/SH3_2w0z_rec.pdb', 'rec_placement': 'second', 'gap': 200, 'w_cce': 1, 'w_crmsd': -1, 'w_entropy': 1, 'w_kl': -1, 'n_bkg': 100, 'w_rep': -1, 'w_set_rep': -1, 'w_atr': -1, 'w_set_atr': -1, 'w_rog': 1.0, 'w_aspect_ratio': -1, 'w_cyc_sym': -1, 'w_surfnp': 1.0, 'w_nc': 0.02, 'w_cce_bg': -1, 'w_sym': -1, 'cce_cutoff': 19.9, 'rep_pdb': None, 'rep_sigma': 5, 'atr_pdb': None, 'atr_sigma': 5, 'entropy_beta': 10, 'rog_thresh': 16.0, 'surfnp_nbr_thresh': 2.5, 'nc_target': -7, 'entropy_dist_bins': 16, 'mcmc_halflife': 500.0, 'T_acc_0': 0.002, 'mcmc_batch': 1, 'anneal_t1d': False, 'erode_template': False, 'num_masked_tokens': 1, 'weights_dir': '/projects/ml/trDesign', 'nthreads': 4, 'cce_cutstep': None, 'cce_thresh': 2.2, 'batch': 64, 'lr': 0.2, 'nsteps': 100, 'commit': '3c91d72d7c0f6305334db8ae5306b96f5293e969'}

Loading structure prediction model onto device cuda:0...
#   trunk_msa_v00     [ens=1]   AF2-inspired 12-block 2-track trunk
#   trunk_tbm_v00     [ens=1]   AF2-inspired 3-track trunk
#   rf_v00            [ens=1]   RoseTTAFold 3-track trunk + refiner (formerly trunk_e2e_v00)
# * rf_Nov05_2021     [ens=1]   RoseTTAFold 3-track, no perceiver, Nov. 5 2021
#   rf_perceiver_v00  [ens=1]   RoseTTAFold w/ Perceiver & FAPE loss (msa_full=zeros)
#   rf_perceiver_v01  [ens=1]   RoseTTAFold w/ Perceiver & FAPE loss (msa_full=msa_latent)
#   af2_v00           [ens=0]   AlphaFold2 (only works with rescue.py)
Loaded sequence-to-structure model rf_Nov05_2021 with 66037142 parameters

Model hyperparameters:
{'SE3_param': {'div': 4, 'l0_in_features': 32, 'l0_out_features': 32, 'l1_in_features': 3, 'l1_out_features': 2, 'n_heads': 4, 'num_channels': 32, 'num_degrees': 2, 'num_edge_features': 32, 'num_layers': 3}, 'd_hidden': 32, 'd_hidden_templ': 64, 'd_msa': 256, 'd_msa_full': 64, 'd_pair': 128, 'd_templ': 64, 'n_head_msa': 8, 'n_head_pair': 4, 'n_head_templ': 4, 'n_module_2track': 24, 'n_module_3track': 8, 'p_drop': 0.0}

Using CUDA device(s):  cuda:0: (Quadro RTX 8000); 

Parsing input pdb...
Parsing receptor pdb...

Generating sh3_r1_110_r2_45, length 153...
Forcing amino acids:  B7P,B8P,B9P,B10R,B11P,B12P,B13K,B14P, and 58 receptor positions
Loss term           | Weight      
cce                   1.00
entropy               1.00
rog                   1.00
surfnp                1.00
nc                    0.02

Initializing logits: Spike
Stage 0
Starting MCMC...
        step    avg loss         cce     entropy         rog      surfnp          nc
           0      1.0579      1.4194      2.3599      0.0668      0.1465     13.0000
           5      1.0705      1.3989      2.3939      0.0627      0.1478     15.0000
          10      1.0414      1.3888      2.3607      0.0610      0.1159     13.0000
          15      1.0394      1.4041      2.3693      0.0611      0.1040     12.0000
          20      1.0508      1.3826      2.4530      0.0626      0.1062     11.0000
          25      1.0228      1.3862      2.3824      0.0624      0.1209      8.0000
          30      1.0309      1.3654      2.3891      0.0633      0.1065     11.0000
          35      1.0034      1.3601      2.3455      0.0629      0.1050      8.0000
          40      0.9963      1.3595      2.3476      0.0627      0.0953      7.0000
          45      1.0073      1.3552      2.3736      0.0663      0.0942      8.0000
          50      0.9962      1.3582      2.3433      0.0666      0.0967      7.0000
          55      0.9925      1.3640      2.3394      0.0690      0.0976      6.0000
          60      1.5867      1.3910      2.6646      2.0087      0.1944      6.0000
          65      0.9798      1.3699      2.3227      0.0656      0.1005      4.0000
          70      0.9758      1.3660      2.3504      0.0644      0.1020      2.0000
          75      0.9699      1.3630      2.3307      0.0720      0.0932      2.0000
          80      0.9749      1.3559      2.3603      0.0698      0.0931      2.0000
          85      0.9668      1.3483      2.3656      0.0648      0.0877      1.0000
          90      0.9799      1.3697      2.3603      0.0661      0.1031      2.0000
          95      0.9767      1.3728      2.3582      0.0673      0.0879      2.0000
         100      0.9627      1.3534      2.3369      0.0703      0.0894      1.0000
         105      0.9662      1.3527      2.3513      0.0712      0.0890      1.0000
         110      0.9634      1.3269      2.4013      0.0643      0.0804      0.0000
         115      0.9599      1.3198      2.4069      0.0661      0.0660      0.0000
         120      0.9593      1.3195      2.4090      0.0688      0.0590      0.0000
         125      0.9643      1.3189      2.4072      0.0710      0.0596      1.0000
         130      2.1627      1.3966      2.6325      4.5598      0.1052      0.0000
         135      0.9621      1.3140      2.4186      0.0758      0.0591      0.0000
         140      0.9592      1.3106      2.4261      0.0711      0.0482      0.0000
         145      0.9498      1.3146      2.3857      0.0682      0.0498      0.0000
         150      0.9465      1.3230      2.3673      0.0668      0.0480      0.0000
         155      0.9501      1.3199      2.3871      0.0656      0.0468      0.0000
         160      0.9497      1.3322      2.3463      0.0674      0.0520      1.0000
         165      0.9452      1.3258      2.3632      0.0640      0.0466      0.0000
         170      0.9452      1.3223      2.3646      0.0656      0.0470      0.0000
         175      0.9462      1.3188      2.3747      0.0637      0.0467      0.0000
         180      0.9599      1.3279      2.3922      0.0689      0.0696      0.0000
         185      0.9410      1.3324      2.3367      0.0647      0.0489      0.0000
         190      0.9476      1.3337      2.3435      0.0634      0.0489      1.0000
         195      0.9487      1.3258      2.3620      0.0611      0.0449      1.0000
         200      0.9487      1.3258      2.3620      0.0612      0.0449      1.0000
         205      0.9593      1.3325      2.3785      0.0660      0.0595      1.0000
         210      0.9532      1.3226      2.4173      0.0611      0.0308      0.0000
         215      0.9502      1.3271      2.3726      0.0604      0.0597      0.0000
         220      0.9446      1.3268      2.3643      0.0609      0.0450      0.0000
         225      0.9770      1.3423      2.4654      0.0711      0.0487      0.0000
         230      0.9674      1.3267      2.4437      0.0734      0.0451      0.0000
         235      0.9457      1.3190      2.3758      0.0633      0.0435      0.0000
         240      0.9403      1.3219      2.3534      0.0620      0.0428      0.0000
         245      0.9400      1.3259      2.3438      0.0621      0.0470      0.0000
         250      0.9841      1.3315      2.5007      0.0573      0.0466      1.0000
         255      0.9445      1.3214      2.3649      0.0633      0.0472      0.0000
         260      0.9494      1.3263      2.3764      0.0642      0.0496      0.0000
         265      0.9722      1.3235      2.4824      0.0583      0.0442      0.0000
         270      0.9445      1.3105      2.3784      0.0620      0.0461      0.0000
         275      0.9431      1.3125      2.3700      0.0627      0.0462      0.0000
         280      0.9509      1.3197      2.3814      0.0647      0.0568      0.0000
         285      0.9402      1.3181      2.3573      0.0597      0.0445      0.0000
         290      0.9446      1.3131      2.3770      0.0616      0.0457      0.0000
         295      0.9531      1.3110      2.4213      0.0586      0.0407      0.0000
Max CUDA memory: 0.6580G
Saving /mnt/home/jue/halluc/linear_motifs/output/20220104_sh3_r2/sh3_r1_110_r2_45: npz, fas, trb, trk, trfold pdb
Finished design /mnt/home/jue/halluc/linear_motifs/output/20220104_sh3_r2/sh3_r1_110_r2_45 in 4.19 minutes.

Generating sh3_r1_110_r2_46, length 153...
Forcing amino acids:  B7P,B8P,B9P,B10R,B11P,B12P,B13K,B14P, and 58 receptor positions
Loss term           | Weight      
cce                   1.00
entropy               1.00
rog                   1.00
surfnp                1.00
nc                    0.02

Initializing logits: Spike
Stage 0
Starting MCMC...
        step    avg loss         cce     entropy         rog      surfnp          nc
           0      1.0647      1.4407      2.3608      0.0683      0.1505     13.0000
           5      1.0348      1.3608      2.3550      0.0657      0.1183     13.0000
          10      1.0509      1.3652      2.4338      0.0670      0.1188     12.0000
          15      1.0536      1.3695      2.4407      0.0646      0.1408     11.0000
          20      1.0413      1.3601      2.4342      0.0649      0.1269     10.0000
          25      1.0288      1.3722      2.3956      0.0634      0.1246      9.0000
          30      1.0275      1.3583      2.4087      0.0618      0.1219      9.0000
          35      1.0218      1.3820      2.4270      0.0645      0.1142      6.0000
          40      1.0034      1.3427      2.4061      0.0605      0.1245      5.0000
          45      1.0025      1.3492      2.3929      0.0628      0.1250      5.0000
          50      1.0201      1.3506      2.4949      0.0622      0.1333      3.0000
          55      1.0047      1.3608      2.4384      0.0640      0.1354      2.0000
          60      0.9974      1.3517      2.4311      0.0634      0.1235      2.0000
          65      0.9918      1.3442      2.4483      0.0647      0.1100      1.0000
          70      1.0036      1.3500      2.4701      0.0644      0.1098      2.0000
          75      0.9953      1.3506      2.4514      0.0658      0.1134      1.0000
          80      1.0231      1.3500      2.5462      0.0670      0.1096      2.0000
          85      0.9958      1.3367      2.4750      0.0628      0.1087      1.0000
          90      0.9941      1.3272      2.4750      0.0629      0.1113      1.0000
          95      0.9972      1.3494      2.4719      0.0631      0.1245      0.0000
         100      0.9813      1.3333      2.4402      0.0643      0.1071      0.0000
         105      0.9839      1.3386      2.4445      0.0646      0.1075      0.0000
         110      1.0133      1.3443      2.5638      0.0592      0.1061      0.0000
         115      1.0100      1.3811      2.4928      0.0630      0.1233      0.0000
         120      0.9820      1.3471      2.4256      0.0661      0.1088      0.0000
         125      0.9809      1.3430      2.4281      0.0647      0.1072      0.0000
         130      0.9967      1.3658      2.4502      0.0656      0.1251      0.0000
         135      1.0189      1.3736      2.5598      0.0543      0.1082      0.0000
         140      0.9845      1.3469      2.4193      0.0641      0.1275      0.0000
         145      0.9887      1.3470      2.4159      0.0635      0.1281      1.0000
         150      1.0145      1.3764      2.4950      0.0602      0.1266      1.0000
         155      0.9824      1.3532      2.4049      0.0628      0.1283      0.0000
         160      0.9833      1.3550      2.4045      0.0645      0.1290      0.0000
         165      0.9942      1.3547      2.4205      0.0640      0.1376      1.0000
         170      0.9862      1.3410      2.4349      0.0630      0.1255      0.0000
         175      0.9995      1.3675      2.4385      0.0656      0.1465      0.0000
         180      0.9894      1.3544      2.4302      0.0667      0.1260      0.0000
         185      0.9862      1.3566      2.4121      0.0667      0.1293      0.0000
         190      0.9836      1.3536      2.4127      0.0663      0.1214      0.0000
         195      0.9815      1.3531      2.4110      0.0652      0.1163      0.0000
         200      0.9812      1.3538      2.4247      0.0653      0.1006      0.0000
         205      0.9879      1.3574      2.4399      0.0667      0.0872      1.0000
         210      1.0284      1.3733      2.5667      0.0594      0.1147      1.0000
         215      0.9895      1.3543      2.4377      0.0615      0.1041      1.0000
         220      0.9697      1.3560      2.3762      0.0619      0.1042      0.0000
         225      0.9684      1.3565      2.3708      0.0619      0.1039      0.0000
         230      0.9684      1.3554      2.3731      0.0613      0.1032      0.0000
         235      0.9684      1.3554      2.3731      0.0613      0.1032      0.0000
         240      0.9770      1.3605      2.3858      0.0612      0.1202      0.0000
         245      0.9752      1.3524      2.4034      0.0604      0.1042      0.0000
         250      0.9798      1.3569      2.4153      0.0614      0.1051      0.0000
         255      1.0003      1.3561      2.4832      0.0602      0.1015      1.0000
         260      0.9817      1.3494      2.4421      0.0608      0.0941      0.0000
         265      0.9774      1.3406      2.4273      0.0590      0.1025      0.0000
         270      0.9863      1.3489      2.4509      0.0602      0.1051      0.0000
         275      0.9964      1.3547      2.4756      0.0621      0.1129      0.0000
         280      0.9969      1.3418      2.4911      0.0563      0.1182      0.0000
         285      0.9795      1.3575      2.3995      0.0598      0.1207      0.0000
         290      0.9669      1.3478      2.3762      0.0606      0.1025      0.0000
         295      0.9871      1.3454      2.4584      0.0607      0.1036      0.0000
Max CUDA memory: 0.7419G
Saving /mnt/home/jue/halluc/linear_motifs/output/20220104_sh3_r2/sh3_r1_110_r2_46: npz, fas, trb, trk, trfold pdb
Finished design /mnt/home/jue/halluc/linear_motifs/output/20220104_sh3_r2/sh3_r1_110_r2_46 in 4.19 minutes.

Generating sh3_r1_110_r2_47, length 153...
Forcing amino acids:  B7P,B8P,B9P,B10R,B11P,B12P,B13K,B14P, and 58 receptor positions
Loss term           | Weight      
cce                   1.00
entropy               1.00
rog                   1.00
surfnp                1.00
nc                    0.02

Initializing logits: Spike
Stage 0
Starting MCMC...
        step    avg loss         cce     entropy         rog      surfnp          nc
           0      1.0697      1.4236      2.3599      0.0654      0.1515     15.0000
           5      1.0240      1.3587      2.3226      0.0646      0.1306     12.0000
          10      1.0098      1.3534      2.3068      0.0645      0.1146     11.0000
          15      1.0096      1.3759      2.3149      0.0669      0.1211      9.0000
          20      0.9994      1.3446      2.3016      0.0667      0.1045     10.0000
          25      1.0657      1.4089      2.5183      0.0652      0.1117      9.0000
          30      0.9909      1.3376      2.3132      0.0655      0.1069      8.0000
          35      0.9935      1.3393      2.3424      0.0651      0.1073      7.0000
          40      0.9853      1.3439      2.3467      0.0654      0.1047      5.0000
          45      0.9697      1.3197      2.3378      0.0648      0.0760      5.0000
          50      0.9622      1.3163      2.3316      0.0645      0.0757      4.0000
          55      0.9587      1.3285      2.3699      0.0646      0.0709      1.0000
          60      0.9591      1.3244      2.3753      0.0651      0.0708      1.0000
          65      0.9613      1.3172      2.3699      0.0643      0.0729      2.0000
          70      0.9633      1.3316      2.3718      0.0661      0.0830      1.0000
          75      0.9632      1.3045      2.3846      0.0663      0.0767      2.0000
          80      0.9785      1.3040      2.4225      0.0687      0.0782      3.0000
          85      0.9634      1.3019      2.3675      0.0681      0.0754      3.0000
          90      0.9673      1.3123      2.3935      0.0695      0.0733      2.0000
          95      0.9682      1.3216      2.3301      0.0709      0.0896      4.0000
         100      0.9607      1.3101      2.3134      0.0684      0.0904      4.0000
         105      0.9584      1.3064      2.3341      0.0678      0.1046      2.0000
         110      0.9671      1.3180      2.3670      0.0673      0.1156      1.0000
         115      0.9619      1.3096      2.3715      0.0691      0.1166      0.0000
         120      0.9568      1.3188      2.3459      0.0651      0.1164      0.0000
         125      0.9592      1.3287      2.3420      0.0686      0.1165      0.0000
         130      0.9493      1.3179      2.3124      0.0688      0.1172      0.0000
         135      0.9491      1.3128      2.3273      0.0696      0.0857      1.0000
         140      0.9446      1.3066      2.3341      0.0701      0.0864      0.0000
         145      0.9531      1.3062      2.3527      0.0694      0.1031      0.0000
         150      0.9512      1.3091      2.3568      0.0705      0.0874      0.0000
         155      0.9631      1.3499      2.3577      0.0720      0.0921      0.0000
         160      0.9432      1.3071      2.3269      0.0702      0.0874      0.0000
         165      0.9659      1.3069      2.4227      0.0669      0.0863      0.0000
         170      0.9545      1.3116      2.3524      0.0664      0.0869      1.0000
         175      0.9471      1.2993      2.3520      0.0676      0.0886      0.0000
         180      0.9462      1.3061      2.3382      0.0698      0.0897      0.0000
         185      0.9531      1.3188      2.3672      0.0680      0.0775      0.0000
         190      0.9546      1.3039      2.3922      0.0710      0.0706      0.0000
         195      0.9431      1.2905      2.3595      0.0705      0.0705      0.0000
         200      0.9383      1.2966      2.3329      0.0691      0.0732      0.0000
         205      0.9398      1.2929      2.3448      0.0683      0.0718      0.0000
         210      0.9468      1.2999      2.3763      0.0692      0.0608      0.0000
         215      0.9378      1.2920      2.3345      0.0701      0.0735      0.0000
         220      0.9357      1.2984      2.3355      0.0686      0.0590      0.0000
         225      0.9345      1.2914      2.3410      0.0687      0.0556      0.0000
         230      0.9354      1.2942      2.3227      0.0676      0.0559      1.0000
         235      0.9372      1.2989      2.3436      0.0677      0.0572      0.0000
         240      1.0381      1.3926      2.6068      0.0862      0.0877      0.0000
         245      0.9389      1.3031      2.3396      0.0692      0.0627      0.0000
         250      0.9441      1.2999      2.3487      0.0688      0.0576      1.0000
         255      0.9476      1.2996      2.3446      0.0674      0.0578      2.0000
         260      0.9368      1.2964      2.3415      0.0704      0.0574      0.0000
         265      0.9679      1.3009      2.4640      0.0751      0.0510      0.0000
         270      0.9494      1.2977      2.3954      0.0687      0.0549      0.0000
         275      0.9845      1.3291      2.5097      0.0626      0.0562      0.0000
         280      0.9512      1.3052      2.3534      0.0688      0.0564      2.0000
         285      0.9336      1.2946      2.3331      0.0691      0.0561      0.0000
         290      0.9344      1.2928      2.3363      0.0701      0.0569      0.0000
         295      0.9321      1.2880      2.3321      0.0709      0.0563      0.0000
Max CUDA memory: 0.7427G
Saving /mnt/home/jue/halluc/linear_motifs/output/20220104_sh3_r2/sh3_r1_110_r2_47: npz, fas, trb, trk, trfold pdb
Finished design /mnt/home/jue/halluc/linear_motifs/output/20220104_sh3_r2/sh3_r1_110_r2_47 in 4.16 minutes.

Generating sh3_r1_110_r2_48, length 153...
Forcing amino acids:  B7P,B8P,B9P,B10R,B11P,B12P,B13K,B14P, and 58 receptor positions
Loss term           | Weight      
cce                   1.00
entropy               1.00
rog                   1.00
surfnp                1.00
nc                    0.02

Initializing logits: Spike
Stage 0
Starting MCMC...
        step    avg loss         cce     entropy         rog      surfnp          nc
           0      1.0668      1.4153      2.3730      0.0663      0.1338     15.0000
           5      1.0563      1.4169      2.3495      0.0664      0.1336     14.0000
          10      1.0434      1.4033      2.3499      0.0649      0.1163     13.0000
          15      1.0311      1.3879      2.3509      0.0700      0.1361     10.0000
          20      1.0297      1.3850      2.3491      0.0696      0.1357     10.0000
          25      1.0257      1.3554      2.3578      0.0648      0.1254     11.0000
          30      1.0351      1.3399      2.4327      0.0663      0.1223     10.0000
          35      1.0189      1.3447      2.3822      0.0661      0.1231      9.0000
          40      1.0243      1.3669      2.3716      0.0690      0.1304      9.0000
          45      1.0329      1.3454      2.4389      0.0693      0.1188      9.0000
          50      1.0212      1.3318      2.3856      0.0626      0.1054     11.0000
          55      0.9913      1.3386      2.3601      0.0614      0.1051      6.0000
          60      0.9909      1.3360      2.3609      0.0614      0.1052      6.0000
          65      0.9950      1.3484      2.3595      0.0593      0.1126      6.0000
          70      0.9937      1.3336      2.3726      0.0589      0.1096      6.0000
          75      0.9941      1.3375      2.3922      0.0582      0.1085      5.0000
          80      1.0006      1.3224      2.4105      0.0611      0.1083      6.0000
          85      1.0034      1.3269      2.3880      0.0622      0.1164      7.0000
          90      0.9988      1.3346      2.3676      0.0650      0.1281      6.0000
          95      1.0004      1.3307      2.3771      0.0633      0.1106      7.0000
         100      1.0013      1.3286      2.4690      0.0581      0.0895      4.0000
         105      0.9990      1.3317      2.4435      0.0626      0.0980      4.0000
         110      1.0000      1.3284      2.4338      0.0625      0.0954      5.0000
         115      1.0028      1.3371      2.5138      0.0552      0.0850      2.0000
         120      0.9881      1.3343      2.4170      0.0637      0.0973      3.0000
         125      0.9912      1.3347      2.4306      0.0650      0.0943      3.0000
         130      1.0230      1.3455      2.5370      0.0622      0.1077      3.0000
         135      0.9974      1.3505      2.4048      0.0657      0.1285      3.0000
         140      0.9838      1.3509      2.3884      0.0646      0.1107      2.0000
         145      0.9891      1.3435      2.3993      0.0635      0.1100      3.0000
         150      1.0157      1.3451      2.5300      0.0596      0.1084      2.0000
         155      1.0037      1.3398      2.5120      0.0578      0.1055      1.0000
         160      0.9869      1.3452      2.4331      0.0618      0.1073      1.0000
         165      0.9937      1.3420      2.4456      0.0619      0.1050      2.0000
         170      0.9864      1.3479      2.4223      0.0647      0.1103      1.0000
         175      0.9871      1.3612      2.3761      0.0685      0.1226      2.0000
         180      1.6845      1.4226      2.6381      2.5056      0.1852      1.0000
         185      1.0000      1.3576      2.4485      0.0716      0.1225      1.0000
         190      0.9845      1.3547      2.3866      0.0743      0.1220      1.0000
         195      0.9821      1.3519      2.4065      0.0695      0.1201      0.0000
         200      0.9823      1.3493      2.4119      0.0679      0.1199      0.0000
         205      1.0052      1.3398      2.5057      0.0757      0.1198      0.0000
         210      0.9935      1.3703      2.4245      0.0718      0.1272      0.0000
         215      0.9740      1.3377      2.4012      0.0671      0.1095      0.0000
         220      0.9834      1.3383      2.4226      0.0667      0.1256      0.0000
         225      0.9968      1.3493      2.4643      0.0672      0.1265      0.0000
         230      0.9823      1.3320      2.4371      0.0670      0.1127      0.0000
         235      0.9706      1.3233      2.3991      0.0688      0.1106      0.0000
         240      0.9898      1.3314      2.4516      0.0686      0.1275      0.0000
         245      0.9706      1.3233      2.3991      0.0688      0.1106      0.0000
         250      0.9737      1.3324      2.4033      0.0685      0.1103      0.0000
         255      0.9897      1.3203      2.4778      0.0771      0.1035      0.0000
         260      0.9842      1.3282      2.4496      0.0690      0.1099      0.0000
         265      0.9735      1.3336      2.4027      0.0702      0.1070      0.0000
         270      0.9916      1.3317      2.4765      0.0710      0.1068      0.0000
         275      0.9739      1.3283      2.4133      0.0675      0.1059      0.0000
         280      0.9599      1.2937      2.3795      0.0708      0.0947      1.0000
         285      0.9593      1.2920      2.3991      0.0710      0.0944      0.0000
         290      0.9623      1.2982      2.3850      0.0703      0.0950      1.0000
         295      0.9771      1.2954      2.4487      0.0701      0.0940      1.0000
Max CUDA memory: 0.7406G
Saving /mnt/home/jue/halluc/linear_motifs/output/20220104_sh3_r2/sh3_r1_110_r2_48: npz, fas, trb, trk, trfold pdb
Finished design /mnt/home/jue/halluc/linear_motifs/output/20220104_sh3_r2/sh3_r1_110_r2_48 in 4.16 minutes.

Generating sh3_r1_110_r2_49, length 153...
Forcing amino acids:  B7P,B8P,B9P,B10R,B11P,B12P,B13K,B14P, and 58 receptor positions
Loss term           | Weight      
cce                   1.00
entropy               1.00
rog                   1.00
surfnp                1.00
nc                    0.02

Initializing logits: Spike
Stage 0
Starting MCMC...
        step    avg loss         cce     entropy         rog      surfnp          nc
           0      1.0506      1.4062      2.3745      0.0656      0.1372     12.0000
           5      1.0374      1.3737      2.4164      0.0624      0.1177     10.0000
          10      1.0389      1.3549      2.4429      0.0617      0.1169     10.0000
          15      1.0316      1.3546      2.4310      0.0592      0.1022     10.0000
          20      1.0379      1.3463      2.4896      0.0614      0.1152      8.0000
          25      1.0590      1.3536      2.5992      0.0659      0.0982      7.0000
          30      1.0193      1.3504      2.4392      0.0646      0.1035      7.0000
          35      1.0182      1.3393      2.4272      0.0635      0.1032      8.0000
          40      1.0127      1.3402      2.4249      0.0632      0.1029      7.0000
          45      1.0300      1.3535      2.4735      0.0637      0.1101      7.0000
          50      1.0062      1.3401      2.4251      0.0657      0.0941      6.0000
          55      1.0033      1.3411      2.4105      0.0666      0.0952      6.0000
          60      1.0103      1.3357      2.4260      0.0655      0.0940      7.0000
          65      1.0139      1.3402      2.4368      0.0654      0.0936      7.0000
          70      1.0014      1.3330      2.4147      0.0643      0.0937      6.0000
          75      1.0753      1.3910      2.6239      0.1077      0.1201      4.0000
          80      1.0096      1.3389      2.4822      0.0644      0.0931      4.0000
          85      0.9868      1.3392      2.4270      0.0651      0.0955      2.0000
          90      0.9887      1.3344      2.4231      0.0634      0.0936      3.0000
          95      0.9897      1.3343      2.4487      0.0653      0.0902      2.0000
         100      0.9881      1.3377      2.4339      0.0659      0.0945      2.0000
         105      0.9832      1.3273      2.4291      0.0633      0.0928      2.0000
         110      0.9947      1.3352      2.4558      0.0648      0.1027      2.0000
         115      0.9921      1.3261      2.4453      0.0592      0.0976      3.0000
         120      1.5680      1.4030      2.6391      2.0517      0.1694      2.0000
         125      0.9916      1.3229      2.4863      0.0655      0.0915      1.0000
         130      0.9791      1.3264      2.4341      0.0633      0.0920      1.0000
         135      0.9909      1.3267      2.4845      0.0636      0.0886      1.0000
         140      0.9891      1.3303      2.4750      0.0642      0.0867      1.0000
         145      0.9801      1.3247      2.4376      0.0647      0.0929      1.0000
         150      0.9754      1.3215      2.4225      0.0630      0.0941      1.0000
         155      0.9891      1.3253      2.4366      0.0639      0.1104      2.0000
         160      0.9649      1.3119      2.3826      0.0654      0.0789      2.0000
         165      0.9694      1.3130      2.4400      0.0623      0.0818      0.0000
         170      0.9603      1.3189      2.3966      0.0636      0.0812      0.0000
         175      0.9692      1.3371      2.3906      0.0611      0.0874      1.0000
         180      0.9599      1.3219      2.3677      0.0645      0.1048      0.0000
         185      0.9761      1.3233      2.4286      0.0708      0.1012      0.0000
         190      0.9553      1.3233      2.3484      0.0629      0.1056      0.0000
         195      0.9536      1.3215      2.3508      0.0628      0.0984      0.0000
         200      0.9553      1.3249      2.3522      0.0645      0.0986      0.0000
         205      0.9597      1.3303      2.3644      0.0645      0.0986      0.0000
         210      0.9493      1.3123      2.3448      0.0625      0.0967      0.0000
         215      0.9590      1.3193      2.3731      0.0658      0.0970      0.0000
         220      0.9535      1.3129      2.3584      0.0642      0.0976      0.0000
         225      0.9462      1.3129      2.3296      0.0634      0.0976      0.0000
         230      0.9532      1.3156      2.3346      0.0636      0.0978      1.0000
         235      0.9548      1.3138      2.3609      0.0655      0.0979      0.0000
         240      0.9807      1.3199      2.4898      0.0582      0.0747      0.0000
         245      0.9458      1.3097      2.3491      0.0604      0.0828      0.0000
         250      0.9364      1.2940      2.3515      0.0617      0.0569      0.0000
         255      0.9415      1.3126      2.3489      0.0628      0.0607      0.0000
         260      0.9511      1.3122      2.4026      0.0603      0.0481      0.0000
         265      0.9380      1.3162      2.3209      0.0598      0.0739      0.0000
         270      0.9320      1.2969      2.3305      0.0607      0.0586      0.0000
         275      0.9274      1.2954      2.3128      0.0606      0.0594      0.0000
         280      0.9306      1.2994      2.3122      0.0603      0.0691      0.0000
         285      0.9349      1.2994      2.3381      0.0610      0.0596      0.0000
         290      0.9459      1.3069      2.3594      0.0606      0.0757      0.0000
         295      0.9339      1.2895      2.3067      0.0601      0.0582      2.0000
Max CUDA memory: 0.7435G
Saving /mnt/home/jue/halluc/linear_motifs/output/20220104_sh3_r2/sh3_r1_110_r2_49: npz, fas, trb, trk, trfold pdb
Finished design /mnt/home/jue/halluc/linear_motifs/output/20220104_sh3_r2/sh3_r1_110_r2_49 in 4.15 minutes.
