/mnt/home/dzorine/software/homog/homog/homog.py:98: SyntaxWarning: "is" with a literal. Did you mean "=="?
  if degrees is 'auto': degrees = guess_is_degrees(angle)
[15:09:11] /opt/dgl/src/runtime/tensordispatch.cc:43: TensorDispatcher: dlopen failed: libtorch_cuda_cpp.so: cannot open shared object file: No such file or directory
Using backend: pytorch
--steps was given. Ignoring --grad_steps, --mcmc_steps.

Run settings:
{'network_name': 'rf_Nov05_2021', 'use_template': 'B7-14', 'num': 5, 'start_num': 5, 'msa_num': 1, 'out': '/mnt/home/jue/halluc/linear_motifs/output/20220104_sh3_r2/sh3_r1_110_r2', 'cautious': 1, 'save_pdb': 1, 'save_batch_fas': False, 'track_step': 1, 'track_logits': False, 'out_step': None, 'seed_rng': False, 'steps': 'm300', 'grad_steps': 400, 'mcmc_steps': 0, 'optimizer': 'nsgd', 'drop': 0.2, 'init_sd': 1e-06, 'learning_rate': 0.05, 'grad_check': True, 'logit_scale': 1, 'seq_prob_type': 'hard', 'seq_sample': False, 'calc_bkg': True, 'cce_sd': None, 'hal_sd': None, 'corrupt_sequence': None, 'corrupt_fraction': None, 'pdb': '/mnt/home/jue/halluc/linear_motifs/input/SH3_2w0z.pdb', 'mask': '28-28,B7-14,59-59', 'contigs': None, 'con_set_id': None, 'len': None, 'keep_order': False, 'contig_min_gap': 5, 'spike': 0.999, 'spike_fas': 'output/hits_sh3_r1/sh3_r1_110.fas', 'force_aa': 'B7-14', 'exclude_aa': 'C', 'force_aa_hal': None, 'template_pdbs': None, 'no_bkg_mask': False, 'num_repeats': 0, 'init_seq': None, 'masks_bkg': None, 'masks_pass': None, 'force_logits': None, 'receptor': 'input/SH3_2w0z_rec.pdb', 'rec_placement': 'second', 'gap': 200, 'w_cce': 1, 'w_crmsd': -1, 'w_entropy': 1, 'w_kl': -1, 'n_bkg': 100, 'w_rep': -1, 'w_set_rep': -1, 'w_atr': -1, 'w_set_atr': -1, 'w_rog': 1.0, 'w_aspect_ratio': -1, 'w_cyc_sym': -1, 'w_surfnp': 1.0, 'w_nc': 0.02, 'w_cce_bg': -1, 'w_sym': -1, 'cce_cutoff': 19.9, 'rep_pdb': None, 'rep_sigma': 5, 'atr_pdb': None, 'atr_sigma': 5, 'entropy_beta': 10, 'rog_thresh': 16.0, 'surfnp_nbr_thresh': 2.5, 'nc_target': -7, 'entropy_dist_bins': 16, 'mcmc_halflife': 500.0, 'T_acc_0': 0.002, 'mcmc_batch': 1, 'anneal_t1d': False, 'erode_template': False, 'num_masked_tokens': 1, 'weights_dir': '/projects/ml/trDesign', 'nthreads': 4, 'cce_cutstep': None, 'cce_thresh': 2.2, 'batch': 64, 'lr': 0.2, 'nsteps': 100, 'commit': '3c91d72d7c0f6305334db8ae5306b96f5293e969'}

Loading structure prediction model onto device cuda:0...
#   trunk_msa_v00     [ens=1]   AF2-inspired 12-block 2-track trunk
#   trunk_tbm_v00     [ens=1]   AF2-inspired 3-track trunk
#   rf_v00            [ens=1]   RoseTTAFold 3-track trunk + refiner (formerly trunk_e2e_v00)
# * rf_Nov05_2021     [ens=1]   RoseTTAFold 3-track, no perceiver, Nov. 5 2021
#   rf_perceiver_v00  [ens=1]   RoseTTAFold w/ Perceiver & FAPE loss (msa_full=zeros)
#   rf_perceiver_v01  [ens=1]   RoseTTAFold w/ Perceiver & FAPE loss (msa_full=msa_latent)
#   af2_v00           [ens=0]   AlphaFold2 (only works with rescue.py)
Loaded sequence-to-structure model rf_Nov05_2021 with 66037142 parameters

Model hyperparameters:
{'SE3_param': {'div': 4, 'l0_in_features': 32, 'l0_out_features': 32, 'l1_in_features': 3, 'l1_out_features': 2, 'n_heads': 4, 'num_channels': 32, 'num_degrees': 2, 'num_edge_features': 32, 'num_layers': 3}, 'd_hidden': 32, 'd_hidden_templ': 64, 'd_msa': 256, 'd_msa_full': 64, 'd_pair': 128, 'd_templ': 64, 'n_head_msa': 8, 'n_head_pair': 4, 'n_head_templ': 4, 'n_module_2track': 24, 'n_module_3track': 8, 'p_drop': 0.0}

Using CUDA device(s):  cuda:0: (GeForce RTX 2080); 

Parsing input pdb...
Parsing receptor pdb...

Generating sh3_r1_110_r2_5, length 153...
Forcing amino acids:  B7P,B8P,B9P,B10R,B11P,B12P,B13K,B14P, and 58 receptor positions
Loss term           | Weight      
cce                   1.00
entropy               1.00
rog                   1.00
surfnp                1.00
nc                    0.02

Initializing logits: Spike
Stage 0
Starting MCMC...
        step    avg loss         cce     entropy         rog      surfnp          nc
           0      1.0523      1.4253      2.3427      0.0666      0.1358     13.0000
           5      1.0915      1.5404      2.4196      0.0604      0.1274     12.0000
          10      1.0259      1.3730      2.3501      0.0644      0.1164     11.0000
          15      2.1274      1.4272      2.6063      4.1127      0.2061     10.0000
          20      1.0307      1.3707      2.3931      0.0646      0.1153     10.0000
          25      1.0130      1.3412      2.3675      0.0699      0.1137      9.0000
          30      1.0039      1.3464      2.4300      0.0636      0.1157      4.0000
          35      0.9958      1.3450      2.3813      0.0671      0.1097      5.0000
          40      0.9932      1.3419      2.3850      0.0647      0.1009      5.0000
          45      0.9961      1.3465      2.3717      0.0649      0.1011      6.0000
          50      0.9971      1.3237      2.4188      0.0654      0.1005      5.0000
          55      0.9880      1.3254      2.4034      0.0631      0.0999      4.0000
          60      0.9901      1.3258      2.4335      0.0610      0.1000      3.0000
          65      0.9912      1.3212      2.4668      0.0603      0.0963      2.0000
          70      0.9695      1.3122      2.4186      0.0629      0.0837      1.0000
          75      0.9728      1.3243      2.4253      0.0630      0.0982      0.0000
          80      0.9761      1.3315      2.4174      0.0603      0.1146      0.0000
          85      0.9766      1.3355      2.4139      0.0626      0.1139      0.0000
          90      0.9716      1.3208      2.4243      0.0626      0.0981      0.0000
          95      0.9618      1.3141      2.4041      0.0640      0.0844      0.0000
         100      0.9586      1.3219      2.3757      0.0677      0.0883      0.0000
         105      0.9717      1.3256      2.3910      0.0666      0.1032      1.0000
         110      0.9601      1.3166      2.3855      0.0685      0.0889      0.0000
         115      1.8181      1.4104      2.6229      3.1076      0.1678      0.0000
         120      0.9764      1.3318      2.4300      0.0674      0.0959      0.0000
         125      0.9580      1.3265      2.3714      0.0653      0.0881      0.0000
         130      0.9589      1.3329      2.3704      0.0639      0.0878      0.0000
         135      0.9602      1.3189      2.3924      0.0621      0.0865      0.0000
         140      0.9857      1.3263      2.4962      0.0566      0.0835      0.0000
         145      0.9633      1.3416      2.3837      0.0612      0.0859      0.0000
         150      0.9831      1.3322      2.4284      0.0626      0.0890      2.0000
         155      0.9533      1.3288      2.3549      0.0606      0.0880      0.0000
         160      0.9486      1.3230      2.3442      0.0598      0.0863      0.0000
         165      0.9889      1.3228      2.4881      0.0587      0.0859      1.0000
         170      0.9562      1.3252      2.3729      0.0601      0.0858      0.0000
         175      0.9588      1.3293      2.3892      0.0604      0.0753      0.0000
         180      0.9522      1.3147      2.3984      0.0549      0.0597      0.0000
         185      0.9689      1.3182      2.4497      0.0611      0.0662      0.0000
         190      0.9460      1.3058      2.3850      0.0552      0.0567      0.0000
         195      0.9889      1.3717      2.4901      0.0498      0.0637      0.0000
         200      0.9467      1.3057      2.3879      0.0556      0.0566      0.0000
         205      0.9535      1.2997      2.4299      0.0565      0.0470      0.0000
         210      0.9481      1.2954      2.4151      0.0557      0.0452      0.0000
         215      0.9994      1.3303      2.5866      0.0578      0.0428      0.0000
         220      0.9520      1.2934      2.4326      0.0564      0.0448      0.0000
         225      0.9574      1.2951      2.4340      0.0571      0.0627      0.0000
         230      0.9522      1.2900      2.4415      0.0531      0.0435      0.0000
         235      0.9596      1.2955      2.4640      0.0550      0.0429      0.0000
         240      0.9612      1.3007      2.4448      0.0577      0.0609      0.0000
         245      0.9462      1.2848      2.4243      0.0519      0.0426      0.0000
         250      0.9472      1.2873      2.4206      0.0553      0.0446      0.0000
         255      0.9521      1.2888      2.4403      0.0553      0.0432      0.0000
         260      0.9451      1.2859      2.4187      0.0534      0.0414      0.0000
         265      0.9499      1.2912      2.4154      0.0537      0.0585      0.0000
         270      0.9399      1.2856      2.3798      0.0546      0.0582      0.0000
         275      0.9411      1.2884      2.3966      0.0520      0.0464      0.0000
         280      0.9273      1.2851      2.3460      0.0539      0.0427      0.0000
         285      0.9375      1.2835      2.3813      0.0603      0.0437      0.0000
         290      0.9405      1.2885      2.3962      0.0579      0.0381      0.0000
         295      0.9270      1.2760      2.3613      0.0553      0.0341      0.0000
Max CUDA memory: 0.6580G
Saving /mnt/home/jue/halluc/linear_motifs/output/20220104_sh3_r2/sh3_r1_110_r2_5: npz, fas, trb, trk, trfold pdb
Finished design /mnt/home/jue/halluc/linear_motifs/output/20220104_sh3_r2/sh3_r1_110_r2_5 in 5.83 minutes.

Generating sh3_r1_110_r2_6, length 153...
Forcing amino acids:  B7P,B8P,B9P,B10R,B11P,B12P,B13K,B14P, and 58 receptor positions
Loss term           | Weight      
cce                   1.00
entropy               1.00
rog                   1.00
surfnp                1.00
nc                    0.02

Initializing logits: Spike
Stage 0
Starting MCMC...
        step    avg loss         cce     entropy         rog      surfnp          nc
           0      1.0912      1.4778      2.4226      0.0602      0.1460     14.0000
           5      1.0539      1.3681      2.4080      0.0648      0.1158     14.0000
          10      1.0363      1.3401      2.4041      0.0595      0.1024     13.0000
          15      1.0416      1.3497      2.4240      0.0594      0.1141     12.0000
          20      1.0256      1.3496      2.3857      0.0645      0.1031     11.0000
          25      1.0255      1.3433      2.4041      0.0632      0.0918     11.0000
          30      1.0255      1.3434      2.4041      0.0632      0.0918     11.0000
          35      1.0222      1.3339      2.4010      0.0639      0.0905     11.0000
          40      1.0228      1.3444      2.3955      0.0611      0.0907     11.0000
          45      1.0206      1.3276      2.3909      0.0638      0.1005     11.0000
          50      1.0264      1.3273      2.4143      0.0643      0.1001     11.0000
          55      1.0286      1.3315      2.4403      0.0653      0.0980     10.0000
          60      1.0460      1.3428      2.4970      0.0644      0.1008     10.0000
          65      1.0171      1.3320      2.4349      0.0629      0.0991      8.0000
          70      1.0173      1.3330      2.4121      0.0645      0.1000      9.0000
          75      1.0205      1.3315      2.4474      0.0657      0.0975      8.0000
          80      1.0017      1.3353      2.3868      0.0649      0.1000      7.0000
          85      1.0037      1.3269      2.4086      0.0632      0.0961      7.0000
          90      1.0022      1.3244      2.4070      0.0636      0.0941      7.0000
          95      1.0005      1.3286      2.4126      0.0658      0.0949      6.0000
         100      0.9974      1.3217      2.4465      0.0678      0.0938      4.0000
         105      1.0035      1.3316      2.4537      0.0662      0.1025      4.0000
         110      1.0030      1.3082      2.5087      0.0665      0.0889      3.0000
         115      0.9945      1.3125      2.4683      0.0661      0.0911      3.0000
         120      1.0178      1.3268      2.5435      0.0678      0.0937      3.0000
         125      1.0464      1.3666      2.6575      0.0781      0.0843      1.0000
         130      0.9971      1.3227      2.5000      0.0680      0.0776      2.0000
         135      0.9973      1.3272      2.5583      0.0643      0.0591      0.0000
         140      1.4983      1.3926      2.6771      1.8251      0.1285      0.0000
         145      0.9993      1.3384      2.5398      0.0774      0.0616      0.0000
         150      0.9984      1.3241      2.5476      0.0787      0.0631      0.0000
         155      0.9899      1.3300      2.5173      0.0712      0.0608      0.0000
         160      0.9998      1.3426      2.5216      0.0713      0.0637      1.0000
         165      0.9992      1.3310      2.5400      0.0703      0.0756      0.0000
         170      1.0028      1.3301      2.5577      0.0837      0.0595      0.0000
         175      1.0023      1.3268      2.5784      0.0758      0.0482      0.0000
         180      0.9985      1.3184      2.5603      0.0716      0.0436      1.0000
         185      0.9725      1.3146      2.4781      0.0693      0.0473      0.0000
         190      0.9742      1.3120      2.4920      0.0659      0.0464      0.0000
         195      1.0368      1.3484      2.6928      0.0702      0.0566      0.0000
         200      0.9764      1.3144      2.4845      0.0659      0.0602      0.0000
         205      0.9826      1.3122      2.4918      0.0663      0.0598      1.0000
         210      0.9877      1.3177      2.5087      0.0677      0.0766      0.0000
         215      0.9841      1.3085      2.5175      0.0671      0.0629      0.0000
         220      0.9787      1.3091      2.4979      0.0669      0.0606      0.0000
         225      0.9748      1.3192      2.4720      0.0655      0.0622      0.0000
         230      0.9878      1.3207      2.4795      0.0683      0.0624      2.0000
         235      0.9929      1.3263      2.5229      0.0700      0.0722      0.0000
         240      0.9853      1.3214      2.5120      0.0676      0.0601      0.0000
         245      0.9798      1.3174      2.4896      0.0673      0.0647      0.0000
         250      0.9806      1.3250      2.4804      0.0644      0.0721      0.0000
         255      0.9697      1.3182      2.4566      0.0651      0.0583      0.0000
         260      0.9708      1.3203      2.4594      0.0650      0.0577      0.0000
         265      0.9607      1.3223      2.4074      0.0663      0.0661      0.0000
         270      0.9737      1.3318      2.4263      0.0655      0.0907      0.0000
         275      0.9805      1.3444      2.4368      0.0691      0.0915      0.0000
         280      0.9572      1.3311      2.3838      0.0646      0.0685      0.0000
         285      0.9610      1.3292      2.4019      0.0641      0.0681      0.0000
         290      0.9914      1.3602      2.4583      0.0793      0.0875      0.0000
         295      0.9570      1.3291      2.3880      0.0653      0.0648      0.0000
Max CUDA memory: 0.7419G
Saving /mnt/home/jue/halluc/linear_motifs/output/20220104_sh3_r2/sh3_r1_110_r2_6: npz, fas, trb, trk, trfold pdb
Finished design /mnt/home/jue/halluc/linear_motifs/output/20220104_sh3_r2/sh3_r1_110_r2_6 in 5.79 minutes.

Generating sh3_r1_110_r2_7, length 153...
Forcing amino acids:  B7P,B8P,B9P,B10R,B11P,B12P,B13K,B14P, and 58 receptor positions
Loss term           | Weight      
cce                   1.00
entropy               1.00
rog                   1.00
surfnp                1.00
nc                    0.02

Initializing logits: Spike
Stage 0
Starting MCMC...
        step    avg loss         cce     entropy         rog      surfnp          nc
           0      1.0634      1.4070      2.3663      0.0666      0.1349     15.0000
           5      1.0417      1.3955      2.3441      0.0649      0.1032     14.0000
          10      1.0582      1.3690      2.4434      0.0649      0.0967     14.0000
          15      1.0641      1.3865      2.4295      0.0644      0.0972     15.0000
          20      1.0256      1.3725      2.3956      0.0622      0.0724     11.0000
          25      1.0265      1.3526      2.4009      0.0600      0.0729     12.0000
          30      1.0137      1.3471      2.3512      0.0628      0.0739     12.0000
          35      1.0092      1.3329      2.3746      0.0623      0.0675     11.0000
          40      1.0055      1.3228      2.3944      0.0601      0.0648     10.0000
          45      1.0119      1.3238      2.4198      0.0603      0.0641     10.0000
          50      1.0171      1.3335      2.4280      0.0615      0.0858      9.0000
          55      1.0741      1.4882      2.5160      0.0471      0.0867      9.0000
          60      1.0021      1.3160      2.4115      0.0612      0.0799      8.0000
          65      1.0045      1.3172      2.4251      0.0588      0.0770      8.0000
          70      1.0073      1.3211      2.4315      0.0599      0.0768      8.0000
          75      1.0059      1.3135      2.4348      0.0584      0.0770      8.0000
          80      1.0085      1.3196      2.4618      0.0554      0.0774      7.0000
          85      0.9845      1.3075      2.3968      0.0601      0.0733      6.0000
          90      0.9904      1.3104      2.4160      0.0619      0.0731      6.0000
          95      0.9828      1.3136      2.4004      0.0627      0.0740      5.0000
         100      1.0175      1.3286      2.5320      0.0612      0.0886      4.0000
         105      1.0015      1.3246      2.4608      0.0625      0.0782      5.0000
         110      0.9934      1.3431      2.4511      0.0690      0.0704      3.0000
         115      0.9797      1.3309      2.4211      0.0650      0.0612      3.0000
         120      0.9780      1.3320      2.4324      0.0654      0.0620      2.0000
         125      0.9735      1.3333      2.4357      0.0631      0.0615      1.0000
         130      0.9784      1.3312      2.4718      0.0640      0.0660      0.0000
         135      0.9780      1.3285      2.4732      0.0652      0.0647      0.0000
         140      0.9761      1.3304      2.4660      0.0652      0.0621      0.0000
         145      2.4453      1.3770      2.6616      5.6854      0.1061      0.0000
         150      1.0157      1.3514      2.6078      0.0606      0.0634      0.0000
         155      0.9845      1.3374      2.4918      0.0639      0.0646      0.0000
         160      0.9729      1.3303      2.4486      0.0674      0.0648      0.0000
         165      1.0180      1.3325      2.6127      0.0762      0.0710      0.0000
         170      1.0233      1.3433      2.6344      0.0654      0.0705      0.0000
         175      0.9666      1.3187      2.4374      0.0658      0.0637      0.0000
         180      0.9636      1.3169      2.4274      0.0655      0.0638      0.0000
         185      2.5035      1.3828      2.6729      5.8885      0.1197      0.0000
         190      0.9642      1.3173      2.4288      0.0657      0.0644      0.0000
         195      0.9832      1.3224      2.4885      0.0648      0.0769      0.0000
         200      0.9644      1.3232      2.4215      0.0681      0.0641      0.0000
         205      0.9801      1.3271      2.4797      0.0679      0.0654      0.0000
         210      0.9647      1.3274      2.4035      0.0667      0.0606      1.0000
         215      0.9698      1.3354      2.4000      0.0666      0.0768      1.0000
         220      0.9764      1.3213      2.4730      0.0681      0.0625      0.0000
         225      0.9718      1.3452      2.4352      0.0664      0.0599      0.0000
         230      0.9567      1.3221      2.3719      0.0710      0.0607      1.0000
         235      0.9708      1.3265      2.4240      0.0751      0.0769      0.0000
         240      0.9615      1.3187      2.3723      0.0726      0.0615      2.0000
         245      0.9633      1.3201      2.3960      0.0743      0.0623      1.0000
         250      0.9679      1.3178      2.4352      0.0765      0.0615      0.0000
         255      0.9582      1.3231      2.3929      0.0738      0.0622      0.0000
         260      1.0121      1.3289      2.5709      0.0813      0.0673      1.0000
         265      0.9669      1.3251      2.4272      0.0707      0.0638      0.0000
         270      0.9625      1.3159      2.3875      0.0773      0.0685      1.0000
         275      0.9561      1.3135      2.3834      0.0778      0.0689      0.0000
         280      0.9782      1.3242      2.4265      0.0778      0.0838      1.0000
         285      0.9779      1.3196      2.4768      0.0728      0.0620      0.0000
         290      0.9658      1.3190      2.4080      0.0754      0.0802      0.0000
         295      0.9543      1.3121      2.3681      0.0712      0.0648      1.0000
Max CUDA memory: 0.7427G
Saving /mnt/home/jue/halluc/linear_motifs/output/20220104_sh3_r2/sh3_r1_110_r2_7: npz, fas, trb, trk, trfold pdb
Finished design /mnt/home/jue/halluc/linear_motifs/output/20220104_sh3_r2/sh3_r1_110_r2_7 in 5.79 minutes.

Generating sh3_r1_110_r2_8, length 153...
Forcing amino acids:  B7P,B8P,B9P,B10R,B11P,B12P,B13K,B14P, and 58 receptor positions
Loss term           | Weight      
cce                   1.00
entropy               1.00
rog                   1.00
surfnp                1.00
nc                    0.02

Initializing logits: Spike
Stage 0
Starting MCMC...
        step    avg loss         cce     entropy         rog      surfnp          nc
           0      1.0586      1.4191      2.3770      0.0657      0.1340     13.0000
           5      1.0562      1.3992      2.3440      0.0659      0.1370     15.0000
          10      1.0268      1.3530      2.3300      0.0644      0.1005     14.0000
          15      1.0253      1.3658      2.3339      0.0633      0.0988     13.0000
          20      1.0469      1.3835      2.3984      0.0647      0.1020     13.0000
          25      1.4844      1.4443      2.5787      1.5234      0.1608     13.0000
          30      1.0147      1.3492      2.3487      0.0621      0.0792     12.0000
          35      1.0147      1.3492      2.3488      0.0621      0.0792     12.0000
          40      1.0270      1.3497      2.3733      0.0623      0.0834     13.0000
          45      1.0094      1.3456      2.3422      0.0632      0.0666     12.0000
          50      1.0119      1.3420      2.3394      0.0635      0.0831     12.0000
          55      1.0060      1.3330      2.3396      0.0631      0.0684     12.0000
          60      1.0111      1.3305      2.3736      0.0614      0.0793     11.0000
          65      1.0064      1.3185      2.3399      0.0623      0.0649     13.0000
          70      1.0108      1.3088      2.3705      0.0615      0.0627     13.0000
          75      1.0017      1.3207      2.3397      0.0626      0.0639     12.0000
          80      1.0043      1.3187      2.3519      0.0629      0.0639     12.0000
          85      1.0024      1.3216      2.3349      0.0648      0.0683     12.0000
          90      0.9956      1.3097      2.3208      0.0635      0.0682     12.0000
          95      1.0002      1.3179      2.3174      0.0624      0.0832     12.0000
         100      1.0184      1.3089      2.4085      0.0628      0.0536     13.0000
         105      1.0146      1.3023      2.4154      0.0602      0.0609     12.0000
         110      0.9897      1.3155      2.3503      0.0629      0.0699      9.0000
         115      0.9915      1.3195      2.3336      0.0632      0.0694     10.0000
         120      0.9926      1.3271      2.3535      0.0635      0.0861      8.0000
         125      0.9857      1.3169      2.3713      0.0656      0.0686      7.0000
         130      0.9854      1.3191      2.3518      0.0614      0.0689      8.0000
         135      0.9818      1.3150      2.3184      0.0640      0.0693      9.0000
         140      0.9999      1.3389      2.4060      0.0572      0.0774      7.0000
         145      0.9652      1.3157      2.3194      0.0615      0.0635      6.0000
         150      0.9794      1.3162      2.3768      0.0616      0.0626      6.0000
         155      0.9621      1.3237      2.2972      0.0616      0.0653      6.0000
         160      0.9589      1.3209      2.3100      0.0610      0.0628      5.0000
         165      0.9676      1.3293      2.3349      0.0593      0.0662      5.0000
         170      0.9555      1.3297      2.2872      0.0597      0.0646      5.0000
         175      0.9465      1.3327      2.2872      0.0602      0.0649      3.0000
         180      0.9682      1.3242      2.3828      0.0609      0.0644      3.0000
         185      0.9514      1.3309      2.3081      0.0609      0.0647      3.0000
         190      0.9430      1.3287      2.2763      0.0605      0.0654      3.0000
         195      0.9333      1.3231      2.2829      0.0608      0.0654      1.0000
         200      0.9325      1.3313      2.2720      0.0603      0.0651      1.0000
         205      0.9602      1.3608      2.3346      0.0627      0.0820      1.0000
         210      0.9409      1.3203      2.3407      0.0606      0.0606      0.0000
         215      0.9403      1.3160      2.3416      0.0615      0.0608      0.0000
         220      0.9381      1.3242      2.3215      0.0628      0.0628      0.0000
         225      0.9886      1.4279      2.4244      0.0529      0.0689      0.0000
         230      0.9279      1.3173      2.2936      0.0618      0.0573      0.0000
         235      0.9277      1.3127      2.3027      0.0615      0.0525      0.0000
         240      0.9323      1.3123      2.3020      0.0623      0.0513      1.0000
         245      0.9347      1.3156      2.3071      0.0618      0.0531      1.0000
         250      0.9402      1.3276      2.3403      0.0601      0.0516      0.0000
         255      0.9493      1.3106      2.3875      0.0611      0.0569      0.0000
         260      0.9289      1.3136      2.3053      0.0622      0.0529      0.0000
         265      0.9279      1.3116      2.3035      0.0617      0.0531      0.0000
         270      0.9305      1.3110      2.3103      0.0642      0.0550      0.0000
         275      0.9793      1.3311      2.4778      0.0577      0.0703      0.0000
         280      0.9390      1.3056      2.3522      0.0631      0.0540      0.0000
         285      0.9293      1.3056      2.3121      0.0648      0.0533      0.0000
         290      0.9285      1.2998      2.3315      0.0635      0.0379      0.0000
         295      0.9326      1.3087      2.3250      0.0625      0.0530      0.0000
Max CUDA memory: 0.7406G
Saving /mnt/home/jue/halluc/linear_motifs/output/20220104_sh3_r2/sh3_r1_110_r2_8: npz, fas, trb, trk, trfold pdb
Finished design /mnt/home/jue/halluc/linear_motifs/output/20220104_sh3_r2/sh3_r1_110_r2_8 in 5.80 minutes.

Generating sh3_r1_110_r2_9, length 153...
Forcing amino acids:  B7P,B8P,B9P,B10R,B11P,B12P,B13K,B14P, and 58 receptor positions
Loss term           | Weight      
cce                   1.00
entropy               1.00
rog                   1.00
surfnp                1.00
nc                    0.02

Initializing logits: Spike
Stage 0
Starting MCMC...
        step    avg loss         cce     entropy         rog      surfnp          nc
           0      1.0715      1.4040      2.3993      0.0661      0.1382     15.0000
           5      1.0469      1.3947      2.3414      0.0657      0.1468     13.0000
          10      1.0726      1.4066      2.4328      0.0659      0.1465     13.0000
          15      1.0455      1.3886      2.3531      0.0669      0.1342     13.0000
          20      1.0345      1.3792      2.3532      0.0699      0.1363     11.0000
          25      1.0424      1.3628      2.4095      0.0699      0.1282     11.0000
          30      1.1145      1.4474      2.6075      0.0847      0.1208     11.0000
          35      1.0346      1.3646      2.3906      0.0707      0.1131     11.0000
          40      1.0457      1.3570      2.4070      0.0703      0.1293     12.0000
          45      1.0419      1.3505      2.4072      0.0693      0.1214     12.0000
          50      1.0420      1.3508      2.4187      0.0690      0.1104     12.0000
          55      1.0293      1.3404      2.3740      0.0705      0.1128     12.0000
          60      1.0348      1.3394      2.3993      0.0690      0.1121     12.0000
          65      1.0794      1.4024      2.5538      0.0740      0.1092     10.0000
          70      1.0180      1.3271      2.3767      0.0709      0.0977     11.0000
          75      1.0187      1.3121      2.4119      0.0649      0.0863     11.0000
          80      1.0268      1.3138      2.4636      0.0667      0.0835     10.0000
          85      1.0024      1.3090      2.4007      0.0606      0.0794      9.0000
          90      0.9994      1.3081      2.3684      0.0623      0.0786     10.0000
          95      1.0125      1.3104      2.4250      0.0576      0.0773     10.0000
         100      0.9972      1.3189      2.3708      0.0610      0.0780      9.0000
         105      0.9867      1.3173      2.3701      0.0616      0.0776      7.0000
         110      0.9818      1.3162      2.3745      0.0623      0.0739      6.0000
         115      0.9786      1.3118      2.3661      0.0599      0.0763      6.0000
         120      0.9920      1.3100      2.4347      0.0630      0.0800      5.0000
         125      0.9900      1.3245      2.3823      0.0592      0.0938      6.0000
         130      0.9677      1.3152      2.3589      0.0580      0.0781      4.0000
         135      0.9743      1.3158      2.3910      0.0559      0.0739      4.0000
         140      0.9610      1.3069      2.3626      0.0570      0.0766      3.0000
         145      0.9684      1.3129      2.3869      0.0556      0.0774      3.0000
         150      0.9756      1.3049      2.4479      0.0529      0.0763      2.0000
         155      0.9715      1.3270      2.4103      0.0538      0.0744      2.0000
         160      0.9593      1.3105      2.3436      0.0578      0.0845      3.0000
         165      0.9884      1.3054      2.5284      0.0566      0.0628      1.0000
         170      0.9511      1.2927      2.3722      0.0576      0.0608      2.0000
         175      0.9720      1.3038      2.4541      0.0560      0.0735      1.0000
         180      0.9645      1.3118      2.4082      0.0574      0.0597      2.0000
         185      0.9676      1.2962      2.4524      0.0589      0.0622      1.0000
         190      1.0171      1.3513      2.5796      0.0597      0.0583      2.0000
         195      0.9532      1.2874      2.4273      0.0531      0.0440      1.0000
         200      0.9399      1.2870      2.3704      0.0553      0.0457      1.0000
         205      0.9431      1.2945      2.3828      0.0526      0.0415      1.0000
         210      0.9606      1.2982      2.4494      0.0519      0.0422      1.0000
         215      0.9465      1.2978      2.4139      0.0534      0.0401      0.0000
         220      0.9389      1.2937      2.3795      0.0543      0.0471      0.0000
         225      0.9418      1.2848      2.4012      0.0531      0.0471      0.0000
         230      0.9478      1.2960      2.3942      0.0529      0.0471      1.0000
         235      0.9468      1.3121      2.3963      0.0511      0.0466      0.0000
         240      0.9340      1.2999      2.3506      0.0556      0.0486      0.0000
         245      0.9341      1.2968      2.3520      0.0585      0.0478      0.0000
         250      0.9433      1.3008      2.3764      0.0602      0.0546      0.0000
         255      0.9350      1.2965      2.3551      0.0596      0.0474      0.0000
         260      0.9366      1.2960      2.3618      0.0599      0.0472      0.0000
         265      0.9352      1.2911      2.3611      0.0598      0.0476      0.0000
         270      0.9785      1.3307      2.4966      0.0687      0.0376      0.0000
         275      0.9386      1.2846      2.3880      0.0577      0.0431      0.0000
         280      0.9336      1.2878      2.3621      0.0574      0.0458      0.0000
         285      0.9556      1.2962      2.4214      0.0566      0.0472      1.0000
         290      0.9448      1.3116      2.3652      0.0591      0.0621      0.0000
         295      0.9381      1.2944      2.3758      0.0575      0.0436      0.0000
Max CUDA memory: 0.7435G
Saving /mnt/home/jue/halluc/linear_motifs/output/20220104_sh3_r2/sh3_r1_110_r2_9: npz, fas, trb, trk, trfold pdb
Finished design /mnt/home/jue/halluc/linear_motifs/output/20220104_sh3_r2/sh3_r1_110_r2_9 in 5.79 minutes.
