/mnt/home/dzorine/software/homog/homog/homog.py:98: SyntaxWarning: "is" with a literal. Did you mean "=="?
  if degrees is 'auto': degrees = guess_is_degrees(angle)
[14:58:10] /opt/dgl/src/runtime/tensordispatch.cc:43: TensorDispatcher: dlopen failed: libtorch_cuda_cpp.so: cannot open shared object file: No such file or directory
Using backend: pytorch
--steps was given. Ignoring --grad_steps, --mcmc_steps.

Run settings:
{'network_name': 'rf_Nov05_2021', 'use_template': 'B7-14', 'num': 5, 'start_num': 0, 'msa_num': 1, 'out': '/mnt/home/jue/halluc/linear_motifs/output/20220104_sh3_r2/sh3_r1_69_r2', 'cautious': 1, 'save_pdb': 1, 'save_batch_fas': False, 'track_step': 1, 'track_logits': False, 'out_step': None, 'seed_rng': False, 'steps': 'm300', 'grad_steps': 400, 'mcmc_steps': 0, 'optimizer': 'nsgd', 'drop': 0.2, 'init_sd': 1e-06, 'learning_rate': 0.05, 'grad_check': True, 'logit_scale': 1, 'seq_prob_type': 'hard', 'seq_sample': False, 'calc_bkg': True, 'cce_sd': None, 'hal_sd': None, 'corrupt_sequence': None, 'corrupt_fraction': None, 'pdb': '/mnt/home/jue/halluc/linear_motifs/input/SH3_2w0z.pdb', 'mask': '18-18,B7-14,44-44', 'contigs': None, 'con_set_id': None, 'len': None, 'keep_order': False, 'contig_min_gap': 5, 'spike': 0.999, 'spike_fas': 'output/hits_sh3_r1/sh3_r1_69.fas', 'force_aa': 'B7-14', 'exclude_aa': 'C', 'force_aa_hal': None, 'template_pdbs': None, 'no_bkg_mask': False, 'num_repeats': 0, 'init_seq': None, 'masks_bkg': None, 'masks_pass': None, 'force_logits': None, 'receptor': 'input/SH3_2w0z_rec.pdb', 'rec_placement': 'second', 'gap': 200, 'w_cce': 1, 'w_crmsd': -1, 'w_entropy': 1, 'w_kl': -1, 'n_bkg': 100, 'w_rep': -1, 'w_set_rep': -1, 'w_atr': -1, 'w_set_atr': -1, 'w_rog': 1.0, 'w_aspect_ratio': -1, 'w_cyc_sym': -1, 'w_surfnp': 1.0, 'w_nc': 0.02, 'w_cce_bg': -1, 'w_sym': -1, 'cce_cutoff': 19.9, 'rep_pdb': None, 'rep_sigma': 5, 'atr_pdb': None, 'atr_sigma': 5, 'entropy_beta': 10, 'rog_thresh': 16.0, 'surfnp_nbr_thresh': 2.5, 'nc_target': -7, 'entropy_dist_bins': 16, 'mcmc_halflife': 500.0, 'T_acc_0': 0.002, 'mcmc_batch': 1, 'anneal_t1d': False, 'erode_template': False, 'num_masked_tokens': 1, 'weights_dir': '/projects/ml/trDesign', 'nthreads': 4, 'cce_cutstep': None, 'cce_thresh': 2.2, 'batch': 64, 'lr': 0.2, 'nsteps': 100, 'commit': '3c91d72d7c0f6305334db8ae5306b96f5293e969'}

Loading structure prediction model onto device cuda:0...
#   trunk_msa_v00     [ens=1]   AF2-inspired 12-block 2-track trunk
#   trunk_tbm_v00     [ens=1]   AF2-inspired 3-track trunk
#   rf_v00            [ens=1]   RoseTTAFold 3-track trunk + refiner (formerly trunk_e2e_v00)
# * rf_Nov05_2021     [ens=1]   RoseTTAFold 3-track, no perceiver, Nov. 5 2021
#   rf_perceiver_v00  [ens=1]   RoseTTAFold w/ Perceiver & FAPE loss (msa_full=zeros)
#   rf_perceiver_v01  [ens=1]   RoseTTAFold w/ Perceiver & FAPE loss (msa_full=msa_latent)
#   af2_v00           [ens=0]   AlphaFold2 (only works with rescue.py)
Loaded sequence-to-structure model rf_Nov05_2021 with 66037142 parameters

Model hyperparameters:
{'SE3_param': {'div': 4, 'l0_in_features': 32, 'l0_out_features': 32, 'l1_in_features': 3, 'l1_out_features': 2, 'n_heads': 4, 'num_channels': 32, 'num_degrees': 2, 'num_edge_features': 32, 'num_layers': 3}, 'd_hidden': 32, 'd_hidden_templ': 64, 'd_msa': 256, 'd_msa_full': 64, 'd_pair': 128, 'd_templ': 64, 'n_head_msa': 8, 'n_head_pair': 4, 'n_head_templ': 4, 'n_module_2track': 24, 'n_module_3track': 8, 'p_drop': 0.0}

Using CUDA device(s):  cuda:0: (GeForce RTX 2080); 

Parsing input pdb...
Parsing receptor pdb...

Generating sh3_r1_69_r2_0, length 128...
Forcing amino acids:  B7P,B8P,B9P,B10R,B11P,B12P,B13K,B14P, and 58 receptor positions
Loss term           | Weight      
cce                   1.00
entropy               1.00
rog                   1.00
surfnp                1.00
nc                    0.02

Initializing logits: Spike
Stage 0
Starting MCMC...
        step    avg loss         cce     entropy         rog      surfnp          nc
           0      1.0177      1.4402      2.3135      0.0093      0.1080     11.0000
           5      1.0116      1.4392      2.3108      0.0093      0.1072     10.0000
          10      1.0153      1.3998      2.3474      0.0097      0.1047     11.0000
          15      1.0171      1.4125      2.3429      0.0094      0.1041     11.0000
          20      1.0204      1.4152      2.3520      0.0090      0.1258     10.0000
          25      1.0215      1.3691      2.3848      0.0087      0.1040     12.0000
          30      1.0192      1.3367      2.4369      0.0079      0.0954     11.0000
          35      1.0286      1.3309      2.5051      0.0077      0.0911     10.0000
          40      1.0412      1.3500      2.5023      0.0076      0.0858     12.0000
          45      1.0105      1.3332      2.4271      0.0077      0.0743     11.0000
          50      1.0317      1.3462      2.5365      0.0078      0.0968      8.0000
          55      1.0162      1.3510      2.4735      0.0079      0.0928      8.0000
          60      0.9953      1.3370      2.4474      0.0082      0.0687      7.0000
          65      0.9910      1.3416      2.4346      0.0086      0.0789      6.0000
          70      0.9886      1.3432      2.4435      0.0086      0.0789      5.0000
          75      1.0736      1.4061      2.6859      0.0331      0.0907      5.0000
          80      1.0019      1.3506      2.4737      0.0082      0.0950      5.0000
          85      0.9991      1.3532      2.4383      0.0085      0.1165      5.0000
          90      0.9982      1.3511      2.4755      0.0085      0.0977      4.0000
          95      0.9804      1.3658      2.4182      0.0085      0.0889      3.0000
         100      0.9742      1.3612      2.4623      0.0086      0.0842      0.0000
         105      0.9760      1.3483      2.4384      0.0087      0.0880      2.0000
         110      0.9767      1.3436      2.4453      0.0088      0.0888      2.0000
         115      0.9705      1.3428      2.4619      0.0087      0.0882      0.0000
         120      0.9731      1.3420      2.4743      0.0085      0.0869      0.0000
         125      0.9802      1.3438      2.4407      0.0085      0.0875      3.0000
         130      0.9801      1.3452      2.4862      0.0077      0.0810      1.0000
         135      0.9828      1.3472      2.4468      0.0082      0.1087      2.0000
         140      1.0208      1.3687      2.5442      0.0084      0.1221      3.0000
         145      0.9919      1.3589      2.4997      0.0078      0.1008      1.0000
         150      1.0028      1.3763      2.5088      0.0088      0.1174      1.0000
         155      1.0574      1.4123      2.6429      0.0135      0.1419      2.0000
         160      0.9852      1.3386      2.5039      0.0078      0.0902      1.0000
         165      0.9799      1.3459      2.4294      0.0082      0.0958      3.0000
         170      0.9867      1.3492      2.4967      0.0078      0.0928      1.0000
         175      0.9902      1.3738      2.4614      0.0082      0.0970      2.0000
         180      1.0030      1.3513      2.5837      0.0076      0.0893      0.0000
         185      0.9908      1.3613      2.5155      0.0081      0.0781      1.0000
         190      0.9819      1.3649      2.4505      0.0087      0.1034      1.0000
         195      0.9709      1.3402      2.4633      0.0084      0.0912      0.0000
         200      0.9709      1.3401      2.4633      0.0084      0.0912      0.0000
         205      0.9679      1.3247      2.4503      0.0083      0.0875      1.0000
         210      0.9786      1.3338      2.4838      0.0084      0.0882      1.0000
         215      0.9869      1.3406      2.4675      0.0085      0.1105      2.0000
         220      0.9891      1.3181      2.5214      0.0085      0.0881      2.0000
         225      0.9725      1.3328      2.4415      0.0083      0.0869      2.0000
         230      0.9512      1.3224      2.4061      0.0088      0.0666      1.0000
         235      0.9526      1.3206      2.3944      0.0089      0.0657      2.0000
         240      0.9439      1.3179      2.4022      0.0090      0.0654      0.0000
         245      0.9420      1.3136      2.3995      0.0090      0.0647      0.0000
         250      0.9708      1.3317      2.5130      0.0087      0.0494      0.0000
         255      0.9487      1.3146      2.4025      0.0089      0.0676      1.0000
         260      0.9385      1.3057      2.3969      0.0089      0.0414      1.0000
         265      0.9483      1.3058      2.4160      0.0089      0.0415      2.0000
         270      0.9442      1.3112      2.3956      0.0088      0.0399      2.0000
         275      0.9493      1.2943      2.4542      0.0085      0.0391      1.0000
         280      0.9373      1.3253      2.3888      0.0089      0.0448      0.0000
         285      0.9383      1.3297      2.3897      0.0090      0.0437      0.0000
         290      0.9573      1.3318      2.4345      0.0086      0.0535      1.0000
         295      0.9457      1.3264      2.4029      0.0087      0.0438      1.0000
Max CUDA memory: 0.5405G
Saving /mnt/home/jue/halluc/linear_motifs/output/20220104_sh3_r2/sh3_r1_69_r2_0: npz, fas, trb, trk, trfold pdb
Finished design /mnt/home/jue/halluc/linear_motifs/output/20220104_sh3_r2/sh3_r1_69_r2_0 in 3.77 minutes.

Generating sh3_r1_69_r2_1, length 128...
Forcing amino acids:  B7P,B8P,B9P,B10R,B11P,B12P,B13K,B14P, and 58 receptor positions
Loss term           | Weight      
cce                   1.00
entropy               1.00
rog                   1.00
surfnp                1.00
nc                    0.02

Initializing logits: Spike
Stage 0
Starting MCMC...
        step    avg loss         cce     entropy         rog      surfnp          nc
           0      1.0086      1.4288      2.2981      0.0090      0.0987     11.0000
           5      1.0032      1.3799      2.3290      0.0088      0.0950     11.0000
          10      1.0109      1.3699      2.3300      0.0089      0.0951     13.0000
          15      0.9922      1.3701      2.3353      0.0088      0.0945      9.0000
          20      0.9796      1.3540      2.3421      0.0087      0.0532      9.0000
          25      0.9910      1.3437      2.4410      0.0085      0.0505      7.0000
          30      0.9866      1.3595      2.3745      0.0093      0.0829      7.0000
          35      0.9661      1.3460      2.3648      0.0090      0.0638      5.0000
          40      0.9649      1.3636      2.3649      0.0088      0.0616      4.0000
          45      0.9669      1.3602      2.3782      0.0088      0.0799      3.0000
          50      0.9693      1.3401      2.4456      0.0079      0.0429      3.0000
          55      0.9620      1.3497      2.3655      0.0088      0.0632      4.0000
          60      0.9644      1.3404      2.4396      0.0085      0.0482      2.0000
          65      0.9585      1.3294      2.4146      0.0084      0.0409      3.0000
          70      0.9688      1.3371      2.5161      0.0078      0.0337      0.0000
          75      0.9660      1.3632      2.4506      0.0089      0.0606      0.0000
          80      0.9530      1.3275      2.4319      0.0092      0.0426      1.0000
          85      0.9538      1.3415      2.4427      0.0088      0.0413      0.0000
          90      0.9572      1.3634      2.4280      0.0092      0.0474      0.0000
          95      0.9597      1.3304      2.4932      0.0075      0.0268      0.0000
         100      0.9423      1.3264      2.4178      0.0087      0.0352      0.0000
         105      0.9431      1.3325      2.4152      0.0085      0.0349      0.0000
         110      0.9520      1.3425      2.4417      0.0086      0.0344      0.0000
         115      0.9564      1.3437      2.4349      0.0084      0.0578      0.0000
         120      1.0063      1.3485      2.5846      0.0622      0.0499      0.0000
         125      0.9515      1.3350      2.4473      0.0085      0.0340      0.0000
         130      0.9460      1.3589      2.3863      0.0090      0.0488      0.0000
         135      0.9412      1.3547      2.3841      0.0086      0.0362      0.0000
         140      0.9495      1.3601      2.3961      0.0091      0.0519      0.0000
         145      0.9888      1.3611      2.5440      0.0073      0.0626      0.0000
         150      0.9364      1.3708      2.3483      0.0094      0.0360      0.0000
         155      0.9497      1.3684      2.3859      0.0090      0.0346      1.0000
         160      0.9460      1.3521      2.3671      0.0092      0.0344      2.0000
         165      0.9515      1.3619      2.4015      0.0086      0.0331      1.0000
         170      0.9373      1.3563      2.3678      0.0092      0.0347      0.0000
         175      0.9433      1.3446      2.3861      0.0088      0.0327      1.0000
         180      0.9463      1.3702      2.3745      0.0092      0.0504      0.0000
         185      0.9484      1.3647      2.3819      0.0091      0.0569      0.0000
         190      0.9363      1.3423      2.3778      0.0089      0.0349      0.0000
         195      0.9413      1.3455      2.3925      0.0091      0.0367      0.0000
         200      0.9276      1.3426      2.3616      0.0086      0.0164      0.0000
         205      0.9417      1.3451      2.4147      0.0091      0.0167      0.0000
         210      0.9213      1.3327      2.3477      0.0085      0.0149      0.0000
         215      0.9225      1.3462      2.3375      0.0087      0.0162      0.0000
         220      0.9263      1.3642      2.3335      0.0088      0.0170      0.0000
         225      0.9214      1.3379      2.3415      0.0088      0.0158      0.0000
         230      0.9208      1.3165      2.3602      0.0083      0.0166      0.0000
         235      0.9251      1.3153      2.3775      0.0084      0.0175      0.0000
         240      0.9311      1.3248      2.3799      0.0084      0.0301      0.0000
         245      0.9239      1.3124      2.3780      0.0080      0.0157      0.0000
         250      0.9160      1.3251      2.3300      0.0077      0.0195      0.0000
         255      0.9450      1.3230      2.4476      0.0077      0.0207      0.0000
         260      0.9210      1.3208      2.3553      0.0077      0.0187      0.0000
         265      0.9328      1.3673      2.3569      0.0074      0.0184      0.0000
         270      0.9128      1.3281      2.3157      0.0076      0.0182      0.0000
         275      0.9248      1.3269      2.3466      0.0075      0.0166      1.0000
         280      0.9255      1.3332      2.3428      0.0076      0.0171      1.0000
         285      0.9168      1.3224      2.3394      0.0075      0.0164      0.0000
         290      0.9150      1.3214      2.3326      0.0074      0.0169      0.0000
         295      0.9159      1.3212      2.3354      0.0076      0.0176      0.0000
Max CUDA memory: 0.5972G
Saving /mnt/home/jue/halluc/linear_motifs/output/20220104_sh3_r2/sh3_r1_69_r2_1: npz, fas, trb, trk, trfold pdb
Finished design /mnt/home/jue/halluc/linear_motifs/output/20220104_sh3_r2/sh3_r1_69_r2_1 in 3.77 minutes.

Generating sh3_r1_69_r2_2, length 128...
Forcing amino acids:  B7P,B8P,B9P,B10R,B11P,B12P,B13K,B14P, and 58 receptor positions
Loss term           | Weight      
cce                   1.00
entropy               1.00
rog                   1.00
surfnp                1.00
nc                    0.02

Initializing logits: Spike
Stage 0
Starting MCMC...
        step    avg loss         cce     entropy         rog      surfnp          nc
           0      1.0128      1.4413      2.2931      0.0091      0.1078     11.0000
           5      1.0304      1.3877      2.4443      0.0087      0.1018     10.0000
          10      1.0281      1.4276      2.3731      0.0087      0.1234     10.0000
          15      1.0061      1.3829      2.3712      0.0088      0.1015      9.0000
          20      1.0068      1.3727      2.3842      0.0088      0.1016      9.0000
          25      0.9996      1.3717      2.3786      0.0087      0.0792      9.0000
          30      0.9936      1.3722      2.3733      0.0087      0.0803      8.0000
          35      1.0256      1.3903      2.4867      0.0086      0.0772      8.0000
          40      1.0101      1.3772      2.4327      0.0086      0.0820      8.0000
          45      0.9886      1.3460      2.3857      0.0082      0.0742      8.0000
          50      1.0057      1.3348      2.4476      0.0081      0.0725      9.0000
          55      1.0145      1.3365      2.4942      0.0076      0.0799      8.0000
          60      0.9913      1.3343      2.3867      0.0083      0.0957      8.0000
          65      0.9725      1.3405      2.3611      0.0085      0.1193      4.0000
          70      1.0043      1.3460      2.5025      0.0076      0.1213      3.0000
          75      0.9872      1.3352      2.4057      0.0081      0.1197      5.0000
          80      0.9884      1.3503      2.4133      0.0082      0.1215      4.0000
          85      0.9959      1.3592      2.4058      0.0085      0.1498      4.0000
          90      0.9692      1.3494      2.3718      0.0084      0.1064      3.0000
          95      0.9690      1.3511      2.3894      0.0084      0.1066      2.0000
         100      0.9691      1.3509      2.3908      0.0083      0.1057      2.0000
         105      0.9654      1.3439      2.4030      0.0077      0.1064      1.0000
         110      1.0025      1.3470      2.5142      0.0076      0.1012      3.0000
         115      0.9859      1.3593      2.4524      0.0074      0.1042      2.0000
         120      0.9681      1.3232      2.4318      0.0078      0.0889      2.0000
         125      1.0314      1.3289      2.6239      0.0075      0.1257      3.0000
         130      0.9588      1.3215      2.4203      0.0073      0.0852      1.0000
         135      0.9847      1.3539      2.4896      0.0070      0.0881      1.0000
         140      0.9566      1.3233      2.4088      0.0073      0.0664      2.0000
         145      0.9862      1.3235      2.5239      0.0074      0.0696      2.0000
         150      0.9726      1.3222      2.4701      0.0083      0.0692      2.0000
         155      0.9682      1.3221      2.4586      0.0068      0.0648      2.0000
         160      0.9939      1.3611      2.5230      0.0066      0.0846      1.0000
         165      1.0142      1.3548      2.6237      0.0067      0.0718      1.0000
         170      0.9804      1.3576      2.4413      0.0080      0.0943      2.0000
         175      0.9600      1.3476      2.4104      0.0077      0.0733      1.0000
         180      0.9573      1.3389      2.4074      0.0080      0.0739      1.0000
         185      0.9593      1.3369      2.4077      0.0085      0.0835      1.0000
         190      0.9598      1.3351      2.4275      0.0075      0.0483      2.0000
         195      0.9605      1.3434      2.3937      0.0079      0.0962      1.0000
         200      0.9528      1.3360      2.3905      0.0081      0.0757      1.0000
         205      0.9658      1.3247      2.4595      0.0086      0.0896      0.0000
         210      0.9722      1.3335      2.4729      0.0081      0.0739      1.0000
         215      0.9553      1.3344      2.3958      0.0081      0.0620      2.0000
         220      0.9544      1.3280      2.4640      0.0074      0.0372      0.0000
         225      0.9584      1.3409      2.4416      0.0081      0.0622      0.0000
         230      0.9663      1.3402      2.4361      0.0079      0.0602      2.0000
         235      0.9555      1.3276      2.4428      0.0079      0.0626      0.0000
         240      0.9688      1.3394      2.4645      0.0078      0.0828      0.0000
         245      0.9872      1.3378      2.5221      0.0074      0.0810      1.0000
         250      0.9579      1.3372      2.4466      0.0076      0.0593      0.0000
         255      0.9636      1.3374      2.4698      0.0075      0.0588      0.0000
         260      0.9860      1.3361      2.5632      0.0073      0.0573      0.0000
         265      0.9477      1.3406      2.4003      0.0080      0.0608      0.0000
         270      0.9437      1.3338      2.3871      0.0084      0.0643      0.0000
         275      0.9432      1.3354      2.4090      0.0077      0.0395      0.0000
         280      0.9457      1.3352      2.3957      0.0081      0.0627      0.0000
         285      0.9507      1.3372      2.4139      0.0084      0.0621      0.0000
         290      0.9454      1.3529      2.3709      0.0089      0.0677      0.0000
         295      0.9454      1.3497      2.3768      0.0082      0.0660      0.0000
Max CUDA memory: 0.5974G
Saving /mnt/home/jue/halluc/linear_motifs/output/20220104_sh3_r2/sh3_r1_69_r2_2: npz, fas, trb, trk, trfold pdb
Finished design /mnt/home/jue/halluc/linear_motifs/output/20220104_sh3_r2/sh3_r1_69_r2_2 in 3.77 minutes.

Generating sh3_r1_69_r2_3, length 128...
Forcing amino acids:  B7P,B8P,B9P,B10R,B11P,B12P,B13K,B14P, and 58 receptor positions
Loss term           | Weight      
cce                   1.00
entropy               1.00
rog                   1.00
surfnp                1.00
nc                    0.02

Initializing logits: Spike
Stage 0
Starting MCMC...
        step    avg loss         cce     entropy         rog      surfnp          nc
           0      1.0151      1.4388      2.3070      0.0090      0.1061     11.0000
           5      1.0266      1.4374      2.3382      0.0088      0.1223     11.0000
          10      1.0082      1.3954      2.3199      0.0086      0.0889     12.0000
          15      1.0017      1.3808      2.3399      0.0089      0.0974     10.0000
          20      1.0121      1.3705      2.4124      0.0086      0.0770     10.0000
          25      1.0038      1.3796      2.3493      0.0089      0.0776     11.0000
          30      1.0172      1.3655      2.3789      0.0087      0.0761     13.0000
          35      0.9976      1.3535      2.4115      0.0083      0.0570      9.0000
          40      1.0159      1.3638      2.4085      0.0085      0.1029     10.0000
          45      0.9972      1.3547      2.3848      0.0085      0.0806      9.0000
          50      1.0075      1.3546      2.4260      0.0085      0.1012      8.0000
          55      1.0016      1.3644      2.3904      0.0089      0.0829      9.0000
          60      0.9911      1.3764      2.3592      0.0087      0.0799      8.0000
          65      0.9919      1.3710      2.3678      0.0087      0.0799      8.0000
          70      1.0063      1.3829      2.3881      0.0089      0.1056      8.0000
          75      0.9921      1.3821      2.3744      0.0088      0.0828      7.0000
          80      1.0073      1.3581      2.4501      0.0093      0.0720      8.0000
          85      0.9987      1.3807      2.4141      0.0089      0.0713      7.0000
          90      0.9922      1.3727      2.4343      0.0091      0.0726      5.0000
          95      1.0292      1.3567      2.6227      0.0079      0.0499      5.0000
         100      0.9844      1.3604      2.4455      0.0087      0.0627      4.0000
         105      0.9892      1.3711      2.4505      0.0089      0.0460      5.0000
         110      0.9769      1.3543      2.4343      0.0087      0.0496      4.0000
         115      0.9807      1.3597      2.4338      0.0090      0.0599      4.0000
         120      0.9780      1.3578      2.4355      0.0085      0.0500      4.0000
         125      0.9784      1.3586      2.4361      0.0085      0.0501      4.0000
         130      0.9760      1.3520      2.4323      0.0086      0.0506      4.0000
         135      0.9751      1.3522      2.4247      0.0091      0.0538      4.0000
         140      0.9588      1.3461      2.4101      0.0083      0.0299      3.0000
         145      0.9494      1.3292      2.3896      0.0084      0.0296      3.0000
         150      1.0139      1.3661      2.5828      0.0095      0.0574      3.0000
         155      1.0415      1.4122      2.5749      0.0167      0.1028      4.0000
         160      0.9413      1.3341      2.3598      0.0084      0.0418      2.0000
         165      0.9447      1.3397      2.3670      0.0088      0.0423      2.0000
         170      0.9635      1.3377      2.4301      0.0087      0.0368      3.0000
         175      0.9425      1.3350      2.3636      0.0089      0.0213      3.0000
         180      0.9446      1.3264      2.3590      0.0090      0.0228      4.0000
         185      0.9357      1.3134      2.3386      0.0087      0.0409      3.0000
         190      0.9384      1.3189      2.3450      0.0085      0.0400      3.0000
         195      0.9418      1.3117      2.3867      0.0086      0.0391      2.0000
         200      0.9356      1.3082      2.3664      0.0086      0.0379      2.0000
         205      0.9365      1.3024      2.4192      0.0084      0.0345      0.0000
         210      0.9408      1.3031      2.4381      0.0084      0.0323      0.0000
         215      0.9437      1.2993      2.4567      0.0080      0.0295      0.0000
         220      0.9519      1.3058      2.4724      0.0087      0.0399      0.0000
         225      0.9413      1.3267      2.3939      0.0087      0.0548      0.0000
         230      0.9324      1.3055      2.4071      0.0084      0.0272      0.0000
         235      0.9409      1.2916      2.4690      0.0084      0.0135      0.0000
         240      0.9743      1.2995      2.5960      0.0087      0.0126      0.0000
         245      0.9284      1.3210      2.3908      0.0086      0.0118      0.0000
         250      0.9283      1.3128      2.3329      0.0094      0.0368      2.0000
         255      0.9272      1.3184      2.3418      0.0095      0.0577      0.0000
         260      0.9268      1.3096      2.3571      0.0091      0.0502      0.0000
         265      0.9156      1.3093      2.3300      0.0088      0.0326      0.0000
         270      0.9154      1.3045      2.3357      0.0086      0.0310      0.0000
         275      0.9363      1.3410      2.3624      0.0085      0.0519      0.0000
         280      0.9325      1.3095      2.3594      0.0089      0.0310      2.0000
         285      0.9289      1.3167      2.3421      0.0087      0.0466      1.0000
         290      0.9194      1.3035      2.3524      0.0086      0.0316      0.0000
         295      0.9243      1.3149      2.3471      0.0091      0.0448      0.0000
Max CUDA memory: 0.6015G
Saving /mnt/home/jue/halluc/linear_motifs/output/20220104_sh3_r2/sh3_r1_69_r2_3: npz, fas, trb, trk, trfold pdb
Finished design /mnt/home/jue/halluc/linear_motifs/output/20220104_sh3_r2/sh3_r1_69_r2_3 in 3.76 minutes.

Generating sh3_r1_69_r2_4, length 128...
Forcing amino acids:  B7P,B8P,B9P,B10R,B11P,B12P,B13K,B14P, and 58 receptor positions
Loss term           | Weight      
cce                   1.00
entropy               1.00
rog                   1.00
surfnp                1.00
nc                    0.02

Initializing logits: Spike
Stage 0
Starting MCMC...
        step    avg loss         cce     entropy         rog      surfnp          nc
           0      1.0195      1.4320      2.2903      0.0091      0.1071     13.0000
           5      1.0112      1.3924      2.3566      0.0090      0.1070     10.0000
          10      0.9812      1.3567      2.3547      0.0086      0.0645      8.0000
          15      0.9858      1.3590      2.3891      0.0084      0.0665      7.0000
          20      0.9842      1.3559      2.3839      0.0084      0.0881      6.0000
          25      0.9988      1.3437      2.4358      0.0085      0.0873      7.0000
          30      0.9956      1.3419      2.4427      0.0082      0.0693      7.0000
          35      0.9679      1.3385      2.4202      0.0084      0.0641      3.0000
          40      0.9588      1.3429      2.4056      0.0086      0.0771      1.0000
          45      0.9546      1.3357      2.4112      0.0083      0.0624      1.0000
          50      0.9660      1.3590      2.3722      0.0084      0.0838      3.0000
          55      0.9687      1.3363      2.4534      0.0080      0.0566      2.0000
          60      0.9581      1.3431      2.3852      0.0080      0.0555      3.0000
          65      0.9655      1.3423      2.4354      0.0077      0.0361      3.0000
          70      0.9579      1.3512      2.3497      0.0086      0.0412      5.0000
          75      0.9672      1.3656      2.4332      0.0082      0.0411      2.0000
          80      0.9423      1.3509      2.3287      0.0085      0.0402      3.0000
          85      0.9408      1.3438      2.3516      0.0083      0.0185      3.0000
          90      0.9858      1.3621      2.4836      0.0080      0.0492      3.0000
          95      0.9440      1.3416      2.3663      0.0084      0.0188      3.0000
         100      0.9671      1.3441      2.4343      0.0079      0.0413      3.0000
         105      0.9546      1.3434      2.3854      0.0083      0.0403      3.0000
         110      0.9847      1.3794      2.4818      0.0076      0.0297      3.0000
         115      0.9800      1.3335      2.4960      0.0083      0.0420      3.0000
         120      0.9477      1.3392      2.3639      0.0083      0.0185      4.0000
         125      0.9374      1.3332      2.4071      0.0080      0.0203      0.0000
         130      0.9353      1.3559      2.3752      0.0082      0.0207      0.0000
         135      0.9353      1.3424      2.3922      0.0080      0.0172      0.0000
         140      0.9393      1.3277      2.4206      0.0079      0.0197      0.0000
         145      1.0091      1.4038      2.5940      0.0068      0.0521      0.0000
         150      0.9459      1.3436      2.4224      0.0078      0.0287      0.0000
         155      0.9392      1.3352      2.4130      0.0079      0.0194      0.0000
         160      0.9700      1.3429      2.5283      0.0078      0.0205      0.0000
         165      0.9381      1.3337      2.4107      0.0079      0.0190      0.0000
         170      0.9475      1.3251      2.4569      0.0079      0.0192      0.0000
         175      0.9393      1.3281      2.4246      0.0076      0.0158      0.0000
         180      0.9452      1.3361      2.4213      0.0077      0.0148      1.0000
         185      0.9611      1.3386      2.4753      0.0081      0.0215      1.0000
         190      0.9485      1.3352      2.4564      0.0076      0.0139      0.0000
         195      0.9472      1.3297      2.4344      0.0079      0.0155      1.0000
         200      0.9360      1.3331      2.4048      0.0082      0.0167      0.0000
         205      0.9536      1.3376      2.4725      0.0080      0.0155      0.0000
         210      1.0009      1.3387      2.6692      0.0049      0.0109      0.0000
         215      0.9513      1.3272      2.4715      0.0083      0.0174      0.0000
         220      0.9482      1.3453      2.4410      0.0082      0.0173      0.0000
         225      0.9336      1.3312      2.3778      0.0081      0.0161      1.0000
         230      0.9406      1.3295      2.3879      0.0081      0.0160      2.0000
         235      0.9802      1.3784      2.5060      0.0069      0.0491      0.0000
         240      0.9324      1.3347      2.3858      0.0080      0.0196      0.0000
         245      0.9367      1.3414      2.4001      0.0080      0.0160      0.0000
         250      0.9345      1.3326      2.3810      0.0079      0.0154      1.0000
         255      0.9492      1.3346      2.4378      0.0074      0.0361      0.0000
         260      0.9465      1.3310      2.4515      0.0076      0.0146      0.0000
         265      0.9649      1.3425      2.4904      0.0063      0.0397      0.0000
         270      0.9422      1.3386      2.3797      0.0082      0.0410      1.0000
         275      0.9363      1.3404      2.3783      0.0079      0.0374      0.0000
         280      0.9327      1.3246      2.3799      0.0080      0.0371      0.0000
         285      0.9335      1.3247      2.3805      0.0081      0.0392      0.0000
         290      0.9307      1.3289      2.3668      0.0080      0.0378      0.0000
         295      0.9262      1.3284      2.3495      0.0081      0.0374      0.0000
Max CUDA memory: 0.5993G
Saving /mnt/home/jue/halluc/linear_motifs/output/20220104_sh3_r2/sh3_r1_69_r2_4: npz, fas, trb, trk, trfold pdb
Finished design /mnt/home/jue/halluc/linear_motifs/output/20220104_sh3_r2/sh3_r1_69_r2_4 in 3.76 minutes.
