/mnt/home/dzorine/software/homog/homog/homog.py:98: SyntaxWarning: "is" with a literal. Did you mean "=="?
  if degrees is 'auto': degrees = guess_is_degrees(angle)
[14:40:40] /opt/dgl/src/runtime/tensordispatch.cc:43: TensorDispatcher: dlopen failed: libtorch_cuda_cpp.so: cannot open shared object file: No such file or directory
Using backend: pytorch
--steps was given. Ignoring --grad_steps, --mcmc_steps.

Run settings:
{'network_name': 'rf_Nov05_2021', 'use_template': 'B7-14', 'num': 5, 'start_num': 25, 'msa_num': 1, 'out': '/mnt/home/jue/halluc/linear_motifs/output/20220104_sh3_r2/sh3_r1_110_r2', 'cautious': 1, 'save_pdb': 1, 'save_batch_fas': False, 'track_step': 1, 'track_logits': False, 'out_step': None, 'seed_rng': False, 'steps': 'm300', 'grad_steps': 400, 'mcmc_steps': 0, 'optimizer': 'nsgd', 'drop': 0.2, 'init_sd': 1e-06, 'learning_rate': 0.05, 'grad_check': True, 'logit_scale': 1, 'seq_prob_type': 'hard', 'seq_sample': False, 'calc_bkg': True, 'cce_sd': None, 'hal_sd': None, 'corrupt_sequence': None, 'corrupt_fraction': None, 'pdb': '/mnt/home/jue/halluc/linear_motifs/input/SH3_2w0z.pdb', 'mask': '28-28,B7-14,59-59', 'contigs': None, 'con_set_id': None, 'len': None, 'keep_order': False, 'contig_min_gap': 5, 'spike': 0.999, 'spike_fas': 'output/hits_sh3_r1/sh3_r1_110.fas', 'force_aa': 'B7-14', 'exclude_aa': 'C', 'force_aa_hal': None, 'template_pdbs': None, 'no_bkg_mask': False, 'num_repeats': 0, 'init_seq': None, 'masks_bkg': None, 'masks_pass': None, 'force_logits': None, 'receptor': 'input/SH3_2w0z_rec.pdb', 'rec_placement': 'second', 'gap': 200, 'w_cce': 1, 'w_crmsd': -1, 'w_entropy': 1, 'w_kl': -1, 'n_bkg': 100, 'w_rep': -1, 'w_set_rep': -1, 'w_atr': -1, 'w_set_atr': -1, 'w_rog': 1.0, 'w_aspect_ratio': -1, 'w_cyc_sym': -1, 'w_surfnp': 1.0, 'w_nc': 0.02, 'w_cce_bg': -1, 'w_sym': -1, 'cce_cutoff': 19.9, 'rep_pdb': None, 'rep_sigma': 5, 'atr_pdb': None, 'atr_sigma': 5, 'entropy_beta': 10, 'rog_thresh': 16.0, 'surfnp_nbr_thresh': 2.5, 'nc_target': -7, 'entropy_dist_bins': 16, 'mcmc_halflife': 500.0, 'T_acc_0': 0.002, 'mcmc_batch': 1, 'anneal_t1d': False, 'erode_template': False, 'num_masked_tokens': 1, 'weights_dir': '/projects/ml/trDesign', 'nthreads': 4, 'cce_cutstep': None, 'cce_thresh': 2.2, 'batch': 64, 'lr': 0.2, 'nsteps': 100, 'commit': '3c91d72d7c0f6305334db8ae5306b96f5293e969'}

Loading structure prediction model onto device cuda:0...
#   trunk_msa_v00     [ens=1]   AF2-inspired 12-block 2-track trunk
#   trunk_tbm_v00     [ens=1]   AF2-inspired 3-track trunk
#   rf_v00            [ens=1]   RoseTTAFold 3-track trunk + refiner (formerly trunk_e2e_v00)
# * rf_Nov05_2021     [ens=1]   RoseTTAFold 3-track, no perceiver, Nov. 5 2021
#   rf_perceiver_v00  [ens=1]   RoseTTAFold w/ Perceiver & FAPE loss (msa_full=zeros)
#   rf_perceiver_v01  [ens=1]   RoseTTAFold w/ Perceiver & FAPE loss (msa_full=msa_latent)
#   af2_v00           [ens=0]   AlphaFold2 (only works with rescue.py)
Loaded sequence-to-structure model rf_Nov05_2021 with 66037142 parameters

Model hyperparameters:
{'SE3_param': {'div': 4, 'l0_in_features': 32, 'l0_out_features': 32, 'l1_in_features': 3, 'l1_out_features': 2, 'n_heads': 4, 'num_channels': 32, 'num_degrees': 2, 'num_edge_features': 32, 'num_layers': 3}, 'd_hidden': 32, 'd_hidden_templ': 64, 'd_msa': 256, 'd_msa_full': 64, 'd_pair': 128, 'd_templ': 64, 'n_head_msa': 8, 'n_head_pair': 4, 'n_head_templ': 4, 'n_module_2track': 24, 'n_module_3track': 8, 'p_drop': 0.0}

Using CUDA device(s):  cuda:0: (Quadro RTX 8000); 

Parsing input pdb...
Parsing receptor pdb...

Generating sh3_r1_110_r2_25, length 153...
Forcing amino acids:  B7P,B8P,B9P,B10R,B11P,B12P,B13K,B14P, and 58 receptor positions
Loss term           | Weight      
cce                   1.00
entropy               1.00
rog                   1.00
surfnp                1.00
nc                    0.02

Initializing logits: Spike
Stage 0
Starting MCMC...
        step    avg loss         cce     entropy         rog      surfnp          nc
           0      1.0591      1.4157      2.3599      0.0665      0.1353     14.0000
           5      1.0553      1.4085      2.3522      0.0663      0.1354     14.0000
          10      1.0594      1.3962      2.3647      0.0654      0.1325     15.0000
          15      1.0549      1.3870      2.3792      0.0623      0.1323     14.0000
          20      1.0397      1.3691      2.3711      0.0634      0.1161     13.0000
          25      1.0288      1.3512      2.3550      0.0634      0.1063     13.0000
          30      1.0292      1.3438      2.3612      0.0648      0.1073     13.0000
          35      1.0372      1.3508      2.3883      0.0640      0.1066     13.0000
          40      1.0463      1.3498      2.4104      0.0633      0.1224     13.0000
          45      1.0149      1.3318      2.3535      0.0637      0.0910     12.0000
          50      1.0139      1.3290      2.3560      0.0649      0.1059     11.0000
          55      1.0072      1.3173      2.3670      0.0656      0.1192      9.0000
          60      1.0019      1.3077      2.3522      0.0632      0.1044     10.0000
          65      0.9957      1.3130      2.3422      0.0626      0.1049      9.0000
          70      1.0048      1.3236      2.3524      0.0628      0.1206      9.0000
          75      1.0085      1.3229      2.3913      0.0637      0.1164      8.0000
          80      1.0075      1.3457      2.3776      0.0633      0.1034      8.0000
          85      0.9914      1.3059      2.3503      0.0645      0.0849      9.0000
          90      0.9884      1.3194      2.3604      0.0620      0.0915      7.0000
          95      0.9870      1.3231      2.3557      0.0627      0.0862      7.0000
         100      0.9863      1.3066      2.3826      0.0627      0.0730      7.0000
         105      1.0221      1.3396      2.4729      0.0682      0.0883      7.0000
         110      1.0044      1.3140      2.4019      0.0637      0.0780      9.0000
         115      0.9942      1.3091      2.4288      0.0659      0.0729      6.0000
         120      0.9833      1.3073      2.3867      0.0631      0.0756      6.0000
         125      0.9831      1.2998      2.3972      0.0651      0.0698      6.0000
         130      0.9851      1.3036      2.3851      0.0650      0.0863      6.0000
         135      0.9771      1.2957      2.3773      0.0651      0.0700      6.0000
         140      0.9714      1.2844      2.3752      0.0655      0.0599      6.0000
         145      0.9791      1.2847      2.3852      0.0670      0.0589      7.0000
         150      0.9816      1.2808      2.4044      0.0659      0.0548      7.0000
         155      1.0052      1.2883      2.4525      0.0650      0.0749      8.0000
         160      0.9861      1.2897      2.4123      0.0646      0.0576      7.0000
         165      0.9815      1.2779      2.4061      0.0621      0.0596      7.0000
         170      0.9758      1.2882      2.3733      0.0586      0.0628      7.0000
         175      0.9718      1.2885      2.3761      0.0593      0.0629      6.0000
         180      0.9845      1.2958      2.4050      0.0582      0.0787      6.0000
         185      0.9750      1.2891      2.3512      0.0597      0.0794      7.0000
         190      0.9881      1.2884      2.4017      0.0602      0.0617      8.0000
         195      0.9763      1.2974      2.3616      0.0574      0.0681      7.0000
         200      0.9702      1.2889      2.3518      0.0582      0.0612      7.0000
         205      0.9676      1.2839      2.3697      0.0569      0.0593      6.0000
         210      0.9574      1.2889      2.3608      0.0605      0.0587      4.0000
         215      0.9697      1.2967      2.4128      0.0594      0.0494      4.0000
         220      0.9696      1.2943      2.4137      0.0620      0.0676      3.0000
         225      0.9609      1.2904      2.3938      0.0605      0.0580      3.0000
         230      0.9636      1.2924      2.4223      0.0592      0.0600      2.0000
         235      0.9532      1.2915      2.4154      0.0619      0.0633      0.0000
         240      0.9558      1.2974      2.4008      0.0628      0.0614      1.0000
         245      0.9584      1.2994      2.4033      0.0627      0.0675      1.0000
         250      0.9500      1.2920      2.4055      0.0601      0.0613      0.0000
         255      0.9588      1.2960      2.4359      0.0599      0.0627      0.0000
         260      0.9621      1.3007      2.4440      0.0627      0.0602      0.0000
         265      0.9799      1.2976      2.5205      0.0565      0.0446      1.0000
         270      0.9536      1.2928      2.4220      0.0573      0.0613      0.0000
         275      0.9583      1.2888      2.4194      0.0602      0.0441      2.0000
         280      0.9777      1.3101      2.5156      0.0603      0.0445      0.0000
         285      0.9631      1.2898      2.4800      0.0582      0.0436      0.0000
         290      0.9634      1.2883      2.4856      0.0580      0.0408      0.0000
         295      0.9457      1.2865      2.4132      0.0596      0.0425      0.0000
Max CUDA memory: 0.6580G
Saving /mnt/home/jue/halluc/linear_motifs/output/20220104_sh3_r2/sh3_r1_110_r2_25: npz, fas, trb, trk, trfold pdb
Finished design /mnt/home/jue/halluc/linear_motifs/output/20220104_sh3_r2/sh3_r1_110_r2_25 in 4.02 minutes.

Generating sh3_r1_110_r2_26, length 153...
Forcing amino acids:  B7P,B8P,B9P,B10R,B11P,B12P,B13K,B14P, and 58 receptor positions
Loss term           | Weight      
cce                   1.00
entropy               1.00
rog                   1.00
surfnp                1.00
nc                    0.02

Initializing logits: Spike
Stage 0
Starting MCMC...
        step    avg loss         cce     entropy         rog      surfnp          nc
           0      1.0583      1.4128      2.3542      0.0664      0.1412     14.0000
           5      1.0437      1.3803      2.3354      0.0656      0.1343     14.0000
          10      1.0406      1.3625      2.3616      0.0643      0.1347     13.0000
          15      1.0452      1.3531      2.3793      0.0623      0.1269     14.0000
          20      1.0481      1.3405      2.4553      0.0584      0.1192     12.0000
          25      1.0526      1.3479      2.4366      0.0578      0.1290     13.0000
          30      1.0408      1.3526      2.3607      0.0611      0.1295     14.0000
          35      1.0427      1.3518      2.3939      0.0605      0.1256     13.0000
          40      1.0340      1.3571      2.3575      0.0611      0.1211     13.0000
          45      1.0303      1.3591      2.3607      0.0610      0.1212     12.0000
          50      1.0705      1.4277      2.4412      0.0576      0.1368     12.0000
          55      1.0392      1.3733      2.3729      0.0629      0.1287     12.0000
          60      1.0415      1.3666      2.3818      0.0638      0.1145     13.0000
          65      1.0517      1.3676      2.3880      0.0629      0.1296     14.0000
          70      1.0431      1.3768      2.3846      0.0648      0.1271     12.0000
          75      1.0536      1.3827      2.4062      0.0649      0.1418     12.0000
          80      1.0311      1.3713      2.3529      0.0666      0.1142     12.0000
          85      1.0416      1.3787      2.3668      0.0658      0.1161     13.0000
          90      1.0350      1.3681      2.3821      0.0662      0.1043     12.0000
          95      1.0252      1.3701      2.3437      0.0678      0.0996     12.0000
         100      1.0420      1.3678      2.4550      0.0632      0.1029     10.0000
         105      1.0124      1.3543      2.3551      0.0649      0.0955     10.0000
         110      1.0352      1.3951      2.4099      0.0646      0.1118      9.0000
         115      1.0170      1.3558      2.3699      0.0663      0.0963     10.0000
         120      1.0366      1.3587      2.4700      0.0638      0.0945      9.0000
         125      1.0098      1.3574      2.3812      0.0654      0.0956      8.0000
         130      1.0098      1.3574      2.3812      0.0654      0.0956      8.0000
         135      1.0088      1.3476      2.4107      0.0645      0.0925      7.0000
         140      1.0091      1.3423      2.4188      0.0635      0.0922      7.0000
         145      1.0216      1.3316      2.4862      0.0605      0.0885      7.0000
         150      1.0091      1.3422      2.4186      0.0634      0.0925      7.0000
         155      0.9974      1.3268      2.4695      0.0607      0.0927      3.0000
         160      0.9990      1.3282      2.4309      0.0622      0.0946      5.0000
         165      0.9913      1.3437      2.4217      0.0632      0.0963      3.0000
         170      0.9912      1.3393      2.4113      0.0629      0.1113      3.0000
         175      1.0136      1.3260      2.5609      0.0611      0.1067      1.0000
         180      0.9762      1.3285      2.4283      0.0603      0.1074      0.0000
         185      0.9980      1.3430      2.4907      0.0565      0.1218      0.0000
         190      0.9701      1.3271      2.4190      0.0604      0.0931      0.0000
         195      0.9735      1.3275      2.4329      0.0605      0.0925      0.0000
         200      0.9639      1.3199      2.4163      0.0608      0.0778      0.0000
         205      0.9739      1.3354      2.4292      0.0594      0.0913      0.0000
         210      0.9724      1.3203      2.4486      0.0618      0.0783      0.0000
         215      0.9867      1.3165      2.4743      0.0576      0.0780      2.0000
         220      0.9940      1.3089      2.4965      0.0589      0.0917      2.0000
         225      0.9747      1.3100      2.4487      0.0610      0.0784      1.0000
         230      0.9689      1.3141      2.4414      0.0619      0.0777      0.0000
         235      0.9735      1.3102      2.4438      0.0634      0.0961      0.0000
         240      0.9779      1.3264      2.4648      0.0631      0.0770      0.0000
         245      0.9831      1.3234      2.4886      0.0623      0.0781      0.0000
         250      0.9767      1.3173      2.4701      0.0616      0.0773      0.0000
         255      0.9833      1.3238      2.4951      0.0591      0.0748      0.0000
         260      0.9769      1.3187      2.4761      0.0566      0.0758      0.0000
         265      0.9747      1.3228      2.4631      0.0579      0.0744      0.0000
         270      0.9682      1.3121      2.4491      0.0585      0.0724      0.0000
         275      0.9716      1.3149      2.4604      0.0574      0.0729      0.0000
         280      0.9670      1.3155      2.4269      0.0594      0.0857      0.0000
         285      0.9720      1.3218      2.4412      0.0587      0.0858      0.0000
         290      0.9688      1.3126      2.4174      0.0602      0.0845      1.0000
         295      0.9667      1.3135      2.4276      0.0590      0.0861      0.0000
Max CUDA memory: 0.7419G
Saving /mnt/home/jue/halluc/linear_motifs/output/20220104_sh3_r2/sh3_r1_110_r2_26: npz, fas, trb, trk, trfold pdb
Finished design /mnt/home/jue/halluc/linear_motifs/output/20220104_sh3_r2/sh3_r1_110_r2_26 in 4.11 minutes.

Generating sh3_r1_110_r2_27, length 153...
Forcing amino acids:  B7P,B8P,B9P,B10R,B11P,B12P,B13K,B14P, and 58 receptor positions
Loss term           | Weight      
cce                   1.00
entropy               1.00
rog                   1.00
surfnp                1.00
nc                    0.02

Initializing logits: Spike
Stage 0
Starting MCMC...
        step    avg loss         cce     entropy         rog      surfnp          nc
           0      1.0585      1.4086      2.3657      0.0652      0.1356     14.0000
           5      1.0283      1.3454      2.3616      0.0637      0.1230     12.0000
          10      1.0674      1.3883      2.5004      0.0570      0.1053     12.0000
          15      1.0299      1.3426      2.4122      0.0612      0.1043     11.0000
          20      1.2026      1.4391      2.5940      0.4110      0.1704     11.0000
          25      1.0201      1.3410      2.3911      0.0638      0.1049     10.0000
          30      1.0163      1.3393      2.3911      0.0633      0.1118      9.0000
          35      1.0135      1.3462      2.3784      0.0639      0.1057      9.0000
          40      1.0294      1.3771      2.4307      0.0646      0.1056      8.0000
          45      1.0264      1.3476      2.4574      0.0618      0.0994      8.0000
          50      1.0470      1.3629      2.5393      0.0643      0.1024      7.0000
          55      1.0061      1.3446      2.3931      0.0650      0.1220      6.0000
          60      1.0068      1.3432      2.4178      0.0634      0.1029      6.0000
          65      1.0089      1.3500      2.4390      0.0654      0.1014      5.0000
          70      1.0127      1.3459      2.4355      0.0634      0.1064      6.0000
          75      0.9951      1.3496      2.4035      0.0625      0.1046      4.0000
          80      0.9768      1.3428      2.3580      0.0653      0.1008      3.0000
          85      0.9908      1.3311      2.4385      0.0723      0.1011      2.0000
          90      0.9795      1.3419      2.3526      0.0667      0.1165      3.0000
          95      0.9730      1.3430      2.3626      0.0664      0.0993      2.0000
         100      0.9822      1.3546      2.3469      0.0664      0.1005      4.0000
         105      0.9835      1.3451      2.3608      0.0670      0.1006      4.0000
         110      0.9837      1.3300      2.3613      0.0657      0.0976      5.0000
         115      0.9781      1.3335      2.3738      0.0666      0.0982      3.0000
         120      0.9700      1.3377      2.3976      0.0671      0.0970      0.0000
         125      0.9639      1.3369      2.3749      0.0664      0.0968      0.0000
         130      0.9760      1.3386      2.4012      0.0661      0.0978      1.0000
         135      0.9605      1.3331      2.3809      0.0655      0.0819      0.0000
         140      0.9845      1.3389      2.4490      0.0654      0.0843      1.0000
         145      1.0083      1.3588      2.5539      0.0683      0.0723      0.0000
         150      0.9610      1.3254      2.3868      0.0687      0.0825      0.0000
         155      0.9600      1.3205      2.4064      0.0666      0.0655      0.0000
         160      0.9640      1.3205      2.4034      0.0676      0.0838      0.0000
         165      0.9678      1.3245      2.4288      0.0644      0.0730      0.0000
         170      1.0057      1.3443      2.5687      0.0644      0.0654      0.0000
         175      0.9626      1.3276      2.3841      0.0690      0.0691      1.0000
         180      0.9732      1.3221      2.4137      0.0711      0.0652      2.0000
         185      0.9697      1.3381      2.3864      0.0684      0.0654      2.0000
         190      0.9676      1.3349      2.4150      0.0713      0.0686      0.0000
         195      0.9690      1.3177      2.4431      0.0694      0.0653      0.0000
         200      0.9622      1.3098      2.3685      0.0705      0.0791      2.0000
         205      0.9576      1.2989      2.3743      0.0669      0.0693      2.0000
         210      0.9850      1.3558      2.4547      0.0613      0.0681      1.0000
         215      0.9600      1.3098      2.4081      0.0677      0.0734      0.0000
         220      0.9616      1.2984      2.4192      0.0623      0.0656      1.0000
         225      0.9658      1.3074      2.4487      0.0630      0.0635      0.0000
         230      0.9539      1.3031      2.3961      0.0657      0.0698      0.0000
         235      0.9908      1.3314      2.5158      0.0658      0.0699      0.0000
         240      0.9578      1.2960      2.4231      0.0621      0.0692      0.0000
         245      0.9582      1.3039      2.4164      0.0632      0.0687      0.0000
         250      0.9615      1.3059      2.4077      0.0661      0.0854      0.0000
         255      0.9667      1.2964      2.4490      0.0652      0.0754      0.0000
         260      0.9618      1.2874      2.4566      0.0667      0.0559      0.0000
         265      0.9664      1.2872      2.4750      0.0677      0.0549      0.0000
         270      0.9585      1.2899      2.4442      0.0640      0.0551      0.0000
         275      0.9508      1.2892      2.4122      0.0645      0.0561      0.0000
         280      0.9565      1.2885      2.4361      0.0644      0.0562      0.0000
         285      0.9538      1.2831      2.4239      0.0684      0.0590      0.0000
         290      0.9577      1.3028      2.4056      0.0610      0.0606      1.0000
         295      0.9541      1.2913      2.4158      0.0654      0.0629      0.0000
Max CUDA memory: 0.7427G
Saving /mnt/home/jue/halluc/linear_motifs/output/20220104_sh3_r2/sh3_r1_110_r2_27: npz, fas, trb, trk, trfold pdb
Finished design /mnt/home/jue/halluc/linear_motifs/output/20220104_sh3_r2/sh3_r1_110_r2_27 in 4.08 minutes.

Generating sh3_r1_110_r2_28, length 153...
Forcing amino acids:  B7P,B8P,B9P,B10R,B11P,B12P,B13K,B14P, and 58 receptor positions
Loss term           | Weight      
cce                   1.00
entropy               1.00
rog                   1.00
surfnp                1.00
nc                    0.02

Initializing logits: Spike
Stage 0
Starting MCMC...
        step    avg loss         cce     entropy         rog      surfnp          nc
           0      1.0612      1.4030      2.3825      0.0660      0.1346     14.0000
           5      1.0530      1.3834      2.3734      0.0642      0.1323     14.0000
          10      1.0499      1.3747      2.3607      0.0634      0.1418     14.0000
          15      1.0425      1.3742      2.3488      0.0656      0.1425     13.0000
          20      1.0351      1.3635      2.3450      0.0654      0.1271     13.0000
          25      1.0717      1.4319      2.4285      0.0626      0.1253     13.0000
          30      1.0455      1.3593      2.4057      0.0643      0.1137     13.0000
          35      1.0490      1.3626      2.4150      0.0664      0.1132     13.0000
          40      1.0467      1.3699      2.4210      0.0642      0.1125     12.0000
          45      1.0325      1.3616      2.3850      0.0619      0.1224     11.0000
          50      1.0203      1.3415      2.3739      0.0603      0.1060     11.0000
          55      1.0150      1.3407      2.3955      0.0586      0.1055      9.0000
          60      1.0290      1.3768      2.4167      0.0591      0.1039      9.0000
          65      1.0103      1.3637      2.3915      0.0616      0.1048      7.0000
          70      1.0186      1.3682      2.4260      0.0607      0.0997      7.0000
          75      1.0137      1.3510      2.3996      0.0639      0.1004      8.0000
          80      0.9962      1.3479      2.3751      0.0609      0.1010      6.0000
          85      0.9891      1.3498      2.3638      0.0609      0.1016      5.0000
          90      0.9990      1.3557      2.3782      0.0610      0.1010      6.0000
          95      1.0160      1.3638      2.4578      0.0660      0.0969      5.0000
         100      0.9863      1.3607      2.3588      0.0623      0.1030      4.0000
         105      0.9863      1.3607      2.3588      0.0623      0.1030      4.0000
         110      0.9856      1.3328      2.4124      0.0610      0.0960      3.0000
         115      0.9659      1.3419      2.3594      0.0635      0.0982      1.0000
         120      0.9772      1.3360      2.4249      0.0659      0.1018      0.0000
         125      0.9677      1.3344      2.3942      0.0651      0.0963      0.0000
         130      0.9599      1.3196      2.3907      0.0623      0.0663      1.0000
         135      0.9711      1.3271      2.4326      0.0638      0.0803      0.0000
         140      0.9641      1.3155      2.4383      0.0595      0.0622      0.0000
         145      0.9687      1.3193      2.4353      0.0594      0.0603      1.0000
         150      0.9528      1.3166      2.3902      0.0609      0.0624      0.0000
         155      0.9533      1.3084      2.3990      0.0619      0.0629      0.0000
         160      0.9530      1.3196      2.3859      0.0619      0.0636      0.0000
         165      0.9490      1.3068      2.3848      0.0584      0.0651      0.0000
         170      0.9467      1.3197      2.3572      0.0603      0.0683      0.0000
         175      0.9762      1.3573      2.4504      0.0516      0.0650      0.0000
         180      0.9503      1.3178      2.3696      0.0605      0.0723      0.0000
         185      0.9783      1.3118      2.4989      0.0572      0.0648      0.0000
         190      0.9624      1.3224      2.4061      0.0586      0.0818      0.0000
         195      0.9448      1.3164      2.3505      0.0615      0.0697      0.0000
         200      0.9448      1.3164      2.3505      0.0615      0.0697      0.0000
         205      0.9445      1.3175      2.3462      0.0633      0.0699      0.0000
         210      0.9493      1.3186      2.3718      0.0648      0.0611      0.0000
         215      0.9356      1.2914      2.3398      0.0677      0.0621      0.0000
         220      0.9354      1.2889      2.3445      0.0678      0.0591      0.0000
         225      0.9438      1.2989      2.3388      0.0672      0.0893      0.0000
         230      0.9398      1.2990      2.3186      0.0661      0.0746      1.0000
         235      0.9374      1.2867      2.3426      0.0672      0.0719      0.0000
         240      0.9386      1.2878      2.3460      0.0678      0.0714      0.0000
         245      0.9532      1.2876      2.3911      0.0666      0.0664      1.0000
         250      0.9416      1.2924      2.3423      0.0667      0.0837      0.0000
         255      0.9430      1.2911      2.3462      0.0673      0.0862      0.0000
         260      0.9346      1.2867      2.3330      0.0672      0.0700      0.0000
         265      0.9573      1.2849      2.4483      0.0628      0.0522      0.0000
         270      0.9468      1.2994      2.3701      0.0664      0.0701      0.0000
         275      0.9370      1.2805      2.3612      0.0659      0.0591      0.0000
         280      0.9398      1.2849      2.3490      0.0652      0.0588      1.0000
         285      0.9341      1.2895      2.3337      0.0674      0.0644      0.0000
         290      0.9364      1.2807      2.3606      0.0657      0.0574      0.0000
         295      0.9380      1.3021      2.3553      0.0626      0.0509      0.0000
Max CUDA memory: 0.7406G
Saving /mnt/home/jue/halluc/linear_motifs/output/20220104_sh3_r2/sh3_r1_110_r2_28: npz, fas, trb, trk, trfold pdb
Finished design /mnt/home/jue/halluc/linear_motifs/output/20220104_sh3_r2/sh3_r1_110_r2_28 in 4.08 minutes.

Generating sh3_r1_110_r2_29, length 153...
Forcing amino acids:  B7P,B8P,B9P,B10R,B11P,B12P,B13K,B14P, and 58 receptor positions
Loss term           | Weight      
cce                   1.00
entropy               1.00
rog                   1.00
surfnp                1.00
nc                    0.02

Initializing logits: Spike
Stage 0
Starting MCMC...
        step    avg loss         cce     entropy         rog      surfnp          nc
           0      1.0628      1.4087      2.3614      0.0669      0.1356     15.0000
           5      1.0353      1.3478      2.3894      0.0612      0.1236     12.0000
          10      1.0326      1.3497      2.3777      0.0603      0.1235     12.0000
          15      1.0160      1.3294      2.3631      0.0595      0.1124     11.0000
          20      0.9938      1.3223      2.3523      0.0590      0.1014      8.0000
          25      0.9997      1.3177      2.3830      0.0581      0.1000      8.0000
          30      0.9982      1.3024      2.4059      0.0592      0.0854      8.0000
          35      0.9966      1.3107      2.4468      0.0600      0.0689      6.0000
          40      1.0342      1.3497      2.5798      0.0602      0.0676      5.0000
          45      1.0450      1.3450      2.6482      0.0578      0.0698      4.0000
          50      0.9783      1.3113      2.4049      0.0590      0.0777      4.0000
          55      0.9832      1.3194      2.4179      0.0578      0.0773      4.0000
          60      1.0003      1.3260      2.5000      0.0584      0.0768      3.0000
          65      0.9871      1.3246      2.4478      0.0578      0.0778      3.0000
          70      1.0016      1.3336      2.4795      0.0597      0.0935      3.0000
          75      0.9878      1.3212      2.4541      0.0593      0.0765      3.0000
          80      0.9902      1.3281      2.4370      0.0581      0.0775      4.0000
          85      0.9867      1.3268      2.4627      0.0589      0.0784      2.0000
          90      0.9781      1.3285      2.4688      0.0577      0.0770      0.0000
          95      1.0376      1.3555      2.6838      0.0544      0.0773      0.0000
         100      0.9876      1.3337      2.4847      0.0573      0.0943      0.0000
         105      0.9863      1.3232      2.5054      0.0558      0.0603      1.0000
         110      0.9754      1.3242      2.4636      0.0582      0.0750      0.0000
         115      0.9730      1.3254      2.4520      0.0573      0.0766      0.0000
         120      0.9767      1.3324      2.4612      0.0568      0.0759      0.0000
         125      0.9707      1.3227      2.4466      0.0568      0.0762      0.0000
         130      0.9714      1.3195      2.4486      0.0586      0.0784      0.0000
         135      0.9857      1.3279      2.4993      0.0567      0.0787      0.0000
         140      0.9670      1.3269      2.4149      0.0598      0.0859      0.0000
         145      0.9770      1.3333      2.4496      0.0578      0.0869      0.0000
         150      0.9829      1.3239      2.4794      0.0612      0.0869      0.0000
         155      0.9689      1.3290      2.4341      0.0605      0.0713      0.0000
         160      0.9611      1.3375      2.3944      0.0600      0.0717      0.0000
         165      0.9640      1.3425      2.4035      0.0592      0.0702      0.0000
         170      0.9710      1.3461      2.4224      0.0589      0.0762      0.0000
         175      0.9730      1.3477      2.4244      0.0613      0.0781      0.0000
         180      0.9656      1.3392      2.3980      0.0633      0.0813      0.0000
         185      0.9677      1.3295      2.4266      0.0598      0.0744      0.0000
         190      0.9699      1.3398      2.3992      0.0615      0.0786      1.0000
         195      0.9794      1.3492      2.4274      0.0639      0.0967      0.0000
         200      0.9587      1.3374      2.3597      0.0617      0.0951      0.0000
         205      0.9586      1.3387      2.3591      0.0613      0.0947      0.0000
         210      0.9709      1.3369      2.4171      0.0600      0.0889      0.0000
         215      0.9820      1.3344      2.4809      0.0626      0.0697      0.0000
         220      0.9929      1.3217      2.5328      0.0657      0.0714      0.0000
         225      0.9537      1.3223      2.3816      0.0615      0.0685      0.0000
         230      0.9535      1.3253      2.3769      0.0617      0.0691      0.0000
         235      0.9546      1.3205      2.3855      0.0623      0.0693      0.0000
         240      0.9628      1.3099      2.4448      0.0593      0.0566      0.0000
         245      0.9540      1.3223      2.3826      0.0618      0.0685      0.0000
         250      0.9488      1.3158      2.3662      0.0627      0.0696      0.0000
         255      0.9745      1.3280      2.4585      0.0599      0.0711      0.0000
         260      0.9567      1.3020      2.4318      0.0601      0.0519      0.0000
         265      0.9625      1.2995      2.4321      0.0593      0.0785      0.0000
         270      0.9543      1.3134      2.3827      0.0625      0.0776      0.0000
         275      0.9830      1.3080      2.4880      0.0756      0.0800      0.0000
         280      0.9581      1.2995      2.4209      0.0639      0.0672      0.0000
         285      0.9566      1.3102      2.3933      0.0650      0.0771      0.0000
         290      0.9615      1.3130      2.3909      0.0644      0.0769      1.0000
         295      0.9519      1.3002      2.3983      0.0629      0.0654      0.0000
Max CUDA memory: 0.7435G
Saving /mnt/home/jue/halluc/linear_motifs/output/20220104_sh3_r2/sh3_r1_110_r2_29: npz, fas, trb, trk, trfold pdb
Finished design /mnt/home/jue/halluc/linear_motifs/output/20220104_sh3_r2/sh3_r1_110_r2_29 in 4.10 minutes.
