/mnt/home/dzorine/software/homog/homog/homog.py:98: SyntaxWarning: "is" with a literal. Did you mean "=="?
  if degrees is 'auto': degrees = guess_is_degrees(angle)
[17:36:16] /opt/dgl/src/runtime/tensordispatch.cc:43: TensorDispatcher: dlopen failed: libtorch_cuda_cpp.so: cannot open shared object file: No such file or directory
Using backend: pytorch
--steps was given. Ignoring --grad_steps, --mcmc_steps.

Run settings:
{'network_name': 'rf_Nov05_2021', 'use_template': 'B7-14', 'num': 5, 'start_num': 40, 'msa_num': 1, 'out': '/mnt/home/jue/halluc/linear_motifs/output/20220104_sh3_r2/sh3_r1_69_r2', 'cautious': 1, 'save_pdb': 1, 'save_batch_fas': False, 'track_step': 1, 'track_logits': False, 'out_step': None, 'seed_rng': False, 'steps': 'm300', 'grad_steps': 400, 'mcmc_steps': 0, 'optimizer': 'nsgd', 'drop': 0.2, 'init_sd': 1e-06, 'learning_rate': 0.05, 'grad_check': True, 'logit_scale': 1, 'seq_prob_type': 'hard', 'seq_sample': False, 'calc_bkg': True, 'cce_sd': None, 'hal_sd': None, 'corrupt_sequence': None, 'corrupt_fraction': None, 'pdb': '/mnt/home/jue/halluc/linear_motifs/input/SH3_2w0z.pdb', 'mask': '18-18,B7-14,44-44', 'contigs': None, 'con_set_id': None, 'len': None, 'keep_order': False, 'contig_min_gap': 5, 'spike': 0.999, 'spike_fas': 'output/hits_sh3_r1/sh3_r1_69.fas', 'force_aa': 'B7-14', 'exclude_aa': 'C', 'force_aa_hal': None, 'template_pdbs': None, 'no_bkg_mask': False, 'num_repeats': 0, 'init_seq': None, 'masks_bkg': None, 'masks_pass': None, 'force_logits': None, 'receptor': 'input/SH3_2w0z_rec.pdb', 'rec_placement': 'second', 'gap': 200, 'w_cce': 1, 'w_crmsd': -1, 'w_entropy': 1, 'w_kl': -1, 'n_bkg': 100, 'w_rep': -1, 'w_set_rep': -1, 'w_atr': -1, 'w_set_atr': -1, 'w_rog': 1.0, 'w_aspect_ratio': -1, 'w_cyc_sym': -1, 'w_surfnp': 1.0, 'w_nc': 0.02, 'w_cce_bg': -1, 'w_sym': -1, 'cce_cutoff': 19.9, 'rep_pdb': None, 'rep_sigma': 5, 'atr_pdb': None, 'atr_sigma': 5, 'entropy_beta': 10, 'rog_thresh': 16.0, 'surfnp_nbr_thresh': 2.5, 'nc_target': -7, 'entropy_dist_bins': 16, 'mcmc_halflife': 500.0, 'T_acc_0': 0.002, 'mcmc_batch': 1, 'anneal_t1d': False, 'erode_template': False, 'num_masked_tokens': 1, 'weights_dir': '/projects/ml/trDesign', 'nthreads': 4, 'cce_cutstep': None, 'cce_thresh': 2.2, 'batch': 64, 'lr': 0.2, 'nsteps': 100, 'commit': '3c91d72d7c0f6305334db8ae5306b96f5293e969'}

Loading structure prediction model onto device cuda:0...
#   trunk_msa_v00     [ens=1]   AF2-inspired 12-block 2-track trunk
#   trunk_tbm_v00     [ens=1]   AF2-inspired 3-track trunk
#   rf_v00            [ens=1]   RoseTTAFold 3-track trunk + refiner (formerly trunk_e2e_v00)
# * rf_Nov05_2021     [ens=1]   RoseTTAFold 3-track, no perceiver, Nov. 5 2021
#   rf_perceiver_v00  [ens=1]   RoseTTAFold w/ Perceiver & FAPE loss (msa_full=zeros)
#   rf_perceiver_v01  [ens=1]   RoseTTAFold w/ Perceiver & FAPE loss (msa_full=msa_latent)
#   af2_v00           [ens=0]   AlphaFold2 (only works with rescue.py)
Loaded sequence-to-structure model rf_Nov05_2021 with 66037142 parameters

Model hyperparameters:
{'SE3_param': {'div': 4, 'l0_in_features': 32, 'l0_out_features': 32, 'l1_in_features': 3, 'l1_out_features': 2, 'n_heads': 4, 'num_channels': 32, 'num_degrees': 2, 'num_edge_features': 32, 'num_layers': 3}, 'd_hidden': 32, 'd_hidden_templ': 64, 'd_msa': 256, 'd_msa_full': 64, 'd_pair': 128, 'd_templ': 64, 'n_head_msa': 8, 'n_head_pair': 4, 'n_head_templ': 4, 'n_module_2track': 24, 'n_module_3track': 8, 'p_drop': 0.0}

Using CUDA device(s):  cuda:0: (Quadro RTX 8000); 

Parsing input pdb...
Parsing receptor pdb...

Generating sh3_r1_69_r2_40, length 128...
Forcing amino acids:  B7P,B8P,B9P,B10R,B11P,B12P,B13K,B14P, and 58 receptor positions
Loss term           | Weight      
cce                   1.00
entropy               1.00
rog                   1.00
surfnp                1.00
nc                    0.02

Initializing logits: Spike
Stage 0
Starting MCMC...
        step    avg loss         cce     entropy         rog      surfnp          nc
           0      1.0069      1.4352      2.2949      0.0091      0.0886     11.0000
           5      0.9912      1.4256      2.2829      0.0089      0.0870      9.0000
          10      0.9965      1.4342      2.3037      0.0091      0.0788      9.0000
          15      0.9858      1.3928      2.3183      0.0092      0.0827      8.0000
          20      0.9683      1.3929      2.3280      0.0089      0.0827      4.0000
          25      0.9785      1.3792      2.3664      0.0086      0.0794      5.0000
          30      0.9695      1.3719      2.3764      0.0085      0.0805      3.0000
          35      1.0042      1.3711      2.4993      0.0084      0.0783      4.0000
          40      0.9700      1.3714      2.4199      0.0085      0.0796      1.0000
          45      0.9654      1.3658      2.4064      0.0084      0.0804      1.0000
          50      0.9778      1.3664      2.4575      0.0080      0.0788      1.0000
          55      0.9518      1.3493      2.3893      0.0085      0.0590      1.0000
          60      0.9392      1.3389      2.3696      0.0085      0.0588      0.0000
          65      0.9547      1.3507      2.3916      0.0085      0.0870      0.0000
          70      0.9480      1.3604      2.3770      0.0083      0.0652      0.0000
          75      0.9649      1.3537      2.4052      0.0082      0.0717      2.0000
          80      0.9394      1.3402      2.3836      0.0083      0.0444      0.0000
          85      0.9485      1.3353      2.3871      0.0084      0.0621      1.0000
          90      0.9423      1.3527      2.3819      0.0083      0.0450      0.0000
          95      0.9369      1.3509      2.3546      0.0085      0.0523      0.0000
         100      0.9433      1.3455      2.3939      0.0081      0.0443      0.0000
         105      0.9523      1.3674      2.3834      0.0086      0.0689      0.0000
         110      0.9415      1.3411      2.3912      0.0081      0.0445      0.0000
         115      0.9415      1.3411      2.3912      0.0081      0.0445      0.0000
         120      0.9397      1.3362      2.3943      0.0082      0.0388      0.0000
         125      0.9506      1.3381      2.4161      0.0079      0.0395      1.0000
         130      0.9437      1.3365      2.3893      0.0083      0.0396      1.0000
         135      0.9688      1.3408      2.5105      0.0076      0.0155      1.0000
         140      0.9459      1.3400      2.4372      0.0081      0.0173      0.0000
         145      0.9482      1.3529      2.4135      0.0085      0.0169      1.0000
         150      0.9367      1.3473      2.3937      0.0084      0.0163      0.0000
         155      0.9407      1.3441      2.4038      0.0088      0.0251      0.0000
         160      0.9381      1.3230      2.4217      0.0085      0.0180      0.0000
         165      0.9830      1.3294      2.5841      0.0074      0.0306      0.0000
         170      0.9496      1.3286      2.4213      0.0086      0.0389      1.0000
         175      0.9343      1.3098      2.4190      0.0086      0.0186      0.0000
         180      0.9332      1.3183      2.3870      0.0082      0.0178      1.0000
         185      0.9251      1.3233      2.3696      0.0084      0.0176      0.0000
         190      0.9287      1.3268      2.3800      0.0082      0.0185      0.0000
         195      0.9252      1.3383      2.3530      0.0082      0.0200      0.0000
         200      0.9252      1.3383      2.3530      0.0082      0.0200      0.0000
         205      0.9270      1.3376      2.3589      0.0085      0.0216      0.0000
         210      0.9351      1.3436      2.3293      0.0088      0.0573      1.0000
         215      0.9384      1.3335      2.3950      0.0085      0.0355      0.0000
         220      0.9233      1.3323      2.3375      0.0084      0.0336      0.0000
         225      0.9539      1.3212      2.4752      0.0088      0.0293      0.0000
         230      0.9231      1.3310      2.3374      0.0085      0.0340      0.0000
         235      0.9285      1.3430      2.3493      0.0084      0.0318      0.0000
         240      0.9371      1.3269      2.3561      0.0084      0.0555      1.0000
         245      0.9244      1.3365      2.3375      0.0084      0.0338      0.0000
         250      0.9271      1.3350      2.3351      0.0083      0.0287      1.0000
         255      0.9327      1.3237      2.3883      0.0088      0.0288      0.0000
         260      0.9335      1.3318      2.3792      0.0083      0.0335      0.0000
         265      0.9286      1.3357      2.3552      0.0083      0.0339      0.0000
         270      0.9345      1.3358      2.3911      0.0085      0.0212      0.0000
         275      0.9257      1.3296      2.3624      0.0081      0.0212      0.0000
         280      0.9435      1.3320      2.3708      0.0082      0.0420      2.0000
         285      0.9408      1.3301      2.3805      0.0082      0.0434      1.0000
         290      0.9293      1.3412      2.3666      0.0080      0.0200      0.0000
         295      0.9416      1.3099      2.4482      0.0079      0.0194      0.0000
Max CUDA memory: 0.5405G
Saving /mnt/home/jue/halluc/linear_motifs/output/20220104_sh3_r2/sh3_r1_69_r2_40: npz, fas, trb, trk, trfold pdb
Finished design /mnt/home/jue/halluc/linear_motifs/output/20220104_sh3_r2/sh3_r1_69_r2_40 in 2.71 minutes.

Generating sh3_r1_69_r2_41, length 128...
Forcing amino acids:  B7P,B8P,B9P,B10R,B11P,B12P,B13K,B14P, and 58 receptor positions
Loss term           | Weight      
cce                   1.00
entropy               1.00
rog                   1.00
surfnp                1.00
nc                    0.02

Initializing logits: Spike
Stage 0
Starting MCMC...
        step    avg loss         cce     entropy         rog      surfnp          nc
           0      1.0224      1.4473      2.3050      0.0091      0.1285     11.0000
           5      1.0090      1.4132      2.3087      0.0087      0.1055     11.0000
          10      1.0124      1.3975      2.3197      0.0086      0.1040     12.0000
          15      1.0085      1.3901      2.3218      0.0084      0.0940     12.0000
          20      1.0116      1.3897      2.3346      0.0082      0.1141     11.0000
          25      1.0106      1.4028      2.3248      0.0085      0.1064     11.0000
          30      1.0002      1.3759      2.3214      0.0086      0.0947     11.0000
          35      1.0055      1.3862      2.3415      0.0089      0.1055     10.0000
          40      1.0290      1.3949      2.4320      0.0074      0.1024     10.0000
          45      1.0312      1.3803      2.4815      0.0079      0.0958      9.0000
          50      0.9973      1.3812      2.3630      0.0078      0.0770      9.0000
          55      0.9963      1.3843      2.3517      0.0080      0.0810      9.0000
          60      0.9991      1.3750      2.3734      0.0081      0.0599     10.0000
          65      1.0022      1.3870      2.3522      0.0082      0.0615     11.0000
          70      0.9859      1.3785      2.3546      0.0083      0.0618      8.0000
          75      0.9857      1.3774      2.3556      0.0083      0.0612      8.0000
          80      0.9814      1.3774      2.3499      0.0083      0.0698      7.0000
          85      0.9862      1.3765      2.3695      0.0084      0.0700      7.0000
          90      0.9869      1.3770      2.3708      0.0083      0.0712      7.0000
          95      0.9982      1.3920      2.4016      0.0082      0.0709      7.0000
         100      0.9932      1.3851      2.3847      0.0086      0.0944      6.0000
         105      0.9754      1.3742      2.3891      0.0082      0.0696      4.0000
         110      0.9715      1.3672      2.3984      0.0085      0.0515      4.0000
         115      0.9951      1.3899      2.4433      0.0073      0.0798      4.0000
         120      0.9859      1.3759      2.4185      0.0078      0.0812      4.0000
         125      0.9780      1.3690      2.4169      0.0077      0.0581      4.0000
         130      0.9800      1.3738      2.4349      0.0081      0.0826      2.0000
         135      0.9652      1.3623      2.4111      0.0079      0.0588      2.0000
         140      0.9701      1.3637      2.4085      0.0079      0.0597      3.0000
         145      0.9682      1.3631      2.4019      0.0079      0.0592      3.0000
         150      0.9680      1.3585      2.3858      0.0078      0.0794      3.0000
         155      0.9618      1.3572      2.4169      0.0073      0.0450      2.0000
         160      1.0325      1.4189      2.6186      0.0069      0.0464      3.0000
         165      1.0263      1.4476      2.5371      0.0067      0.0744      3.0000
         170      1.0268      1.4648      2.5224      0.0066      0.0740      3.0000
         175      0.9603      1.3627      2.3900      0.0070      0.0608      2.0000
         180      0.9546      1.3317      2.4121      0.0070      0.0266      3.0000
         185      0.9440      1.3271      2.4416      0.0073      0.0187      0.0000
         190      0.9317      1.3214      2.4020      0.0070      0.0152      0.0000
         195      0.9480      1.3421      2.4519      0.0069      0.0102      0.0000
         200      0.9324      1.3202      2.4057      0.0070      0.0153      0.0000
         205      0.9450      1.3408      2.4160      0.0070      0.0150      1.0000
         210      0.9289      1.3171      2.3960      0.0069      0.0142      0.0000
         215      0.9338      1.3225      2.3708      0.0068      0.0139      2.0000
         220      0.9297      1.3232      2.3706      0.0075      0.0363      0.0000
         225      0.9250      1.3173      2.3803      0.0069      0.0142      0.0000
         230      0.9312      1.3258      2.3966      0.0069      0.0143      0.0000
         235      0.9324      1.3168      2.4081      0.0075      0.0160      0.0000
         240      0.9273      1.3186      2.3882      0.0069      0.0141      0.0000
         245      0.9300      1.3186      2.3754      0.0077      0.0369      0.0000
         250      0.9369      1.3231      2.4013      0.0070      0.0149      1.0000
         255      0.9246      1.3119      2.3821      0.0073      0.0156      0.0000
         260      0.9337      1.3083      2.4025      0.0072      0.0156      1.0000
         265      0.9304      1.3100      2.4094      0.0067      0.0141      0.0000
         270      0.9275      1.3094      2.3965      0.0069      0.0158      0.0000
         275      0.9730      1.3197      2.5465      0.0071      0.0183      1.0000
         280      0.9309      1.3115      2.4078      0.0071      0.0159      0.0000
         285      0.9344      1.3039      2.4321      0.0072      0.0132      0.0000
         290      0.9522      1.3224      2.4748      0.0081      0.0224      0.0000
         295      0.9338      1.3131      2.3980      0.0069      0.0160      1.0000
Max CUDA memory: 0.5972G
Saving /mnt/home/jue/halluc/linear_motifs/output/20220104_sh3_r2/sh3_r1_69_r2_41: npz, fas, trb, trk, trfold pdb
Finished design /mnt/home/jue/halluc/linear_motifs/output/20220104_sh3_r2/sh3_r1_69_r2_41 in 2.72 minutes.

Generating sh3_r1_69_r2_42, length 128...
Forcing amino acids:  B7P,B8P,B9P,B10R,B11P,B12P,B13K,B14P, and 58 receptor positions
Loss term           | Weight      
cce                   1.00
entropy               1.00
rog                   1.00
surfnp                1.00
nc                    0.02

Initializing logits: Spike
Stage 0
Starting MCMC...
        step    avg loss         cce     entropy         rog      surfnp          nc
           0      1.0258      1.4688      2.3182      0.0091      0.1075     11.0000
           5      1.0071      1.4123      2.2986      0.0091      0.1086     11.0000
          10      1.0193      1.4167      2.3221      0.0092      0.1294     11.0000
          15      1.0245      1.4499      2.3431      0.0090      0.1164     10.0000
          20      0.9903      1.3839      2.3065      0.0090      0.0815     10.0000
          25      0.9820      1.3705      2.3644      0.0085      0.0843      6.0000
          30      0.9636      1.3572      2.3454      0.0085      0.0626      5.0000
          35      0.9913      1.3759      2.3965      0.0086      0.0840      6.0000
          40      0.9725      1.3557      2.3836      0.0084      0.0620      5.0000
          45      0.9524      1.3405      2.3602      0.0086      0.0393      4.0000
          50      1.0060      1.3820      2.5575      0.0080      0.0367      3.0000
          55      0.9669      1.3404      2.4411      0.0084      0.0371      3.0000
          60      0.9520      1.3393      2.3806      0.0085      0.0386      3.0000
          65      0.9532      1.3409      2.4009      0.0086      0.0217      3.0000
          70      0.9388      1.3386      2.3464      0.0084      0.0205      3.0000
          75      0.9392      1.3482      2.3376      0.0085      0.0212      3.0000
          80      0.9515      1.3403      2.3972      0.0083      0.0392      2.0000
          85      0.9698      1.3761      2.4658      0.0074      0.0492      0.0000
          90      0.9558      1.3294      2.4371      0.0111      0.0447      1.0000
          95      0.9355      1.3220      2.3495      0.0085      0.0205      3.0000
         100      0.9448      1.3311      2.3541      0.0087      0.0241      4.0000
         105      0.9497      1.3320      2.3751      0.0085      0.0419      3.0000
         110      0.9242      1.3222      2.3440      0.0085      0.0204      1.0000
         115      0.9251      1.3185      2.3539      0.0083      0.0183      1.0000
         120      0.9276      1.3092      2.3748      0.0081      0.0169      1.0000
         125      0.9186      1.3136      2.3436      0.0085      0.0269      0.0000
         130      0.9252      1.3168      2.3673      0.0085      0.0269      0.0000
         135      0.9330      1.3208      2.3825      0.0082      0.0390      0.0000
         140      0.9185      1.3134      2.3465      0.0082      0.0243      0.0000
         145      0.9430      1.3141      2.4131      0.0082      0.0353      1.0000
         150      0.9373      1.3106      2.4083      0.0078      0.0214      1.0000
         155      0.9352      1.3169      2.3689      0.0078      0.0457      1.0000
         160      0.9359      1.3158      2.3930      0.0082      0.0255      1.0000
         165      0.9176      1.3083      2.3487      0.0076      0.0244      0.0000
         170      0.9179      1.3282      2.3319      0.0076      0.0223      0.0000
         175      0.9448      1.3582      2.3907      0.0076      0.0214      1.0000
         180      0.9227      1.3044      2.3546      0.0078      0.0223      1.0000
         185      0.9280      1.3181      2.3591      0.0076      0.0456      0.0000
         190      0.9260      1.3090      2.3812      0.0080      0.0244      0.0000
         195      0.9242      1.3130      2.3477      0.0079      0.0467      0.0000
         200      0.9162      1.3124      2.3402      0.0078      0.0228      0.0000
         205      0.9215      1.3113      2.3632      0.0077      0.0223      0.0000
         210      0.9185      1.3207      2.3410      0.0078      0.0230      0.0000
         215      0.9299      1.3185      2.3903      0.0082      0.0214      0.0000
         220      0.9204      1.3235      2.3456      0.0078      0.0232      0.0000
         225      0.9368      1.3231      2.3702      0.0078      0.0446      1.0000
         230      0.9379      1.3163      2.4010      0.0081      0.0250      1.0000
         235      0.9439      1.3341      2.4358      0.0079      0.0168      0.0000
         240      0.9238      1.3171      2.3649      0.0079      0.0240      0.0000
         245      0.9288      1.3131      2.3688      0.0078      0.0240      1.0000
         250      0.9697      1.3673      2.4762      0.0077      0.0468      0.0000
         255      0.9251      1.3058      2.3822      0.0077      0.0230      0.0000
         260      0.9336      1.3063      2.4197      0.0076      0.0195      0.0000
         265      0.9439      1.3061      2.4597      0.0073      0.0212      0.0000
         270      0.9609      1.3357      2.4682      0.0077      0.0311      1.0000
         275      0.9235      1.3132      2.3682      0.0078      0.0234      0.0000
         280      0.9241      1.3135      2.3703      0.0078      0.0233      0.0000
         285      0.9243      1.3170      2.3681      0.0077      0.0229      0.0000
         290      0.9534      1.3480      2.4496      0.0074      0.0276      0.0000
         295      0.9318      1.3220      2.3891      0.0077      0.0269      0.0000
Max CUDA memory: 0.5977G
Saving /mnt/home/jue/halluc/linear_motifs/output/20220104_sh3_r2/sh3_r1_69_r2_42: npz, fas, trb, trk, trfold pdb
Finished design /mnt/home/jue/halluc/linear_motifs/output/20220104_sh3_r2/sh3_r1_69_r2_42 in 2.73 minutes.

Generating sh3_r1_69_r2_43, length 128...
Forcing amino acids:  B7P,B8P,B9P,B10R,B11P,B12P,B13K,B14P, and 58 receptor positions
Loss term           | Weight      
cce                   1.00
entropy               1.00
rog                   1.00
surfnp                1.00
nc                    0.02

Initializing logits: Spike
Stage 0
Starting MCMC...
        step    avg loss         cce     entropy         rog      surfnp          nc
           0      1.0140      1.4464      2.2932      0.0091      0.1075     11.0000
           5      1.0041      1.4419      2.2974      0.0092      0.1079      9.0000
          10      0.9969      1.4147      2.2947      0.0093      0.1090      9.0000
          15      0.9890      1.3824      2.3462      0.0082      0.0989      7.0000
          20      0.9867      1.4129      2.3116      0.0091      0.1128      6.0000
          25      0.9715      1.3748      2.3342      0.0093      0.0872      5.0000
          30      0.9932      1.3608      2.4365      0.0091      0.0862      5.0000
          35      0.9786      1.3472      2.4148      0.0087      0.0633      5.0000
          40      0.9655      1.3349      2.3739      0.0091      0.0634      5.0000
          45      0.9742      1.3532      2.4053      0.0092      0.0685      4.0000
          50      0.9629      1.3598      2.3588      0.0090      0.0633      4.0000
          55      0.9710      1.3744      2.3528      0.0090      0.0872      4.0000
          60      0.9615      1.3753      2.3240      0.0091      0.0770      4.0000
          65      0.9542      1.3657      2.3416      0.0086      0.0601      3.0000
          70      0.9587      1.3506      2.3560      0.0082      0.0589      4.0000
          75      0.9895      1.3896      2.4105      0.0086      0.0889      4.0000
          80      0.9819      1.3438      2.4564      0.0088      0.0584      4.0000
          85      0.9665      1.3456      2.3941      0.0084      0.0772      3.0000
          90      0.9570      1.3292      2.3733      0.0085      0.0564      4.0000
          95      0.9506      1.3420      2.3734      0.0085      0.0574      2.0000
         100      0.9683      1.3450      2.4666      0.0080      0.0530      1.0000
         105      0.9616      1.3426      2.4190      0.0087      0.0552      2.0000
         110      0.9553      1.3344      2.4015      0.0087      0.0556      2.0000
         115      0.9542      1.3570      2.3934      0.0086      0.0370      2.0000
         120      0.9451      1.3395      2.3743      0.0088      0.0367      2.0000
         125      0.9476      1.3440      2.3593      0.0090      0.0370      3.0000
         130      0.9663      1.3385      2.4739      0.0087      0.0435      1.0000
         135      0.9584      1.3662      2.3778      0.0088      0.0600      2.0000
         140      0.9416      1.3447      2.3542      0.0089      0.0377      2.0000
         145      0.9296      1.3429      2.3474      0.0090      0.0376      0.0000
         150      0.9309      1.3444      2.3510      0.0090      0.0377      0.0000
         155      0.9298      1.3361      2.3551      0.0089      0.0376      0.0000
         160      0.9344      1.3459      2.3596      0.0091      0.0419      0.0000
         165      0.9456      1.3293      2.3818      0.0093      0.0607      1.0000
         170      0.9528      1.3622      2.3994      0.0090      0.0597      0.0000
         175      1.0013      1.3625      2.5594      0.0220      0.0812      0.0000
         180      0.9361      1.3533      2.3614      0.0089      0.0393      0.0000
         185      0.9316      1.3488      2.3480      0.0090      0.0394      0.0000
         190      0.9296      1.3453      2.3435      0.0088      0.0392      0.0000
         195      0.9298      1.3422      2.3470      0.0088      0.0396      0.0000
         200      0.9325      1.3414      2.3642      0.0090      0.0339      0.0000
         205      0.9310      1.3436      2.3560      0.0091      0.0339      0.0000
         210      0.9395      1.3492      2.3646      0.0091      0.0338      1.0000
         215      0.9443      1.3595      2.3749      0.0095      0.0523      0.0000
         220      0.9374      1.3462      2.3796      0.0090      0.0337      0.0000
         225      0.9340      1.3416      2.3500      0.0091      0.0339      1.0000
         230      0.9544      1.3641      2.4102      0.0091      0.0530      0.0000
         235      0.9547      1.3751      2.3955      0.0084      0.0589      0.0000
         240      0.9406      1.3278      2.4081      0.0086      0.0368      0.0000
         245      0.9429      1.3479      2.3771      0.0085      0.0370      1.0000
         250      0.9780      1.3566      2.5269      0.0090      0.0393      0.0000
         255      0.9402      1.3344      2.3609      0.0087      0.0555      1.0000
         260      0.9374      1.3484      2.3739      0.0085      0.0377      0.0000
         265      0.9458      1.3509      2.3859      0.0087      0.0366      1.0000
         270      1.0415      1.4408      2.6207      0.0409      0.0644      1.0000
         275      0.9350      1.3330      2.3599      0.0086      0.0373      1.0000
         280      0.9405      1.3409      2.3741      0.0086      0.0370      1.0000
         285      0.9401      1.3225      2.4131      0.0083      0.0352      0.0000
         290      0.9401      1.3333      2.3986      0.0087      0.0386      0.0000
         295      0.9521      1.3299      2.4330      0.0084      0.0362      1.0000
Max CUDA memory: 0.5979G
Saving /mnt/home/jue/halluc/linear_motifs/output/20220104_sh3_r2/sh3_r1_69_r2_43: npz, fas, trb, trk, trfold pdb
Finished design /mnt/home/jue/halluc/linear_motifs/output/20220104_sh3_r2/sh3_r1_69_r2_43 in 2.71 minutes.

Generating sh3_r1_69_r2_44, length 128...
Forcing amino acids:  B7P,B8P,B9P,B10R,B11P,B12P,B13K,B14P, and 58 receptor positions
Loss term           | Weight      
cce                   1.00
entropy               1.00
rog                   1.00
surfnp                1.00
nc                    0.02

Initializing logits: Spike
Stage 0
Starting MCMC...
        step    avg loss         cce     entropy         rog      surfnp          nc
           0      1.0168      1.4473      2.3033      0.0089      0.1082     11.0000
           5      1.0048      1.3809      2.3099      0.0084      0.1000     12.0000
          10      0.9976      1.3740      2.3435      0.0089      0.1038      9.0000
          15      1.0179      1.3859      2.3675      0.0090      0.1297     10.0000
          20      0.9997      1.3591      2.3712      0.0092      0.0991      9.0000
          25      0.9948      1.3566      2.3491      0.0092      0.1041      9.0000
          30      0.9866      1.3448      2.3129      0.0087      0.0996     10.0000
          35      0.9835      1.3311      2.3430      0.0084      0.0912      9.0000
          40      0.9812      1.3180      2.3488      0.0083      0.0895      9.0000
          45      0.9881      1.3244      2.3514      0.0083      0.1080      9.0000
          50      0.9891      1.3197      2.3659      0.0084      0.0821     10.0000
          55      1.0161      1.3182      2.5141      0.0075      0.0850      8.0000
          60      0.9889      1.3339      2.3385      0.0083      0.0945     10.0000
          65      0.9863      1.3257      2.3615      0.0084      0.0895      9.0000
          70      0.9898      1.3188      2.4042      0.0079      0.0879      8.0000
          75      0.9936      1.3059      2.3932      0.0079      0.0875     10.0000
          80      1.0118      1.3203      2.4869      0.0072      0.0931      8.0000
          85      1.0021      1.3461      2.4004      0.0080      0.1138      8.0000
          90      0.9783      1.3077      2.3911      0.0079      0.0861      7.0000
          95      0.9783      1.3077      2.3912      0.0079      0.0861      7.0000
         100      0.9653      1.3077      2.3778      0.0081      0.0669      6.0000
         105      0.9630      1.3110      2.3650      0.0082      0.0872      5.0000
         110      0.9832      1.3112      2.4883      0.0080      0.0651      4.0000
         115      1.0178      1.3142      2.6078      0.0071      0.0625      5.0000
         120      0.9580      1.3086      2.3926      0.0077      0.0624      4.0000
         125      0.9545      1.3226      2.3891      0.0076      0.0576      3.0000
         130      0.9559      1.3255      2.4052      0.0080      0.0840      1.0000
         135      0.9461      1.3138      2.3740      0.0082      0.0672      2.0000
         140      0.9566      1.3103      2.4103      0.0082      0.0767      2.0000
         145      0.9597      1.3079      2.4031      0.0084      0.0584      4.0000
         150      1.0040      1.3036      2.6330      0.0056      0.0337      3.0000
         155      0.9598      1.3261      2.3831      0.0082      0.0812      3.0000
         160      0.9290      1.2997      2.3653      0.0085      0.0612      0.0000
         165      0.9317      1.3012      2.3746      0.0085      0.0613      0.0000
         170      0.9420      1.3142      2.4033      0.0086      0.0607      0.0000
         175      0.9461      1.3150      2.4170      0.0084      0.0627      0.0000
         180      0.9393      1.3134      2.3879      0.0085      0.0662      0.0000
         185      0.9326      1.3118      2.3682      0.0081      0.0611      0.0000
         190      0.9447      1.3188      2.3894      0.0081      0.0815      0.0000
         195      0.9385      1.3141      2.3677      0.0082      0.0626      1.0000
         200      0.9326      1.3118      2.3682      0.0081      0.0611      0.0000
         205      0.9500      1.3383      2.3677      0.0082      0.0849      1.0000
         210      0.9322      1.3186      2.3388      0.0081      0.0618      1.0000
         215      0.9339      1.3198      2.3639      0.0081      0.0424      1.0000
         220      0.9308      1.3267      2.3418      0.0083      0.0451      1.0000
         225      0.9338      1.3095      2.3807      0.0078      0.0359      1.0000
         230      0.9292      1.3077      2.3928      0.0079      0.0268      0.0000
         235      0.9360      1.3089      2.4144      0.0082      0.0313      0.0000
         240      0.9316      1.3121      2.3970      0.0080      0.0278      0.0000
         245      0.9302      1.3081      2.3948      0.0081      0.0283      0.0000
         250      0.9344      1.3128      2.4083      0.0078      0.0275      0.0000
         255      0.9370      1.3208      2.4018      0.0084      0.0359      0.0000
         260      0.9347      1.3083      2.4155      0.0077      0.0258      0.0000
         265      0.9292      1.3175      2.3819      0.0079      0.0279      0.0000
         270      0.9286      1.3148      2.3821      0.0079      0.0282      0.0000
         275      0.9404      1.3180      2.4093      0.0087      0.0444      0.0000
         280      0.9317      1.3194      2.3898      0.0080      0.0282      0.0000
         285      0.9450      1.3272      2.4318      0.0084      0.0316      0.0000
         290      0.9365      1.3170      2.4094      0.0083      0.0300      0.0000
         295      0.9441      1.3054      2.4570      0.0076      0.0253      0.0000
Max CUDA memory: 0.5972G
Saving /mnt/home/jue/halluc/linear_motifs/output/20220104_sh3_r2/sh3_r1_69_r2_44: npz, fas, trb, trk, trfold pdb
Finished design /mnt/home/jue/halluc/linear_motifs/output/20220104_sh3_r2/sh3_r1_69_r2_44 in 2.73 minutes.
