/mnt/home/dzorine/software/homog/homog/homog.py:98: SyntaxWarning: "is" with a literal. Did you mean "=="?
  if degrees is 'auto': degrees = guess_is_degrees(angle)
[15:36:54] /opt/dgl/src/runtime/tensordispatch.cc:43: TensorDispatcher: dlopen failed: libtorch_cuda_cpp.so: cannot open shared object file: No such file or directory
Using backend: pytorch
--steps was given. Ignoring --grad_steps, --mcmc_steps.

Run settings:
{'network_name': 'rf_Nov05_2021', 'use_template': 'B7-14', 'num': 5, 'start_num': 30, 'msa_num': 1, 'out': '/mnt/home/jue/halluc/linear_motifs/output/20220104_sh3_r2/sh3_r1_110_r2', 'cautious': 1, 'save_pdb': 1, 'save_batch_fas': False, 'track_step': 1, 'track_logits': False, 'out_step': None, 'seed_rng': False, 'steps': 'm300', 'grad_steps': 400, 'mcmc_steps': 0, 'optimizer': 'nsgd', 'drop': 0.2, 'init_sd': 1e-06, 'learning_rate': 0.05, 'grad_check': True, 'logit_scale': 1, 'seq_prob_type': 'hard', 'seq_sample': False, 'calc_bkg': True, 'cce_sd': None, 'hal_sd': None, 'corrupt_sequence': None, 'corrupt_fraction': None, 'pdb': '/mnt/home/jue/halluc/linear_motifs/input/SH3_2w0z.pdb', 'mask': '28-28,B7-14,59-59', 'contigs': None, 'con_set_id': None, 'len': None, 'keep_order': False, 'contig_min_gap': 5, 'spike': 0.999, 'spike_fas': 'output/hits_sh3_r1/sh3_r1_110.fas', 'force_aa': 'B7-14', 'exclude_aa': 'C', 'force_aa_hal': None, 'template_pdbs': None, 'no_bkg_mask': False, 'num_repeats': 0, 'init_seq': None, 'masks_bkg': None, 'masks_pass': None, 'force_logits': None, 'receptor': 'input/SH3_2w0z_rec.pdb', 'rec_placement': 'second', 'gap': 200, 'w_cce': 1, 'w_crmsd': -1, 'w_entropy': 1, 'w_kl': -1, 'n_bkg': 100, 'w_rep': -1, 'w_set_rep': -1, 'w_atr': -1, 'w_set_atr': -1, 'w_rog': 1.0, 'w_aspect_ratio': -1, 'w_cyc_sym': -1, 'w_surfnp': 1.0, 'w_nc': 0.02, 'w_cce_bg': -1, 'w_sym': -1, 'cce_cutoff': 19.9, 'rep_pdb': None, 'rep_sigma': 5, 'atr_pdb': None, 'atr_sigma': 5, 'entropy_beta': 10, 'rog_thresh': 16.0, 'surfnp_nbr_thresh': 2.5, 'nc_target': -7, 'entropy_dist_bins': 16, 'mcmc_halflife': 500.0, 'T_acc_0': 0.002, 'mcmc_batch': 1, 'anneal_t1d': False, 'erode_template': False, 'num_masked_tokens': 1, 'weights_dir': '/projects/ml/trDesign', 'nthreads': 4, 'cce_cutstep': None, 'cce_thresh': 2.2, 'batch': 64, 'lr': 0.2, 'nsteps': 100, 'commit': '3c91d72d7c0f6305334db8ae5306b96f5293e969'}

Loading structure prediction model onto device cuda:0...
#   trunk_msa_v00     [ens=1]   AF2-inspired 12-block 2-track trunk
#   trunk_tbm_v00     [ens=1]   AF2-inspired 3-track trunk
#   rf_v00            [ens=1]   RoseTTAFold 3-track trunk + refiner (formerly trunk_e2e_v00)
# * rf_Nov05_2021     [ens=1]   RoseTTAFold 3-track, no perceiver, Nov. 5 2021
#   rf_perceiver_v00  [ens=1]   RoseTTAFold w/ Perceiver & FAPE loss (msa_full=zeros)
#   rf_perceiver_v01  [ens=1]   RoseTTAFold w/ Perceiver & FAPE loss (msa_full=msa_latent)
#   af2_v00           [ens=0]   AlphaFold2 (only works with rescue.py)
Loaded sequence-to-structure model rf_Nov05_2021 with 66037142 parameters

Model hyperparameters:
{'SE3_param': {'div': 4, 'l0_in_features': 32, 'l0_out_features': 32, 'l1_in_features': 3, 'l1_out_features': 2, 'n_heads': 4, 'num_channels': 32, 'num_degrees': 2, 'num_edge_features': 32, 'num_layers': 3}, 'd_hidden': 32, 'd_hidden_templ': 64, 'd_msa': 256, 'd_msa_full': 64, 'd_pair': 128, 'd_templ': 64, 'n_head_msa': 8, 'n_head_pair': 4, 'n_head_templ': 4, 'n_module_2track': 24, 'n_module_3track': 8, 'p_drop': 0.0}

Using CUDA device(s):  cuda:0: (Quadro RTX 8000); 

Parsing input pdb...
Parsing receptor pdb...

Generating sh3_r1_110_r2_30, length 153...
Forcing amino acids:  B7P,B8P,B9P,B10R,B11P,B12P,B13K,B14P, and 58 receptor positions
Loss term           | Weight      
cce                   1.00
entropy               1.00
rog                   1.00
surfnp                1.00
nc                    0.02

Initializing logits: Spike
Stage 0
Starting MCMC...
        step    avg loss         cce     entropy         rog      surfnp          nc
           0      1.0578      1.4000      2.3511      0.0662      0.1351     15.0000
           5      1.0576      1.4092      2.3618      0.0660      0.1347     14.0000
          10      1.0612      1.3796      2.4548      0.0658      0.1257     12.0000
          15      1.0697      1.3868      2.4417      0.0665      0.1251     14.0000
          20      1.0426      1.3881      2.3848      0.0663      0.1321     11.0000
          25      1.0404      1.3943      2.3882      0.0675      0.1326     10.0000
          30      1.0468      1.4288      2.3751      0.0679      0.1364     10.0000
          35      1.0408      1.4012      2.4281      0.0673      0.1275      8.0000
          40      1.0408      1.4012      2.4281      0.0673      0.1275      8.0000
          45      1.0073      1.3749      2.3771      0.0667      0.1104      6.0000
          50      1.0063      1.3730      2.3747      0.0666      0.1109      6.0000
          55      1.0063      1.3812      2.3854      0.0670      0.1115      5.0000
          60      1.0070      1.3838      2.3876      0.0655      0.1115      5.0000
          65      1.0186      1.3805      2.4574      0.0618      0.0951      5.0000
          70      1.0153      1.3773      2.4072      0.0655      0.1117      6.0000
          75      1.0095      1.3735      2.4103      0.0653      0.1090      5.0000
          80      1.0152      1.3796      2.4102      0.0655      0.1259      5.0000
          85      1.0205      1.3983      2.4793      0.0642      0.1007      3.0000
          90      1.0024      1.3811      2.3950      0.0666      0.1068      4.0000
          95      1.0093      1.3705      2.4253      0.0644      0.1174      4.0000
         100      0.9984      1.3584      2.4061      0.0656      0.0837      5.0000
         105      0.9844      1.3428      2.3858      0.0633      0.0655      5.0000
         110      0.9875      1.3515      2.3846      0.0629      0.0707      5.0000
         115      0.9894      1.3386      2.4088      0.0623      0.0677      5.0000
         120      0.9923      1.3305      2.4060      0.0650      0.0676      6.0000
         125      0.9744      1.3207      2.4039      0.0655      0.0669      3.0000
         130      0.9725      1.3188      2.4190      0.0651      0.0667      2.0000
         135      0.9956      1.3220      2.4916      0.0652      0.0634      3.0000
         140      0.9792      1.3135      2.4309      0.0670      0.0649      3.0000
         145      0.9800      1.3197      2.4278      0.0663      0.0657      3.0000
         150      0.9838      1.3306      2.4404      0.0637      0.0603      3.0000
         155      0.9729      1.3215      2.3955      0.0666      0.0676      3.0000
         160      0.9911      1.3349      2.4251      0.0656      0.0786      4.0000
         165      0.9772      1.3262      2.4344      0.0631      0.0646      2.0000
         170      0.9726      1.3271      2.3923      0.0646      0.0659      3.0000
         175      0.9711      1.3318      2.4197      0.0663      0.0661      1.0000
         180      0.9649      1.3318      2.3751      0.0653      0.0665      2.0000
         185      0.9888      1.3572      2.4859      0.0673      0.0646      0.0000
         190      0.9582      1.3228      2.4026      0.0635      0.0631      0.0000
         195      1.0003      1.3506      2.5396      0.0593      0.0717      0.0000
         200      0.9492      1.3248      2.3605      0.0634      0.0672      0.0000
         205      0.9511      1.3189      2.3749      0.0627      0.0670      0.0000
         210      0.9567      1.3292      2.3896      0.0644      0.0628      0.0000
         215      0.9444      1.3133      2.3694      0.0640      0.0497      0.0000
         220      0.9641      1.3214      2.4443      0.0581      0.0520      0.0000
         225      0.9446      1.3161      2.3635      0.0638      0.0539      0.0000
         230      0.9407      1.3127      2.3533      0.0630      0.0526      0.0000
         235      0.9509      1.3188      2.3736      0.0643      0.0661      0.0000
         240      0.9429      1.3028      2.3825      0.0634      0.0418      0.0000
         245      0.9429      1.3028      2.3825      0.0634      0.0418      0.0000
         250      0.9491      1.3101      2.3986      0.0638      0.0431      0.0000
         255      0.9435      1.3003      2.3877      0.0630      0.0418      0.0000
         260      0.9530      1.3022      2.4136      0.0637      0.0517      0.0000
         265      0.9485      1.3023      2.4039      0.0650      0.0419      0.0000
         270      0.9447      1.3034      2.3893      0.0630      0.0420      0.0000
         275      0.9547      1.3131      2.4141      0.0638      0.0468      0.0000
         280      0.9553      1.3096      2.4242      0.0634      0.0433      0.0000
         285      0.9430      1.2997      2.3848      0.0638      0.0424      0.0000
         290      0.9482      1.3014      2.3867      0.0641      0.0596      0.0000
         295      0.9587      1.3113      2.4343      0.0662      0.0421      0.0000
Max CUDA memory: 0.6580G
Saving /mnt/home/jue/halluc/linear_motifs/output/20220104_sh3_r2/sh3_r1_110_r2_30: npz, fas, trb, trk, trfold pdb
Finished design /mnt/home/jue/halluc/linear_motifs/output/20220104_sh3_r2/sh3_r1_110_r2_30 in 4.27 minutes.

Generating sh3_r1_110_r2_31, length 153...
Forcing amino acids:  B7P,B8P,B9P,B10R,B11P,B12P,B13K,B14P, and 58 receptor positions
Loss term           | Weight      
cce                   1.00
entropy               1.00
rog                   1.00
surfnp                1.00
nc                    0.02

Initializing logits: Spike
Stage 0
Starting MCMC...
        step    avg loss         cce     entropy         rog      surfnp          nc
           0      1.0539      1.4054      2.3487      0.0667      0.1359     14.0000
           5      1.0408      1.3668      2.3860      0.0619      0.1294     12.0000
          10      1.0398      1.3657      2.3969      0.0625      0.1351     11.0000
          15      1.0421      1.3595      2.4161      0.0627      0.1309     11.0000
          20      1.0431      1.3611      2.4161      0.0634      0.1327     11.0000
          25      1.0086      1.3429      2.3755      0.0628      0.1331      7.0000
          30      1.0059      1.3398      2.3677      0.0628      0.1334      7.0000
          35      1.0135      1.3413      2.4073      0.0641      0.1416      6.0000
          40      1.0184      1.3134      2.4140      0.0653      0.1215      9.0000
          45      1.0137      1.3287      2.3772      0.0671      0.1219      9.0000
          50      1.0158      1.3108      2.4279      0.0648      0.1199      8.0000
          55      1.0049      1.3016      2.3932      0.0638      0.1211      8.0000
          60      1.0066      1.3001      2.3911      0.0650      0.1305      8.0000
          65      1.0233      1.3124      2.4738      0.0636      0.1439      6.0000
          70      0.9903      1.2961      2.3715      0.0631      0.1304      6.0000
          75      0.9778      1.2950      2.3487      0.0641      0.1229      5.0000
          80      0.9742      1.2875      2.3823      0.0644      0.1221      3.0000
          85      0.9801      1.2860      2.4166      0.0681      0.1093      3.0000
          90      0.9736      1.2846      2.4008      0.0633      0.1053      3.0000
          95      0.9870      1.3596      2.3810      0.0630      0.1240      2.0000
         100      0.9697      1.2974      2.3703      0.0637      0.1070      3.0000
         105      0.9682      1.2967      2.3809      0.0635      0.0912      3.0000
         110      0.9649      1.2938      2.3639      0.0656      0.0955      3.0000
         115      0.9835      1.2995      2.4519      0.0598      0.0824      3.0000
         120      0.9630      1.2955      2.3841      0.0637      0.0878      2.0000
         125      0.9689      1.3020      2.3598      0.0648      0.0884      4.0000
         130      0.9649      1.2970      2.3895      0.0641      0.0881      2.0000
         135      0.9750      1.3057      2.4348      0.0691      0.0900      1.0000
         140      0.9549      1.2982      2.3626      0.0634      0.0946      1.0000
         145      0.9695      1.3114      2.4126      0.0626      0.1109      0.0000
         150      0.9827      1.3109      2.4573      0.0681      0.0940      1.0000
         155      0.9634      1.2937      2.3870      0.0643      0.1081      1.0000
         160      0.9606      1.2969      2.4060      0.0637      0.0949      0.0000
         165      0.9505      1.2905      2.3705      0.0634      0.0966      0.0000
         170      0.9590      1.2942      2.3377      0.0651      0.0980      3.0000
         175      0.9526      1.2793      2.3486      0.0635      0.0981      2.0000
         180      0.9482      1.2786      2.3435      0.0666      0.1031      1.0000
         185      0.9514      1.2802      2.3408      0.0673      0.1163      1.0000
         190      0.9633      1.2771      2.3867      0.0666      0.1022      2.0000
         195      0.9485      1.2787      2.3442      0.0678      0.1023      1.0000
         200      0.9456      1.2807      2.3304      0.0677      0.1025      1.0000
         205      0.9509      1.2854      2.3483      0.0672      0.1017      1.0000
         210      1.0110      1.3432      2.5019      0.0680      0.1109      2.0000
         215      0.9546      1.2838      2.3567      0.0673      0.0895      2.0000
         220      0.9587      1.2840      2.3431      0.0678      0.1193      2.0000
         225      0.9470      1.2828      2.3599      0.0646      0.0995      0.0000
         230      1.0592      1.3498      2.5446      0.2089      0.1349      1.0000
         235      0.9555      1.2851      2.4015      0.0669      0.0875      0.0000
         240      0.9381      1.2800      2.3440      0.0634      0.0836      0.0000
         245      0.9359      1.2626      2.3688      0.0632      0.0677      0.0000
         250      0.9402      1.2766      2.3582      0.0633      0.0815      0.0000
         255      0.9383      1.2731      2.3522      0.0633      0.0833      0.0000
         260      0.9353      1.2769      2.3326      0.0633      0.0872      0.0000
         265      0.9590      1.2951      2.3936      0.0606      0.0860      1.0000
         270      0.9449      1.2740      2.3539      0.0634      0.0871      1.0000
         275      0.9353      1.2770      2.3326      0.0633      0.0872      0.0000
         280      0.9987      1.3398      2.5096      0.0697      0.0955      0.0000
         285      0.9525      1.2809      2.3942      0.0637      0.0904      0.0000
         290      0.9440      1.2790      2.3434      0.0640      0.0883      1.0000
         295      0.9344      1.2754      2.3288      0.0635      0.0886      0.0000
Max CUDA memory: 0.7419G
Saving /mnt/home/jue/halluc/linear_motifs/output/20220104_sh3_r2/sh3_r1_110_r2_31: npz, fas, trb, trk, trfold pdb
Finished design /mnt/home/jue/halluc/linear_motifs/output/20220104_sh3_r2/sh3_r1_110_r2_31 in 4.26 minutes.

Generating sh3_r1_110_r2_32, length 153...
Forcing amino acids:  B7P,B8P,B9P,B10R,B11P,B12P,B13K,B14P, and 58 receptor positions
Loss term           | Weight      
cce                   1.00
entropy               1.00
rog                   1.00
surfnp                1.00
nc                    0.02

Initializing logits: Spike
Stage 0
Starting MCMC...
        step    avg loss         cce     entropy         rog      surfnp          nc
           0      1.0559      1.3871      2.3606      0.0647      0.1323     15.0000
           5      1.0562      1.4296      2.3531      0.0664      0.1370     13.0000
          10      1.0382      1.3702      2.3344      0.0669      0.1221     14.0000
          15      1.0306      1.3700      2.3212      0.0666      0.1053     14.0000
          20      1.0350      1.3775      2.3395      0.0666      0.1169     13.0000
          25      1.0406      1.3623      2.4054      0.0652      0.0905     13.0000
          30      1.0215      1.3563      2.3536      0.0653      0.0911     12.0000
          35      1.0219      1.3365      2.3691      0.0657      0.0967     12.0000
          40      1.0211      1.3459      2.3740      0.0664      0.0984     11.0000
          45      1.9269      1.4267      2.6036      3.3532      0.1627     10.0000
          50      1.0047      1.3356      2.3382      0.0669      0.0982     10.0000
          55      1.0378      1.3594      2.4645      0.0704      0.0977      9.0000
          60      1.0394      1.3680      2.4504      0.0710      0.1092      9.0000
          65      0.9956      1.3435      2.3391      0.0619      0.0977      8.0000
          70      1.0107      1.3433      2.3718      0.0673      0.1006      9.0000
          75      1.0621      1.3936      2.5012      0.0793      0.1156      9.0000
          80      1.0091      1.3451      2.3419      0.0666      0.1031     10.0000
          85      1.0005      1.3412      2.3301      0.0668      0.1037      9.0000
          90      0.9861      1.3315      2.3210      0.0673      0.1043      7.0000
          95      0.9774      1.3339      2.3340      0.0670      0.0944      5.0000
         100      0.9763      1.3260      2.3370      0.0675      0.0944      5.0000
         105      0.9763      1.3261      2.3370      0.0675      0.0944      5.0000
         110      0.9720      1.3218      2.3477      0.0646      0.0933      4.0000
         115      0.9698      1.3267      2.3535      0.0647      0.0939      3.0000
         120      0.9658      1.3157      2.3490      0.0635      0.0943      3.0000
         125      0.9731      1.3397      2.3529      0.0654      0.0936      3.0000
         130      0.9828      1.3342      2.4176      0.0666      0.0925      2.0000
         135      0.9797      1.3387      2.4041      0.0653      0.0903      2.0000
         140      0.9733      1.3422      2.3716      0.0651      0.0939      2.0000
         145      0.9904      1.3392      2.4312      0.0667      0.1045      2.0000
         150      1.0451      1.4081      2.5649      0.0788      0.1095      2.0000
         155      0.9790      1.3302      2.3996      0.0686      0.0973      2.0000
         160      0.9682      1.3348      2.3518      0.0676      0.0981      2.0000
         165      0.9768      1.3446      2.4083      0.0681      0.1057      0.0000
         170      0.9792      1.3471      2.3977      0.0733      0.1182      0.0000
         175      0.9998      1.3652      2.4806      0.0669      0.1064      0.0000
         180      0.9746      1.3597      2.3811      0.0698      0.1073      0.0000
         185      0.9768      1.3401      2.3946      0.0697      0.1023      1.0000
         190      0.9993      1.3620      2.4816      0.0664      0.1071      0.0000
         195      0.9631      1.3358      2.3630      0.0701      0.1029      0.0000
         200      0.9631      1.3358      2.3630      0.0701      0.1029      0.0000
         205      0.9771      1.3364      2.4028      0.0676      0.1011      1.0000
         210      0.9662      1.3359      2.3563      0.0684      0.1036      1.0000
         215      0.9664      1.3436      2.3701      0.0687      0.1023      0.0000
         220      0.9754      1.3392      2.3777      0.0662      0.1179      1.0000
         225      0.9619      1.3351      2.3612      0.0679      0.1027      0.0000
         230      0.9636      1.3380      2.3650      0.0673      0.1036      0.0000
         235      0.9678      1.3356      2.3845      0.0676      0.1028      0.0000
         240      0.9635      1.3440      2.3476      0.0660      0.0956      1.0000
         245      0.9594      1.3471      2.3467      0.0660      0.0968      0.0000
         250      0.9578      1.3433      2.3444      0.0658      0.0966      0.0000
         255      0.9606      1.3403      2.3668      0.0637      0.0908      0.0000
         260      0.9615      1.3286      2.3826      0.0628      0.0912      0.0000
         265      0.9621      1.3344      2.3785      0.0638      0.0909      0.0000
         270      0.9691      1.3267      2.4101      0.0671      0.0920      0.0000
         275      0.9549      1.3349      2.3652      0.0637      0.0750      0.0000
         280      0.9535      1.3274      2.3669      0.0631      0.0758      0.0000
         285      0.9603      1.3363      2.3656      0.0630      0.0755      1.0000
         290      0.9892      1.3563      2.5105      0.0579      0.0517      0.0000
         295      0.9486      1.3220      2.3624      0.0623      0.0665      0.0000
Max CUDA memory: 0.7427G
Saving /mnt/home/jue/halluc/linear_motifs/output/20220104_sh3_r2/sh3_r1_110_r2_32: npz, fas, trb, trk, trfold pdb
Finished design /mnt/home/jue/halluc/linear_motifs/output/20220104_sh3_r2/sh3_r1_110_r2_32 in 4.25 minutes.

Generating sh3_r1_110_r2_33, length 153...
Forcing amino acids:  B7P,B8P,B9P,B10R,B11P,B12P,B13K,B14P, and 58 receptor positions
Loss term           | Weight      
cce                   1.00
entropy               1.00
rog                   1.00
surfnp                1.00
nc                    0.02

Initializing logits: Spike
Stage 0
Starting MCMC...
        step    avg loss         cce     entropy         rog      surfnp          nc
           0      1.0526      1.3928      2.3864      0.0684      0.1239     13.0000
           5      1.0364      1.3721      2.3868      0.0655      0.1020     12.0000
          10      1.0302      1.3534      2.3525      0.0646      0.1108     13.0000
          15      1.0461      1.3694      2.3851      0.0638      0.1272     13.0000
          20      1.0396      1.3755      2.3614      0.0628      0.1193     13.0000
          25      1.0299      1.3617      2.3880      0.0613      0.1092     11.0000
          30      1.0043      1.3246      2.3519      0.0603      0.1007     10.0000
          35      1.0078      1.3171      2.3624      0.0645      0.0875     11.0000
          40      1.0319      1.3157      2.4550      0.0700      0.0875     11.0000
          45      1.0305      1.3393      2.4330      0.0610      0.0895     11.0000
          50      1.0376      1.3275      2.4603      0.0578      0.0857     12.0000
          55      1.0093      1.3311      2.3179      0.0605      0.0879     13.0000
          60      1.0007      1.3250      2.3084      0.0625      0.0869     12.0000
          65      1.0041      1.3231      2.3289      0.0610      0.0834     12.0000
          70      0.9915      1.3181      2.2990      0.0609      0.0679     12.0000
          75      0.9976      1.3211      2.3039      0.0606      0.0849     12.0000
          80      1.0208      1.3045      2.4481      0.0601      0.0707     11.0000
          85      1.0021      1.3050      2.3301      0.0635      0.0698     13.0000
          90      1.0227      1.3072      2.4294      0.0654      0.0693     12.0000
          95      0.9958      1.3116      2.3172      0.0627      0.0716     12.0000
         100      0.9967      1.3185      2.3429      0.0608      0.0647     11.0000
         105      0.9963      1.3289      2.3482      0.0620      0.0662     10.0000
         110      1.0109      1.3451      2.4097      0.0553      0.0536     10.0000
         115      0.9921      1.3231      2.3649      0.0572      0.0632      9.0000
         120      1.0122      1.3276      2.4371      0.0588      0.0657      9.0000
         125      0.9725      1.3101      2.3566      0.0590      0.0639      6.0000
         130      0.9841      1.3120      2.4119      0.0652      0.0870      4.0000
         135      0.9951      1.3208      2.4553      0.0555      0.0885      4.0000
         140      0.9967      1.3169      2.4348      0.0586      0.0766      6.0000
         145      1.0659      1.3729      2.5719      0.1323      0.1076      5.0000
         150      0.9805      1.3181      2.3890      0.0605      0.0742      5.0000
         155      1.0391      1.4279      2.5024      0.0471      0.0800      6.0000
         160      0.9861      1.3227      2.3961      0.0594      0.0860      5.0000
         165      0.9897      1.3229      2.4178      0.0632      0.0747      5.0000
         170      0.9851      1.3296      2.3968      0.0615      0.0923      4.0000
         175      0.9928      1.3521      2.4571      0.0493      0.0724      3.0000
         180      0.9864      1.3067      2.4612      0.0623      0.0749      3.0000
         185      0.9864      1.3188      2.4348      0.0589      0.0728      4.0000
         190      0.9667      1.2982      2.4065      0.0595      0.0820      2.0000
         195      0.9604      1.2971      2.3986      0.0615      0.0838      1.0000
         200      0.9596      1.2935      2.3854      0.0600      0.0789      2.0000
         205      0.9549      1.2949      2.3674      0.0592      0.0771      2.0000
         210      0.9640      1.2982      2.3587      0.0613      0.0969      3.0000
         215      0.9542      1.2890      2.3820      0.0662      0.0785      1.0000
         220      0.9625      1.3134      2.3686      0.0665      0.0807      2.0000
         225      0.9507      1.3168      2.3630      0.0583      0.0836      0.0000
         230      0.9500      1.3007      2.3546      0.0621      0.0815      1.0000
         235      0.9484      1.3009      2.3472      0.0628      0.0815      1.0000
         240      0.9468      1.3026      2.3595      0.0636      0.0804      0.0000
         245      0.9547      1.3009      2.3905      0.0648      0.0817      0.0000
         250      0.9584      1.3083      2.3949      0.0671      0.0827      0.0000
         255      0.9790      1.3150      2.4535      0.0679      0.0791      1.0000
         260      0.9599      1.2995      2.3703      0.0688      0.0801      2.0000
         265      0.9634      1.2927      2.4017      0.0645      0.0740      2.0000
         270      0.9578      1.2977      2.3837      0.0674      0.0615      2.0000
         275      0.9596      1.2946      2.3962      0.0656      0.0611      2.0000
         280      0.9621      1.2944      2.3915      0.0719      0.0696      2.0000
         285      0.9762      1.3069      2.4117      0.0711      0.0746      3.0000
         290      0.9704      1.2976      2.4325      0.0664      0.0645      2.0000
         295      0.9534      1.2930      2.3923      0.0665      0.0610      1.0000
Max CUDA memory: 0.7406G
Saving /mnt/home/jue/halluc/linear_motifs/output/20220104_sh3_r2/sh3_r1_110_r2_33: npz, fas, trb, trk, trfold pdb
Finished design /mnt/home/jue/halluc/linear_motifs/output/20220104_sh3_r2/sh3_r1_110_r2_33 in 4.25 minutes.

Generating sh3_r1_110_r2_34, length 153...
Forcing amino acids:  B7P,B8P,B9P,B10R,B11P,B12P,B13K,B14P, and 58 receptor positions
Loss term           | Weight      
cce                   1.00
entropy               1.00
rog                   1.00
surfnp                1.00
nc                    0.02

Initializing logits: Spike
Stage 0
Starting MCMC...
        step    avg loss         cce     entropy         rog      surfnp          nc
           0      1.0474      1.4017      2.3441      0.0657      0.1193     14.0000
           5      1.0483      1.4099      2.3580      0.0664      0.1199     13.0000
          10      1.0536      1.4064      2.3908      0.0648      0.1337     12.0000
          15      1.0442      1.3853      2.3769      0.0599      0.1154     13.0000
          20      1.0511      1.3734      2.4004      0.0592      0.1126     14.0000
          25      1.0457      1.3667      2.3998      0.0594      0.0980     14.0000
          30      1.0242      1.3538      2.3439      0.0593      0.1001     13.0000
          35      1.0157      1.3524      2.3496      0.0603      0.1007     11.0000
          40      1.0178      1.3507      2.3405      0.0594      0.1009     12.0000
          45      1.0278      1.3455      2.3281      0.0581      0.0999     15.0000
          50      1.0193      1.3567      2.3441      0.0581      0.0987     12.0000
          55      1.0183      1.3532      2.3459      0.0575      0.0969     12.0000
          60      1.0400      1.3562      2.4798      0.0576      0.0873     10.0000
          65      1.0405      1.3693      2.4000      0.0575      0.1160     12.0000
          70      1.0243      1.3708      2.3932      0.0567      0.0972     10.0000
          75      1.0288      1.3604      2.4279      0.0555      0.0919     10.0000
          80      1.0238      1.3571      2.4213      0.0566      0.0807     10.0000
          85      1.0209      1.3448      2.4257      0.0560      0.0777     10.0000
          90      1.0093      1.3279      2.4305      0.0556      0.0635      9.0000
          95      1.0140      1.3324      2.4298      0.0554      0.0785      9.0000
         100      1.1103      1.4102      2.6601      0.1209      0.0923      9.0000
         105      1.0154      1.3222      2.4601      0.0554      0.0640      9.0000
         110      1.0108      1.3251      2.4377      0.0560      0.0645      9.0000
         115      0.9984      1.3280      2.4048      0.0570      0.0639      8.0000
         120      1.0107      1.3115      2.4502      0.0575      0.0637      9.0000
         125      1.0005      1.3282      2.3961      0.0565      0.0812      8.0000
         130      1.0049      1.3347      2.4088      0.0566      0.0797      8.0000
         135      1.0750      1.4106      2.6161      0.0721      0.1028      6.0000
         140      1.0828      1.4226      2.6404      0.0813      0.1086      5.0000
         145      0.9901      1.3363      2.4248      0.0571      0.0820      4.0000
         150      0.9780      1.3333      2.3993      0.0567      0.0822      3.0000
         155      0.9859      1.3316      2.4006      0.0567      0.0943      4.0000
         160      0.9817      1.3298      2.4200      0.0550      0.0815      3.0000
         165      1.0103      1.3643      2.4805      0.0560      0.1005      3.0000
         170      0.9984      1.3316      2.4685      0.0549      0.0785      4.0000
         175      0.9835      1.3319      2.4692      0.0536      0.0792      1.0000
         180      0.9798      1.3383      2.4513      0.0553      0.0941      0.0000
         185      1.0124      1.3498      2.5765      0.0542      0.0893      0.0000
         190      0.9811      1.3328      2.4618      0.0536      0.0957      0.0000
         195      1.0310      1.3487      2.6697      0.0443      0.0818      0.0000
         200      0.9758      1.3304      2.4570      0.0552      0.0798      0.0000
         205      0.9845      1.3262      2.4961      0.0576      0.0777      0.0000
         210      0.9816      1.3285      2.4837      0.0541      0.0795      0.0000
         215      0.9838      1.3322      2.4889      0.0559      0.0778      0.0000
         220      0.9893      1.3365      2.5153      0.0534      0.0718      0.0000
         225      0.9776      1.3310      2.4647      0.0551      0.0793      0.0000
         230      1.0047      1.3464      2.5481      0.0506      0.0939      0.0000
         235      0.9737      1.3338      2.4449      0.0555      0.0800      0.0000
         240      0.9787      1.3325      2.4454      0.0560      0.0804      1.0000
         245      0.9659      1.3327      2.4212      0.0572      0.0717      0.0000
         250      0.9737      1.3356      2.4466      0.0587      0.0734      0.0000
         255      0.9760      1.3401      2.4310      0.0584      0.0942      0.0000
         260      0.9832      1.3387      2.4586      0.0593      0.0957      0.0000
         265      0.9756      1.3419      2.4226      0.0598      0.0976      0.0000
         270      1.0037      1.3704      2.5122      0.0665      0.0856      0.0000
         275      0.9771      1.3415      2.4422      0.0605      0.0839      0.0000
         280      0.9756      1.3330      2.4480      0.0585      0.0823      0.0000
         285      0.9672      1.3270      2.4274      0.0586      0.0751      0.0000
         290      1.0332      1.3750      2.6316      0.0651      0.0818      0.0000
         295      0.9652      1.3334      2.4144      0.0604      0.0718      0.0000
Max CUDA memory: 0.7435G
Saving /mnt/home/jue/halluc/linear_motifs/output/20220104_sh3_r2/sh3_r1_110_r2_34: npz, fas, trb, trk, trfold pdb
Finished design /mnt/home/jue/halluc/linear_motifs/output/20220104_sh3_r2/sh3_r1_110_r2_34 in 4.25 minutes.
