/mnt/home/dzorine/software/homog/homog/homog.py:98: SyntaxWarning: "is" with a literal. Did you mean "=="?
  if degrees is 'auto': degrees = guess_is_degrees(angle)
[16:08:47] /opt/dgl/src/runtime/tensordispatch.cc:43: TensorDispatcher: dlopen failed: libtorch_cuda_cpp.so: cannot open shared object file: No such file or directory
Using backend: pytorch
--steps was given. Ignoring --grad_steps, --mcmc_steps.

Run settings:
{'network_name': 'rf_Nov05_2021', 'use_template': 'B7-14', 'num': 5, 'start_num': 30, 'msa_num': 1, 'out': '/mnt/home/jue/halluc/linear_motifs/output/20220104_sh3_r2/sh3_r1_69_r2', 'cautious': 1, 'save_pdb': 1, 'save_batch_fas': False, 'track_step': 1, 'track_logits': False, 'out_step': None, 'seed_rng': False, 'steps': 'm300', 'grad_steps': 400, 'mcmc_steps': 0, 'optimizer': 'nsgd', 'drop': 0.2, 'init_sd': 1e-06, 'learning_rate': 0.05, 'grad_check': True, 'logit_scale': 1, 'seq_prob_type': 'hard', 'seq_sample': False, 'calc_bkg': True, 'cce_sd': None, 'hal_sd': None, 'corrupt_sequence': None, 'corrupt_fraction': None, 'pdb': '/mnt/home/jue/halluc/linear_motifs/input/SH3_2w0z.pdb', 'mask': '18-18,B7-14,44-44', 'contigs': None, 'con_set_id': None, 'len': None, 'keep_order': False, 'contig_min_gap': 5, 'spike': 0.999, 'spike_fas': 'output/hits_sh3_r1/sh3_r1_69.fas', 'force_aa': 'B7-14', 'exclude_aa': 'C', 'force_aa_hal': None, 'template_pdbs': None, 'no_bkg_mask': False, 'num_repeats': 0, 'init_seq': None, 'masks_bkg': None, 'masks_pass': None, 'force_logits': None, 'receptor': 'input/SH3_2w0z_rec.pdb', 'rec_placement': 'second', 'gap': 200, 'w_cce': 1, 'w_crmsd': -1, 'w_entropy': 1, 'w_kl': -1, 'n_bkg': 100, 'w_rep': -1, 'w_set_rep': -1, 'w_atr': -1, 'w_set_atr': -1, 'w_rog': 1.0, 'w_aspect_ratio': -1, 'w_cyc_sym': -1, 'w_surfnp': 1.0, 'w_nc': 0.02, 'w_cce_bg': -1, 'w_sym': -1, 'cce_cutoff': 19.9, 'rep_pdb': None, 'rep_sigma': 5, 'atr_pdb': None, 'atr_sigma': 5, 'entropy_beta': 10, 'rog_thresh': 16.0, 'surfnp_nbr_thresh': 2.5, 'nc_target': -7, 'entropy_dist_bins': 16, 'mcmc_halflife': 500.0, 'T_acc_0': 0.002, 'mcmc_batch': 1, 'anneal_t1d': False, 'erode_template': False, 'num_masked_tokens': 1, 'weights_dir': '/projects/ml/trDesign', 'nthreads': 4, 'cce_cutstep': None, 'cce_thresh': 2.2, 'batch': 64, 'lr': 0.2, 'nsteps': 100, 'commit': '3c91d72d7c0f6305334db8ae5306b96f5293e969'}

Loading structure prediction model onto device cuda:0...
#   trunk_msa_v00     [ens=1]   AF2-inspired 12-block 2-track trunk
#   trunk_tbm_v00     [ens=1]   AF2-inspired 3-track trunk
#   rf_v00            [ens=1]   RoseTTAFold 3-track trunk + refiner (formerly trunk_e2e_v00)
# * rf_Nov05_2021     [ens=1]   RoseTTAFold 3-track, no perceiver, Nov. 5 2021
#   rf_perceiver_v00  [ens=1]   RoseTTAFold w/ Perceiver & FAPE loss (msa_full=zeros)
#   rf_perceiver_v01  [ens=1]   RoseTTAFold w/ Perceiver & FAPE loss (msa_full=msa_latent)
#   af2_v00           [ens=0]   AlphaFold2 (only works with rescue.py)
Loaded sequence-to-structure model rf_Nov05_2021 with 66037142 parameters

Model hyperparameters:
{'SE3_param': {'div': 4, 'l0_in_features': 32, 'l0_out_features': 32, 'l1_in_features': 3, 'l1_out_features': 2, 'n_heads': 4, 'num_channels': 32, 'num_degrees': 2, 'num_edge_features': 32, 'num_layers': 3}, 'd_hidden': 32, 'd_hidden_templ': 64, 'd_msa': 256, 'd_msa_full': 64, 'd_pair': 128, 'd_templ': 64, 'n_head_msa': 8, 'n_head_pair': 4, 'n_head_templ': 4, 'n_module_2track': 24, 'n_module_3track': 8, 'p_drop': 0.0}

Using CUDA device(s):  cuda:0: (Quadro RTX 8000); 

Parsing input pdb...
Parsing receptor pdb...

Generating sh3_r1_69_r2_30, length 128...
Forcing amino acids:  B7P,B8P,B9P,B10R,B11P,B12P,B13K,B14P, and 58 receptor positions
Loss term           | Weight      
cce                   1.00
entropy               1.00
rog                   1.00
surfnp                1.00
nc                    0.02

Initializing logits: Spike
Stage 0
Starting MCMC...
        step    avg loss         cce     entropy         rog      surfnp          nc
           0      1.0258      1.4688      2.3182      0.0091      0.1075     11.0000
           5      1.0097      1.4281      2.3144      0.0091      0.1072     10.0000
          10      1.0013      1.4059      2.3336      0.0088      0.1169      8.0000
          15      1.0064      1.3944      2.4049      0.0089      0.0973      7.0000
          20      1.0071      1.4159      2.3398      0.0079      0.1249      8.0000
          25      1.0089      1.4049      2.4191      0.0079      0.0639      8.0000
          30      1.0030      1.3941      2.4337      0.0076      0.0365      8.0000
          35      0.9827      1.4024      2.3585      0.0085      0.0609      6.0000
          40      0.9822      1.4068      2.3527      0.0084      0.0606      6.0000
          45      0.9821      1.3916      2.3683      0.0084      0.0596      6.0000
          50      0.9839      1.3886      2.3587      0.0084      0.0597      7.0000
          55      0.9867      1.3902      2.3718      0.0081      0.0765      6.0000
          60      0.9763      1.3792      2.3421      0.0079      0.0557      7.0000
          65      0.9873      1.3907      2.3761      0.0086      0.0735      6.0000
          70      0.9704      1.3663      2.3734      0.0091      0.0522      5.0000
          75      0.9679      1.3735      2.3677      0.0094      0.0601      4.0000
          80      0.9524      1.3608      2.3655      0.0088      0.0535      2.0000
          85      0.9580      1.3625      2.3661      0.0087      0.0539      3.0000
          90      0.9547      1.3422      2.3938      0.0088      0.0531      2.0000
          95      0.9454      1.3222      2.4150      0.0091      0.0542      0.0000
         100      0.9506      1.3230      2.4346      0.0093      0.0544      0.0000
         105      0.9566      1.3217      2.4389      0.0087      0.0763      0.0000
         110      0.9373      1.3085      2.3962      0.0090      0.0543      0.0000
         115      0.9667      1.3280      2.4969      0.0086      0.0525      0.0000
         120      0.9610      1.3106      2.4853      0.0089      0.0583      0.0000
         125      0.9495      1.3135      2.4207      0.0093      0.0733      0.0000
         130      0.9513      1.3146      2.4226      0.0091      0.0782      0.0000
         135      0.9396      1.3058      2.4086      0.0089      0.0539      0.0000
         140      0.9582      1.3075      2.4846      0.0093      0.0505      0.0000
         145      0.9346      1.3060      2.3866      0.0089      0.0557      0.0000
         150      0.9388      1.3112      2.3990      0.0091      0.0548      0.0000
         155      0.9534      1.3251      2.4374      0.0087      0.0617      0.0000
         160      0.9515      1.3187      2.4257      0.0086      0.0719      0.0000
         165      0.9371      1.3092      2.3880      0.0091      0.0608      0.0000
         170      0.9372      1.3193      2.3914      0.0087      0.0480      0.0000
         175      0.9531      1.3497      2.4228      0.0085      0.0503      0.0000
         180      0.9393      1.3243      2.3932      0.0088      0.0495      0.0000
         185      0.9412      1.3228      2.4030      0.0088      0.0490      0.0000
         190      0.9439      1.3287      2.4082      0.0088      0.0489      0.0000
         195      0.9402      1.3223      2.3999      0.0087      0.0487      0.0000
         200      0.9393      1.3243      2.3932      0.0088      0.0495      0.0000
         205      0.9463      1.3110      2.4351      0.0087      0.0492      0.0000
         210      0.9420      1.3206      2.4047      0.0090      0.0525      0.0000
         215      0.9471      1.3254      2.3988      0.0091      0.0540      1.0000
         220      0.9388      1.3220      2.3912      0.0087      0.0520      0.0000
         225      0.9450      1.3235      2.4173      0.0094      0.0487      0.0000
         230      0.9399      1.3179      2.4008      0.0087      0.0511      0.0000
         235      0.9526      1.3302      2.4395      0.0085      0.0511      0.0000
         240      0.9426      1.3175      2.4128      0.0085      0.0503      0.0000
         245      0.9434      1.3269      2.4026      0.0086      0.0543      0.0000
         250      0.9512      1.3257      2.4563      0.0085      0.0334      0.0000
         255      0.9423      1.3107      2.4335      0.0087      0.0351      0.0000
         260      0.9461      1.3194      2.4399      0.0096      0.0345      0.0000
         265      0.9447      1.3054      2.4513      0.0087      0.0323      0.0000
         270      0.9361      1.2980      2.4273      0.0077      0.0302      0.0000
         275      0.9481      1.2990      2.4748      0.0078      0.0299      0.0000
         280      0.9432      1.2953      2.4413      0.0071      0.0278      1.0000
         285      0.9929      1.3010      2.6350      0.0068      0.0286      1.0000
         290      0.9454      1.2959      2.4497      0.0073      0.0277      1.0000
         295      0.9514      1.3020      2.4595      0.0073      0.0357      1.0000
Max CUDA memory: 0.5405G
Saving /mnt/home/jue/halluc/linear_motifs/output/20220104_sh3_r2/sh3_r1_69_r2_30: npz, fas, trb, trk, trfold pdb
Finished design /mnt/home/jue/halluc/linear_motifs/output/20220104_sh3_r2/sh3_r1_69_r2_30 in 2.75 minutes.

Generating sh3_r1_69_r2_31, length 128...
Forcing amino acids:  B7P,B8P,B9P,B10R,B11P,B12P,B13K,B14P, and 58 receptor positions
Loss term           | Weight      
cce                   1.00
entropy               1.00
rog                   1.00
surfnp                1.00
nc                    0.02

Initializing logits: Spike
Stage 0
Starting MCMC...
        step    avg loss         cce     entropy         rog      surfnp          nc
           0      1.0083      1.4189      2.3009      0.0088      0.1046     11.0000
           5      1.0020      1.4090      2.3051      0.0089      0.1048     10.0000
          10      1.0196      1.4155      2.3690      0.0086      0.1258      9.0000
          15      1.0054      1.4043      2.3662      0.0088      0.1024      8.0000
          20      0.9940      1.3833      2.3413      0.0086      0.1028      8.0000
          25      1.0525      1.4397      2.5025      0.0084      0.1003      9.0000
          30      1.0054      1.3848      2.3646      0.0089      0.1032      9.0000
          35      1.0086      1.3792      2.3714      0.0088      0.1152      9.0000
          40      1.0027      1.3773      2.3621      0.0086      0.1027      9.0000
          45      0.9925      1.3597      2.3937      0.0088      0.0877      7.0000
          50      0.9916      1.3483      2.4002      0.0091      0.0885      7.0000
          55      1.0023      1.3519      2.4331      0.0095      0.0949      7.0000
          60      0.9940      1.3417      2.4319      0.0087      0.0937      6.0000
          65      0.9675      1.3454      2.3728      0.0089      0.0821      4.0000
          70      0.9794      1.3509      2.3976      0.0088      0.0799      5.0000
          75      0.9693      1.3434      2.4086      0.0087      0.0759      3.0000
          80      0.9672      1.3432      2.4034      0.0088      0.0728      3.0000
          85      0.9711      1.3452      2.4178      0.0087      0.0723      3.0000
          90      1.0102      1.4067      2.5341      0.0080      0.0721      2.0000
          95      0.9829      1.3550      2.4789      0.0079      0.0893      1.0000
         100      0.9654      1.3478      2.4313      0.0086      0.0732      1.0000
         105      0.9649      1.3480      2.4306      0.0085      0.0720      1.0000
         110      0.9598      1.3439      2.4327      0.0086      0.0732      0.0000
         115      0.9665      1.3444      2.4202      0.0086      0.0722      2.0000
         120      0.9641      1.3503      2.4231      0.0089      0.0734      1.0000
         125      0.9584      1.3359      2.4434      0.0073      0.0663      0.0000
         130      0.9866      1.3309      2.5531      0.0075      0.0748      0.0000
         135      0.9500      1.3393      2.3998      0.0081      0.0717      0.0000
         140      0.9585      1.3260      2.4429      0.0081      0.0760      0.0000
         145      0.9474      1.3136      2.4135      0.0083      0.0533      1.0000
         150      0.9704      1.3111      2.5396      0.0066      0.0436      0.0000
         155      0.9452      1.2997      2.3999      0.0080      0.0520      2.0000
         160      0.9414      1.3012      2.3825      0.0083      0.0524      2.0000
         165      0.9479      1.3050      2.4233      0.0084      0.0536      1.0000
         170      0.9319      1.3068      2.3779      0.0082      0.0533      0.0000
         175      0.9512      1.3055      2.4565      0.0079      0.0538      0.0000
         180      0.9348      1.3101      2.3867      0.0082      0.0530      0.0000
         185      0.9348      1.3101      2.3867      0.0082      0.0530      0.0000
         190      0.9502      1.3244      2.4330      0.0081      0.0544      0.0000
         195      0.9318      1.3057      2.3793      0.0081      0.0529      0.0000
         200      0.9310      1.3072      2.3742      0.0082      0.0531      0.0000
         205      0.9317      1.3026      2.3854      0.0082      0.0492      0.0000
         210      0.9558      1.3135      2.4699      0.0079      0.0512      0.0000
         215      0.9342      1.3051      2.3930      0.0082      0.0494      0.0000
         220      0.9414      1.3146      2.4135      0.0076      0.0485      0.0000
         225      0.9285      1.3082      2.3666      0.0085      0.0491      0.0000
         230      0.9329      1.3073      2.3840      0.0081      0.0509      0.0000
         235      0.9327      1.3014      2.3919      0.0082      0.0480      0.0000
         240      0.9273      1.3293      2.3426      0.0079      0.0479      0.0000
         245      0.9290      1.3293      2.3484      0.0080      0.0489      0.0000
         250      0.9359      1.3201      2.3866      0.0079      0.0475      0.0000
         255      0.9423      1.3412      2.3968      0.0080      0.0421      0.0000
         260      0.9243      1.3385      2.3270      0.0080      0.0423      0.0000
         265      0.9247      1.3349      2.3321      0.0080      0.0423      0.0000
         270      0.9300      1.3231      2.3641      0.0078      0.0437      0.0000
         275      0.9301      1.3277      2.3517      0.0073      0.0524      0.0000
         280      0.9183      1.3175      2.3375      0.0078      0.0287      0.0000
         285      0.9263      1.3112      2.3755      0.0079      0.0290      0.0000
         290      0.9359      1.3649      2.3599      0.0079      0.0294      0.0000
         295      0.9216      1.3121      2.3562      0.0079      0.0288      0.0000
Max CUDA memory: 0.5972G
Saving /mnt/home/jue/halluc/linear_motifs/output/20220104_sh3_r2/sh3_r1_69_r2_31: npz, fas, trb, trk, trfold pdb
Finished design /mnt/home/jue/halluc/linear_motifs/output/20220104_sh3_r2/sh3_r1_69_r2_31 in 2.72 minutes.

Generating sh3_r1_69_r2_32, length 128...
Forcing amino acids:  B7P,B8P,B9P,B10R,B11P,B12P,B13K,B14P, and 58 receptor positions
Loss term           | Weight      
cce                   1.00
entropy               1.00
rog                   1.00
surfnp                1.00
nc                    0.02

Initializing logits: Spike
Stage 0
Starting MCMC...
        step    avg loss         cce     entropy         rog      surfnp          nc
           0      1.0153      1.4414      2.3039      0.0092      0.1070     11.0000
           5      1.0202      1.4096      2.3605      0.0086      0.1024     11.0000
          10      1.0134      1.3943      2.3479      0.0086      0.1031     11.0000
          15      1.0321      1.3721      2.4475      0.0087      0.0806     12.0000
          20      1.0175      1.3635      2.3728      0.0085      0.0856     13.0000
          25      1.0212      1.4048      2.3438      0.0086      0.1081     12.0000
          30      1.0130      1.3841      2.3738      0.0084      0.1061     10.0000
          35      1.0028      1.3666      2.3911      0.0083      0.0854      9.0000
          40      1.0104      1.3759      2.4177      0.0082      0.0800      9.0000
          45      0.9977      1.3748      2.3619      0.0081      0.0858      9.0000
          50      1.0122      1.3674      2.4464      0.0082      0.0870      8.0000
          55      0.9877      1.3773      2.3404      0.0079      0.0849      8.0000
          60      1.0082      1.3781      2.4179      0.0072      0.0697      9.0000
          65      0.9961      1.3602      2.3925      0.0077      0.0839      8.0000
          70      0.9845      1.3808      2.3230      0.0080      0.0858      8.0000
          75      0.9881      1.3593      2.3812      0.0085      0.0833      7.0000
          80      0.9933      1.3722      2.3782      0.0085      0.0940      7.0000
          85      0.9869      1.3403      2.4278      0.0081      0.0711      6.0000
          90      0.9999      1.3560      2.4169      0.0077      0.0990      7.0000
          95      0.9832      1.3535      2.3933      0.0077      0.0580      7.0000
         100      0.9810      1.3548      2.3832      0.0077      0.0581      7.0000
         105      0.9821      1.3511      2.3909      0.0078      0.0582      7.0000
         110      0.9821      1.3510      2.3909      0.0078      0.0582      7.0000
         115      0.9772      1.3374      2.3902      0.0073      0.0536      7.0000
         120      0.9731      1.3190      2.3981      0.0076      0.0471      7.0000
         125      0.9635      1.3279      2.3853      0.0074      0.0527      5.0000
         130      0.9682      1.3391      2.3574      0.0076      0.0681      6.0000
         135      0.9659      1.3218      2.3851      0.0074      0.0484      6.0000
         140      0.9717      1.3238      2.3804      0.0074      0.0546      7.0000
         145      0.9941      1.3216      2.4932      0.0063      0.0553      6.0000
         150      0.9634      1.3278      2.3645      0.0073      0.0533      6.0000
         155      0.9604      1.3258      2.3721      0.0075      0.0554      5.0000
         160      0.9562      1.3276      2.3709      0.0077      0.0575      4.0000
         165      0.9589      1.3275      2.3804      0.0078      0.0592      4.0000
         170      0.9663      1.3400      2.3979      0.0077      0.0589      4.0000
         175      0.9539      1.3286      2.3848      0.0077      0.0738      2.0000
         180      0.9404      1.3168      2.3754      0.0075      0.0607      1.0000
         185      0.9631      1.3208      2.4382      0.0074      0.0854      1.0000
         190      0.9577      1.3140      2.4461      0.0073      0.0626      1.0000
         195      0.9375      1.3185      2.3822      0.0073      0.0606      0.0000
         200      0.9366      1.3189      2.3792      0.0075      0.0598      0.0000
         205      0.9296      1.3266      2.3450      0.0075      0.0581      0.0000
         210      0.9491      1.3206      2.4070      0.0076      0.0601      1.0000
         215      0.9328      1.3208      2.3456      0.0075      0.0557      1.0000
         220      0.9271      1.3207      2.3424      0.0075      0.0563      0.0000
         225      0.9321      1.3227      2.3406      0.0075      0.0563      1.0000
         230      0.9340      1.3113      2.3829      0.0075      0.0530      0.0000
         235      0.9512      1.3372      2.4002      0.0075      0.0787      0.0000
         240      0.9273      1.3107      2.3549      0.0075      0.0545      0.0000
         245      0.9275      1.3281      2.3347      0.0079      0.0578      0.0000
         250      0.9503      1.3379      2.3912      0.0083      0.0627      1.0000
         255      0.9224      1.3234      2.3199      0.0078      0.0570      0.0000
         260      0.9268      1.3226      2.3398      0.0075      0.0560      0.0000
         265      0.9232      1.3165      2.3312      0.0074      0.0561      0.0000
         270      0.9219      1.3151      2.3259      0.0076      0.0575      0.0000
         275      0.9341      1.3227      2.3478      0.0076      0.0571      1.0000
         280      0.9417      1.3203      2.3806      0.0073      0.0573      1.0000
         285      0.9310      1.3311      2.3483      0.0076      0.0555      0.0000
         290      0.9233      1.3222      2.3061      0.0076      0.0559      1.0000
         295      0.9320      1.3133      2.3695      0.0079      0.0559      0.0000
Max CUDA memory: 0.5974G
Saving /mnt/home/jue/halluc/linear_motifs/output/20220104_sh3_r2/sh3_r1_69_r2_32: npz, fas, trb, trk, trfold pdb
Finished design /mnt/home/jue/halluc/linear_motifs/output/20220104_sh3_r2/sh3_r1_69_r2_32 in 2.69 minutes.

Generating sh3_r1_69_r2_33, length 128...
Forcing amino acids:  B7P,B8P,B9P,B10R,B11P,B12P,B13K,B14P, and 58 receptor positions
Loss term           | Weight      
cce                   1.00
entropy               1.00
rog                   1.00
surfnp                1.00
nc                    0.02

Initializing logits: Spike
Stage 0
Starting MCMC...
        step    avg loss         cce     entropy         rog      surfnp          nc
           0      1.0119      1.4127      2.3211      0.0089      0.1052     11.0000
           5      1.0057      1.3928      2.3798      0.0087      0.1016      8.0000
          10      1.0173      1.3562      2.4504      0.0080      0.0950      9.0000
          15      0.9820      1.3443      2.3807      0.0087      0.0941      6.0000
          20      0.9872      1.3461      2.4001      0.0087      0.0938      6.0000
          25      0.9880      1.3588      2.4087      0.0089      0.0954      5.0000
          30      0.9801      1.3492      2.4109      0.0085      0.0915      4.0000
          35      0.9807      1.3454      2.4195      0.0081      0.0895      4.0000
          40      0.9651      1.3423      2.4147      0.0081      0.0745      2.0000
          45      0.9816      1.3522      2.4474      0.0078      0.0987      2.0000
          50      0.9650      1.3571      2.4137      0.0080      0.0804      1.0000
          55      0.9714      1.3733      2.4002      0.0075      0.0840      2.0000
          60      0.9636      1.3798      2.3820      0.0080      0.0841      1.0000
          65      0.9679      1.3515      2.4476      0.0079      0.0837      0.0000
          70      0.9663      1.3412      2.4578      0.0080      0.0775      0.0000
          75      1.5708      1.3740      2.6325      2.1761      0.1322      0.0000
          80      0.9602      1.3365      2.4454      0.0085      0.0696      0.0000
          85      0.9550      1.3461      2.4113      0.0086      0.0731      0.0000
          90      0.9630      1.3568      2.4244      0.0085      0.0815      0.0000
          95      0.9633      1.3350      2.4661      0.0088      0.0625      0.0000
         100      0.9499      1.3387      2.4011      0.0087      0.0702      0.0000
         105      0.9543      1.3419      2.4178      0.0086      0.0679      0.0000
         110      0.9760      1.3537      2.4574      0.0084      0.0639      2.0000
         115      0.9486      1.3432      2.3930      0.0088      0.0684      0.0000
         120      0.9507      1.3354      2.4093      0.0087      0.0683      0.0000
         125      0.9666      1.3568      2.4334      0.0084      0.0872      0.0000
         130      0.9692      1.3575      2.4300      0.0091      0.0796      1.0000
         135      0.9489      1.3526      2.3804      0.0084      0.0731      0.0000
         140      0.9516      1.3522      2.3919      0.0084      0.0730      0.0000
         145      0.9607      1.3551      2.4055      0.0082      0.0732      1.0000
         150      0.9561      1.3522      2.4110      0.0083      0.0719      0.0000
         155      0.9668      1.3521      2.4569      0.0079      0.0695      0.0000
         160      0.9683      1.3524      2.4426      0.0081      0.0693      1.0000
         165      0.9642      1.3532      2.4582      0.0082      0.0565      0.0000
         170      0.9527      1.3674      2.3961      0.0082      0.0580      0.0000
         175      0.9627      1.3550      2.4468      0.0080      0.0601      0.0000
         180      0.9907      1.3565      2.5518      0.0072      0.0669      0.0000
         185      0.9978      1.3530      2.5704      0.0080      0.0595      1.0000
         190      0.9537      1.3647      2.3828      0.0082      0.0582      1.0000
         195      0.9436      1.3571      2.3507      0.0082      0.0574      1.0000
         200      0.9440      1.3551      2.3570      0.0078      0.0549      1.0000
         205      0.9699      1.3495      2.4864      0.0082      0.0549      0.0000
         210      0.9884      1.3448      2.5611      0.0056      0.0417      1.0000
         215      0.9711      1.3561      2.4628      0.0077      0.0571      1.0000
         220      0.9432      1.3489      2.3780      0.0078      0.0371      1.0000
         225      0.9457      1.3505      2.3698      0.0080      0.0533      1.0000
         230      0.9382      1.3407      2.3723      0.0078      0.0306      1.0000
         235      0.9382      1.3407      2.3723      0.0078      0.0306      1.0000
         240      0.9368      1.3348      2.3929      0.0079      0.0302      0.0000
         245      0.9434      1.3293      2.4322      0.0077      0.0233      0.0000
         250      0.9520      1.3343      2.4533      0.0079      0.0315      0.0000
         255      0.9429      1.3325      2.4288      0.0077      0.0215      0.0000
         260      0.9650      1.3273      2.4725      0.0074      0.0322      2.0000
         265      0.9404      1.3426      2.3797      0.0081      0.0500      0.0000
         270      0.9498      1.3424      2.3906      0.0077      0.0373      2.0000
         275      0.9546      1.3364      2.4140      0.0081      0.0590      1.0000
         280      0.9474      1.3240      2.3866      0.0083      0.0496      2.0000
         285      0.9482      1.3292      2.4239      0.0081      0.0307      1.0000
         290      0.9406      1.3281      2.4079      0.0081      0.0372      0.0000
         295      0.9393      1.3384      2.3844      0.0081      0.0453      0.0000
Max CUDA memory: 0.6001G
Saving /mnt/home/jue/halluc/linear_motifs/output/20220104_sh3_r2/sh3_r1_69_r2_33: npz, fas, trb, trk, trfold pdb
Finished design /mnt/home/jue/halluc/linear_motifs/output/20220104_sh3_r2/sh3_r1_69_r2_33 in 2.68 minutes.

Generating sh3_r1_69_r2_34, length 128...
Forcing amino acids:  B7P,B8P,B9P,B10R,B11P,B12P,B13K,B14P, and 58 receptor positions
Loss term           | Weight      
cce                   1.00
entropy               1.00
rog                   1.00
surfnp                1.00
nc                    0.02

Initializing logits: Spike
Stage 0
Starting MCMC...
        step    avg loss         cce     entropy         rog      surfnp          nc
           0      1.0162      1.4572      2.2891      0.0091      0.0898     12.0000
           5      1.0287      1.4857      2.3143      0.0089      0.1265     10.0000
          10      0.9986      1.4104      2.3123      0.0085      0.0832     10.0000
          15      1.0047      1.4088      2.3391      0.0087      0.0825     10.0000
          20      1.0047      1.4043      2.3341      0.0088      0.0917     10.0000
          25      0.9984      1.3774      2.3551      0.0083      0.0728     10.0000
          30      1.0105      1.3574      2.3981      0.0082      0.0986     10.0000
          35      0.9860      1.3566      2.3501      0.0081      0.0688      9.0000
          40      0.9843      1.3679      2.3333      0.0084      0.0872      8.0000
          45      0.9801      1.3498      2.3107      0.0085      0.0710     10.0000
          50      1.0356      1.3478      2.5381      0.0087      0.0686     10.0000
          55      0.9835      1.3416      2.3334      0.0085      0.0702     10.0000
          60      0.9938      1.3548      2.3485      0.0086      0.0830     10.0000
          65      0.9884      1.3516      2.3406      0.0086      0.0927      9.0000
          70      0.9727      1.3262      2.3787      0.0080      0.0574      7.0000
          75      0.9780      1.3346      2.3902      0.0078      0.0788      6.0000
          80      0.9891      1.3384      2.4229      0.0076      0.0871      6.0000
          85      0.9710      1.3275      2.3723      0.0076      0.0759      6.0000
          90      0.9669      1.3318      2.3727      0.0076      0.0751      5.0000
          95      0.9534      1.3274      2.3657      0.0077      0.0520      4.0000
         100      0.9676      1.3162      2.4756      0.0075      0.0505      2.0000
         105      0.9907      1.3412      2.5165      0.0084      0.0565      3.0000
         110      0.9520      1.3290      2.3817      0.0079      0.0486      3.0000
         115      0.9880      1.3207      2.5400      0.0072      0.0438      3.0000
         120      0.9557      1.3372      2.3574      0.0083      0.0590      4.0000
         125      0.9556      1.3379      2.3652      0.0078      0.0505      4.0000
         130      0.9514      1.3326      2.3531      0.0080      0.0510      4.0000
         135      0.9492      1.3303      2.3674      0.0079      0.0503      3.0000
         140      0.9630      1.3153      2.4221      0.0085      0.0452      4.0000
         145      0.9497      1.3155      2.3887      0.0078      0.0457      3.0000
         150      0.9565      1.3161      2.4152      0.0079      0.0458      3.0000
         155      0.9986      1.3237      2.5568      0.0074      0.0663      3.0000
         160      0.9996      1.3414      2.5372      0.0074      0.0723      3.0000
         165      0.9546      1.3301      2.3915      0.0080      0.0678      2.0000
         170      0.9498      1.3113      2.3585      0.0079      0.0404      5.0000
         175      0.9628      1.3131      2.3881      0.0086      0.0405      6.0000
         180      0.9459      1.3108      2.3632      0.0080      0.0403      4.0000
         185      0.9849      1.3451      2.4639      0.0081      0.0421      5.0000
         190      0.9576      1.3281      2.3702      0.0083      0.0628      4.0000
         195      0.9512      1.3111      2.3635      0.0083      0.0409      5.0000
         200      0.9364      1.3080      2.3453      0.0084      0.0427      3.0000
         205      0.9461      1.3128      2.3847      0.0082      0.0576      2.0000
         210      0.9553      1.3140      2.4161      0.0082      0.0421      3.0000
         215      0.9391      1.2934      2.4382      0.0079      0.0357      0.0000
         220      0.9286      1.3118      2.3505      0.0084      0.0423      1.0000
         225      0.9248      1.3033      2.3759      0.0084      0.0301      0.0000
         230      0.9256      1.3072      2.3553      0.0084      0.0300      1.0000
         235      0.9397      1.3101      2.3881      0.0090      0.0306      2.0000
         240      0.9502      1.3024      2.4365      0.0081      0.0529      1.0000
         245      0.9258      1.3022      2.3815      0.0085      0.0294      0.0000
         250      0.9305      1.2953      2.4069      0.0085      0.0301      0.0000
         255      0.9537      1.3083      2.4687      0.0080      0.0287      1.0000
         260      0.9735      1.3178      2.5260      0.0070      0.0426      1.0000
         265      0.9273      1.2964      2.3950      0.0080      0.0285      0.0000
         270      0.9316      1.2949      2.4128      0.0082      0.0291      0.0000
         275      0.9319      1.2996      2.4200      0.0082      0.0183      0.0000
         280      0.9432      1.3151      2.4481      0.0075      0.0211      0.0000
         285      0.9276      1.2960      2.4052      0.0080      0.0198      0.0000
         290      0.9431      1.2968      2.4698      0.0084      0.0164      0.0000
         295      0.9276      1.2960      2.4052      0.0080      0.0198      0.0000
Max CUDA memory: 0.5972G
Saving /mnt/home/jue/halluc/linear_motifs/output/20220104_sh3_r2/sh3_r1_69_r2_34: npz, fas, trb, trk, trfold pdb
Finished design /mnt/home/jue/halluc/linear_motifs/output/20220104_sh3_r2/sh3_r1_69_r2_34 in 2.68 minutes.
