PyRosetta-4 2021 [Rosetta PyRosetta4.conda.linux.cxx11thread.serialization.CentOS.python37.Release 2021.38+release.4d5a9693c031951766d575fca9286ed34f560779 2021-09-22T20:45:44] retrieved from: http://www.pyrosetta.org
(C) Copyright Rosetta Commons Member Institutions. Created in JHU by Sergey Lyskov and PyRosetta Team.
Calculating RMSDs
sh3_r1_0
contig_rmsd:  0.6173422121915297
contig_sc_rmsd:  1.9032133872081511
sh3_r1_1
contig_rmsd:  0.7731925522747983
contig_sc_rmsd:  2.023186210149774
sh3_r1_10
contig_rmsd:  0.5833090463331154
contig_sc_rmsd:  1.6251658868264824
sh3_r1_100
contig_rmsd:  0.7773459088377084
contig_sc_rmsd:  1.428889199156444
sh3_r1_101
contig_rmsd:  0.5678716096509709
contig_sc_rmsd:  1.8271160932947403
sh3_r1_102
contig_rmsd:  0.646729571974995
contig_sc_rmsd:  1.60612416989066
sh3_r1_103
contig_rmsd:  0.6024524240013922
contig_sc_rmsd:  1.923529612540766
sh3_r1_104
contig_rmsd:  0.40738981311077344
contig_sc_rmsd:  1.9149262579249093
sh3_r1_105
contig_rmsd:  0.45970593449133523
contig_sc_rmsd:  1.959780709459115
sh3_r1_106
contig_rmsd:  0.6478184297696588
contig_sc_rmsd:  1.9761749777418658
sh3_r1_107
contig_rmsd:  0.6514725865623185
contig_sc_rmsd:  1.9157953335694484
sh3_r1_108
contig_rmsd:  0.3801120115130717
contig_sc_rmsd:  1.779877038578979
sh3_r1_109
contig_rmsd:  0.5062510214229222
contig_sc_rmsd:  1.9360305033039376
sh3_r1_11
contig_rmsd:  0.6130546055652965
contig_sc_rmsd:  2.049540847364914
sh3_r1_110
contig_rmsd:  0.2840694419508461
contig_sc_rmsd:  1.5691225754519715
sh3_r1_111
contig_rmsd:  0.36936634586103934
contig_sc_rmsd:  1.605976989387699
sh3_r1_112
contig_rmsd:  0.4389559473207801
contig_sc_rmsd:  1.8264891879974858
sh3_r1_113
contig_rmsd:  0.4127950365204295
contig_sc_rmsd:  1.4319961249337188
sh3_r1_114
contig_rmsd:  0.6414942390457
contig_sc_rmsd:  1.4836773507124228
sh3_r1_115
contig_rmsd:  0.32446749245532086
contig_sc_rmsd:  1.6768477275727904
sh3_r1_116
contig_rmsd:  0.4831715010248969
contig_sc_rmsd:  1.8327340410308368
sh3_r1_117
contig_rmsd:  1.0716446806835844
contig_sc_rmsd:  1.901549660749322
sh3_r1_118
contig_rmsd:  0.5240718615737117
contig_sc_rmsd:  1.7799159073059947
sh3_r1_119
contig_rmsd:  0.4140645378161588
contig_sc_rmsd:  1.8079823673629158
sh3_r1_12
contig_rmsd:  0.5707905546910248
contig_sc_rmsd:  2.113841412268434
sh3_r1_120
contig_rmsd:  0.42808400477503206
contig_sc_rmsd:  1.7400778390599818
sh3_r1_121
contig_rmsd:  0.38779652903167794
contig_sc_rmsd:  2.063347759908786
sh3_r1_122
contig_rmsd:  0.6196102549332031
contig_sc_rmsd:  2.3211467170121183
sh3_r1_123
contig_rmsd:  0.6155140445742409
contig_sc_rmsd:  2.127285194188115
sh3_r1_124
contig_rmsd:  0.6938026934395608
contig_sc_rmsd:  2.125747391628428
sh3_r1_125
contig_rmsd:  0.676309147776227
contig_sc_rmsd:  1.9256573104997543
sh3_r1_126
contig_rmsd:  0.6142072186055182
contig_sc_rmsd:  1.7725525980212606
sh3_r1_127
contig_rmsd:  0.4274584883302789
contig_sc_rmsd:  1.7403519085004553
sh3_r1_128
contig_rmsd:  0.3582281533375091
contig_sc_rmsd:  1.7436084177687068
sh3_r1_129
contig_rmsd:  0.5035015609383625
contig_sc_rmsd:  1.920755800013439
sh3_r1_13
contig_rmsd:  0.5630826107404251
contig_sc_rmsd:  1.9060923225739768
sh3_r1_130
contig_rmsd:  0.47327068126278765
contig_sc_rmsd:  1.3621258793390507
sh3_r1_131
contig_rmsd:  0.6451834227240009
contig_sc_rmsd:  1.8132525486915707
sh3_r1_132
contig_rmsd:  0.39941028861110417
contig_sc_rmsd:  1.2309592490382577
sh3_r1_133
contig_rmsd:  0.5457624189922224
contig_sc_rmsd:  1.7204981496514156
sh3_r1_134
contig_rmsd:  0.5468828970286908
contig_sc_rmsd:  2.288241268316473
sh3_r1_135
contig_rmsd:  0.6251499015385718
contig_sc_rmsd:  1.4652768594542978
sh3_r1_136
contig_rmsd:  0.6864085557408544
contig_sc_rmsd:  1.4909111932555605
sh3_r1_137
contig_rmsd:  0.6084438783872879
contig_sc_rmsd:  2.4762063246067263
sh3_r1_138
contig_rmsd:  0.3817258967159723
contig_sc_rmsd:  1.6757270065564642
sh3_r1_139
contig_rmsd:  0.44410545986748806
contig_sc_rmsd:  1.7889118871686378
sh3_r1_14
contig_rmsd:  0.27142838471816305
contig_sc_rmsd:  1.416254327263249
sh3_r1_140
contig_rmsd:  0.8981025334644391
contig_sc_rmsd:  2.112445859500135
sh3_r1_141
contig_rmsd:  0.35602866248066173
contig_sc_rmsd:  1.922743554342779
sh3_r1_142
contig_rmsd:  0.5649911891432068
contig_sc_rmsd:  1.8325098105455038
sh3_r1_143
contig_rmsd:  0.4229144768916297
contig_sc_rmsd:  1.7960378818464455
sh3_r1_144
contig_rmsd:  0.5299388376700924
contig_sc_rmsd:  1.4403746570863258
sh3_r1_145
contig_rmsd:  0.4390759722671929
contig_sc_rmsd:  1.5211475042585187
sh3_r1_146
contig_rmsd:  0.5106790200947599
contig_sc_rmsd:  1.8909227807077769
sh3_r1_147
contig_rmsd:  0.37305278388724084
contig_sc_rmsd:  1.792063463642159
sh3_r1_148
contig_rmsd:  0.48073472819612256
contig_sc_rmsd:  1.9230306948392821
sh3_r1_149
contig_rmsd:  0.559268357360712
contig_sc_rmsd:  1.4687177577663124
sh3_r1_15
contig_rmsd:  0.6123623982055557
contig_sc_rmsd:  1.3716994269456784
sh3_r1_150
contig_rmsd:  0.5270611279828509
contig_sc_rmsd:  1.5239190736220491
sh3_r1_151
contig_rmsd:  0.36269978668162733
contig_sc_rmsd:  1.3400747548318364
sh3_r1_152
contig_rmsd:  0.8330343535756253
contig_sc_rmsd:  1.8101812914426194
sh3_r1_153
contig_rmsd:  0.5769767229482206
contig_sc_rmsd:  1.6444989527773757
sh3_r1_154
contig_rmsd:  0.3978625407046141
contig_sc_rmsd:  1.8132922960631384
sh3_r1_155
contig_rmsd:  0.5177943754085758
contig_sc_rmsd:  1.671629556014551
sh3_r1_156
contig_rmsd:  0.42732301537917455
contig_sc_rmsd:  1.8847309590636177
sh3_r1_157
contig_rmsd:  0.6218576890117683
contig_sc_rmsd:  2.0782871720252323
sh3_r1_158
contig_rmsd:  0.7389375759894925
contig_sc_rmsd:  2.10964561491322
sh3_r1_159
contig_rmsd:  0.5809792096156853
contig_sc_rmsd:  2.012769739944791
sh3_r1_16
contig_rmsd:  0.3229879483064123
contig_sc_rmsd:  1.8196430360663602
sh3_r1_160
contig_rmsd:  0.9745895647664286
contig_sc_rmsd:  1.784069508406373
sh3_r1_161
contig_rmsd:  0.6326461569892771
contig_sc_rmsd:  1.6775384543918395
sh3_r1_162
contig_rmsd:  0.5810520224271435
contig_sc_rmsd:  2.219300850856355
sh3_r1_163
contig_rmsd:  1.0412984100088738
contig_sc_rmsd:  1.9120124103852045
sh3_r1_164
contig_rmsd:  0.3293109357918711
contig_sc_rmsd:  1.756023181952354
sh3_r1_165
contig_rmsd:  0.4552868401312582
contig_sc_rmsd:  1.7242006442867885
sh3_r1_166
contig_rmsd:  0.6662641552672817
contig_sc_rmsd:  2.2567819240564426
sh3_r1_167
contig_rmsd:  0.928147285015373
contig_sc_rmsd:  2.1465132049568942
sh3_r1_168
contig_rmsd:  0.4106086117725231
contig_sc_rmsd:  1.315345069325091
sh3_r1_169
contig_rmsd:  0.37054284793950265
contig_sc_rmsd:  1.733260194062699
sh3_r1_17
contig_rmsd:  0.634748828229988
contig_sc_rmsd:  1.5087061595500302
sh3_r1_170
contig_rmsd:  0.7151799182077525
contig_sc_rmsd:  2.265349917813096
sh3_r1_171
contig_rmsd:  0.5336688310392346
contig_sc_rmsd:  1.8816596041008165
sh3_r1_172
contig_rmsd:  0.3936390512874672
contig_sc_rmsd:  2.051579560940671
sh3_r1_173
contig_rmsd:  0.615736704115657
contig_sc_rmsd:  1.8016657020464346
sh3_r1_174
contig_rmsd:  0.8967700040494735
contig_sc_rmsd:  1.7598392597102945
sh3_r1_175
contig_rmsd:  0.7724333299632539
contig_sc_rmsd:  2.2263799590793556
sh3_r1_176
contig_rmsd:  0.5624250919530277
contig_sc_rmsd:  1.6739142661815878
sh3_r1_177
contig_rmsd:  0.6940812731750094
contig_sc_rmsd:  2.122214915137835
sh3_r1_178
contig_rmsd:  0.3123342736478365
contig_sc_rmsd:  1.8121505415362453
sh3_r1_179
contig_rmsd:  0.8427933932194163
contig_sc_rmsd:  2.16778590905823
sh3_r1_18
contig_rmsd:  0.5134401096133822
contig_sc_rmsd:  1.8844669368951217
sh3_r1_180
contig_rmsd:  0.4891318566358894
contig_sc_rmsd:  2.2648059038158843
sh3_r1_181
contig_rmsd:  0.5463176795283147
contig_sc_rmsd:  1.9886504806060947
sh3_r1_182
contig_rmsd:  0.40002556192400235
contig_sc_rmsd:  1.6051387094929797
sh3_r1_183
contig_rmsd:  0.3338740447424269
contig_sc_rmsd:  1.8073111533503525
sh3_r1_184
contig_rmsd:  0.7981451997373821
contig_sc_rmsd:  1.3819419341004064
sh3_r1_185
contig_rmsd:  0.5319843932063788
contig_sc_rmsd:  2.212378463550055
sh3_r1_186
contig_rmsd:  0.6222216611819755
contig_sc_rmsd:  2.173447275258712
sh3_r1_187
contig_rmsd:  0.8591847949025967
contig_sc_rmsd:  2.2888270448502404
sh3_r1_188
contig_rmsd:  0.527835994230665
contig_sc_rmsd:  1.2447666095530916
sh3_r1_189
contig_rmsd:  0.2877782809311446
contig_sc_rmsd:  1.7355878207410835
sh3_r1_19
contig_rmsd:  1.0517196438929006
contig_sc_rmsd:  2.191832812238771
sh3_r1_190
contig_rmsd:  0.4946725168289571
contig_sc_rmsd:  1.4632403386607489
sh3_r1_191
contig_rmsd:  0.4899879927533302
contig_sc_rmsd:  1.5616455612421742
sh3_r1_192
contig_rmsd:  0.5773956258224329
contig_sc_rmsd:  1.9726788065030618
sh3_r1_193
contig_rmsd:  0.7636307115565916
contig_sc_rmsd:  2.2113394858753503
sh3_r1_194
contig_rmsd:  0.6927871095086485
contig_sc_rmsd:  2.2061842342559137
sh3_r1_195
contig_rmsd:  0.6426703436908184
contig_sc_rmsd:  1.669151844376067
sh3_r1_196
contig_rmsd:  0.9364778091864584
contig_sc_rmsd:  1.8536945185585327
sh3_r1_197
contig_rmsd:  0.4817033924548837
contig_sc_rmsd:  2.018066405956848
sh3_r1_198
contig_rmsd:  0.9643888485208357
contig_sc_rmsd:  1.9492962402419907
sh3_r1_199
contig_rmsd:  0.5955619931210921
contig_sc_rmsd:  1.9775110895592396
sh3_r1_2
contig_rmsd:  0.5993568342188536
contig_sc_rmsd:  2.1264420259925076
sh3_r1_20
contig_rmsd:  0.46205450312345564
contig_sc_rmsd:  1.5101686467938633
sh3_r1_21
contig_rmsd:  0.3813155065305763
contig_sc_rmsd:  1.8687740811304399
sh3_r1_22
contig_rmsd:  0.33835360084545274
contig_sc_rmsd:  1.3872426402996703
sh3_r1_23
contig_rmsd:  0.8857645451696327
contig_sc_rmsd:  1.6785996262974507
sh3_r1_24
contig_rmsd:  0.4346257084892696
contig_sc_rmsd:  1.7377335823238376
sh3_r1_25
contig_rmsd:  0.815993614711063
contig_sc_rmsd:  1.9341575565957607
sh3_r1_26
contig_rmsd:  0.5454805895534542
contig_sc_rmsd:  1.8426026488941396
sh3_r1_27
contig_rmsd:  0.4618344218216121
contig_sc_rmsd:  1.4996081461034132
sh3_r1_28
contig_rmsd:  0.6349655258351165
contig_sc_rmsd:  1.9436186900010861
sh3_r1_29
contig_rmsd:  0.7348773850994371
contig_sc_rmsd:  1.8565964436532347
sh3_r1_3
contig_rmsd:  0.6516373503995919
contig_sc_rmsd:  2.141139620574814
sh3_r1_30
contig_rmsd:  0.4959909440644269
contig_sc_rmsd:  2.1453357948811598
sh3_r1_31
contig_rmsd:  0.814660197490697
contig_sc_rmsd:  1.388261824601016
sh3_r1_32
contig_rmsd:  0.7435484073623642
contig_sc_rmsd:  1.7201860738151589
sh3_r1_33
contig_rmsd:  0.7362846733711803
contig_sc_rmsd:  2.111412645900425
sh3_r1_34
contig_rmsd:  0.38923739653200246
contig_sc_rmsd:  1.8215128570873915
sh3_r1_35
contig_rmsd:  0.59400830551625
contig_sc_rmsd:  1.7461862939010147
sh3_r1_36
contig_rmsd:  0.776738785220805
contig_sc_rmsd:  2.160825368770619
sh3_r1_37
contig_rmsd:  0.5930850067718224
contig_sc_rmsd:  2.171267053314578
sh3_r1_38
contig_rmsd:  0.46570411928918976
contig_sc_rmsd:  1.199860140776193
sh3_r1_39
contig_rmsd:  0.8708283624670391
contig_sc_rmsd:  2.4584938271045402
sh3_r1_4
contig_rmsd:  0.4516407987841635
contig_sc_rmsd:  1.9730280883345177
sh3_r1_40
contig_rmsd:  0.5268264297964066
contig_sc_rmsd:  1.331051530183453
sh3_r1_41
contig_rmsd:  0.7580233779782707
contig_sc_rmsd:  2.291894019969763
sh3_r1_42
contig_rmsd:  0.5097454589034539
contig_sc_rmsd:  2.0077879171446384
sh3_r1_43
contig_rmsd:  0.5845823414321453
contig_sc_rmsd:  1.704419011080242
sh3_r1_44
contig_rmsd:  0.3461803254943339
contig_sc_rmsd:  1.8391292961087173
sh3_r1_45
contig_rmsd:  0.8502069639574599
contig_sc_rmsd:  2.030549266793118
sh3_r1_46
contig_rmsd:  0.24784538178335055
contig_sc_rmsd:  1.3584249519649059
sh3_r1_47
contig_rmsd:  0.5834677902993893
contig_sc_rmsd:  2.172892809897846
sh3_r1_48
contig_rmsd:  0.3243545015110064
contig_sc_rmsd:  1.9315990706948147
sh3_r1_49
contig_rmsd:  0.3658065561477414
contig_sc_rmsd:  1.636994400705187
sh3_r1_5
contig_rmsd:  0.538152257050204
contig_sc_rmsd:  1.9720945213680983
sh3_r1_50
contig_rmsd:  0.7377813669018323
contig_sc_rmsd:  1.9986787470955216
sh3_r1_51
contig_rmsd:  0.6918299449814709
contig_sc_rmsd:  1.3986676610312139
sh3_r1_52
contig_rmsd:  0.7806062393135045
contig_sc_rmsd:  1.572943843636078
sh3_r1_53
contig_rmsd:  0.977913475865294
contig_sc_rmsd:  1.750335848197724
sh3_r1_54
contig_rmsd:  0.49597950379544276
contig_sc_rmsd:  1.9337469012690622
sh3_r1_55
contig_rmsd:  0.36022022175718166
contig_sc_rmsd:  1.6459034320706125
sh3_r1_56
contig_rmsd:  0.4271196693748058
contig_sc_rmsd:  1.3476914127033288
sh3_r1_57
contig_rmsd:  0.8204065165799579
contig_sc_rmsd:  2.0458324295989065
sh3_r1_58
contig_rmsd:  0.6230519448937651
contig_sc_rmsd:  2.058649955018734
sh3_r1_59
contig_rmsd:  0.6299250848443909
contig_sc_rmsd:  2.1048011884664226
sh3_r1_6
contig_rmsd:  0.38044547258052674
contig_sc_rmsd:  1.9463320768299097
sh3_r1_60
contig_rmsd:  0.382256668464715
contig_sc_rmsd:  1.7483930822377876
sh3_r1_61
contig_rmsd:  0.6322995876014189
contig_sc_rmsd:  2.2207676354741936
sh3_r1_62
contig_rmsd:  0.42097742891419027
contig_sc_rmsd:  2.114554569473616
sh3_r1_63
contig_rmsd:  0.6470709454603679
contig_sc_rmsd:  1.4483587877312223
sh3_r1_64
contig_rmsd:  0.5942789840612782
contig_sc_rmsd:  1.6669159930236226
sh3_r1_65
contig_rmsd:  0.6349696507220559
contig_sc_rmsd:  2.082154150988479
sh3_r1_66
contig_rmsd:  0.5454711042140978
contig_sc_rmsd:  1.9342232606361645
sh3_r1_67
contig_rmsd:  0.626898693637883
contig_sc_rmsd:  1.8896060434210522
sh3_r1_68
contig_rmsd:  0.5460423474374898
contig_sc_rmsd:  1.374219035454505
sh3_r1_69
contig_rmsd:  0.37857927656659357
contig_sc_rmsd:  1.4573444964571338
sh3_r1_7
contig_rmsd:  0.42540074209068646
contig_sc_rmsd:  2.0304903951034263
sh3_r1_70
contig_rmsd:  0.7415390762359524
contig_sc_rmsd:  2.1116087207838765
sh3_r1_71
contig_rmsd:  0.8273544661046921
contig_sc_rmsd:  2.191740315336706
sh3_r1_72
contig_rmsd:  0.483031941076762
contig_sc_rmsd:  1.9504366984491037
sh3_r1_73
contig_rmsd:  0.4296089833543157
contig_sc_rmsd:  1.6785756401735799
sh3_r1_74
contig_rmsd:  0.6636801076144014
contig_sc_rmsd:  1.829424566642023
sh3_r1_75
contig_rmsd:  0.5046158555341773
contig_sc_rmsd:  1.9892487104919783
sh3_r1_76
contig_rmsd:  0.6237349032232742
contig_sc_rmsd:  1.8098966224594315
sh3_r1_77
contig_rmsd:  0.5139276857340248
contig_sc_rmsd:  1.7829816401838443
sh3_r1_78
contig_rmsd:  0.5123976434120963
contig_sc_rmsd:  1.9851067247951613
sh3_r1_79
contig_rmsd:  0.4388216718376296
contig_sc_rmsd:  2.121844917846781
sh3_r1_8
contig_rmsd:  0.8623786299507249
contig_sc_rmsd:  1.7460022877790962
sh3_r1_80
contig_rmsd:  0.823217607186616
contig_sc_rmsd:  1.8854437283260008
sh3_r1_81
contig_rmsd:  0.6151940775994564
contig_sc_rmsd:  2.161806327598029
sh3_r1_82
contig_rmsd:  0.6606359082714728
contig_sc_rmsd:  2.3912493247206
sh3_r1_83
contig_rmsd:  0.5254199298457065
contig_sc_rmsd:  2.08384548763601
sh3_r1_84
contig_rmsd:  0.2809368824954691
contig_sc_rmsd:  1.5474305623363256
sh3_r1_85
contig_rmsd:  0.608008647254369
contig_sc_rmsd:  1.500456139676529
sh3_r1_86
contig_rmsd:  0.7933172434124511
contig_sc_rmsd:  1.5243356105955501
sh3_r1_87
contig_rmsd:  0.3295182228413125
contig_sc_rmsd:  1.8945622365914414
sh3_r1_88
contig_rmsd:  0.5197632866725299
contig_sc_rmsd:  1.4386546645122078
sh3_r1_89
contig_rmsd:  0.45057315051328617
contig_sc_rmsd:  2.0496104802458452
sh3_r1_9
contig_rmsd:  0.5509359368766622
contig_sc_rmsd:  1.9332948274801804
sh3_r1_90
contig_rmsd:  0.25785598541836524
contig_sc_rmsd:  1.6413544446772415
sh3_r1_91
contig_rmsd:  0.4879642194185704
contig_sc_rmsd:  1.9779374610829008
sh3_r1_92
contig_rmsd:  0.9909832730063785
contig_sc_rmsd:  2.253209700485288
sh3_r1_93
contig_rmsd:  0.7521528318565759
contig_sc_rmsd:  2.046727525521561
sh3_r1_94
contig_rmsd:  0.4447691940102457
contig_sc_rmsd:  1.6107522951826092
sh3_r1_95
contig_rmsd:  0.4945352830758052
contig_sc_rmsd:  1.533093238532026
sh3_r1_96
contig_rmsd:  0.2907242261074217
contig_sc_rmsd:  1.7100582168292173
sh3_r1_97
contig_rmsd:  0.7760222996297059
contig_sc_rmsd:  1.810857127128258
sh3_r1_98
contig_rmsd:  0.5172135620308658
contig_sc_rmsd:  2.028776319585913
sh3_r1_99
contig_rmsd:  0.5859713356440821
contig_sc_rmsd:  1.8120377745162901
Outputting computed metrics to ./pyrosetta_metrics.csv
