--steps was given. Ignoring --grad_steps, --mcmc_steps.

Run settings:
{'network_name': 'rf_perceiver_v01', 'use_template': 'A63-82,A119-140', 'num': 5, 'start_num': 5, 'msa_num': 1, 'out': '/mnt/home/jue/git/dev-rfdesign/tutorials/halluc_PD-L1_binder/output/run2/pd1_r1_13_r2', 'cautious': False, 'save_pdb': 1, 'save_batch_fas': False, 'track_step': 1, 'track_logits': False, 'out_step': None, 'seed_rng': False, 'steps': 'm300', 'grad_steps': 400, 'mcmc_steps': 0, 'optimizer': 'nsgd', 'drop': 0.2, 'init_sd': 1e-06, 'learning_rate': 0.05, 'grad_check': True, 'logit_scale': 1, 'seq_prob_type': 'hard', 'seq_sample': False, 'calc_bkg': True, 'cce_sd': None, 'hal_sd': None, 'corrupt_sequence': None, 'corrupt_fraction': None, 'pdb': '/mnt/home/jue/git/dev-rfdesign/tutorials/halluc_PD-L1_binder/input/pd1.pdb', 'mask': '27-27,A63-82,21-21,A119-140,3-3', 'contigs': None, 'con_set_id': None, 'len': None, 'keep_order': False, 'contig_min_gap': 5, 'spike': 0.999, 'spike_fas': 'output/hits_r1/pd1_r1_13.fas', 'force_aa': 'A64,A66,A68,A70,A73-81,A123-124,A127,A128,A132-136,A139', 'exclude_aa': 'C', 'template_pdbs': None, 'no_bkg_mask': False, 'num_repeats': 0, 'init_seq': None, 'masks_bkg': None, 'masks_pass': None, 'force_logits': None, 'receptor': 'input/pdl1_trunc.pdb', 'rec_placement': 'second', 'gap': 200, 'w_cce': 1, 'w_crmsd': -1, 'w_entropy': 1, 'w_kl': -1, 'n_bkg': 100, 'w_rep': -1, 'w_set_rep': -1, 'w_atr': -1, 'w_set_atr': -1, 'w_rog': 1.0, 'w_aspect_ratio': -1, 'w_cyc_sym': -1, 'w_surfnp': -1, 'w_nc': -1, 'w_cce_bg': -1, 'w_sym': -1, 'cce_cutoff': 19.9, 'rep_pdb': None, 'rep_sigma': 5, 'atr_pdb': None, 'atr_sigma': 5, 'entropy_beta': 10, 'rog_thresh': 16.0, 'surfnp_nbr_thresh': 2.5, 'nc_target': -7, 'entropy_dist_bins': 16, 'mcmc_halflife': 500.0, 'T_acc_0': 0.002, 'mcmc_batch': 1, 'anneal_t1d': False, 'erode_template': False, 'num_masked_tokens': 1, 'weights_dir': '/projects/ml/trDesign', 'nthreads': 4, 'cce_cutstep': None, 'cce_thresh': 2.2, 'batch': 64, 'lr': 0.2, 'nsteps': 100, 'commit': '9b9087ec02b6ea193aafc6647c25269f0563f6dc'}

Loading structure prediction model onto device cuda:0...
#   trunk_msa_v00     [ens=1]   AF2-inspired 12-block 2-track trunk
#   trunk_tbm_v00     [ens=1]   AF2-inspired 3-track trunk
#   rf_v00            [ens=1]   RoseTTAFold 3-track trunk + refiner (formerly trunk_e2e_v00)
#   rf_Nov05_2021     [ens=1]   RoseTTAFold 3-track, no perceiver, Nov. 5 2021
#   rf_perceiver_v00  [ens=1]   RoseTTAFold w/ Perceiver & FAPE loss (msa_full=zeros)
# * rf_perceiver_v01  [ens=1]   RoseTTAFold w/ Perceiver & FAPE loss (msa_full=msa_latent)
#   af2_v00           [ens=0]   AlphaFold2 (only works with rescue.py)
Loaded sequence-to-structure model rf_perceiver_v01 with 118071083 parameters

Model hyperparameters:
{'n_module': 8, 'n_module_str': 4, 'n_layer': 1, 'd_msa': 384, 'd_pair': 288, 'd_templ': 64, 'n_head_msa': 12, 'n_head_pair': 8, 'n_head_templ': 4, 'd_hidden': 64, 'r_ff': 4, 'n_resblock': 1, 'p_drop': 0.0, 'use_templ': 1, 'msa_full_mode': 'same', 'performer_N_opts': {'nb_features': 64}, 'performer_L_opts': {'nb_features': 64}, 'SE3_param': {'num_layers': 3, 'num_channels': 16, 'num_degrees': 2, 'l0_in_features': 32, 'l0_out_features': 8, 'l1_in_features': 3, 'l1_out_features': 2, 'num_edge_features': 32, 'div': 2, 'n_heads': 4}}

Using CUDA device(s):  cuda:0: (GeForce RTX 2080); 

Parsing input pdb...
Parsing receptor pdb...

Generating pd1_r1_13_r2_5, length 206...
Forcing amino acids:  A64H,A66V,A68H,A70E,A73S,A74G,A75Q,A76T,A77D,A78T,A79L,A80A,A81A,A123C,A124G,A127S,A128L,A132I,A133Q,A134I,A135K,A136E,A139R, and 113 receptor positions
Loss term           | Weight      
cce                   1.00
entropy               1.00
rog                   1.00

Initializing logits: Spike
Stage 0
Starting MCMC...
        step    avg loss         cce     entropy         rog
           0      1.8593      2.7976      2.6879      0.0924
           5      1.8509      2.7475      2.7074      0.0980
          10      1.8449      2.7374      2.7175      0.0799
          15      1.8537      2.7236      2.7656      0.0718
          20      1.8315      2.7070      2.6933      0.0941
          25      1.8354      2.7008      2.6944      0.1111
          30      1.8243      2.6823      2.7192      0.0713
          35      1.8163      2.6679      2.7048      0.0762
          40      1.8286      2.6781      2.7403      0.0675
          45      1.8508      2.7401      2.7519      0.0606
          50      1.8246      2.6711      2.7353      0.0674
          55      1.8096      2.6562      2.7004      0.0723
          60      1.7925      2.6196      2.6788      0.0792
          65      1.8151      2.6519      2.7359      0.0575
          70      1.7901      2.6084      2.6883      0.0737
          75      1.8856      2.7764      2.8082      0.0721
          80      1.8638      2.6272      2.8189      0.1454
          85      1.7935      2.6468      2.6574      0.0765
          90      1.7784      2.5788      2.6791      0.0773
          95      1.8211      2.5618      2.7964      0.1051
         100      1.7976      2.6187      2.7173      0.0570
         105      1.7513      2.5039      2.6807      0.0692
         110      1.7514      2.4921      2.6894      0.0727
         115      1.7406      2.4843      2.6623      0.0753
         120      1.7432      2.4880      2.6690      0.0727
         125      1.7585      2.4903      2.7055      0.0798
         130      1.7358      2.4697      2.6640      0.0737
         135      1.7644      2.5186      2.7045      0.0700
         140      1.7505      2.4566      2.7229      0.0720
         145      1.7450      2.4842      2.6797      0.0710
         150      1.7631      2.5207      2.7004      0.0683
         155      1.7375      2.4399      2.6840      0.0887
         160      1.7406      2.4484      2.6790      0.0943
         165      1.7300      2.4016      2.7072      0.0812
         170      1.7527      2.4246      2.7697      0.0637
         175      1.7334      2.4279      2.6902      0.0821
         180      1.7368      2.4217      2.6952      0.0936
         185      1.7232      2.4099      2.6800      0.0795
         190      1.7246      2.4124      2.6808      0.0807
         195      1.7295      2.4523      2.6623      0.0740
         200      1.7158      2.4112      2.6534      0.0829
         205      1.7198      2.3944      2.6888      0.0762
         210      1.7239      2.4108      2.6791      0.0819
         215      1.7180      2.4044      2.6701      0.0797
         220      1.7167      2.3745      2.6855      0.0901
         225      1.7341      2.3882      2.6967      0.1173
         230      1.7079      2.3562      2.6707      0.0969
         235      1.7039      2.3793      2.6594      0.0732
         240      1.7078      2.3848      2.6660      0.0727
         245      1.7692      2.5180      2.7230      0.0665
         250      1.7242      2.4119      2.6818      0.0791
         255      1.7047      2.3599      2.6809      0.0733
         260      1.6939      2.3515      2.6563      0.0738
         265      1.7018      2.3511      2.6742      0.0800
         270      1.7197      2.4249      2.6592      0.0749
         275      1.7195      2.3715      2.7154      0.0716
         280      1.7232      2.4059      2.6805      0.0832
         285      1.6939      2.3515      2.6563      0.0738
         290      1.7090      2.3507      2.7078      0.0683
         295      1.7260      2.3720      2.7230      0.0829
Max CUDA memory: 1.9384G
Saving /mnt/home/jue/git/dev-rfdesign/tutorials/halluc_PD-L1_binder/output/run2/pd1_r1_13_r2_5: npz, fas, trb, trk, trfold pdb
Finished design /mnt/home/jue/git/dev-rfdesign/tutorials/halluc_PD-L1_binder/output/run2/pd1_r1_13_r2_5 in 7.00 minutes.

Generating pd1_r1_13_r2_6, length 206...
Forcing amino acids:  A64H,A66V,A68H,A70E,A73S,A74G,A75Q,A76T,A77D,A78T,A79L,A80A,A81A,A123C,A124G,A127S,A128L,A132I,A133Q,A134I,A135K,A136E,A139R, and 113 receptor positions
Loss term           | Weight      
cce                   1.00
entropy               1.00
rog                   1.00

Initializing logits: Spike
Stage 0
Starting MCMC...
        step    avg loss         cce     entropy         rog
           0      1.8670      2.8245      2.6999      0.0767
           5      1.8498      2.7776      2.6826      0.0892
          10      1.8447      2.7536      2.7063      0.0743
          15      1.8372      2.7155      2.6940      0.1023
          20      1.8290      2.6969      2.7010      0.0890
          25      1.8290      2.6969      2.7010      0.0890
          30      1.7810      2.5946      2.6655      0.0830
          35      1.7736      2.5704      2.6809      0.0695
          40      1.7719      2.5083      2.7370      0.0706
          45      1.7680      2.4859      2.7582      0.0599
          50      1.7770      2.4967      2.7842      0.0499
          55      1.8338      2.6356      2.8141      0.0518
          60      1.7612      2.4337      2.7915      0.0585
          65      1.7890      2.4963      2.8122      0.0586
          70      1.7568      2.4625      2.7309      0.0770
          75      1.7573      2.5075      2.7123      0.0521
          80      1.7528      2.4465      2.7378      0.0741
          85      1.7449      2.4412      2.7229      0.0706
          90      1.7737      2.4478      2.8412      0.0320
          95      1.7589      2.4787      2.7533      0.0446
         100      1.7462      2.4017      2.8025      0.0346
         105      1.7340      2.4129      2.7413      0.0479
         110      1.7468      2.3851      2.8057      0.0497
         115      1.7209      2.3713      2.7339      0.0575
         120      1.7212      2.3708      2.7412      0.0515
         125      1.7225      2.3672      2.7456      0.0546
         130      1.7337      2.3867      2.7514      0.0629
         135      1.7225      2.3672      2.7456      0.0546
         140      1.7312      2.3870      2.7537      0.0530
         145      1.8553      2.3916      2.8153      0.3590
         150      1.7446      2.3885      2.7708      0.0746
         155      1.7095      2.3739      2.6990      0.0557
         160      1.7369      2.3775      2.7940      0.0392
         165      1.7079      2.3592      2.7086      0.0558
         170      1.7151      2.3702      2.7180      0.0572
         175      1.7111      2.3168      2.7559      0.0606
         180      1.7198      2.3743      2.7292      0.0557
         185      1.7047      2.3381      2.7173      0.0588
         190      1.7111      2.3540      2.7224      0.0568
         195      1.7104      2.3117      2.7599      0.0598
         200      1.7047      2.3381      2.7173      0.0588
         205      1.7844      2.4408      2.8138      0.0985
         210      1.7187      2.3666      2.7185      0.0710
         215      1.7199      2.3694      2.7449      0.0453
         220      1.7603      2.4355      2.7772      0.0682
         225      1.7164      2.3749      2.7231      0.0511
         230      1.7231      2.3818      2.7291      0.0585
         235      1.7163      2.3790      2.7217      0.0481
         240      1.7110      2.3754      2.7004      0.0573
         245      1.7085      2.3758      2.6846      0.0652
         250      1.7039      2.3711      2.6794      0.0612
         255      1.7038      2.3593      2.6730      0.0790
         260      1.7046      2.3756      2.6613      0.0770
         265      1.7070      2.3721      2.6847      0.0642
         270      1.7167      2.3730      2.7144      0.0627
         275      1.7306      2.3817      2.7666      0.0434
         280      1.7074      2.3727      2.6994      0.0500
         285      1.7066      2.3665      2.6946      0.0586
         290      1.7141      2.3827      2.7001      0.0596
         295      1.7069      2.3525      2.7113      0.0569
Max CUDA memory: 1.8368G
Saving /mnt/home/jue/git/dev-rfdesign/tutorials/halluc_PD-L1_binder/output/run2/pd1_r1_13_r2_6: npz, fas, trb, trk, trfold pdb
Finished design /mnt/home/jue/git/dev-rfdesign/tutorials/halluc_PD-L1_binder/output/run2/pd1_r1_13_r2_6 in 6.98 minutes.

Generating pd1_r1_13_r2_7, length 206...
Forcing amino acids:  A64H,A66V,A68H,A70E,A73S,A74G,A75Q,A76T,A77D,A78T,A79L,A80A,A81A,A123C,A124G,A127S,A128L,A132I,A133Q,A134I,A135K,A136E,A139R, and 113 receptor positions
Loss term           | Weight      
cce                   1.00
entropy               1.00
rog                   1.00

Initializing logits: Spike
Stage 0
Starting MCMC...
        step    avg loss         cce     entropy         rog
           0      1.8539      2.7864      2.6828      0.0925
           5      1.8477      2.7597      2.6805      0.1030
          10      1.8321      2.7270      2.6676      0.1017
          15      1.8260      2.7219      2.6653      0.0907
          20      1.8377      2.7541      2.6735      0.0854
          25      1.8335      2.7280      2.6755      0.0971
          30      1.8098      2.6775      2.6531      0.0989
          35      1.8331      2.7172      2.6748      0.1072
          40      1.8220      2.6180      2.7942      0.0538
          45      1.8166      2.6466      2.7253      0.0779
          50      1.7975      2.6103      2.6980      0.0841
          55      1.7850      2.5831      2.6835      0.0883
          60      1.8609      2.6490      2.7878      0.1457
          65      1.7653      2.5183      2.6933      0.0844
          70      1.7828      2.5012      2.7979      0.0494
          75      1.7702      2.5291      2.7026      0.0788
          80      1.7624      2.5246      2.6741      0.0886
          85      1.7872      2.5450      2.7084      0.1082
          90      1.7559      2.5070      2.6730      0.0878
          95      1.7759      2.5278      2.6943      0.1056
         100      1.7774      2.5397      2.7184      0.0742
         105      1.7703      2.5336      2.7082      0.0690
         110      1.7685      2.5272      2.7112      0.0670
         115      1.7586      2.5128      2.6877      0.0753
         120      1.7998      2.6130      2.7065      0.0800
         125      1.7807      2.5583      2.7210      0.0628
         130      1.7822      2.5204      2.7544      0.0717
         135      1.7976      2.5082      2.7300      0.1545
         140      1.8605      2.6577      2.8655      0.0581
         145      1.7652      2.5234      2.7046      0.0675
         150      1.7619      2.5134      2.6928      0.0795
         155      1.7513      2.5206      2.6587      0.0747
         160      1.7523      2.5052      2.6797      0.0721
         165      1.7479      2.5072      2.6632      0.0734
         170      1.7474      2.4965      2.6707      0.0749
         175      1.7264      2.4547      2.6594      0.0650
         180      1.7418      2.4616      2.7189      0.0449
         185      1.7553      2.4738      2.7335      0.0587
         190      1.7298      2.4507      2.6759      0.0627
         195      1.7233      2.4699      2.6396      0.0605
         200      1.7233      2.4699      2.6396      0.0605
         205      1.7269      2.4433      2.6706      0.0667
         210      1.7478      2.5134      2.6689      0.0610
         215      1.7084      2.4149      2.6502      0.0602
         220      1.7235      2.4380      2.6642      0.0684
         225      1.7170      2.4188      2.6745      0.0577
         230      1.7319      2.4347      2.7021      0.0587
         235      1.7165      2.4244      2.6597      0.0655
         240      1.7598      2.5017      2.7231      0.0545
         245      1.7213      2.4113      2.6936      0.0591
         250      1.7316      2.4296      2.7106      0.0547
         255      1.7339      2.4747      2.6763      0.0507
         260      1.7349      2.4521      2.6999      0.0526
         265      1.7327      2.4528      2.6912      0.0541
         270      1.7150      2.4653      2.6165      0.0631
         275      1.7058      2.4223      2.6225      0.0727
         280      1.7098      2.4222      2.6295      0.0779
         285      1.7162      2.4283      2.6432      0.0770
         290      1.7101      2.4302      2.6288      0.0712
         295      1.7119      2.4347      2.6276      0.0736
Max CUDA memory: 1.8382G
Saving /mnt/home/jue/git/dev-rfdesign/tutorials/halluc_PD-L1_binder/output/run2/pd1_r1_13_r2_7: npz, fas, trb, trk, trfold pdb
Finished design /mnt/home/jue/git/dev-rfdesign/tutorials/halluc_PD-L1_binder/output/run2/pd1_r1_13_r2_7 in 7.02 minutes.

Generating pd1_r1_13_r2_8, length 206...
Forcing amino acids:  A64H,A66V,A68H,A70E,A73S,A74G,A75Q,A76T,A77D,A78T,A79L,A80A,A81A,A123C,A124G,A127S,A128L,A132I,A133Q,A134I,A135K,A136E,A139R, and 113 receptor positions
Loss term           | Weight      
cce                   1.00
entropy               1.00
rog                   1.00

Initializing logits: Spike
Stage 0
Starting MCMC...
        step    avg loss         cce     entropy         rog
           0      1.8527      2.8012      2.6706      0.0864
           5      1.8467      2.7569      2.6965      0.0866
          10      1.8334      2.7248      2.6706      0.1046
          15      1.8665      2.6980      2.7664      0.1350
          20      1.8181      2.6860      2.6754      0.0930
          25      1.8256      2.6981      2.6787      0.1000
          30      1.8253      2.7040      2.6798      0.0922
          35      1.8354      2.6533      2.7392      0.1139
          40      1.8134      2.6436      2.7149      0.0817
          45      1.8124      2.6312      2.7307      0.0754
          50      1.8144      2.6319      2.7359      0.0753
          55      1.7772      2.5446      2.7171      0.0700
          60      1.7677      2.5098      2.7346      0.0588
          65      1.7657      2.5115      2.7150      0.0706
          70      1.7954      2.5261      2.8155      0.0446
          75      1.7743      2.5397      2.7161      0.0671
          80      1.8411      2.6926      2.7442      0.0866
          85      1.7599      2.5054      2.7119      0.0625
          90      1.7794      2.5407      2.7457      0.0520
          95      1.7225      2.4120      2.7021      0.0534
         100      1.7251      2.4160      2.7088      0.0504
         105      1.7659      2.4619      2.7968      0.0392
         110      1.7325      2.4280      2.7017      0.0677
         115      1.7212      2.4125      2.6938      0.0573
         120      1.7203      2.3938      2.7025      0.0645
         125      1.7618      2.4406      2.7970      0.0477
         130      1.7294      2.3992      2.7285      0.0604
         135      1.7355      2.4489      2.6941      0.0635
         140      1.7448      2.4040      2.7458      0.0845
         145      1.7166      2.3850      2.6982      0.0667
         150      1.7277      2.3819      2.7360      0.0653
         155      1.7235      2.3954      2.7092      0.0659
         160      1.7259      2.4043      2.7007      0.0727
         165      1.7484      2.4552      2.7318      0.0581
         170      1.7468      2.4660      2.7142      0.0602
         175      1.7147      2.3794      2.6989      0.0656
         180      1.7504      2.4326      2.7630      0.0555
         185      1.7338      2.4172      2.7144      0.0699
         190      1.7110      2.3630      2.7094      0.0607
         195      1.7077      2.3654      2.6928      0.0649
         200      1.7086      2.3628      2.6954      0.0677
         205      2.2683      2.3965      2.7688      1.6396
         210      1.7170      2.3866      2.6929      0.0715
         215      1.7153      2.3873      2.6894      0.0691
         220      1.7213      2.3588      2.7396      0.0655
         225      1.7120      2.3596      2.7181      0.0584
         230      1.7047      2.3257      2.7199      0.0685
         235      1.6993      2.3499      2.6747      0.0732
         240      1.7199      2.4089      2.6895      0.0613
         245      1.7308      2.3987      2.7451      0.0487
         250      1.7271      2.3863      2.7324      0.0625
         255      1.6990      2.3631      2.6644      0.0696
         260      1.6990      2.3631      2.6644      0.0696
         265      1.7016      2.3725      2.6647      0.0677
         270      1.7055      2.3748      2.6691      0.0726
         275      1.6991      2.3650      2.6668      0.0654
         280      1.7682      2.4736      2.7687      0.0623
         285      1.7029      2.3777      2.6619      0.0692
         290      1.7029      2.3777      2.6619      0.0692
         295      1.7003      2.3725      2.6614      0.0671
Max CUDA memory: 1.8395G
Saving /mnt/home/jue/git/dev-rfdesign/tutorials/halluc_PD-L1_binder/output/run2/pd1_r1_13_r2_8: npz, fas, trb, trk, trfold pdb
Finished design /mnt/home/jue/git/dev-rfdesign/tutorials/halluc_PD-L1_binder/output/run2/pd1_r1_13_r2_8 in 7.00 minutes.

Generating pd1_r1_13_r2_9, length 206...
Forcing amino acids:  A64H,A66V,A68H,A70E,A73S,A74G,A75Q,A76T,A77D,A78T,A79L,A80A,A81A,A123C,A124G,A127S,A128L,A132I,A133Q,A134I,A135K,A136E,A139R, and 113 receptor positions
Loss term           | Weight      
cce                   1.00
entropy               1.00
rog                   1.00

Initializing logits: Spike
Stage 0
Starting MCMC...
        step    avg loss         cce     entropy         rog
           0      1.8527      2.8012      2.6706      0.0864
           5      1.8374      2.7494      2.6953      0.0674
          10      1.8300      2.7250      2.6983      0.0668
          15      1.8445      2.7151      2.7613      0.0571
          20      1.8113      2.6981      2.6627      0.0731
          25      1.8154      2.7186      2.6464      0.0811
          30      1.8222      2.6665      2.7326      0.0674
          35      1.8017      2.6589      2.6746      0.0717
          40      1.7957      2.6301      2.6896      0.0674
          45      1.7903      2.6101      2.6830      0.0776
          50      1.7923      2.6017      2.6986      0.0767
          55      1.8279      2.6474      2.7729      0.0635
          60      1.7790      2.5869      2.6811      0.0689
          65      1.7708      2.5348      2.6909      0.0867
          70      1.7967      2.6173      2.6924      0.0803
          75      1.7859      2.5621      2.7282      0.0674
          80      1.8401      2.6160      2.8084      0.0959
          85      1.7847      2.5491      2.7431      0.0619
          90      1.7694      2.5540      2.6778      0.0764
          95      1.7730      2.5643      2.6796      0.0750
         100      1.7655      2.5454      2.6805      0.0706
         105      1.7568      2.5183      2.6895      0.0624
         110      1.7571      2.5105      2.6924      0.0684
         115      1.7509      2.4961      2.6917      0.0649
         120      1.7668      2.5153      2.7233      0.0618
         125      1.7446      2.4879      2.6901      0.0559
         130      1.7700      2.5274      2.7152      0.0674
         135      1.7524      2.4834      2.7147      0.0591
         140      1.7662      2.5095      2.7310      0.0582
         145      1.7545      2.4674      2.7414      0.0548
         150      1.7747      2.5171      2.7439      0.0632
         155      1.7554      2.5067      2.6968      0.0627
         160      1.7685      2.5344      2.7078      0.0633
         165      1.7542      2.4831      2.7151      0.0646
         170      1.7318      2.4535      2.6905      0.0515
         175      1.7579      2.4861      2.7334      0.0541
         180      1.7343      2.4161      2.7304      0.0563
         185      1.7574      2.4277      2.7920      0.0525
         190      1.7404      2.4473      2.7143      0.0596
         195      1.7260      2.4288      2.6909      0.0583
         200      1.7106      2.3831      2.6953      0.0532
         205      1.7173      2.3925      2.7048      0.0546
         210      1.7134      2.3811      2.7015      0.0577
         215      1.7327      2.4159      2.7242      0.0579
         220      1.7151      2.3887      2.7018      0.0549
         225      1.7027      2.3702      2.6846      0.0534
         230      1.7193      2.3849      2.7251      0.0480
         235      1.7269      2.3966      2.7288      0.0554
         240      1.7447      2.4344      2.7368      0.0630
         245      1.7035      2.3850      2.6695      0.0559
         250      1.7301      2.3819      2.7596      0.0488
         255      1.7485      2.4429      2.7439      0.0588
         260      1.7055      2.3873      2.6719      0.0573
         265      1.7121      2.4022      2.6753      0.0588
         270      1.7296      2.4004      2.7239      0.0646
         275      1.7019      2.3544      2.6876      0.0636
         280      1.7093      2.3650      2.6974      0.0656
         285      1.7105      2.3573      2.7084      0.0657
         290      1.7159      2.3762      2.7082      0.0632
         295      1.7099      2.3798      2.6890      0.0608
Using backend: pytorch
Max CUDA memory: 1.8376G
Saving /mnt/home/jue/git/dev-rfdesign/tutorials/halluc_PD-L1_binder/output/run2/pd1_r1_13_r2_9: npz, fas, trb, trk, trfold pdb
Finished design /mnt/home/jue/git/dev-rfdesign/tutorials/halluc_PD-L1_binder/output/run2/pd1_r1_13_r2_9 in 6.97 minutes.
