--steps was given. Ignoring --grad_steps, --mcmc_steps.

Run settings:
{'network_name': 'rf_perceiver_v01', 'use_template': 'A63-82,A119-140', 'num': 5, 'start_num': 0, 'msa_num': 1, 'out': '/mnt/home/jue/git/dev-rfdesign/tutorials/halluc_PD-L1_binder/output/run2/pd1_r1_10_r2', 'cautious': False, 'save_pdb': 1, 'save_batch_fas': False, 'track_step': 1, 'track_logits': False, 'out_step': None, 'seed_rng': False, 'steps': 'm300', 'grad_steps': 400, 'mcmc_steps': 0, 'optimizer': 'nsgd', 'drop': 0.2, 'init_sd': 1e-06, 'learning_rate': 0.05, 'grad_check': True, 'logit_scale': 1, 'seq_prob_type': 'hard', 'seq_sample': False, 'calc_bkg': True, 'cce_sd': None, 'hal_sd': None, 'corrupt_sequence': None, 'corrupt_fraction': None, 'pdb': '/mnt/home/jue/git/dev-rfdesign/tutorials/halluc_PD-L1_binder/input/pd1.pdb', 'mask': '29-29,A63-82,16-16,A119-140,7-7', 'contigs': None, 'con_set_id': None, 'len': None, 'keep_order': False, 'contig_min_gap': 5, 'spike': 0.999, 'spike_fas': 'output/hits_r1/pd1_r1_10.fas', 'force_aa': 'A64,A66,A68,A70,A73-81,A123-124,A127,A128,A132-136,A139', 'exclude_aa': 'C', 'template_pdbs': None, 'no_bkg_mask': False, 'num_repeats': 0, 'init_seq': None, 'masks_bkg': None, 'masks_pass': None, 'force_logits': None, 'receptor': 'input/pdl1_trunc.pdb', 'rec_placement': 'second', 'gap': 200, 'w_cce': 1, 'w_crmsd': -1, 'w_entropy': 1, 'w_kl': -1, 'n_bkg': 100, 'w_rep': -1, 'w_set_rep': -1, 'w_atr': -1, 'w_set_atr': -1, 'w_rog': 1.0, 'w_aspect_ratio': -1, 'w_cyc_sym': -1, 'w_surfnp': -1, 'w_nc': -1, 'w_cce_bg': -1, 'w_sym': -1, 'cce_cutoff': 19.9, 'rep_pdb': None, 'rep_sigma': 5, 'atr_pdb': None, 'atr_sigma': 5, 'entropy_beta': 10, 'rog_thresh': 16.0, 'surfnp_nbr_thresh': 2.5, 'nc_target': -7, 'entropy_dist_bins': 16, 'mcmc_halflife': 500.0, 'T_acc_0': 0.002, 'mcmc_batch': 1, 'anneal_t1d': False, 'erode_template': False, 'num_masked_tokens': 1, 'weights_dir': '/projects/ml/trDesign', 'nthreads': 4, 'cce_cutstep': None, 'cce_thresh': 2.2, 'batch': 64, 'lr': 0.2, 'nsteps': 100, 'commit': '9b9087ec02b6ea193aafc6647c25269f0563f6dc'}

Loading structure prediction model onto device cuda:0...
#   trunk_msa_v00     [ens=1]   AF2-inspired 12-block 2-track trunk
#   trunk_tbm_v00     [ens=1]   AF2-inspired 3-track trunk
#   rf_v00            [ens=1]   RoseTTAFold 3-track trunk + refiner (formerly trunk_e2e_v00)
#   rf_Nov05_2021     [ens=1]   RoseTTAFold 3-track, no perceiver, Nov. 5 2021
#   rf_perceiver_v00  [ens=1]   RoseTTAFold w/ Perceiver & FAPE loss (msa_full=zeros)
# * rf_perceiver_v01  [ens=1]   RoseTTAFold w/ Perceiver & FAPE loss (msa_full=msa_latent)
#   af2_v00           [ens=0]   AlphaFold2 (only works with rescue.py)
Loaded sequence-to-structure model rf_perceiver_v01 with 118071083 parameters

Model hyperparameters:
{'n_module': 8, 'n_module_str': 4, 'n_layer': 1, 'd_msa': 384, 'd_pair': 288, 'd_templ': 64, 'n_head_msa': 12, 'n_head_pair': 8, 'n_head_templ': 4, 'd_hidden': 64, 'r_ff': 4, 'n_resblock': 1, 'p_drop': 0.0, 'use_templ': 1, 'msa_full_mode': 'same', 'performer_N_opts': {'nb_features': 64}, 'performer_L_opts': {'nb_features': 64}, 'SE3_param': {'num_layers': 3, 'num_channels': 16, 'num_degrees': 2, 'l0_in_features': 32, 'l0_out_features': 8, 'l1_in_features': 3, 'l1_out_features': 2, 'num_edge_features': 32, 'div': 2, 'n_heads': 4}}

Using CUDA device(s):  cuda:0: (GeForce RTX 2080); 

Parsing input pdb...
Parsing receptor pdb...

Generating pd1_r1_10_r2_0, length 207...
Forcing amino acids:  A64H,A66V,A68H,A70E,A73S,A74G,A75Q,A76T,A77D,A78T,A79L,A80A,A81A,A123C,A124G,A127S,A128L,A132I,A133Q,A134I,A135K,A136E,A139R, and 113 receptor positions
Loss term           | Weight      
cce                   1.00
entropy               1.00
rog                   1.00

Initializing logits: Spike
Stage 0
Starting MCMC...
        step    avg loss         cce     entropy         rog
           0      1.9381      2.9965      2.7064      0.1114
           5      1.9181      2.8803      2.7598      0.1140
          10      1.8891      2.6385      2.7835      0.2452
          15      1.7999      2.6077      2.7289      0.0631
          20      1.8070      2.5973      2.7754      0.0483
          25      1.8111      2.6155      2.7655      0.0522
          30      1.8003      2.5598      2.7895      0.0517
          35      1.8028      2.5481      2.8191      0.0412
          40      1.8076      2.5538      2.8212      0.0480
          45      1.8225      2.5896      2.8080      0.0698
          50      1.8005      2.5524      2.7993      0.0499
          55      1.8305      2.5418      2.8409      0.1088
          60      1.7950      2.5398      2.7707      0.0745
          65      1.7899      2.5405      2.7556      0.0735
          70      1.7954      2.5503      2.7718      0.0642
          75      1.7716      2.5432      2.7209      0.0508
          80      1.7764      2.5681      2.7119      0.0492
          85      1.7882      2.5421      2.7698      0.0526
          90      1.7675      2.5662      2.6816      0.0548
          95      1.7707      2.5530      2.7076      0.0515
         100      1.8132      2.6917      2.7032      0.0448
         105      1.7609      2.5389      2.6834      0.0605
         110      1.7755      2.5552      2.7111      0.0601
         115      1.7677      2.5691      2.6733      0.0608
         120      1.7553      2.4721      2.7287      0.0651
         125      1.7629      2.4808      2.7526      0.0554
         130      1.7465      2.4187      2.7614      0.0594
         135      1.7373      2.4022      2.7557      0.0541
         140      1.7457      2.4063      2.7684      0.0625
         145      1.7434      2.3974      2.7673      0.0655
         150      1.8124      2.5994      2.7743      0.0635
         155      1.7549      2.4345      2.7597      0.0705
         160      1.7373      2.4022      2.7557      0.0541
         165      1.7548      2.4417      2.7656      0.0571
         170      1.7484      2.4115      2.7790      0.0548
         175      1.7738      2.5124      2.7459      0.0633
         180      1.7474      2.4122      2.7647      0.0652
         185      1.7932      2.4995      2.7889      0.0913
         190      1.7332      2.3840      2.7664      0.0491
         195      1.7570      2.4096      2.7821      0.0793
         200      1.7332      2.3840      2.7664      0.0491
         205      1.7438      2.4011      2.7794      0.0510
         210      1.7363      2.3777      2.7774      0.0540
         215      1.7561      2.4024      2.7870      0.0790
         220      1.7992      2.4428      2.8270      0.1278
         225      1.7230      2.3606      2.7725      0.0358
         230      1.7502      2.4054      2.8068      0.0383
         235      1.7240      2.3755      2.7590      0.0373
         240      1.7343      2.3798      2.7879      0.0352
         245      1.7329      2.3286      2.8145      0.0556
         250      1.7547      2.4288      2.7876      0.0476
         255      1.8005      2.4409      2.8430      0.1178
         260      1.7289      2.3475      2.7910      0.0484
         265      1.7455      2.3459      2.8200      0.0706
         270      1.7233      2.3308      2.7736      0.0654
         275      1.7384      2.3608      2.7720      0.0824
         280      1.7290      2.3541      2.7901      0.0428
         285      1.7200      2.3282      2.7818      0.0499
         290      1.7320      2.3543      2.7875      0.0542
         295      1.7350      2.3065      2.8417      0.0568
Max CUDA memory: 1.9384G
Saving /mnt/home/jue/git/dev-rfdesign/tutorials/halluc_PD-L1_binder/output/run2/pd1_r1_10_r2_0: npz, fas, trb, trk, trfold pdb
Finished design /mnt/home/jue/git/dev-rfdesign/tutorials/halluc_PD-L1_binder/output/run2/pd1_r1_10_r2_0 in 7.17 minutes.

Generating pd1_r1_10_r2_1, length 207...
Forcing amino acids:  A64H,A66V,A68H,A70E,A73S,A74G,A75Q,A76T,A77D,A78T,A79L,A80A,A81A,A123C,A124G,A127S,A128L,A132I,A133Q,A134I,A135K,A136E,A139R, and 113 receptor positions
Loss term           | Weight      
cce                   1.00
entropy               1.00
rog                   1.00

Initializing logits: Spike
Stage 0
Starting MCMC...
        step    avg loss         cce     entropy         rog
           0      1.9281      2.9260      2.7461      0.1121
           5      1.9674      2.9129      2.7724      0.2171
          10      1.9115      2.9264      2.7269      0.0812
          15      1.9653      2.9290      2.7885      0.1785
          20      1.8763      2.6185      2.7703      0.2400
          25      1.8921      2.7251      2.7702      0.1810
          30      1.8421      2.6270      2.7799      0.1195
          35      1.8480      2.6444      2.7785      0.1210
          40      1.8435      2.5523      2.8082      0.1701
          45      1.8380      2.6133      2.7733      0.1276
          50      1.8044      2.5867      2.7586      0.0680
          55      1.8334      2.6533      2.7958      0.0511
          60      1.8175      2.5584      2.7769      0.1173
          65      1.7909      2.5463      2.7386      0.0879
          70      1.7622      2.5014      2.7267      0.0586
          75      1.7624      2.4764      2.7359      0.0750
          80      1.7688      2.5209      2.7144      0.0709
          85      1.7645      2.5141      2.7155      0.0638
          90      1.7650      2.5023      2.7382      0.0544
          95      1.8027      2.5482      2.7894      0.0704
         100      1.7857      2.5349      2.7651      0.0570
         105      1.7681      2.4857      2.7632      0.0553
         110      1.7855      2.5318      2.7658      0.0590
         115      1.7557      2.4685      2.7443      0.0542
         120      1.7802      2.4971      2.7701      0.0733
         125      1.7655      2.4824      2.7534      0.0608
         130      1.7638      2.4829      2.7496      0.0591
         135      1.7848      2.5321      2.7699      0.0523
         140      1.7767      2.4828      2.7542      0.0930
         145      1.7666      2.4790      2.7565      0.0643
         150      1.7538      2.4883      2.7304      0.0427
         155      1.7376      2.4780      2.6912      0.0436
         160      1.7353      2.4902      2.6692      0.0465
         165      1.7451      2.4275      2.7442      0.0637
         170      1.7304      2.4681      2.6679      0.0551
         175      1.7349      2.4821      2.6783      0.0445
         180      1.7384      2.4589      2.7010      0.0553
         185      1.7642      2.5170      2.7144      0.0611
         190      1.7227      2.4357      2.6854      0.0470
         195      1.7276      2.4449      2.6884      0.0496
         200      1.7227      2.4357      2.6854      0.0470
         205      1.7299      2.4330      2.7095      0.0472
         210      1.7400      2.4141      2.7618      0.0441
         215      1.7338      2.4068      2.7396      0.0551
         220      1.7334      2.4085      2.7322      0.0595
         225      1.7285      2.4165      2.7134      0.0557
         230      1.7257      2.4227      2.7011      0.0534
         235      1.7588      2.3916      2.7571      0.1278
         240      1.7319      2.3425      2.7803      0.0729
         245      1.7217      2.3745      2.7195      0.0712
         250      1.7284      2.3669      2.7282      0.0902
         255      1.7130      2.3421      2.7108      0.0860
         260      1.7563      2.3749      2.7432      0.1507
         265      1.7234      2.3355      2.7454      0.0893
         270      1.7171      2.3337      2.7515      0.0662
         275      1.7479      2.4200      2.7537      0.0701
         280      1.7141      2.3161      2.7610      0.0652
         285      1.7003      2.2928      2.7374      0.0708
         290      1.7112      2.3161      2.7400      0.0775
         295      1.7173      2.3278      2.7459      0.0783
Max CUDA memory: 1.8462G
Saving /mnt/home/jue/git/dev-rfdesign/tutorials/halluc_PD-L1_binder/output/run2/pd1_r1_10_r2_1: npz, fas, trb, trk, trfold pdb
Finished design /mnt/home/jue/git/dev-rfdesign/tutorials/halluc_PD-L1_binder/output/run2/pd1_r1_10_r2_1 in 7.02 minutes.

Generating pd1_r1_10_r2_2, length 207...
Forcing amino acids:  A64H,A66V,A68H,A70E,A73S,A74G,A75Q,A76T,A77D,A78T,A79L,A80A,A81A,A123C,A124G,A127S,A128L,A132I,A133Q,A134I,A135K,A136E,A139R, and 113 receptor positions
Loss term           | Weight      
cce                   1.00
entropy               1.00
rog                   1.00

Initializing logits: Spike
Stage 0
Starting MCMC...
        step    avg loss         cce     entropy         rog
           0      1.9384      3.0006      2.6985      0.1160
           5      1.9825      3.0616      2.7021      0.1838
          10      1.9218      2.9476      2.7265      0.0912
          15      1.8564      2.5844      2.7800      0.2049
          20      1.8225      2.6031      2.7405      0.1239
          25      1.8432      2.6282      2.7628      0.1385
          30      1.8271      2.5711      2.7650      0.1452
          35      1.8328      2.5959      2.7463      0.1562
          40      1.8342      2.6256      2.7261      0.1509
          45      1.8631      2.6826      2.7967      0.1100
          50      1.8262      2.6260      2.7019      0.1506
          55      1.8901      2.5757      2.7851      0.3096
          60      1.8201      2.5841      2.7724      0.1037
          65      1.7865      2.5878      2.7014      0.0704
          70      1.8269      2.6170      2.7509      0.1126
          75      1.7837      2.5880      2.7033      0.0597
          80      1.7838      2.5818      2.6960      0.0734
          85      1.7745      2.5836      2.6742      0.0655
          90      1.7947      2.5464      2.7342      0.1036
          95      1.7616      2.5205      2.6993      0.0651
         100      1.7665      2.4932      2.7499      0.0563
         105      1.7572      2.5120      2.7006      0.0589
         110      1.7604      2.5059      2.7194      0.0560
         115      1.7457      2.4915      2.6938      0.0517
         120      1.7485      2.4787      2.7153      0.0514
         125      1.7663      2.5213      2.7296      0.0480
         130      1.7778      2.4964      2.7914      0.0457
         135      1.7681      2.4917      2.7505      0.0620
         140      1.7632      2.5119      2.7336      0.0442
         145      1.7546      2.5068      2.7166      0.0403
         150      1.7577      2.5031      2.7318      0.0383
         155      1.7624      2.4738      2.7571      0.0563
         160      1.7634      2.4908      2.7523      0.0471
         165      1.7749      2.4931      2.7748      0.0569
         170      1.7512      2.4771      2.7298      0.0465
         175      1.7972      2.5657      2.7643      0.0617
         180      1.7555      2.4552      2.7638      0.0475
         185      1.7673      2.4332      2.8179      0.0508
         190      1.7510      2.4566      2.7402      0.0562
         195      1.7736      2.4749      2.7929      0.0530
         200      1.7493      2.4627      2.7286      0.0566
         205      1.7516      2.4402      2.7273      0.0874
         210      1.7345      2.4125      2.7377      0.0533
         215      1.7306      2.4170      2.7075      0.0671
         220      1.7289      2.4104      2.7103      0.0660
         225      1.7302      2.4066      2.7210      0.0630
         230      1.7296      2.4085      2.7331      0.0472
         235      1.7429      2.4110      2.7556      0.0621
         240      1.7386      2.4230      2.7390      0.0538
         245      1.7519      2.4320      2.7486      0.0751
         250      1.7419      2.4420      2.7396      0.0440
         255      1.7246      2.3967      2.7296      0.0477
         260      1.7387      2.4124      2.7506      0.0530
         265      1.7171      2.3961      2.7130      0.0423
         270      1.7071      2.3652      2.7134      0.0427
         275      1.7348      2.3684      2.7990      0.0370
         280      1.7202      2.3814      2.7320      0.0471
         285      1.6965      2.3471      2.6933      0.0491
         290      1.7510      2.3906      2.7848      0.0775
         295      1.7013      2.3446      2.7008      0.0584
Max CUDA memory: 1.8462G
Saving /mnt/home/jue/git/dev-rfdesign/tutorials/halluc_PD-L1_binder/output/run2/pd1_r1_10_r2_2: npz, fas, trb, trk, trfold pdb
Finished design /mnt/home/jue/git/dev-rfdesign/tutorials/halluc_PD-L1_binder/output/run2/pd1_r1_10_r2_2 in 7.19 minutes.

Generating pd1_r1_10_r2_3, length 207...
Forcing amino acids:  A64H,A66V,A68H,A70E,A73S,A74G,A75Q,A76T,A77D,A78T,A79L,A80A,A81A,A123C,A124G,A127S,A128L,A132I,A133Q,A134I,A135K,A136E,A139R, and 113 receptor positions
Loss term           | Weight      
cce                   1.00
entropy               1.00
rog                   1.00

Initializing logits: Spike
Stage 0
Starting MCMC...
        step    avg loss         cce     entropy         rog
           0      1.9427      3.0146      2.7099      0.1035
           5      1.9092      2.6689      2.8112      0.2474
          10      1.8991      2.6488      2.8157      0.2328
          15      2.9483      2.5825      2.8679      3.3945
          20      1.8887      2.7408      2.8240      0.1012
          25      3.1228      2.5869      2.9041      3.8775
          30      1.8316      2.5796      2.8246      0.0906
          35      1.8392      2.5547      2.8775      0.0853
          40      1.8054      2.5124      2.8440      0.0599
          45      1.7850      2.4770      2.8226      0.0553
          50      1.7968      2.4961      2.8397      0.0546
          55      1.7793      2.4765      2.8233      0.0381
          60      1.7776      2.4626      2.8170      0.0533
          65      1.7780      2.4772      2.8086      0.0481
          70      1.7776      2.4679      2.8135      0.0514
          75      1.7945      2.5221      2.8119      0.0496
          80      1.7816      2.4673      2.8227      0.0547
          85      1.7680      2.4622      2.7816      0.0602
          90      1.7628      2.4226      2.8084      0.0573
          95      1.7729      2.4619      2.8073      0.0494
         100      1.7651      2.4069      2.8336      0.0548
         105      1.7583      2.3849      2.8330      0.0570
         110      1.7535      2.3663      2.8032      0.0910
         115      1.7481      2.3681      2.8099      0.0662
         120      1.7645      2.3571      2.8674      0.0689
         125      1.7571      2.3564      2.8508      0.0642
         130      1.7603      2.3614      2.8618      0.0576
         135      1.7534      2.3632      2.8649      0.0320
         140      1.7591      2.3521      2.8756      0.0494
         145      1.7495      2.3627      2.8262      0.0596
         150      1.7358      2.3395      2.8191      0.0488
         155      1.7507      2.3729      2.8110      0.0682
         160      1.7502      2.3778      2.8107      0.0621
         165      1.7610      2.4058      2.8238      0.0535
         170      1.7361      2.3518      2.8064      0.0501
         175      1.7389      2.3579      2.8075      0.0511
         180      1.7444      2.3771      2.8055      0.0507
         185      1.7675      2.4394      2.8106      0.0526
         190      1.7621      2.3667      2.8623      0.0573
         195      1.7381      2.3507      2.8099      0.0537
         200      1.7344      2.3543      2.7992      0.0496
         205      1.7344      2.3543      2.7992      0.0496
         210      1.7402      2.3534      2.8133      0.0540
         215      1.7417      2.3458      2.8215      0.0578
         220      1.7525      2.3358      2.8731      0.0488
         225      1.7398      2.3563      2.8037      0.0595
         230      1.7369      2.3744      2.7862      0.0500
         235      1.7446      2.3440      2.8251      0.0646
         240      1.7313      2.3184      2.8261      0.0493
         245      1.7448      2.3369      2.8165      0.0809
         250      1.7457      2.3117      2.8750      0.0503
         255      1.7186      2.3100      2.8045      0.0413
         260      1.7244      2.3103      2.8175      0.0454
         265      1.7373      2.3450      2.8225      0.0445
         270      1.7197      2.3070      2.8036      0.0486
         275      1.7206      2.3088      2.8087      0.0445
         280      1.7329      2.3550      2.7974      0.0463
         285      1.7052      2.2765      2.7843      0.0549
         290      1.7076      2.2720      2.8149      0.0360
         295      1.7235      2.2852      2.8393      0.0460
Max CUDA memory: 1.8461G
Saving /mnt/home/jue/git/dev-rfdesign/tutorials/halluc_PD-L1_binder/output/run2/pd1_r1_10_r2_3: npz, fas, trb, trk, trfold pdb
Finished design /mnt/home/jue/git/dev-rfdesign/tutorials/halluc_PD-L1_binder/output/run2/pd1_r1_10_r2_3 in 7.16 minutes.

Generating pd1_r1_10_r2_4, length 207...
Forcing amino acids:  A64H,A66V,A68H,A70E,A73S,A74G,A75Q,A76T,A77D,A78T,A79L,A80A,A81A,A123C,A124G,A127S,A128L,A132I,A133Q,A134I,A135K,A136E,A139R, and 113 receptor positions
Loss term           | Weight      
cce                   1.00
entropy               1.00
rog                   1.00

Initializing logits: Spike
Stage 0
Starting MCMC...
        step    avg loss         cce     entropy         rog
           0      1.9457      3.0296      2.6994      0.1080
           5      1.9205      2.9343      2.7169      0.1103
          10      1.9164      2.9232      2.7233      0.1027
          15      1.8787      2.8234      2.7188      0.0939
          20      1.7932      2.5548      2.6805      0.1442
          25      1.7608      2.5129      2.6791      0.0904
          30      1.7617      2.4932      2.6952      0.0968
          35      1.7661      2.4827      2.7063      0.1093
          40      1.7446      2.4664      2.6695      0.0979
          45      1.7479      2.4650      2.6880      0.0906
          50      1.7689      2.5081      2.7013      0.0972
          55      1.7456      2.4671      2.6683      0.1014
          60      1.7616      2.4409      2.7427      0.1011
          65      1.7831      2.4481      2.7660      0.1353
          70      1.7458      2.4575      2.6852      0.0946
          75      1.7392      2.4617      2.6766      0.0794
          80      1.7661      2.4983      2.7044      0.0954
          85      1.7451      2.4453      2.7077      0.0822
          90      1.7407      2.4660      2.6881      0.0681
          95      1.7364      2.4623      2.6855      0.0613
         100      1.7534      2.4480      2.7309      0.0815
         105      1.7786      2.4110      2.7957      0.1291
         110      1.8088      2.5124      2.8371      0.0771
         115      1.7423      2.4762      2.6918      0.0589
         120      1.7533      2.5086      2.6816      0.0695
         125      1.7431      2.4451      2.7233      0.0608
         130      1.7420      2.4604      2.6949      0.0706
         135      1.7371      2.4370      2.7060      0.0685
         140      1.7354      2.4162      2.7384      0.0514
         145      1.7341      2.4204      2.7094      0.0724
         150      1.7492      2.3969      2.7974      0.0535
         155      1.7259      2.3972      2.7317      0.0488
         160      1.7357      2.4199      2.7414      0.0459
         165      1.7247      2.4000      2.7247      0.0495
         170      1.7271      2.4016      2.7285      0.0512
         175      1.7324      2.4119      2.7265      0.0588
         180      1.7311      2.4085      2.7201      0.0648
         185      1.7223      2.3982      2.7162      0.0524
         190      1.7318      2.4157      2.7248      0.0551
         195      1.7232      2.3923      2.7102      0.0670
         200      1.7187      2.4059      2.6934      0.0567
         205      1.7230      2.4145      2.6968      0.0579
         210      1.7130      2.3913      2.6946      0.0531
         215      1.6996      2.3718      2.6788      0.0483
         220      1.7010      2.3831      2.6754      0.0444
         225      1.7195      2.3859      2.7206      0.0519
         230      1.7112      2.3913      2.6946      0.0477
         235      1.7117      2.4292      2.6634      0.0425
         240      1.7030      2.3966      2.6694      0.0429
         245      1.7439      2.3883      2.7744      0.0691
         250      1.6944      2.3804      2.6619      0.0409
         255      1.6929      2.3929      2.6433      0.0424
         260      1.7063      2.3820      2.6917      0.0451
         265      1.7009      2.4035      2.6540      0.0452
         270      1.7292      2.4568      2.6902      0.0405
         275      1.6986      2.4014      2.6485      0.0461
         280      1.7016      2.4028      2.6491      0.0530
         285      1.7465      2.4661      2.7059      0.0675
         290      1.7215      2.4648      2.6591      0.0407
         295      1.7027      2.4174      2.6439      0.0467
Using backend: pytorch
Max CUDA memory: 1.8480G
Saving /mnt/home/jue/git/dev-rfdesign/tutorials/halluc_PD-L1_binder/output/run2/pd1_r1_10_r2_4: npz, fas, trb, trk, trfold pdb
Finished design /mnt/home/jue/git/dev-rfdesign/tutorials/halluc_PD-L1_binder/output/run2/pd1_r1_10_r2_4 in 6.99 minutes.
