--steps was given. Ignoring --grad_steps, --mcmc_steps.

Run settings:
{'network_name': 'rf_perceiver_v01', 'use_template': None, 'num': 5, 'start_num': 5, 'msa_num': 1, 'out': '/mnt/home/jue/git/dev-rfdesign/tutorials/halluc_protein_binder/output/run1/pd1_r1', 'cautious': False, 'save_pdb': 1, 'save_batch_fas': False, 'track_step': 10, 'track_logits': False, 'out_step': None, 'seed_rng': False, 'steps': 'g600', 'grad_steps': 400, 'mcmc_steps': 0, 'optimizer': 'nsgd', 'drop': 0.2, 'init_sd': 1e-06, 'learning_rate': 0.05, 'grad_check': True, 'logit_scale': 1, 'seq_prob_type': 'hard', 'seq_sample': False, 'calc_bkg': True, 'cce_sd': None, 'hal_sd': None, 'corrupt_sequence': None, 'corrupt_fraction': None, 'pdb': '/mnt/home/jue/git/dev-rfdesign/tutorials/halluc_protein_binder/input/pd1.pdb', 'mask': '25-35,A63-82,15-25,A119-140,0-15', 'contigs': None, 'con_set_id': None, 'len': None, 'keep_order': False, 'contig_min_gap': 5, 'spike': None, 'spike_fas': None, 'force_aa': None, 'exclude_aa': None, 'template_pdbs': None, 'no_bkg_mask': False, 'num_repeats': 0, 'init_seq': None, 'masks_bkg': None, 'masks_pass': None, 'force_logits': None, 'receptor': None, 'rec_placement': 'second', 'gap': 200, 'w_cce': 1, 'w_crmsd': -1, 'w_entropy': 1, 'w_kl': -1, 'n_bkg': 100, 'w_rep': 2.0, 'w_set_rep': -1, 'w_atr': -1, 'w_set_atr': -1, 'w_rog': 1.0, 'w_aspect_ratio': -1, 'w_cyc_sym': -1, 'w_surfnp': -1, 'w_nc': -1, 'w_cce_bg': -1, 'w_sym': -1, 'cce_cutoff': 19.9, 'rep_pdb': 'input/pdl1.pdb', 'rep_sigma': 4.0, 'atr_pdb': None, 'atr_sigma': 5, 'entropy_beta': 10, 'rog_thresh': 16.0, 'surfnp_nbr_thresh': 2.5, 'nc_target': -7, 'entropy_dist_bins': 16, 'mcmc_halflife': 500.0, 'T_acc_0': 0.002, 'mcmc_batch': 1, 'anneal_t1d': False, 'erode_template': False, 'num_masked_tokens': 1, 'weights_dir': '/projects/ml/trDesign', 'nthreads': 4, 'cce_cutstep': None, 'cce_thresh': 2.2, 'batch': 64, 'lr': 0.2, 'nsteps': 100, 'commit': '9b9087ec02b6ea193aafc6647c25269f0563f6dc'}

Loading structure prediction model onto device cuda:0...
#   trunk_msa_v00     [ens=1]   AF2-inspired 12-block 2-track trunk
#   trunk_tbm_v00     [ens=1]   AF2-inspired 3-track trunk
#   rf_v00            [ens=1]   RoseTTAFold 3-track trunk + refiner (formerly trunk_e2e_v00)
#   rf_Nov05_2021     [ens=1]   RoseTTAFold 3-track, no perceiver, Nov. 5 2021
#   rf_perceiver_v00  [ens=1]   RoseTTAFold w/ Perceiver & FAPE loss (msa_full=zeros)
# * rf_perceiver_v01  [ens=1]   RoseTTAFold w/ Perceiver & FAPE loss (msa_full=msa_latent)
#   af2_v00           [ens=0]   AlphaFold2 (only works with rescue.py)
Loaded sequence-to-structure model rf_perceiver_v01 with 118071083 parameters

Model hyperparameters:
{'n_module': 8, 'n_module_str': 4, 'n_layer': 1, 'd_msa': 384, 'd_pair': 288, 'd_templ': 64, 'n_head_msa': 12, 'n_head_pair': 8, 'n_head_templ': 4, 'd_hidden': 64, 'r_ff': 4, 'n_resblock': 1, 'p_drop': 0.0, 'use_templ': 1, 'msa_full_mode': 'same', 'performer_N_opts': {'nb_features': 64}, 'performer_L_opts': {'nb_features': 64}, 'SE3_param': {'num_layers': 3, 'num_channels': 16, 'num_degrees': 2, 'l0_in_features': 32, 'l0_out_features': 8, 'l1_in_features': 3, 'l1_out_features': 2, 'num_edge_features': 32, 'div': 2, 'n_heads': 4}}

Using CUDA device(s):  cuda:0: (GeForce RTX 2080); 

Parsing input pdb...

Generating pd1_r1_5, length 96...
Loss term           | Weight      
cce                   1.00
entropy               1.00
rep                   2.00
rog                   1.00

Stage 0
Starting gradient descent...
        step    avg loss         cce     entropy         rep         rog
           0      1.5409      3.5699      2.9229      0.5982      0.0152
          10      1.9477      3.7644      2.8932      1.5364      0.0079
          20      2.0557      3.7350      2.8554      1.8377      0.0128
          30      1.8499      3.8648      2.8328      1.2701      0.0114
          40      1.9792      3.7789      2.7921      1.6225      0.0799
          50      1.6890      3.6225      2.8468      0.9143      0.1470
          60      1.6370      3.4246      2.8974      0.9203      0.0223
          70      1.7859      3.5677      2.8148      1.2592      0.0287
          80      2.4056      3.6330      2.9144      2.7387      0.0031
          90      2.2769      3.5430      2.7819      2.5232      0.0135
         100      1.5761      3.5008      2.8602      0.7464      0.0266
         110      1.5542      3.4608      2.8513      0.7262      0.0067
         120      2.1023      3.6165      2.8785      2.0061      0.0040
         130      1.9591      3.3890      2.8822      1.7604      0.0034
         140      1.9411      3.3353      2.9369      1.7000      0.0330
         150      1.9394      3.6185      2.8837      1.5403      0.1141
         160      1.5206      3.4466      2.8625      0.6412      0.0115
         170      2.1047      3.2475      2.8429      2.2120      0.0093
         180      1.5765      3.2540      2.8646      0.8759      0.0120
         190      1.2706      3.3350      2.9208      0.0408      0.0154
         200      2.0223      3.2872      2.8729      1.9707      0.0098
         210      1.3505      3.2511      2.8230      0.3333      0.0116
         220      1.5747      3.2490      2.8602      0.8781      0.0082
         230      1.4507      3.2958      2.9093      0.4702      0.1082
         240      1.4975      3.2328      2.8262      0.7069      0.0145
         250      1.3950      3.3120      2.8094      0.4183      0.0169
         260      2.1878      3.3171      2.8767      2.3549      0.0355
         270      1.5412      3.4330      2.8625      0.7010      0.0086
         280      1.7525      3.4232      2.8430      1.2302      0.0360
         290      1.2611      3.2451      2.8312      0.1055      0.0182
         300      2.2536      3.2463      2.8844      2.5632      0.0111
         310      1.7142      3.2394      2.8817      1.2221      0.0058
         320      1.2723      3.1281      2.8807      0.1701      0.0127
         330      1.5263      3.2223      2.8216      0.7852      0.0175
         340      1.2028      3.1113      2.8416      0.0175      0.0261
         350      1.3675      3.4556      2.8710      0.2410      0.0291
         360      1.6168      3.4526      2.7440      0.9063      0.0748
         370      1.4212      3.1880      2.7552      0.5760      0.0110
         380      1.5431      3.1056      2.7290      0.9336      0.0139
         390      1.2343      3.2611      2.7276      0.0636      0.0555
         400      1.5870      3.2364      2.8053      0.9330      0.0271
         410      1.3078      2.9647      2.7602      0.4030      0.0082
         420      1.3995      3.2249      2.6950      0.5245      0.0286
         430      1.3904      3.2009      2.6887      0.5146      0.0329
         440      2.3541      3.1543      2.6612      2.9150      0.1247
         450      1.1800      2.9521      2.8153      0.0559      0.0208
         460      1.2664      3.0971      2.7728      0.2125      0.0375
         470      2.2408      2.9097      2.7662      2.7559      0.0163
         480      1.1688      2.8768      2.8042      0.0661      0.0308
         490      1.2507      2.7974      2.8302      0.3016      0.0229
         500      1.1227      2.7888      2.8024      0.0023      0.0175
         510      1.3863      2.6382      2.7557      0.7617      0.0143
         520      2.3438      2.6522      2.7613      3.1467      0.0123
         530      1.9798      2.5795      2.7277      2.2878      0.0165
         540      1.1242      2.6086      2.6999      0.1463      0.0197
         550      2.0369      2.8182      2.8959      2.2289      0.0124
         560      1.9652      2.5055      2.8073      2.2496      0.0143
         570      1.1052      2.5731      2.8093      0.0660      0.0115
         580      1.3379      2.8125      2.8153      0.5271      0.0075
         590      1.1129      2.3822      2.7731      0.1969      0.0153
         600      1.0502      2.3932      2.7812      0.0323      0.0120
       final      1.0426      2.3914      2.8017      0.0043      0.0110
best loss step: 594
Max CUDA memory: 3.0378G
Saving /mnt/home/jue/git/dev-rfdesign/tutorials/halluc_protein_binder/output/run1/pd1_r1_5: npz, fas, trb, trk, trfold pdb
Finished design /mnt/home/jue/git/dev-rfdesign/tutorials/halluc_protein_binder/output/run1/pd1_r1_5 in 13.81 minutes.

Generating pd1_r1_6, length 108...
Loss term           | Weight      
cce                   1.00
entropy               1.00
rep                   2.00
rog                   1.00

Stage 0
Starting gradient descent...
        step    avg loss         cce     entropy         rep         rog
           0      3.5195      5.4240      2.8649      0.8776      7.5534
          10      2.3779      3.6265      2.8687      2.6814      0.0316
          20      2.1434      3.3512      2.8841      2.2348      0.0120
          30      1.4092      3.4940      2.8859      0.3258      0.0147
          40      1.3093      3.4973      2.8460      0.0921      0.0193
          50      2.0014      3.5206      2.8640      1.8065      0.0094
          60      1.3446      3.0484      2.9432      0.3613      0.0090
          70      1.2006      2.9536      2.9171      0.0613      0.0099
          80      1.2356      3.1204      2.8844      0.0830      0.0072
          90      1.2251      3.1698      2.8527      0.0394      0.0243
         100      1.2449      3.0756      2.9386      0.0983      0.0138
         110      1.2410      3.2826      2.8647      0.0032      0.0515
         120      1.1844      2.9000      2.9128      0.0439      0.0214
         130      1.2120      2.8952      2.8815      0.1359      0.0115
         140      2.6960      3.1790      2.9267      3.6786      0.0172
         150      1.1402      2.8494      2.8283      0.0001      0.0229
         160      1.2243      3.1794      2.8217      0.0493      0.0216
         170      2.4122      3.0845      2.8349      3.0632      0.0155
         180      2.1471      3.3879      2.8462      2.2352      0.0313
         190      1.5735      3.4507      2.8864      0.7544      0.0214
         200      1.4970      3.0008      2.8719      0.7992      0.0140
         210      1.1312      2.7153      2.8948      0.0101      0.0257
         220      1.1163      2.6864      2.8782      0.0019      0.0132
         230      1.1566      2.7307      2.8283      0.1057      0.0123
         240      1.1969      2.9420      2.8449      0.0958      0.0059
         250      1.1969      2.6200      2.8215      0.2666      0.0098
         260      1.1238      2.7693      2.8247      0.0003      0.0243
         270      1.0759      2.5636      2.7877      0.0036      0.0208
         280      1.0529      2.3777      2.8698      0.0004      0.0159
         290      1.1298      2.7378      2.8916      0.0016      0.0162
         300      2.3441      3.0460      2.8784      2.8940      0.0081
         310      1.1484      2.7472      2.8920      0.0421      0.0186
         320      1.0201      2.2906      2.7711      0.0027      0.0336
         330      0.9780      2.1077      2.7280      0.0131      0.0283
         340      0.9681      2.0400      2.7725      0.0010      0.0263
         350      1.1659      2.4904      2.6849      0.2887      0.0767
         360      1.0104      2.2284      2.7277      0.0006      0.0948
         370      0.9754      2.1273      2.6943      0.0174      0.0205
         380      1.1085      2.6294      2.7926      0.0516      0.0171
         390      0.9444      2.0398      2.6227      0.0003      0.0587
         400      1.0266      2.3151      2.7247      0.0000      0.0932
         410      0.9250      1.9239      2.6673      0.0014      0.0308
         420      1.1414      1.8139      2.6654      0.5986      0.0303
         430      0.9255      1.9196      2.6825      0.0005      0.0244
         440      0.8758      1.7822      2.5045      0.0006      0.0912
         450      1.0292      2.3387      2.6930      0.0347      0.0449
         460      0.9028      1.8299      2.6237      0.0008      0.0589
         470      0.9205      1.7925      2.7649      0.0003      0.0446
         480      0.9591      1.9877      2.7638      0.0022      0.0397
         490      0.8805      1.7410      2.6120      0.0010      0.0475
         500      0.9209      1.8971      2.6591      0.0007      0.0471
         510      1.1948      2.6757      2.6598      0.3056      0.0275
         520      2.0654      3.5016      2.6331      2.0851      0.0224
         530      1.1786      2.5054      2.7079      0.3118      0.0563
         540      1.1667      2.9490      2.7572      0.0406      0.0461
         550      1.3932      3.1660      2.6648      0.5403      0.0545
         560      1.1041      2.5551      2.7914      0.0761      0.0217
         570      0.9935      2.1044      2.7985      0.0121      0.0402
         580      0.9681      2.0583      2.7275      0.0078      0.0388
         590      0.8908      1.7026      2.7050      0.0006      0.0453
         600      0.9467      1.8681      2.6774      0.0681      0.0517
       final      0.8402      1.6188      2.4704      0.0004      0.1111
best loss step: 593
Max CUDA memory: 3.5075G
Saving /mnt/home/jue/git/dev-rfdesign/tutorials/halluc_protein_binder/output/run1/pd1_r1_6: npz, fas, trb, trk, trfold pdb
Finished design /mnt/home/jue/git/dev-rfdesign/tutorials/halluc_protein_binder/output/run1/pd1_r1_6 in 15.01 minutes.

Generating pd1_r1_7, length 95...
Loss term           | Weight      
cce                   1.00
entropy               1.00
rep                   2.00
rog                   1.00

Stage 0
Starting gradient descent...
        step    avg loss         cce     entropy         rep         rog
           0      1.5830      3.7296      2.9247      0.6277      0.0055
          10      1.8948      4.2927      2.5442      1.2242      0.1889
          20      1.5414      3.6187      2.8126      0.5541      0.1677
          30      2.4013      3.4570      2.8521      2.8433      0.0106
          40      1.6377      3.5902      2.8812      0.8436      0.0297
          50      2.1712      3.6692      2.8147      0.7734      2.8253
          60      1.9767      3.4205      2.8056      1.7763      0.1046
          70      2.0622      3.5310      2.7906      1.9027      0.1841
          80      1.8007      3.4290      2.8985      1.3294      0.0175
          90      2.5217      3.5048      2.8275      3.1331      0.0100
         100      1.3995      3.5793      2.7553      0.2871      0.0886
         110      1.4959      3.3997      2.7697      0.6214      0.0672
         120      1.2987      3.2869      2.6498      0.2423      0.0719
         130      1.9448      3.5248      2.8124      1.6833      0.0201
         140      1.5521      3.4439      2.8137      0.7303      0.0423
         150      1.7908      3.3509      2.7671      1.4110      0.0140
         160      1.8674      3.3518      2.7309      1.5940      0.0664
         170      1.7147      3.2977      2.7350      1.2443      0.0523
         180      1.3490      3.2775      2.6897      0.3726      0.0329
         190      1.6172      3.3066      2.8144      0.9737      0.0178
         200      1.6047      3.3323      2.7408      0.9703      0.0098
         210      1.5160      3.4367      2.7772      0.6638      0.0383
         220      1.3076      3.5008      2.6574      0.0988      0.1822
         230      1.8477      3.4018      2.8320      1.4932      0.0185
         240      1.2892      3.4541      2.7737      0.0897      0.0390
         250      1.4619      3.3645      2.7886      0.5544      0.0478
         260      1.3135      3.2079      2.7199      0.3080      0.0236
         270      1.2412      3.2188      2.5456      0.2120      0.0177
         280      1.2244      3.1720      2.7082      0.1135      0.0148
         290      1.7167      3.3303      2.6662      1.2883      0.0104
         300      1.3447      3.2699      2.6940      0.3746      0.0105
         310      1.2466      3.3390      2.6453      0.1162      0.0160
         320      1.3910      3.0895      2.6761      0.5851      0.0189
         330      1.2125      3.2478      2.7018      0.0516      0.0098
         340      1.3288      3.4036      2.5495      0.3248      0.0414
         350      1.3940      3.1829      2.5972      0.5819      0.0262
         360      1.1220      3.0033      2.5530      0.0177      0.0184
         370      1.4863      2.9474      2.6435      0.9121      0.0166
         380      1.1513      3.0112      2.6536      0.0360      0.0198
         390      1.1757      3.0579      2.6703      0.0630      0.0241
         400      1.3947      3.0352      2.7375      0.5928      0.0151
         410      1.2921      3.0076      2.7255      0.3568      0.0136
         420      2.2181      3.2198      2.7774      2.5425      0.0086
         430      1.8111      3.1770      2.7734      1.5443      0.0166
         440      1.4838      3.2238      2.8786      0.6539      0.0089
         450      1.2873      3.2311      2.7805      0.2063      0.0124
         460      1.5296      3.1665      2.7883      0.8400      0.0130
         470      1.3032      3.1522      2.7435      0.3048      0.0110
         480      2.1198      3.0357      2.7407      2.4011      0.0203
         490      2.0104      3.2542      2.6675      2.0552      0.0197
         500      1.4019      3.1679      2.6282      0.5986      0.0165
         510      1.7259      3.1565      2.7136      1.3711      0.0171
         520      1.8697      3.8960      2.5949      1.3271      0.2032
         530      1.4473      3.3873      2.6061      0.5855      0.0718
         540      1.3092      3.0639      2.6987      0.3793      0.0249
         550      1.2567      3.1171      2.6985      0.2299      0.0080
         560      2.2948      3.1347      2.5837      2.8621      0.0316
         570      1.5349      3.2130      2.6820      0.8818      0.0159
         580      1.7510      3.1038      2.6563      1.4886      0.0181
         590      1.2147      3.0014      2.6607      0.2013      0.0091
         600      1.2044      3.2277      2.7208      0.0219      0.0298
       final      1.1220      3.0033      2.5530      0.0177      0.0184
best loss step: 360
Max CUDA memory: 3.0116G
Saving /mnt/home/jue/git/dev-rfdesign/tutorials/halluc_protein_binder/output/run1/pd1_r1_7: npz, fas, trb, trk, trfold pdb
Finished design /mnt/home/jue/git/dev-rfdesign/tutorials/halluc_protein_binder/output/run1/pd1_r1_7 in 13.50 minutes.

Generating pd1_r1_8, length 96...
Loss term           | Weight      
cce                   1.00
entropy               1.00
rep                   2.00
rog                   1.00

Stage 0
Starting gradient descent...
        step    avg loss         cce     entropy         rep         rog
           0      1.9925      3.9375      2.8379      1.5775      0.0322
          10      1.6474      3.8158      2.6965      0.8421      0.0406
          20      2.3467      3.6359      2.6191      2.7299      0.0189
          30      1.5176      3.2637      2.6641      0.8138      0.0329
          40      1.2701      3.4293      2.7546      0.0661      0.0344
          50      1.2884      3.2405      2.8360      0.1755      0.0148
          60      1.6044      3.1871      2.8701      0.9780      0.0088
          70      2.7724      3.0327      2.7859      4.0172      0.0090
          80      1.3424      2.6808      2.8857      0.5629      0.0196
          90      2.1579      2.5774      2.8366      2.6843      0.0070
         100      2.4242      2.5488      2.7883      3.3878      0.0082
         110      1.1224      2.4948      2.8148      0.1378      0.0268
         120      0.9922      2.2153      2.6709      0.0027      0.0694
         130      0.9980      2.1021      2.7564      0.0554      0.0207
         140      1.0076      2.4835      2.5203      0.0007      0.0326
         150      1.1667      1.8004      2.5935      0.7051      0.0294
         160      0.8597      1.7585      2.5062      0.0001      0.0334
         170      0.9471      2.3279      2.3389      0.0015      0.0655
         180      0.8311      1.9118      2.1766      0.0001      0.0672
         190      0.8889      2.1623      2.2121      0.0041      0.0618
         200      1.1945      3.0093      2.7496      0.0860      0.0414
         210      0.8628      1.8905      2.3109      0.0238      0.0651
         220      0.8889      2.1052      2.2557      0.0014      0.0809
         230      0.9143      2.1800      2.3393      0.0004      0.0512
         240      0.8158      1.7139      2.2731      0.0001      0.0919
         250      0.8011      1.7415      2.1768      0.0000      0.0871
         260      0.8631      1.9932      2.2401      0.0006      0.0812
         270      0.7821      1.7226      2.0957      0.0007      0.0908
         280      0.7792      1.8350      1.9518      0.0009      0.1075
         290      0.7688      1.7791      1.9690      0.0005      0.0950
         300      0.7652      1.7580      1.9841      0.0001      0.0833
         310      0.7218      1.6651      1.8534      0.0001      0.0902
         320      0.8315      1.9718      2.0966      0.0000      0.0892
         330      0.7907      1.6913      2.1519      0.0004      0.1095
         340      0.7350      1.6302      1.9534      0.0002      0.0911
         350      0.7450      1.7093      1.9250      0.0001      0.0905
         360      0.8420      2.1842      1.9316      0.0003      0.0938
         370      0.7753      1.8199      1.9756      0.0002      0.0809
         380      0.7989      1.9736      1.9301      0.0004      0.0898
         390      0.7791      1.7170      2.1134      0.0011      0.0631
         400      0.8121      1.8541      2.1468      0.0018      0.0558
         410      0.9452      2.1490      2.3781      0.0684      0.0623
         420      0.7196      1.6029      1.9126      0.0000      0.0824
         430      0.7429      1.6869      1.9410      0.0003      0.0861
         440      0.7288      1.6100      1.9613      0.0001      0.0727
         450      0.8134      1.9581      2.0020      0.0001      0.1069
         460      0.7319      1.5541      2.0156      0.0000      0.0899
         470      0.7616      1.7086      1.8745      0.0814      0.0622
         480      0.7720      1.6757      2.1322      0.0006      0.0509
         490      0.7456      1.6623      1.9581      0.0001      0.1074
         500      0.7462      1.6713      1.9594      0.0022      0.0959
         510      0.8508      2.1684      2.0005      0.0001      0.0849
         520      0.7144      1.5824      1.8773      0.0002      0.1116
         530      0.7051      1.5023      1.9301      0.0001      0.0929
         540      0.7080      1.5375      1.9119      0.0002      0.0903
         550      0.9264      2.2565      2.2501      0.0113      0.1028
         560      0.7345      1.5944      1.9732      0.0003      0.1040
         570      0.7704      1.7379      2.0204      0.0009      0.0920
         580      0.7642      1.6937      2.0341      0.0064      0.0802
         590      0.9011      2.3898      2.0013      0.0000      0.1145
         600      0.7582      1.7300      1.8836      0.0312      0.1149
       final      0.6916      1.4796      1.8800      0.0002      0.0980
best loss step: 509
Max CUDA memory: 3.0429G
Saving /mnt/home/jue/git/dev-rfdesign/tutorials/halluc_protein_binder/output/run1/pd1_r1_8: npz, fas, trb, trk, trfold pdb
Finished design /mnt/home/jue/git/dev-rfdesign/tutorials/halluc_protein_binder/output/run1/pd1_r1_8 in 13.69 minutes.

Generating pd1_r1_9, length 101...
Loss term           | Weight      
cce                   1.00
entropy               1.00
rep                   2.00
rog                   1.00

Stage 0
Starting gradient descent...
        step    avg loss         cce     entropy         rep         rog
           0      1.8738      3.5671      2.8866      1.4551      0.0050
          10      1.5769      4.7731      2.4459      0.2632      0.1389
          20      1.5342      3.6432      2.7045      0.6452      0.0329
          30      3.2497      3.6897      2.7903      4.8810      0.0064
          40      1.8556      3.6774      2.8707      1.3511      0.0278
          50      2.4813      3.5686      2.8017      2.9911      0.0537
          60      1.5200      3.2171      2.8029      0.7711      0.0380
          70      1.8141      3.2683      2.8095      1.4739      0.0451
          80      1.4771      4.5002      2.5880      0.0024      0.2927
          90      1.5506      3.1165      2.7721      0.9075      0.0497
         100      1.4534      3.2425      2.7883      0.6094      0.0172
         110      1.5599      3.7855      2.7116      0.6410      0.0202
         120      1.6890      3.5704      2.7432      1.0564      0.0189
         130      1.8873      3.3775      2.8846      1.5835      0.0075
         140      2.2709      3.2848      2.8933      2.5808      0.0150
         150      1.4105      3.2556      2.8468      0.4489      0.0523
         160      1.9198      3.6073      2.7158      1.6010      0.0740
         170      1.2446      3.2134      2.7712      0.0903      0.0579
         180      1.7732      3.3083      2.8493      1.3474      0.0136
         190      1.1546      2.8755      2.6843      0.0791      0.0549
         200      2.9177      3.2124      2.7370      4.3053      0.0284
         210      1.6058      3.0188      2.7573      1.1133      0.0262
         220      1.3423      2.8935      2.6945      0.5466      0.0305
         230      1.2805      3.1109      2.8198      0.2321      0.0075
         240      1.1762      3.0264      2.7899      0.0188      0.0268
         250      1.1291      2.8019      2.8193      0.0013      0.0215
         260      1.1301      2.8713      2.7539      0.0007      0.0241
         270      1.1312      2.8239      2.7085      0.0366      0.0505
         280      1.2329      3.0375      2.8400      0.1264      0.0339
         290      1.1883      2.7282      2.7935      0.1980      0.0237
         300      1.3421      2.5453      2.7281      0.6967      0.0437
         310      1.0948      2.6932      2.7157      0.0146      0.0361
         320      1.0810      2.5599      2.7212      0.0507      0.0227
         330      0.9878      2.2928      2.5893      0.0090      0.0389
         340      0.9312      2.0736      2.5327      0.0003      0.0493
         350      0.9339      2.1332      2.4899      0.0006      0.0451
         360      0.9187      2.0419      2.4857      0.0005      0.0649
         370      0.8898      2.0961      2.2600      0.0143      0.0643
         380      1.0496      2.6948      2.4872      0.0003      0.0654
         390      1.0206      2.5902      2.4283      0.0001      0.0843
         400      0.9053      2.1015      2.3379      0.0064      0.0741
         410      0.9050      2.0544      2.4281      0.0003      0.0416
         420      0.9149      2.0444      2.4817      0.0036      0.0413
         430      1.0074      2.5943      2.3912      0.0002      0.0514
         440      0.8811      2.0116      2.3381      0.0025      0.0506
         450      0.9031      2.0479      2.4078      0.0001      0.0597
         460      0.8619      1.9700      2.2548      0.0008      0.0830
         470      0.8515      1.9522      2.2353      0.0002      0.0693
         480      0.9668      2.4318      2.2798      0.0219      0.0789
         490      0.8761      2.0265      2.2884      0.0005      0.0644
         500      0.8644      1.8761      2.3727      0.0005      0.0720
         510      0.8520      1.9434      2.2265      0.0001      0.0897
         520      0.9119      2.1910      2.2741      0.0003      0.0937
         530      0.8133      1.8799      2.1010      0.0001      0.0853
         540      1.0406      2.9864      2.1431      0.0005      0.0724
         550      0.9740      2.2493      2.4735      0.0505      0.0460
         560      0.9104      2.1995      2.2356      0.0015      0.1142
         570      0.9684      2.4523      2.2757      0.0143      0.0852
         580      0.9047      2.1425      2.3113      0.0004      0.0691
         590      0.9286      2.2904      2.2819      0.0080      0.0547
         600      0.8014      1.8036      2.1258      0.0002      0.0774
Using backend: pytorch
       final      0.7810      1.6631      2.1644      0.0002      0.0769
best loss step: 493
Max CUDA memory: 3.2391G
Saving /mnt/home/jue/git/dev-rfdesign/tutorials/halluc_protein_binder/output/run1/pd1_r1_9: npz, fas, trb, trk, trfold pdb
Finished design /mnt/home/jue/git/dev-rfdesign/tutorials/halluc_protein_binder/output/run1/pd1_r1_9 in 14.42 minutes.
