--steps was given. Ignoring --grad_steps, --mcmc_steps.

Run settings:
{'network_name': 'rf_perceiver_v01', 'use_template': None, 'num': 5, 'start_num': 15, 'msa_num': 1, 'out': '/mnt/home/jue/git/dev-rfdesign/tutorials/halluc_protein_binder/output/run1/pd1_r1', 'cautious': False, 'save_pdb': 1, 'save_batch_fas': False, 'track_step': 10, 'track_logits': False, 'out_step': None, 'seed_rng': False, 'steps': 'g600', 'grad_steps': 400, 'mcmc_steps': 0, 'optimizer': 'nsgd', 'drop': 0.2, 'init_sd': 1e-06, 'learning_rate': 0.05, 'grad_check': True, 'logit_scale': 1, 'seq_prob_type': 'hard', 'seq_sample': False, 'calc_bkg': True, 'cce_sd': None, 'hal_sd': None, 'corrupt_sequence': None, 'corrupt_fraction': None, 'pdb': '/mnt/home/jue/git/dev-rfdesign/tutorials/halluc_protein_binder/input/pd1.pdb', 'mask': '25-35,A63-82,15-25,A119-140,0-15', 'contigs': None, 'con_set_id': None, 'len': None, 'keep_order': False, 'contig_min_gap': 5, 'spike': None, 'spike_fas': None, 'force_aa': None, 'exclude_aa': None, 'template_pdbs': None, 'no_bkg_mask': False, 'num_repeats': 0, 'init_seq': None, 'masks_bkg': None, 'masks_pass': None, 'force_logits': None, 'receptor': None, 'rec_placement': 'second', 'gap': 200, 'w_cce': 1, 'w_crmsd': -1, 'w_entropy': 1, 'w_kl': -1, 'n_bkg': 100, 'w_rep': 2.0, 'w_set_rep': -1, 'w_atr': -1, 'w_set_atr': -1, 'w_rog': 1.0, 'w_aspect_ratio': -1, 'w_cyc_sym': -1, 'w_surfnp': -1, 'w_nc': -1, 'w_cce_bg': -1, 'w_sym': -1, 'cce_cutoff': 19.9, 'rep_pdb': 'input/pdl1.pdb', 'rep_sigma': 4.0, 'atr_pdb': None, 'atr_sigma': 5, 'entropy_beta': 10, 'rog_thresh': 16.0, 'surfnp_nbr_thresh': 2.5, 'nc_target': -7, 'entropy_dist_bins': 16, 'mcmc_halflife': 500.0, 'T_acc_0': 0.002, 'mcmc_batch': 1, 'anneal_t1d': False, 'erode_template': False, 'num_masked_tokens': 1, 'weights_dir': '/projects/ml/trDesign', 'nthreads': 4, 'cce_cutstep': None, 'cce_thresh': 2.2, 'batch': 64, 'lr': 0.2, 'nsteps': 100, 'commit': '9b9087ec02b6ea193aafc6647c25269f0563f6dc'}

Loading structure prediction model onto device cuda:0...
#   trunk_msa_v00     [ens=1]   AF2-inspired 12-block 2-track trunk
#   trunk_tbm_v00     [ens=1]   AF2-inspired 3-track trunk
#   rf_v00            [ens=1]   RoseTTAFold 3-track trunk + refiner (formerly trunk_e2e_v00)
#   rf_Nov05_2021     [ens=1]   RoseTTAFold 3-track, no perceiver, Nov. 5 2021
#   rf_perceiver_v00  [ens=1]   RoseTTAFold w/ Perceiver & FAPE loss (msa_full=zeros)
# * rf_perceiver_v01  [ens=1]   RoseTTAFold w/ Perceiver & FAPE loss (msa_full=msa_latent)
#   af2_v00           [ens=0]   AlphaFold2 (only works with rescue.py)
Loaded sequence-to-structure model rf_perceiver_v01 with 118071083 parameters

Model hyperparameters:
{'n_module': 8, 'n_module_str': 4, 'n_layer': 1, 'd_msa': 384, 'd_pair': 288, 'd_templ': 64, 'n_head_msa': 12, 'n_head_pair': 8, 'n_head_templ': 4, 'd_hidden': 64, 'r_ff': 4, 'n_resblock': 1, 'p_drop': 0.0, 'use_templ': 1, 'msa_full_mode': 'same', 'performer_N_opts': {'nb_features': 64}, 'performer_L_opts': {'nb_features': 64}, 'SE3_param': {'num_layers': 3, 'num_channels': 16, 'num_degrees': 2, 'l0_in_features': 32, 'l0_out_features': 8, 'l1_in_features': 3, 'l1_out_features': 2, 'num_edge_features': 32, 'div': 2, 'n_heads': 4}}

Using CUDA device(s):  cuda:0: (GeForce RTX 2080); 

Parsing input pdb...

Generating pd1_r1_15, length 116...
Loss term           | Weight      
cce                   1.00
entropy               1.00
rep                   2.00
rog                   1.00

Stage 0
Starting gradient descent...
        step    avg loss         cce     entropy         rep         rog
           0      3.9866      4.1225      2.8918      6.4374      0.0441
          10      2.2088      4.2036      2.8366      1.9855      0.0328
          20      3.2224      4.0427      2.8935      4.5523      0.0710
          30      1.6509      4.0206      2.9064      0.6465      0.0345
          40      1.8369      3.6088      2.8791      1.3340      0.0285
          50      1.7875      3.5431      2.9637      1.2019      0.0268
          60      3.3032      3.4788      2.9810      5.0250      0.0064
          70      2.3212      3.4463      2.9690      2.1799      0.8306
          80      2.3613      3.3921      2.9971      2.7032      0.0110
          90      1.7972      3.4162      2.9742      1.2946      0.0064
         100      1.2769      3.4298      2.8570      0.0354      0.0269
         110      1.5182      3.8002      2.9007      0.3012      0.2878
         120      1.5585      3.5829      2.8842      0.6415      0.0424
         130      2.7703      3.2991      2.9216      3.8123      0.0064
         140      1.3464      3.3430      2.9137      0.2329      0.0096
         150      2.6242      3.2273      2.9335      3.4743      0.0120
         160      1.9250      3.0574      2.9134      1.8131      0.0280
         170      2.4042      3.0560      2.8860      3.0160      0.0470
         180      2.7244      3.1058      2.9221      3.7923      0.0095
         190      2.1054      3.4018      2.8424      2.0695      0.1439
         200      2.5702      3.3449      2.8607      3.2889      0.0676
         210      1.7988      3.2963      2.8762      1.3964      0.0287
         220      1.3651      3.4761      2.8776      0.2146      0.0427
         230      1.2307      3.0837      2.8985      0.0779      0.0156
         240      1.2219      3.2112      2.8189      0.0285      0.0225
         250      2.3516      3.1836      2.8728      2.8337      0.0342
         260      1.2809      3.0862      2.8520      0.2222      0.0217
         270      1.1983      3.0529      2.8762      0.0195      0.0232
         280      1.4806      3.1953      2.8950      0.6513      0.0102
         290      1.9762      3.0430      2.8331      1.9832      0.0386
         300      1.2118      3.1140      2.8495      0.0273      0.0407
         310      1.2956      3.0312      2.9084      0.2584      0.0217
         320      1.6537      3.0484      2.8821      1.1626      0.0126
         330      1.9626      3.0989      2.8800      1.9063      0.0214
         340      1.2655      3.0535      2.8933      0.1765      0.0274
         350      1.2047      3.0643      2.8682      0.0411      0.0090
         360      1.2012      3.0134      2.8864      0.0467      0.0129
         370      1.9120      3.0004      2.8813      1.8331      0.0123
         380      1.2051      3.0619      2.8873      0.0285      0.0196
         390      1.4450      2.9725      2.9015      0.6605      0.0301
         400      1.1874      2.9457      2.7866      0.0886      0.0274
         410      1.1716      2.7625      2.8523      0.1013      0.0406
         420      2.3803      2.5734      2.8242      3.2165      0.0708
         430      1.6240      2.5966      2.8627      1.2862      0.0880
         440      1.3898      3.1058      2.7792      0.5187      0.0267
         450      1.2683      2.4603      2.7673      0.5397      0.0344
         460      1.3232      2.3170      2.8036      0.7171      0.0614
         470      2.7408      2.5499      2.7140      4.1830      0.0740
         480      1.7845      2.4153      2.7469      1.8593      0.0414
         490      2.6532      2.8133      2.7033      3.8201      0.1090
         500      1.1237      2.7115      2.8569      0.0199      0.0105
         510      1.2296      2.9937      2.8477      0.1463      0.0141
         520      1.6744      2.3173      2.8185      1.5929      0.0503
         530      2.2528      2.7296      2.7437      2.8683      0.0540
         540      1.1174      2.6456      2.7643      0.0564      0.0641
         550      1.9347      2.9978      2.7014      1.9473      0.0796
         560      2.4623      2.4839      2.7132      3.4213      0.2716
         570      1.0846      2.5453      2.7421      0.0123      0.1111
         580      2.3672      2.5011      2.6986      3.2622      0.1117
         590      1.8220      2.1978      2.7178      1.2603      1.6736
         600      1.7248      2.4288      2.6854      1.6915      0.1269
       final      1.0639      2.4289      2.7919      0.0364      0.0258
best loss step: 452
Max CUDA memory: 3.8774G
Saving /mnt/home/jue/git/dev-rfdesign/tutorials/halluc_protein_binder/output/run1/pd1_r1_15: npz, fas, trb, trk, trfold pdb
Finished design /mnt/home/jue/git/dev-rfdesign/tutorials/halluc_protein_binder/output/run1/pd1_r1_15 in 16.09 minutes.

Generating pd1_r1_16, length 99...
Loss term           | Weight      
cce                   1.00
entropy               1.00
rep                   2.00
rog                   1.00

Stage 0
Starting gradient descent...
        step    avg loss         cce     entropy         rep         rog
           0      3.0627      3.8553      2.9462      4.2447      0.0227
          10      1.8526      3.9952      2.8648      1.1730      0.0569
          20      2.7643      3.6066      2.7983      3.6794      0.0578
          30      3.3817      4.2776      2.7454      4.9355      0.0147
          40      3.6958      3.7092      2.7884      5.9669      0.0477
          50      1.5452      3.7328      2.8725      0.5579      0.0048
          60      1.7679      3.3760      2.9154      1.2688      0.0102
          70      1.5063      3.2087      2.9086      0.7036      0.0070
          80      1.6234      3.4677      2.8201      0.9019      0.0257
          90      3.3126      3.3509      2.8640      5.1680      0.0122
         100      2.8691      3.2263      2.8690      4.1204      0.0094
         110      1.6117      3.2407      2.9096      0.9510      0.0063
         120      1.2821      3.2103      2.8300      0.1759      0.0185
         130      2.3961      3.4078      2.7932      2.8538      0.0717
         140      2.2938      3.1773      2.8468      2.6934      0.0581
         150      1.6255      3.2717      2.8649      0.9664      0.0583
         160      2.0921      3.6624      2.7508      1.9757      0.0957
         170      2.2992      3.2275      2.8616      2.6776      0.0519
         180      1.7298      3.4239      2.7783      1.1943      0.0583
         190      1.6641      3.3987      2.8546      1.0247      0.0176
         200      1.7943      3.2911      2.8050      1.3873      0.1008
         210      1.6876      3.3545      2.7961      1.1108      0.0656
         220      1.7560      3.2262      2.6423      1.3738      0.1642
         230      1.7049      3.5329      2.4924      1.1277      0.2439
         240      3.4219      3.1755      2.7075      5.5444      0.1377
         250      1.4641      3.2056      2.7849      0.6050      0.1200
         260      2.7534      3.2587      2.7007      3.8615      0.0847
         270      1.2367      3.2145      2.8731      0.0390      0.0182
         280      2.8728      3.3678      2.8752      4.0094      0.1023
         290      1.2735      3.2602      2.8223      0.1169      0.0511
         300      1.2330      3.0950      2.8433      0.0827      0.0611
         310      1.6366      3.0991      2.8819      1.0871      0.0279
         320      1.3736      3.0722      2.7971      0.4591      0.0806
         330      1.4806      3.1785      2.8311      0.6566      0.0802
         340      1.4544      3.0230      2.8844      0.6734      0.0176
         350      1.2845      3.1117      2.8483      0.2137      0.0350
         360      1.4163      3.1062      2.8354      0.5575      0.0247
         370      2.0180      3.0347      2.7750      2.1253      0.0298
         380      2.8337      3.1205      2.8143      3.9519      0.3299
         390      2.3810      3.1252      2.8440      2.9280      0.0799
         400      2.3014      3.1069      2.8111      2.7815      0.0261
         410      1.5599      3.1489      2.8620      0.8816      0.0255
         420      1.7962      3.1582      2.7734      1.5202      0.0093
         430      2.2286      3.1847      2.8519      2.5488      0.0088
         440      1.9027      3.0546      2.7554      1.8427      0.0179
         450      3.2661      3.1254      2.6877      5.2447      0.0281
         460      1.3426      3.0705      2.7633      0.4273      0.0247
         470      1.3038      2.9586      2.7757      0.3778      0.0290
         480      1.1543      2.9470      2.7873      0.0008      0.0354
         490      1.0986      2.7635      2.6956      0.0001      0.0338
         500      3.0837      3.1099      2.6949      4.8024      0.0089
         510      1.3283      2.9352      2.7327      0.4760      0.0215
         520      1.0963      2.7560      2.6759      0.0178      0.0143
         530      1.1007      2.8323      2.6370      0.0056      0.0229
         540      1.1013      2.7458      2.7317      0.0038      0.0216
         550      1.0684      2.5495      2.7049      0.0339      0.0200
         560      0.9721      2.0767      2.6029      0.0588      0.0631
         570      0.9702      2.1831      2.6224      0.0010      0.0435
         580      1.3118      3.2778      2.6516      0.3015      0.0266
         590      0.9759      2.3393      2.4721      0.0168      0.0345
         600      1.1934      2.7313      2.6228      0.2948      0.0231
       final      0.9296      2.0634      2.5069      0.0144      0.0491
best loss step: 589
Max CUDA memory: 3.1332G
Saving /mnt/home/jue/git/dev-rfdesign/tutorials/halluc_protein_binder/output/run1/pd1_r1_16: npz, fas, trb, trk, trfold pdb
Finished design /mnt/home/jue/git/dev-rfdesign/tutorials/halluc_protein_binder/output/run1/pd1_r1_16 in 13.89 minutes.

Generating pd1_r1_17, length 97...
Loss term           | Weight      
cce                   1.00
entropy               1.00
rep                   2.00
rog                   1.00

Stage 0
Starting gradient descent...
        step    avg loss         cce     entropy         rep         rog
           0      1.9557      3.5843      2.9117      1.6373      0.0082
          10      2.6368      3.7531      2.7684      3.3284      0.0058
          20      1.4785      3.5372      2.7821      0.5132      0.0467
          30      2.0103      3.7621      2.6523      1.4992      0.6389
          40      1.8552      3.3544      2.8496      1.5150      0.0418
          50      1.5538      3.2792      2.9190      0.7748      0.0212
          60      1.5767      3.2087      2.8400      0.9128      0.0091
          70      1.4152      3.4231      2.7671      0.4286      0.0285
          80      2.0362      3.3551      2.7234      2.0380      0.0268
          90      1.2677      3.1795      2.8492      0.1501      0.0094
         100      1.2413      3.3135      2.8404      0.0129      0.0269
         110      2.3046      3.3023      2.5868      2.7827      0.0686
         120      1.6030      3.1144      2.8272      1.0288      0.0159
         130      1.3547      3.1370      2.8610      0.3857      0.0041
         140      1.3307      3.2909      2.7381      0.2943      0.0361
         150      1.2040      3.0219      2.7881      0.0958      0.0183
         160      2.2822      3.1023      2.7631      2.7633      0.0189
         170      1.3636      3.1678      2.6913      0.4701      0.0187
         180      1.3713      2.9981      2.8042      0.5139      0.0267
         190      1.3337      2.9147      2.8571      0.4416      0.0133
         200      1.4183      3.0138      2.5784      0.7143      0.0706
         210      1.1713      2.7103      2.7589      0.1794      0.0283
         220      1.5045      2.8571      2.6928      0.9311      0.1103
         230      1.1584      2.8338      2.6188      0.1196      0.1003
         240      1.6719      2.3686      2.7639      1.5988      0.0294
         250      1.0707      2.5394      2.7607      0.0062      0.0412
         260      1.0609      2.3324      2.6791      0.1323      0.0285
         270      1.0546      2.3208      2.6566      0.1347      0.0260
         280      1.2960      2.7770      2.7023      0.4696      0.0618
         290      1.3934      2.6765      2.6257      0.8073      0.0503
         300      1.0607      2.3323      2.6062      0.1581      0.0487
         310      0.9896      2.1978      2.6270      0.0392      0.0449
         320      0.9884      2.3696      2.4772      0.0068      0.0818
         330      0.9940      2.2634      2.5045      0.0595      0.0831
         340      0.9468      2.0692      2.6140      0.0019      0.0472
         350      1.0194      2.3842      2.6405      0.0014      0.0692
         360      0.9554      2.0386      2.5551      0.0478      0.0879
         370      1.0220      2.3929      2.5049      0.0635      0.0853
         380      0.9812      2.2578      2.5201      0.0027      0.1226
         390      0.9028      2.0816      2.3102      0.0002      0.1215
         400      0.9698      2.2440      2.4604      0.0003      0.1441
         410      1.0046      2.4918      2.4475      0.0008      0.0823
         420      0.9220      2.2129      2.2670      0.0104      0.1090
         430      0.9069      2.1369      2.2463      0.0022      0.1469
         440      0.9090      2.1343      2.2422      0.0248      0.1188
         450      0.9206      2.0525      2.3490      0.0380      0.1254
         460      1.0680      2.2639      2.4544      0.2876      0.0467
         470      1.5657      2.1162      2.4351      1.6179      0.0415
         480      0.9385      2.2305      2.1653      0.0793      0.1379
         490      0.8701      1.9705      2.1942      0.0158      0.1544
         500      1.0573      2.8549      2.2842      0.0004      0.1467
         510      1.1356      3.3309      2.1848      0.0159      0.1304
         520      0.8674      2.0580      2.0928      0.0087      0.1689
         530      0.9868      2.4528      2.3501      0.0088      0.1136
         540      0.9228      2.2597      2.2432      0.0002      0.1106
         550      0.9170      2.2360      2.2171      0.0006      0.1306
         560      0.9488      2.2701      2.2618      0.0002      0.2119
         570      0.9288      2.4061      2.0751      0.0041      0.1547
         580      1.0550      2.6505      2.4896      0.0006      0.1338
         590      0.8434      1.9793      2.0536      0.0001      0.1838
         600      0.9251      2.2644      2.1277      0.0205      0.1923
       final      0.8175      1.8198      2.1074      0.0004      0.1597
best loss step: 497
Max CUDA memory: 3.0713G
Saving /mnt/home/jue/git/dev-rfdesign/tutorials/halluc_protein_binder/output/run1/pd1_r1_17: npz, fas, trb, trk, trfold pdb
Finished design /mnt/home/jue/git/dev-rfdesign/tutorials/halluc_protein_binder/output/run1/pd1_r1_17 in 13.63 minutes.

Generating pd1_r1_18, length 98...
Loss term           | Weight      
cce                   1.00
entropy               1.00
rep                   2.00
rog                   1.00

Stage 0
Starting gradient descent...
        step    avg loss         cce     entropy         rep         rog
           0      1.4069      3.3875      2.9787      0.3326      0.0034
          10      2.0985      4.0220      2.5943      1.9210      0.0344
          20      1.7810      3.4831      2.6646      1.3709      0.0157
          30      2.6915      3.8054      2.7010      3.4717      0.0074
          40      2.2719      3.4581      2.7020      2.5430      0.1135
          50      2.0654      3.8968      2.5209      1.6202      0.6690
          60      1.1557      2.9468      2.6774      0.0014      0.1517
          70      1.1045      2.7795      2.6686      0.0166      0.0411
          80      1.0762      2.6328      2.5801      0.0192      0.1296
          90      1.2458      3.0713      2.6794      0.1854      0.1075
         100      1.1920      3.3289      2.2921      0.1199      0.0992
         110      0.9838      2.3813      2.4638      0.0023      0.0694
         120      0.9784      2.3129      2.4672      0.0112      0.0895
         130      1.1014      3.0473      2.3861      0.0041      0.0652
         140      1.8441      3.0867      2.6140      1.7288      0.0625
         150      0.9965      2.4873      2.4432      0.0006      0.0505
         160      1.0747      2.6421      2.5464      0.0663      0.0525
         170      0.9674      2.4622      2.2345      0.0272      0.0862
         180      1.1977      2.6461      2.3939      0.4433      0.0619
         190      0.9732      2.4960      2.3274      0.0015      0.0392
         200      0.9011      2.1855      2.2636      0.0007      0.0551
         210      1.3353      2.8194      2.5376      0.6452      0.0294
         220      0.9151      2.2619      2.2495      0.0017      0.0609
         230      1.4743      2.6387      2.4902      1.1082      0.0263
         240      0.9121      2.3106      2.1661      0.0002      0.0836
         250      1.0576      2.9680      2.1978      0.0073      0.1078
         260      0.9638      2.4596      2.2861      0.0032      0.0666
         270      0.9326      2.3181      2.1952      0.0346      0.0804
         280      0.9200      2.3086      2.2193      0.0017      0.0687
         290      0.9653      2.3103      2.4312      0.0123      0.0602
         300      0.8803      2.0931      2.1984      0.0131      0.0838
         310      0.8988      2.2267      2.1802      0.0001      0.0868
         320      0.9610      2.2809      2.2939      0.0835      0.0632
         330      0.9321      2.2741      2.3038      0.0029      0.0767
         340      0.8905      2.2922      2.0913      0.0041      0.0605
         350      0.8613      2.1709      2.0794      0.0003      0.0555
         360      0.8529      2.0153      2.1807      0.0006      0.0672
         370      0.9930      2.6168      2.1247      0.0595      0.1044
         380      0.8727      2.2459      2.0485      0.0008      0.0677
         390      0.8855      2.1871      2.1881      0.0007      0.0510
         400      0.8766      2.1288      2.1913      0.0016      0.0599
         410      0.8910      2.2466      2.1260      0.0028      0.0768
         420      0.9124      2.2638      2.2070      0.0023      0.0866
         430      0.9062      2.2150      2.2270      0.0141      0.0609
         440      1.0272      2.6519      2.3993      0.0051      0.0746
         450      0.9673      2.3738      2.3595      0.0176      0.0680
         460      1.1410      2.8622      2.4789      0.1646      0.0348
         470      0.8462      2.1151      2.0397      0.0011      0.0743
         480      0.9398      2.5505      2.0259      0.0199      0.0826
         490      0.8435      2.0536      2.0697      0.0022      0.0899
         500      1.4569      2.2534      2.3760      1.3131      0.0289
         510      0.9010      2.3141      2.0991      0.0122      0.0672
         520      0.8925      2.2626      2.0806      0.0100      0.0992
         530      0.8974      2.2833      2.1172      0.0062      0.0740
         540      0.8447      2.0359      2.1030      0.0058      0.0733
         550      0.8670      2.0829      2.1727      0.0141      0.0515
         560      1.2346      2.7986      2.4399      0.4375      0.0595
         570      0.8819      2.2254      2.1057      0.0167      0.0452
         580      0.8575      2.0987      2.1032      0.0014      0.0830
         590      0.8491      1.9871      2.1835      0.0038      0.0671
         600      0.8568      2.0572      2.1437      0.0000      0.0832
       final      0.8050      1.9661      1.9838      0.0005      0.0742
best loss step: 588
Max CUDA memory: 3.1028G
Saving /mnt/home/jue/git/dev-rfdesign/tutorials/halluc_protein_binder/output/run1/pd1_r1_18: npz, fas, trb, trk, trfold pdb
Finished design /mnt/home/jue/git/dev-rfdesign/tutorials/halluc_protein_binder/output/run1/pd1_r1_18 in 13.90 minutes.

Generating pd1_r1_19, length 111...
Loss term           | Weight      
cce                   1.00
entropy               1.00
rep                   2.00
rog                   1.00

Stage 0
Starting gradient descent...
        step    avg loss         cce     entropy         rep         rog
           0      3.3424      3.6602      2.8909      5.0758      0.0096
          10      4.0320      6.6826      2.5107      3.5204      3.9259
          20      4.1552      4.1192      2.7714      6.9161      0.0529
          30      1.4912      3.7876      2.7809      0.4267      0.0340
          40      3.5977      4.0047      2.7571      5.6011      0.0248
          50      2.1883      3.8685      2.6951      2.1665      0.0449
          60      1.7785      3.7618      2.7055      1.2059      0.0135
          70      2.3530      3.5595      2.9125      2.6445      0.0041
          80      2.0335      3.5227      2.7541      1.9291      0.0325
          90      2.1279      3.8997      2.5565      2.0773      0.0284
         100      3.0742      3.4896      2.8305      4.5231      0.0045
         110      1.6517      3.6513      2.7249      0.9270      0.0281
         120      1.4119      3.4309      2.6200      0.4742      0.0602
         130      1.6595      3.3625      2.7348      1.0837      0.0330
         140      1.2487      3.4165      2.5927      0.0825      0.0692
         150      2.9164      3.4718      2.7047      4.1860      0.0334
         160      1.4894      3.3293      2.6854      0.6958      0.0408
         170      1.5334      3.4381      2.6642      0.7649      0.0350
         180      3.2117      3.5348      2.6577      4.9141      0.0379
         190      1.8804      3.4518      2.6461      1.6287      0.0465
         200      1.8847      3.6319      2.7054      1.5280      0.0304
         210      1.3693      3.4980      2.7138      0.2861      0.0625
         220      1.3698      3.3682      2.7371      0.3576      0.0285
         230      1.5230      3.5233      2.7152      0.6383      0.0997
         240      2.0568      3.3328      2.7380      2.0964      0.0203
         250      1.8207      3.3215      2.7341      1.5045      0.0390
         260      1.7724      3.2949      2.7096      1.4251      0.0071
         270      1.5826      3.2916      2.6518      0.9769      0.0159
         280      2.0634      3.3016      2.6926      2.1552      0.0126
         290      2.1770      3.2779      2.6545      2.4671      0.0184
         300      2.0737      3.2048      2.6350      2.2586      0.0114
         310      1.3172      3.2230      2.6290      0.3598      0.0142
         320      1.2314      3.1753      2.6413      0.1605      0.0194
         330      1.3337      3.4371      2.6376      0.2803      0.0333
         340      1.3172      3.2232      2.6578      0.3433      0.0181
         350      1.3358      3.2435      2.7067      0.3467      0.0353
         360      1.3443      3.1443      2.7281      0.4177      0.0139
         370      1.2263      3.4197      2.6432      0.0157      0.0374
         380      1.1717      3.1258      2.6358      0.0262      0.0444
         390      1.2512      3.1582      2.6507      0.2071      0.0332
         400      1.2086      3.3183      2.5377      0.0020      0.1831
         410      1.4579      3.1936      2.5056      0.7608      0.0685
         420      1.1908      3.1211      2.5566      0.1261      0.0241
         430      1.1920      3.3265      2.4856      0.0019      0.1443
         440      1.3261      3.1866      2.6341      0.3881      0.0336
         450      1.2006      3.3761      2.4455      0.0099      0.1618
         460      1.3683      3.1532      2.5375      0.5324      0.0859
         470      1.1432      3.0641      2.5397      0.0058      0.1009
         480      1.1863      3.1045      2.5628      0.1124      0.0393
         490      1.6603      3.1423      2.6088      1.2578      0.0348
         500      1.1319      3.0481      2.5229      0.0025      0.0836
         510      1.4641      2.9965      2.5286      0.8730      0.0492
         520      1.1326      2.9892      2.6320      0.0037      0.0341
         530      1.1840      3.0447      2.7060      0.0797      0.0102
         540      1.4747      2.9532      2.5789      0.9079      0.0256
         550      1.1981      3.0021      2.5795      0.1909      0.0271
         560      1.4214      2.9926      2.6500      0.7185      0.0275
         570      1.1745      3.0090      2.5933      0.1196      0.0309
         580      1.1145      2.8853      2.5509      0.0521      0.0324
         590      1.1211      2.8609      2.5975      0.0563      0.0343
         600      1.1239      2.9238      2.4265      0.0990      0.0712
Using backend: pytorch
       final      1.0834      2.7482      2.3998      0.0965      0.0761
best loss step: 599
Max CUDA memory: 3.6642G
Saving /mnt/home/jue/git/dev-rfdesign/tutorials/halluc_protein_binder/output/run1/pd1_r1_19: npz, fas, trb, trk, trfold pdb
Finished design /mnt/home/jue/git/dev-rfdesign/tutorials/halluc_protein_binder/output/run1/pd1_r1_19 in 15.58 minutes.
